Log file open, 08/08/15 11:44:00
LogInit:Display: Running engine for game: StealthEscape
LogInit: Version: 4.7.6-2513093+++depot+UE4-Releases+4.7
LogInit: API Version: 2455222
LogInit: Compiled (64-bit): Apr 15 2015 12:09:54
LogInit: Compiled with Visual C++: 18.00.21005.01
LogInit: Build Configuration: Development
LogInit: Branch Name: ++depot+UE4-Releases+4.7
LogInit: Command line:  
LogInit: Base directory: C:/Program Files/Epic Games/4.7/Engine/Binaries/Win64/
LogInit: Rocket: 1
[2015.08.08-01.44.00:452][  0]LogTaskGraph: Started task graph with 3 named threads and 6 total threads.
[2015.08.08-01.44.00:505][  0]LogOnline:Warning: No default platform service specified for OnlineSubsystem
[2015.08.08-01.44.00:519][  0]LogInit: Presizing for 0 objects not considered by GC, pre-allocating 0 bytes.
[2015.08.08-01.44.00:528][  0]LogInit: Object subsystem initialized
[2015.08.08-01.44.00:529][  0]LogConsoleResponse:Warning: Skipping Unknown console variable: 'TranslucentSortAxis = (X=0.000000,Y=-1.000000,Z=0.000000)'
[2015.08.08-01.44.00:529][  0]LogConsoleResponse:Warning:   Found in ini file 'C:/Users/Admin/Documents/Miguel/Unreal Projects/StealthEscape/Saved/Config/Windows/Engine.ini', in section '[/Script/Engine.RendererSettings]'
[2015.08.08-01.44.00:529][  0]LogConsoleResponse:Warning: Skipping Unknown console variable: 'UIScaleRule = ShortestSide'
[2015.08.08-01.44.00:529][  0]LogConsoleResponse:Warning:   Found in ini file 'C:/Users/Admin/Documents/Miguel/Unreal Projects/StealthEscape/Saved/Config/Windows/Engine.ini', in section '[/Script/Engine.RendererSettings]'
[2015.08.08-01.44.00:529][  0]LogConsoleResponse:Warning: Skipping Unknown console variable: 'UIScaleCurve = (EditorCurveData=(Keys=),ExternalCurve=None)'
[2015.08.08-01.44.00:529][  0]LogConsoleResponse:Warning:   Found in ini file 'C:/Users/Admin/Documents/Miguel/Unreal Projects/StealthEscape/Saved/Config/Windows/Engine.ini', in section '[/Script/Engine.RendererSettings]'
[2015.08.08-01.44.00:530][  0]LogInit: Selected Device Profile: [Windows]
[2015.08.08-01.44.00:530][  0]LogInit: Applying CVar settings loaded from the selected device profile: [Windows]
[2015.08.08-01.44.00:536][  0]LogInit: Computer: I7-DESKTOP
[2015.08.08-01.44.00:536][  0]LogInit: User: Admin
[2015.08.08-01.44.00:536][  0]LogInit: CPU Page size=4096, Cores=4
[2015.08.08-01.44.00:536][  0]LogInit: High frequency timer resolution =3.515673 MHz
[2015.08.08-01.44.00:536][  0]LogMemory: Memory total: Physical=7.9GB (8GB approx) Virtual=8192.0GB
[2015.08.08-01.44.00:537][  0]LogMemory: Platform Memory Stats for Windows
[2015.08.08-01.44.00:537][  0]LogMemory: Process Physical Memory: 51.55 MB used, 51.55 MB peak
[2015.08.08-01.44.00:537][  0]LogMemory: Process Virtual Memory: 26.34 MB used, 26.34 MB peak
[2015.08.08-01.44.00:537][  0]LogMemory: Physical Memory: 4436.95 MB used, 8066.43 MB total
[2015.08.08-01.44.00:537][  0]LogMemory: Virtual Memory: 349.21 MB used, 8388608.00 MB total
[2015.08.08-01.44.00:554][  0]LogD3D11RHI: Found D3D11 adapter 0: AMD Radeon HD 6800 Series (Feature Level 11_0)
[2015.08.08-01.44.00:554][  0]LogD3D11RHI: Adapter has 1011MB of dedicated video memory, 0MB of dedicated system memory, and 3777MB of shared system memory, 1 output[s]
[2015.08.08-01.44.00:554][  0]LogD3D11RHI: Chosen D3D11 Adapter Id = 0
[2015.08.08-01.44.00:562][  0]LogRHI: Texture pool is 708 MB (70% of 1011 MB)
[2015.08.08-01.44.00:568][  0]LogD3D11RHI: Async texture creation disabled: no driver support
[2015.08.08-01.44.00:625][  0]LogTextLocalizationManager: The requested culture ('en_AU') has no localization data; parent culture's ('en') localization data will be used.
[2015.08.08-01.44.00:677][  0]LogTextLocalizationManager:Warning: Loading localization resources contain conflicting entries for (Namespace:UICommands, Key:Save_ToolTip):
Resource: (C:/Program Files/Epic Games/4.7/Engine/Content/Localization/Editor/en/Editor.locres) Hash: (-29098895) String: (Saves the current level to disk)
Resource: (C:/Program Files/Epic Games/4.7/Engine/Content/Localization/Engine/en/Engine.locres) Hash: (-1280300587) String: (Save selected data to vlog file)
[2015.08.08-01.44.00:677][  0]LogTextLocalizationManager:Warning: Loading localization resources contain conflicting entries for (Namespace:ContentBrowser, Key:ImportAssetToolTip):
Resource: (C:/Program Files/Epic Games/4.7/Engine/Content/Localization/Editor/en/Editor.locres) Hash: (-630476809) String: (Import to {0}...)
Resource: (C:/Program Files/Epic Games/4.7/Engine/Content/Localization/Editor/en/Editor.locres) Hash: (1271782899) String: (Imports an asset from file to this folder.)
[2015.08.08-01.44.00:754][  0]LogContentStreaming: Texture pool size is 0.000000MB
[2015.08.08-01.44.03:065][  0]LogTargetPlatformManager:Display: Building Assets For Windows
[2015.08.08-01.44.03:748][  0]LogTargetPlatformManager:Display: Building Assets For Windows
[2015.08.08-01.44.03:819][  0]LogDerivedDataCache:Display: Max Cache Size: 512 MB
[2015.08.08-01.44.03:870][  0]LogDerivedDataCache: Loaded boot cache 0.05s 39MB C:/Users/Admin/AppData/Local/UnrealEngine/4.7/DerivedDataCache/Boot.ddc.
[2015.08.08-01.44.03:870][  0]LogDerivedDataCache:Display: Loaded Boot cache: C:/Users/Admin/AppData/Local/UnrealEngine/4.7/DerivedDataCache/Boot.ddc
[2015.08.08-01.44.03:870][  0]LogDerivedDataCache: FDerivedDataBackendGraph:  Pak pak cache file ../../../../../../Users/Admin/Documents/Miguel/Unreal Projects/StealthEscape/DerivedDataCache/DDC.ddp not found, will not use a pak cache.
[2015.08.08-01.44.03:870][  0]LogDerivedDataCache: Unable to find inner node Pak for hierarchical cache Hierarchy.
[2015.08.08-01.44.03:983][  0]LogDerivedDataCache:Display: Pak cache opened for reading ../../../Engine/DerivedDataCache/Compressed.ddp.
[2015.08.08-01.44.03:994][  0]LogDerivedDataCache: Using Local data cache path C:/Users/Admin/AppData/Local/UnrealEngine/Common/DerivedDataCache: Writable
[2015.08.08-01.44.04:311][  0]LogMeshUtilities: No automatic mesh reduction module available
[2015.08.08-01.44.04:311][  0]LogMeshUtilities: No automatic mesh merging module available
[2015.08.08-01.44.04:682][  0]LogInit: WinSock: version 1.1 (2.2), MaxSocks=32767, MaxUdp=65467
[2015.08.08-01.44.04:774][  0]LogSlate:Warning: Failed to load font data from '../../../Engine/Content/Slate/Fonts/Roboto-Italic.ttf'
[2015.08.08-01.44.05:646][  0]UdpMessaging: Initializing bridge on interface 0.0.0.0:0 to multicast group 230.0.0.1:6666.
[2015.08.08-01.44.05:877][  0]SourceControl: Info Source control is disabled
[2015.08.08-01.44.05:877][  0]SourceControl: Info Source control is disabled
[2015.08.08-01.44.05:877][  0]SourceControl: Info Source control is disabled
[2015.08.08-01.44.05:877][  0]LogSourceControl: RunCommandInternalRaw: 'git version'
[2015.08.08-01.44.05:877][  0]LogSourceControl: RunCommandInternalRaw: ExecProcess ReturnCode=2 OutResults=''
[2015.08.08-01.44.05:888][  0]SourceControl: Info Source control is disabled
[2015.08.08-01.44.06:115][  0]LogObj: 24232 objects as part of root set at end of initial load.
[2015.08.08-01.44.06:115][  0]LogUObjectAllocator: 5137176 out of 0 bytes used by permanent object pool.
[2015.08.08-01.44.06:200][  0]LogEngine: Initializing Engine...
[2015.08.08-01.44.08:440][  0]LogInit: XAudio2 using 'AMD HDMI Output (AMD High Definition Audio Device)' : 2 channels at 48 kHz using 16 bits per sample (channel mask 0x3)
[2015.08.08-01.44.08:474][  0]LogInit: FAudioDevice initialized.
[2015.08.08-01.44.08:519][  0]LogAIModule: Creating AISystem for world NewWorld
[2015.08.08-01.44.08:548][  0]LogDerivedDataCache: Saved boot cache 0.03s 39MB C:/Users/Admin/AppData/Local/UnrealEngine/4.7/DerivedDataCache/Boot.ddc.
[2015.08.08-01.44.08:558][  0]LogInit: Texture streaming: Enabled
[2015.08.08-01.44.08:666][  0]LogAnalytics: Creating configured Analytics provider AnalyticsET
[2015.08.08-01.44.08:666][  0]LogAnalytics: ET APIKey = Rocket.Release. APIServer = http://et2.epicgames.com/ET2/. AppVersion = 4.7.6-2513093+++depot+UE4-Releases+4.7
[2015.08.08-01.44.08:666][  0]LogAnalytics: ET APIKey = Rocket.Release. DataRouterUploadURL = https://datarouter-public-service-gamedev.ol.epicgames.net/datarouter/api/v1/public/data. AppVersion = 4.7.6-2513093+++depot+UE4-Releases+4.7
[2015.08.08-01.44.08:666][  0]LogAnalytics: SetUserId 0b171b7540c931a0f620c8b878be6a3a|90dc462d3abe4e908c5e059bf9a6bfe2|0d6894b3-0434-4d10-9239-f3a8220f2c03
[2015.08.08-01.44.08:666][  0]LogAnalytics: AnalyticsET::StartSession [Rocket.Release]
[2015.08.08-01.44.08:693][  0]LogInit: Transaction tracking system initialized
[2015.08.08-01.44.08:891][  0]BlueprintLog: New page: Editor Load
[2015.08.08-01.44.08:929][  0]LogAssetRegistry: FAssetRegistry took 0.0102 seconds to start up
[2015.08.08-01.44.08:929][  0]LogDirectoryWatcher:Warning: Failed to begin reading directory changes for ../../../Engine/Plugins/Experimental/CharacterAI/Content/. Error: 0
[2015.08.08-01.44.09:637][  0]LogTargetPlatformManager:Display: Building Assets For Windows
[2015.08.08-01.44.10:186][  0]LogTargetPlatformManager:Display: Building Assets For Windows
[2015.08.08-01.44.11:049][  0]LogLinker:Warning: Asset '../../../Engine/Content/Tutorial/Mobile/CreatingSigningCertAndProvisionTutorial.uasset' has been saved with empty engine version. The asset will be loaded but may be incompatible.
[2015.08.08-01.44.11:058][  0]LogLinker:Warning: Can't find file '/Game/TopDownBP/TopDownOverview'
[2015.08.08-01.44.11:058][  0]LogLinker:Warning: Can't find file '/Game/TopDownBP/TopDownOverview'
[2015.08.08-01.44.11:058][  0]LogUObjectGlobals:Warning: Failed to find object 'Class /Game/TopDownBP/TopDownOverview.TopDownOverview_C'
[2015.08.08-01.44.11:096][  0]LogSlate:Warning: Failed to load font data from '../../../Engine/Content/Editor/Slate/Fonts/Roboto-Regular.ttf'
[2015.08.08-01.44.11:096][  0]LogSlate:Warning: Failed to load font data from '../../../Engine/Content/Editor/Slate/Fonts/Roboto-Bold.ttf'
[2015.08.08-01.44.11:101][  0]LogConsoleResponse:Display: 
[2015.08.08-01.44.11:260][  0]LogCook:Display: Done creating registry. It took  0.00s.
[2015.08.08-01.44.11:451][  0]SourceControl: Info Source control is disabled
[2015.08.08-01.44.11:451][  0]Cmd: MAP LOAD FILE="../../../../../../Users/Admin/Documents/Miguel/Unreal Projects/StealthEscape/Content/MuseumLevel.umap" TEMPLATE=0 SHOWPROGRESS=1 FEATURELEVEL=3
[2015.08.08-01.44.11:451][  0]LightingResults: New page: Lighting Build
[2015.08.08-01.44.11:470][  0]MapCheck: New page: Map Check
[2015.08.08-01.44.11:470][  0]LightingResults: New page: Lighting Build
[2015.08.08-01.44.11:481][  0]LogParticles: Destroying 0 GPU particle simulations for FXSystem 0x0000000017DB2200
[2015.08.08-01.44.12:503][  0]LogLinker:Warning: Asset '../../../Engine/Content/EngineMeshes/Humanoid.uasset' has been saved with empty engine version. The asset will be loaded but may be incompatible.
[2015.08.08-01.44.15:660][  0]LogEditorServer: Finished looking for orphan Actors (0.000 secs)
[2015.08.08-01.44.15:661][  0]LogAIModule: Creating AISystem for world MuseumLevel
[2015.08.08-01.44.15:662][  0]Cmd: MAP CHECKDEP
[2015.08.08-01.44.15:662][  0]MapCheck: New page: MuseumLevel - 8 Aug 2015 9:44:15 pm
[2015.08.08-01.44.15:802][  0]MapCheck: Info Map check complete: 0 Error(s), 0 Warning(s), took 140.075ms to complete.
[2015.08.08-01.44.15:802][  0]LogFileHelpers: Loading map 'MuseumLevel' took 4.351
[2015.08.08-01.44.15:934][  0]LogCollectionManager: Loaded 0 collections in 0.002113 seconds
[2015.08.08-01.44.15:948][  0]LogContentBrowser: Native class hierarchy populated in 0.0141 seconds. Added 1696 classes and 261 folders.
[2015.08.08-01.44.15:986][  0]LogContentBrowser: Native class hierarchy updated for 'SceneOutliner' in 0.0038 seconds. Added 1 classes and 2 folders.
[2015.08.08-01.44.16:068][  0]LogCrashTracker: Crashtracker disabled due to settings.
[2015.08.08-01.44.16:070][  0]LogSlate:Warning: Failed to load font data from 'Veranda'
[2015.08.08-01.44.16:075][  0]LogUObjectGlobals:Warning: Failed to find object 'Class None.'
[2015.08.08-01.44.16:101][  0]LogLoad: Full Startup: 17.64 seconds (BP compile: 2.04 seconds)
[2015.08.08-01.44.16:138][  0]LogContentBrowser:Verbose: The content browser source was changed by the sources view to '/Game/Enemy'
[2015.08.08-01.44.16:266][  0]LogRenderer:Warning: Reallocating scene render targets to support 32x32 (Frame:2).
[2015.08.08-01.44.16:435][  0]LogRenderer:Warning: Reallocating scene render targets to support 1208x552 (Frame:7).
[2015.08.08-01.44.16:884][  4]LogAssetRegistry: Asset discovery search completed in 7.9651 seconds
[2015.08.08-01.49.14:282][162]Cmd: OBJ SAVEPACKAGE PACKAGE="/Game/MuseumLevel" FILE="../../../../../../Users/Admin/Documents/Miguel/Unreal Projects/StealthEscape/Content/MuseumLevel.umap" SILENT=true AUTOSAVING=false KEEPDIRTY=false
[2015.08.08-01.49.14:285][162]LogActorComponent: UnregisterComponent: (/Engine/Transient.CharMoveComp) Not registered. Aborting.
[2015.08.08-01.49.14:285][162]LogActorComponent: UnregisterComponent: (/Engine/Transient.PawnSensingComponent_0) Not registered. Aborting.
[2015.08.08-01.49.14:285][162]LogActorComponent: UnregisterComponent: (/Engine/Transient.CharacterMovementComponent_0) Not registered. Aborting.
[2015.08.08-01.49.14:285][162]LogActorComponent: UnregisterComponent: (/Engine/Transient.PawnSensingComponent_1) Not registered. Aborting.
[2015.08.08-01.49.16:188][162]LogSavePackage: Save=1348.164307ms
[2015.08.08-01.49.16:188][162]LogSavePackage: Moving '../../../../../../Users/Admin/Documents/Miguel/Unreal Projects/StealthEscape/Saved/MuseumLevel2A4706084A347E43CEA0D89CFE252677.tmp' to '../../../../../../Users/Admin/Documents/Miguel/Unreal Projects/StealthEscape/Content/MuseumLevel.umap'
[2015.08.08-01.49.16:777][191]BlueprintLog: New page: Pre-PIE auto-recompile
[2015.08.08-01.49.16:777][191]LogPlayLevel: [PIE] Compiling MuseumLevel before PIE...
[2015.08.08-01.49.17:084][191]LogPlayLevel: PIE:  Blueprint regeneration took 306 ms (1 blueprints)
[2015.08.08-01.49.17:084][191]PIE: New page: PIE session: MuseumLevel (8 Aug 2015 9:49:17 pm)
[2015.08.08-01.49.17:152][191]LogBlueprint:Warning: FMemberReference::ResolveMember (K2_GetActorLocation) bSelfContext == true, but no scope supplied!
[2015.08.08-01.49.17:152][191]LogBlueprint:Warning: FMemberReference::ResolveMember (K2_GetActorLocation) bSelfContext == true, but no scope supplied!
[2015.08.08-01.49.17:152][191]LogBlueprint:Warning: FMemberReference::ResolveMember (K2_GetActorLocation) bSelfContext == true, but no scope supplied!
[2015.08.08-01.49.17:152][191]LogBlueprint:Warning: FMemberReference::ResolveMember (K2_GetActorLocation) bSelfContext == true, but no scope supplied!
[2015.08.08-01.49.17:152][191]LogBlueprint:Warning: FMemberReference::ResolveMember (K2_GetActorLocation) bSelfContext == true, but no scope supplied!
[2015.08.08-01.49.17:152][191]LogBlueprint:Warning: FMemberReference::ResolveMember (K2_GetActorLocation) bSelfContext == true, but no scope supplied!
[2015.08.08-01.49.17:153][191]LogBlueprint:Warning: FMemberReference::ResolveMember (K2_GetActorLocation) bSelfContext == true, but no scope supplied!
[2015.08.08-01.49.17:153][191]LogBlueprint:Warning: FMemberReference::ResolveMember (K2_GetActorLocation) bSelfContext == true, but no scope supplied!
[2015.08.08-01.49.17:154][191]LogBlueprint:Warning: FMemberReference::ResolveMember (K2_GetActorLocation) bSelfContext == true, but no scope supplied!
[2015.08.08-01.49.17:154][191]LogBlueprint:Warning: FMemberReference::ResolveMember (K2_GetActorLocation) bSelfContext == true, but no scope supplied!
[2015.08.08-01.49.17:154][191]LogBlueprint:Warning: FMemberReference::ResolveMember (K2_GetActorLocation) bSelfContext == true, but no scope supplied!
[2015.08.08-01.49.17:154][191]LogBlueprint:Warning: FMemberReference::ResolveMember (K2_GetActorLocation) bSelfContext == true, but no scope supplied!
[2015.08.08-01.49.17:154][191]LogBlueprint:Warning: FMemberReference::ResolveMember (K2_GetActorLocation) bSelfContext == true, but no scope supplied!
[2015.08.08-01.49.17:154][191]LogBlueprint:Warning: FMemberReference::ResolveMember (K2_GetActorLocation) bSelfContext == true, but no scope supplied!
[2015.08.08-01.49.17:155][191]LogBlueprint:Warning: FMemberReference::ResolveMember (K2_GetActorLocation) bSelfContext == true, but no scope supplied!
[2015.08.08-01.49.17:155][191]LogBlueprint:Warning: FMemberReference::ResolveMember (K2_GetActorLocation) bSelfContext == true, but no scope supplied!
[2015.08.08-01.49.17:155][191]LogBlueprint:Warning: FMemberReference::ResolveMember (K2_GetActorLocation) bSelfContext == true, but no scope supplied!
[2015.08.08-01.49.17:155][191]LogBlueprint:Warning: FMemberReference::ResolveMember (K2_GetActorLocation) bSelfContext == true, but no scope supplied!
[2015.08.08-01.49.17:156][191]LogBlueprint:Warning: FMemberReference::ResolveMember (K2_GetActorLocation) bSelfContext == true, but no scope supplied!
[2015.08.08-01.49.17:156][191]LogBlueprint:Warning: FMemberReference::ResolveMember (K2_GetActorLocation) bSelfContext == true, but no scope supplied!
[2015.08.08-01.49.17:156][191]LogBlueprint:Warning: FMemberReference::ResolveMember (K2_GetActorLocation) bSelfContext == true, but no scope supplied!
[2015.08.08-01.49.17:156][191]LogBlueprint:Warning: FMemberReference::ResolveMember (K2_GetActorLocation) bSelfContext == true, but no scope supplied!
[2015.08.08-01.49.17:156][191]LogBlueprint:Warning: FMemberReference::ResolveMember (K2_GetActorLocation) bSelfContext == true, but no scope supplied!
[2015.08.08-01.49.17:156][191]LogBlueprint:Warning: FMemberReference::ResolveMember (K2_GetActorLocation) bSelfContext == true, but no scope supplied!
[2015.08.08-01.49.17:157][191]LogBlueprint:Warning: FMemberReference::ResolveMember (K2_GetActorLocation) bSelfContext == true, but no scope supplied!
[2015.08.08-01.49.17:157][191]LogBlueprint:Warning: FMemberReference::ResolveMember (K2_GetActorLocation) bSelfContext == true, but no scope supplied!
[2015.08.08-01.49.17:158][191]LogBlueprint:Warning: FMemberReference::ResolveMember (K2_GetActorLocation) bSelfContext == true, but no scope supplied!
[2015.08.08-01.49.17:158][191]LogBlueprint:Warning: FMemberReference::ResolveMember (K2_GetActorLocation) bSelfContext == true, but no scope supplied!
[2015.08.08-01.49.17:158][191]LogBlueprint:Warning: FMemberReference::ResolveMember (K2_GetActorLocation) bSelfContext == true, but no scope supplied!
[2015.08.08-01.49.17:158][191]LogBlueprint:Warning: FMemberReference::ResolveMember (K2_GetActorLocation) bSelfContext == true, but no scope supplied!
[2015.08.08-01.49.17:158][191]LogBlueprint:Warning: FMemberReference::ResolveMember (K2_GetActorLocation) bSelfContext == true, but no scope supplied!
[2015.08.08-01.49.17:158][191]LogBlueprint:Warning: FMemberReference::ResolveMember (K2_GetActorLocation) bSelfContext == true, but no scope supplied!
[2015.08.08-01.49.17:158][191]LogBlueprint:Warning: FMemberReference::ResolveMember (K2_GetActorLocation) bSelfContext == true, but no scope supplied!
[2015.08.08-01.49.17:158][191]LogBlueprint:Warning: FMemberReference::ResolveMember (K2_GetActorLocation) bSelfContext == true, but no scope supplied!
[2015.08.08-01.49.17:159][191]LogBlueprint:Warning: FMemberReference::ResolveMember (K2_GetActorLocation) bSelfContext == true, but no scope supplied!
[2015.08.08-01.49.17:159][191]LogBlueprint:Warning: FMemberReference::ResolveMember (K2_GetActorLocation) bSelfContext == true, but no scope supplied!
[2015.08.08-01.49.17:160][191]LogBlueprint:Warning: FMemberReference::ResolveMember (K2_GetActorLocation) bSelfContext == true, but no scope supplied!
[2015.08.08-01.49.17:160][191]LogBlueprint:Warning: FMemberReference::ResolveMember (K2_GetActorLocation) bSelfContext == true, but no scope supplied!
[2015.08.08-01.49.17:160][191]LogBlueprint:Warning: FMemberReference::ResolveMember (K2_GetActorLocation) bSelfContext == true, but no scope supplied!
[2015.08.08-01.49.17:160][191]LogBlueprint:Warning: FMemberReference::ResolveMember (K2_GetActorLocation) bSelfContext == true, but no scope supplied!
[2015.08.08-01.49.17:160][191]LogBlueprint:Warning: FMemberReference::ResolveMember (K2_GetActorLocation) bSelfContext == true, but no scope supplied!
[2015.08.08-01.49.17:160][191]LogBlueprint:Warning: FMemberReference::ResolveMember (K2_GetActorLocation) bSelfContext == true, but no scope supplied!
[2015.08.08-01.49.17:161][191]LogBlueprint:Warning: FMemberReference::ResolveMember (K2_GetActorLocation) bSelfContext == true, but no scope supplied!
[2015.08.08-01.49.17:161][191]LogBlueprint:Warning: FMemberReference::ResolveMember (K2_GetActorLocation) bSelfContext == true, but no scope supplied!
[2015.08.08-01.49.17:161][191]LogBlueprint:Warning: FMemberReference::ResolveMember (K2_GetActorLocation) bSelfContext == true, but no scope supplied!
[2015.08.08-01.49.17:161][191]LogBlueprint:Warning: FMemberReference::ResolveMember (K2_GetActorLocation) bSelfContext == true, but no scope supplied!
[2015.08.08-01.49.17:161][191]LogBlueprint:Warning: FMemberReference::ResolveMember (K2_GetActorLocation) bSelfContext == true, but no scope supplied!
[2015.08.08-01.49.17:161][191]LogBlueprint:Warning: FMemberReference::ResolveMember (K2_GetActorLocation) bSelfContext == true, but no scope supplied!
[2015.08.08-01.49.17:162][191]LogBlueprint:Warning: FMemberReference::ResolveMember (K2_GetActorLocation) bSelfContext == true, but no scope supplied!
[2015.08.08-01.49.17:162][191]LogBlueprint:Warning: FMemberReference::ResolveMember (K2_GetActorLocation) bSelfContext == true, but no scope supplied!
[2015.08.08-01.49.17:162][191]LogBlueprint:Warning: FMemberReference::ResolveMember (K2_GetActorLocation) bSelfContext == true, but no scope supplied!
[2015.08.08-01.49.17:162][191]LogBlueprint:Warning: FMemberReference::ResolveMember (K2_GetActorLocation) bSelfContext == true, but no scope supplied!
[2015.08.08-01.49.17:163][191]LogBlueprint:Warning: FMemberReference::ResolveMember (K2_GetActorLocation) bSelfContext == true, but no scope supplied!
[2015.08.08-01.49.17:163][191]LogBlueprint:Warning: FMemberReference::ResolveMember (K2_GetActorLocation) bSelfContext == true, but no scope supplied!
[2015.08.08-01.49.17:163][191]LogBlueprint:Warning: FMemberReference::ResolveMember (K2_GetActorLocation) bSelfContext == true, but no scope supplied!
[2015.08.08-01.49.17:163][191]LogBlueprint:Warning: FMemberReference::ResolveMember (K2_GetActorLocation) bSelfContext == true, but no scope supplied!
[2015.08.08-01.49.17:163][191]LogBlueprint:Warning: FMemberReference::ResolveMember (K2_GetActorLocation) bSelfContext == true, but no scope supplied!
[2015.08.08-01.49.17:163][191]LogBlueprint:Warning: FMemberReference::ResolveMember (K2_GetActorLocation) bSelfContext == true, but no scope supplied!
[2015.08.08-01.49.17:164][191]LogBlueprint:Warning: FMemberReference::ResolveMember (K2_GetActorLocation) bSelfContext == true, but no scope supplied!
[2015.08.08-01.49.17:164][191]LogBlueprint:Warning: FMemberReference::ResolveMember (K2_GetActorLocation) bSelfContext == true, but no scope supplied!
[2015.08.08-01.49.17:164][191]LogBlueprint:Warning: FMemberReference::ResolveMember (K2_GetActorLocation) bSelfContext == true, but no scope supplied!
[2015.08.08-01.49.17:164][191]LogBlueprint:Warning: FMemberReference::ResolveMember (K2_GetActorLocation) bSelfContext == true, but no scope supplied!
[2015.08.08-01.49.17:164][191]LogBlueprint:Warning: FMemberReference::ResolveMember (K2_GetActorLocation) bSelfContext == true, but no scope supplied!
[2015.08.08-01.49.17:164][191]LogBlueprint:Warning: FMemberReference::ResolveMember (K2_GetActorLocation) bSelfContext == true, but no scope supplied!
[2015.08.08-01.49.17:165][191]LogBlueprint:Warning: FMemberReference::ResolveMember (K2_GetActorLocation) bSelfContext == true, but no scope supplied!
[2015.08.08-01.49.17:165][191]LogBlueprint:Warning: FMemberReference::ResolveMember (K2_GetActorLocation) bSelfContext == true, but no scope supplied!
[2015.08.08-01.49.17:165][191]LogBlueprint:Warning: FMemberReference::ResolveMember (K2_GetActorLocation) bSelfContext == true, but no scope supplied!
[2015.08.08-01.49.17:165][191]LogBlueprint:Warning: FMemberReference::ResolveMember (K2_GetActorLocation) bSelfContext == true, but no scope supplied!
[2015.08.08-01.49.17:166][191]LogBlueprint:Warning: FMemberReference::ResolveMember (K2_GetActorLocation) bSelfContext == true, but no scope supplied!
[2015.08.08-01.49.17:166][191]LogBlueprint:Warning: FMemberReference::ResolveMember (K2_GetActorLocation) bSelfContext == true, but no scope supplied!
[2015.08.08-01.49.17:166][191]LogBlueprint:Warning: FMemberReference::ResolveMember (K2_GetActorLocation) bSelfContext == true, but no scope supplied!
[2015.08.08-01.49.17:166][191]LogBlueprint:Warning: FMemberReference::ResolveMember (K2_GetActorLocation) bSelfContext == true, but no scope supplied!
[2015.08.08-01.49.17:166][191]LogBlueprint:Warning: FMemberReference::ResolveMember (K2_GetActorLocation) bSelfContext == true, but no scope supplied!
[2015.08.08-01.49.17:166][191]LogBlueprint:Warning: FMemberReference::ResolveMember (K2_GetActorLocation) bSelfContext == true, but no scope supplied!
[2015.08.08-01.49.17:167][191]LogBlueprint:Warning: FMemberReference::ResolveMember (K2_GetActorLocation) bSelfContext == true, but no scope supplied!
[2015.08.08-01.49.17:167][191]LogBlueprint:Warning: FMemberReference::ResolveMember (K2_GetActorLocation) bSelfContext == true, but no scope supplied!
[2015.08.08-01.49.17:167][191]LogBlueprint:Warning: FMemberReference::ResolveMember (K2_GetActorLocation) bSelfContext == true, but no scope supplied!
[2015.08.08-01.49.17:167][191]LogBlueprint:Warning: FMemberReference::ResolveMember (K2_GetActorLocation) bSelfContext == true, but no scope supplied!
[2015.08.08-01.49.17:167][191]LogBlueprint:Warning: FMemberReference::ResolveMember (K2_GetActorLocation) bSelfContext == true, but no scope supplied!
[2015.08.08-01.49.17:167][191]LogBlueprint:Warning: FMemberReference::ResolveMember (K2_GetActorLocation) bSelfContext == true, but no scope supplied!
[2015.08.08-01.49.17:168][191]LogBlueprint:Warning: FMemberReference::ResolveMember (K2_GetActorLocation) bSelfContext == true, but no scope supplied!
[2015.08.08-01.49.17:168][191]LogBlueprint:Warning: FMemberReference::ResolveMember (K2_GetActorLocation) bSelfContext == true, but no scope supplied!
[2015.08.08-01.49.17:168][191]LogBlueprint:Warning: FMemberReference::ResolveMember (K2_GetActorLocation) bSelfContext == true, but no scope supplied!
[2015.08.08-01.49.17:168][191]LogBlueprint:Warning: FMemberReference::ResolveMember (K2_GetActorLocation) bSelfContext == true, but no scope supplied!
[2015.08.08-01.49.17:193][191]LogPlayLevel: PIE: StaticDuplicateObject took: (0.108077s)
[2015.08.08-01.49.17:193][191]LogPlayLevel: PIE: World Init took: (0.000819s)
[2015.08.08-01.49.17:194][191]LogPlayLevel: PIE: Created PIE world by copying editor world from /Game/MuseumLevel.MuseumLevel to /Game/UEDPIE_0_MuseumLevel.MuseumLevel (0.109166s)
[2015.08.08-01.49.18:259][191]LogWorld: Game class is 'FirstPersonGameMode_C'
[2015.08.08-01.49.18:380][191]LogAIModule: Creating AISystem for world MuseumLevel
[2015.08.08-01.49.18:427][191]LogWorld:Warning: *** WARNING - PATHS MAY NOT BE VALID ***
[2015.08.08-01.49.18:427][191]LogWorld: Bringing World /Game/UEDPIE_0_MuseumLevel.MuseumLevel up for play (max tick rate 0) at 2015.08.08-11.49.18
[2015.08.08-01.49.18:497][191]LogWorld: Bringing up level for play took: 0.115971
[2015.08.08-01.49.19:529][191]PIE: Info Play in editor start time for /Game/UEDPIE_0_MuseumLevel 3.39
[2015.08.08-01.49.33:976][671]LogPackageName: SearchForPackageOnDisk took   0.081s to resolve GOPage.umap
[2015.08.08-01.49.34:060][672]LogPackageName: SearchForPackageOnDisk took   0.074s to resolve GOPage.umap
[2015.08.08-01.49.34:060][672]LogNet: Browse: /Game/GOPage
[2015.08.08-01.49.34:070][672]LogLoad: LoadMap: /Game/GOPage
[2015.08.08-01.49.34:094][672]LogParticles: Destroying 0 GPU particle simulations for FXSystem 0x000000001CAA1A80
[2015.08.08-01.49.34:094][672]Cmd: MEM
[2015.08.08-01.49.34:108][672]LogMemory: Platform Memory Stats for Windows
[2015.08.08-01.49.34:108][672]LogMemory: Process Physical Memory: 523.18 MB used, 537.94 MB peak
[2015.08.08-01.49.34:108][672]LogMemory: Process Virtual Memory: 428.62 MB used, 454.44 MB peak
[2015.08.08-01.49.34:108][672]LogMemory: Physical Memory: 5109.63 MB used, 8066.43 MB total
[2015.08.08-01.49.34:108][672]LogMemory: Virtual Memory: 1012.59 MB used, 8388608.00 MB total
[2015.08.08-01.49.34:108][672]LogMemory: 
[2015.08.08-01.49.34:108][672]Allocator Stats for TBB: (not implemented)
[2015.08.08-01.49.56:111][672]LogLinker:Warning: Asset '../../../Engine/Content/EngineMeshes/Humanoid.uasset' has been saved with empty engine version. The asset will be loaded but may be incompatible.
[2015.08.08-01.49.56:222][672]LogWorld: Game class is 'FirstPersonGameMode_C'
[2015.08.08-01.49.56:224][672]LogAIModule: Creating AISystem for world GOPage
[2015.08.08-01.49.56:225][672]LogWorld: Bringing World /Game/UEDPIE_0_GOPage.GOPage up for play (max tick rate 0) at 2015.08.08-11.49.56
[2015.08.08-01.49.56:226][672]LogWorld: Bringing up level for play took: 0.001432
[2015.08.08-01.49.56:227][672]LogGameMode: Warning - PATHS NOT DEFINED or NO PLAYERSTART with positive rating
[2015.08.08-01.49.56:234][672]LogScript:Warning: Accessed None 'MyCharacter'
	HUD_C /Engine/Transient.UnrealEdEngine_0:GameInstance_0.HUD_C_0
	Function /Game/HUD.HUD_C:GetText_0:0036
[2015.08.08-01.49.57:113][673]LogParticles: Destroying 0 GPU particle simulations for FXSystem 0x0000000021428F40
[2015.08.08-01.55.14:146][566]Cmd: OBJ SAVEPACKAGE PACKAGE="/Game/MuseumLevel" FILE="../../../../../../Users/Admin/Documents/Miguel/Unreal Projects/StealthEscape/Content/MuseumLevel.umap" SILENT=true AUTOSAVING=false KEEPDIRTY=false
[2015.08.08-01.55.14:149][566]LogActorComponent: UnregisterComponent: (/Engine/Transient.CharMoveComp) Not registered. Aborting.
[2015.08.08-01.55.14:150][566]LogActorComponent: UnregisterComponent: (/Engine/Transient.PawnSensingComponent_0) Not registered. Aborting.
[2015.08.08-01.55.14:150][566]LogActorComponent: UnregisterComponent: (/Engine/Transient.CharacterMovementComponent_1) Not registered. Aborting.
[2015.08.08-01.55.14:150][566]LogActorComponent: UnregisterComponent: (/Engine/Transient.PawnSensingComponent_2) Not registered. Aborting.
[2015.08.08-01.55.15:325][566]LogSavePackage: Save=1120.942749ms
[2015.08.08-01.55.15:325][566]LogSavePackage: Moving '../../../../../../Users/Admin/Documents/Miguel/Unreal Projects/StealthEscape/Saved/MuseumLevel3A12A5B040847B1DE6568D86F8CBAA5D.tmp' to '../../../../../../Users/Admin/Documents/Miguel/Unreal Projects/StealthEscape/Content/MuseumLevel.umap'
[2015.08.08-01.55.15:871][583]BlueprintLog: New page: Pre-PIE auto-recompile
[2015.08.08-01.55.15:871][583]LogPlayLevel: [PIE] Compiling MuseumLevel before PIE...
[2015.08.08-01.55.16:185][583]LogPlayLevel: PIE:  Blueprint regeneration took 313 ms (1 blueprints)
[2015.08.08-01.55.16:185][583]PIE: New page: PIE session: MuseumLevel (8 Aug 2015 9:55:16 pm)
[2015.08.08-01.55.16:261][583]LogBlueprint:Warning: FMemberReference::ResolveMember (K2_GetActorLocation) bSelfContext == true, but no scope supplied!
[2015.08.08-01.55.16:261][583]LogBlueprint:Warning: FMemberReference::ResolveMember (K2_GetActorLocation) bSelfContext == true, but no scope supplied!
[2015.08.08-01.55.16:261][583]LogBlueprint:Warning: FMemberReference::ResolveMember (K2_GetActorLocation) bSelfContext == true, but no scope supplied!
[2015.08.08-01.55.16:261][583]LogBlueprint:Warning: FMemberReference::ResolveMember (K2_GetActorLocation) bSelfContext == true, but no scope supplied!
[2015.08.08-01.55.16:262][583]LogBlueprint:Warning: FMemberReference::ResolveMember (K2_GetActorLocation) bSelfContext == true, but no scope supplied!
[2015.08.08-01.55.16:262][583]LogBlueprint:Warning: FMemberReference::ResolveMember (K2_GetActorLocation) bSelfContext == true, but no scope supplied!
[2015.08.08-01.55.16:262][583]LogBlueprint:Warning: FMemberReference::ResolveMember (K2_GetActorLocation) bSelfContext == true, but no scope supplied!
[2015.08.08-01.55.16:262][583]LogBlueprint:Warning: FMemberReference::ResolveMember (K2_GetActorLocation) bSelfContext == true, but no scope supplied!
[2015.08.08-01.55.16:263][583]LogBlueprint:Warning: FMemberReference::ResolveMember (K2_GetActorLocation) bSelfContext == true, but no scope supplied!
[2015.08.08-01.55.16:264][583]LogBlueprint:Warning: FMemberReference::ResolveMember (K2_GetActorLocation) bSelfContext == true, but no scope supplied!
[2015.08.08-01.55.16:264][583]LogBlueprint:Warning: FMemberReference::ResolveMember (K2_GetActorLocation) bSelfContext == true, but no scope supplied!
[2015.08.08-01.55.16:264][583]LogBlueprint:Warning: FMemberReference::ResolveMember (K2_GetActorLocation) bSelfContext == true, but no scope supplied!
[2015.08.08-01.55.16:264][583]LogBlueprint:Warning: FMemberReference::ResolveMember (K2_GetActorLocation) bSelfContext == true, but no scope supplied!
[2015.08.08-01.55.16:264][583]LogBlueprint:Warning: FMemberReference::ResolveMember (K2_GetActorLocation) bSelfContext == true, but no scope supplied!
[2015.08.08-01.55.16:265][583]LogBlueprint:Warning: FMemberReference::ResolveMember (K2_GetActorLocation) bSelfContext == true, but no scope supplied!
[2015.08.08-01.55.16:265][583]LogBlueprint:Warning: FMemberReference::ResolveMember (K2_GetActorLocation) bSelfContext == true, but no scope supplied!
[2015.08.08-01.55.16:265][583]LogBlueprint:Warning: FMemberReference::ResolveMember (K2_GetActorLocation) bSelfContext == true, but no scope supplied!
[2015.08.08-01.55.16:265][583]LogBlueprint:Warning: FMemberReference::ResolveMember (K2_GetActorLocation) bSelfContext == true, but no scope supplied!
[2015.08.08-01.55.16:265][583]LogBlueprint:Warning: FMemberReference::ResolveMember (K2_GetActorLocation) bSelfContext == true, but no scope supplied!
[2015.08.08-01.55.16:265][583]LogBlueprint:Warning: FMemberReference::ResolveMember (K2_GetActorLocation) bSelfContext == true, but no scope supplied!
[2015.08.08-01.55.16:266][583]LogBlueprint:Warning: FMemberReference::ResolveMember (K2_GetActorLocation) bSelfContext == true, but no scope supplied!
[2015.08.08-01.55.16:266][583]LogBlueprint:Warning: FMemberReference::ResolveMember (K2_GetActorLocation) bSelfContext == true, but no scope supplied!
[2015.08.08-01.55.16:266][583]LogBlueprint:Warning: FMemberReference::ResolveMember (K2_GetActorLocation) bSelfContext == true, but no scope supplied!
[2015.08.08-01.55.16:266][583]LogBlueprint:Warning: FMemberReference::ResolveMember (K2_GetActorLocation) bSelfContext == true, but no scope supplied!
[2015.08.08-01.55.16:267][583]LogBlueprint:Warning: FMemberReference::ResolveMember (K2_GetActorLocation) bSelfContext == true, but no scope supplied!
[2015.08.08-01.55.16:267][583]LogBlueprint:Warning: FMemberReference::ResolveMember (K2_GetActorLocation) bSelfContext == true, but no scope supplied!
[2015.08.08-01.55.16:267][583]LogBlueprint:Warning: FMemberReference::ResolveMember (K2_GetActorLocation) bSelfContext == true, but no scope supplied!
[2015.08.08-01.55.16:267][583]LogBlueprint:Warning: FMemberReference::ResolveMember (K2_GetActorLocation) bSelfContext == true, but no scope supplied!
[2015.08.08-01.55.16:268][583]LogBlueprint:Warning: FMemberReference::ResolveMember (K2_GetActorLocation) bSelfContext == true, but no scope supplied!
[2015.08.08-01.55.16:268][583]LogBlueprint:Warning: FMemberReference::ResolveMember (K2_GetActorLocation) bSelfContext == true, but no scope supplied!
[2015.08.08-01.55.16:268][583]LogBlueprint:Warning: FMemberReference::ResolveMember (K2_GetActorLocation) bSelfContext == true, but no scope supplied!
[2015.08.08-01.55.16:268][583]LogBlueprint:Warning: FMemberReference::ResolveMember (K2_GetActorLocation) bSelfContext == true, but no scope supplied!
[2015.08.08-01.55.16:268][583]LogBlueprint:Warning: FMemberReference::ResolveMember (K2_GetActorLocation) bSelfContext == true, but no scope supplied!
[2015.08.08-01.55.16:268][583]LogBlueprint:Warning: FMemberReference::ResolveMember (K2_GetActorLocation) bSelfContext == true, but no scope supplied!
[2015.08.08-01.55.16:269][583]LogBlueprint:Warning: FMemberReference::ResolveMember (K2_GetActorLocation) bSelfContext == true, but no scope supplied!
[2015.08.08-01.55.16:269][583]LogBlueprint:Warning: FMemberReference::ResolveMember (K2_GetActorLocation) bSelfContext == true, but no scope supplied!
[2015.08.08-01.55.16:269][583]LogBlueprint:Warning: FMemberReference::ResolveMember (K2_GetActorLocation) bSelfContext == true, but no scope supplied!
[2015.08.08-01.55.16:269][583]LogBlueprint:Warning: FMemberReference::ResolveMember (K2_GetActorLocation) bSelfContext == true, but no scope supplied!
[2015.08.08-01.55.16:270][583]LogBlueprint:Warning: FMemberReference::ResolveMember (K2_GetActorLocation) bSelfContext == true, but no scope supplied!
[2015.08.08-01.55.16:270][583]LogBlueprint:Warning: FMemberReference::ResolveMember (K2_GetActorLocation) bSelfContext == true, but no scope supplied!
[2015.08.08-01.55.16:270][583]LogBlueprint:Warning: FMemberReference::ResolveMember (K2_GetActorLocation) bSelfContext == true, but no scope supplied!
[2015.08.08-01.55.16:270][583]LogBlueprint:Warning: FMemberReference::ResolveMember (K2_GetActorLocation) bSelfContext == true, but no scope supplied!
[2015.08.08-01.55.16:270][583]LogBlueprint:Warning: FMemberReference::ResolveMember (K2_GetActorLocation) bSelfContext == true, but no scope supplied!
[2015.08.08-01.55.16:270][583]LogBlueprint:Warning: FMemberReference::ResolveMember (K2_GetActorLocation) bSelfContext == true, but no scope supplied!
[2015.08.08-01.55.16:271][583]LogBlueprint:Warning: FMemberReference::ResolveMember (K2_GetActorLocation) bSelfContext == true, but no scope supplied!
[2015.08.08-01.55.16:271][583]LogBlueprint:Warning: FMemberReference::ResolveMember (K2_GetActorLocation) bSelfContext == true, but no scope supplied!
[2015.08.08-01.55.16:271][583]LogBlueprint:Warning: FMemberReference::ResolveMember (K2_GetActorLocation) bSelfContext == true, but no scope supplied!
[2015.08.08-01.55.16:271][583]LogBlueprint:Warning: FMemberReference::ResolveMember (K2_GetActorLocation) bSelfContext == true, but no scope supplied!
[2015.08.08-01.55.16:272][583]LogBlueprint:Warning: FMemberReference::ResolveMember (K2_GetActorLocation) bSelfContext == true, but no scope supplied!
[2015.08.08-01.55.16:272][583]LogBlueprint:Warning: FMemberReference::ResolveMember (K2_GetActorLocation) bSelfContext == true, but no scope supplied!
[2015.08.08-01.55.16:272][583]LogBlueprint:Warning: FMemberReference::ResolveMember (K2_GetActorLocation) bSelfContext == true, but no scope supplied!
[2015.08.08-01.55.16:272][583]LogBlueprint:Warning: FMemberReference::ResolveMember (K2_GetActorLocation) bSelfContext == true, but no scope supplied!
[2015.08.08-01.55.16:273][583]LogBlueprint:Warning: FMemberReference::ResolveMember (K2_GetActorLocation) bSelfContext == true, but no scope supplied!
[2015.08.08-01.55.16:273][583]LogBlueprint:Warning: FMemberReference::ResolveMember (K2_GetActorLocation) bSelfContext == true, but no scope supplied!
[2015.08.08-01.55.16:273][583]LogBlueprint:Warning: FMemberReference::ResolveMember (K2_GetActorLocation) bSelfContext == true, but no scope supplied!
[2015.08.08-01.55.16:273][583]LogBlueprint:Warning: FMemberReference::ResolveMember (K2_GetActorLocation) bSelfContext == true, but no scope supplied!
[2015.08.08-01.55.16:273][583]LogBlueprint:Warning: FMemberReference::ResolveMember (K2_GetActorLocation) bSelfContext == true, but no scope supplied!
[2015.08.08-01.55.16:273][583]LogBlueprint:Warning: FMemberReference::ResolveMember (K2_GetActorLocation) bSelfContext == true, but no scope supplied!
[2015.08.08-01.55.16:274][583]LogBlueprint:Warning: FMemberReference::ResolveMember (K2_GetActorLocation) bSelfContext == true, but no scope supplied!
[2015.08.08-01.55.16:274][583]LogBlueprint:Warning: FMemberReference::ResolveMember (K2_GetActorLocation) bSelfContext == true, but no scope supplied!
[2015.08.08-01.55.16:274][583]LogBlueprint:Warning: FMemberReference::ResolveMember (K2_GetActorLocation) bSelfContext == true, but no scope supplied!
[2015.08.08-01.55.16:274][583]LogBlueprint:Warning: FMemberReference::ResolveMember (K2_GetActorLocation) bSelfContext == true, but no scope supplied!
[2015.08.08-01.55.16:274][583]LogBlueprint:Warning: FMemberReference::ResolveMember (K2_GetActorLocation) bSelfContext == true, but no scope supplied!
[2015.08.08-01.55.16:275][583]LogBlueprint:Warning: FMemberReference::ResolveMember (K2_GetActorLocation) bSelfContext == true, but no scope supplied!
[2015.08.08-01.55.16:275][583]LogBlueprint:Warning: FMemberReference::ResolveMember (K2_GetActorLocation) bSelfContext == true, but no scope supplied!
[2015.08.08-01.55.16:275][583]LogBlueprint:Warning: FMemberReference::ResolveMember (K2_GetActorLocation) bSelfContext == true, but no scope supplied!
[2015.08.08-01.55.16:276][583]LogBlueprint:Warning: FMemberReference::ResolveMember (K2_GetActorLocation) bSelfContext == true, but no scope supplied!
[2015.08.08-01.55.16:276][583]LogBlueprint:Warning: FMemberReference::ResolveMember (K2_GetActorLocation) bSelfContext == true, but no scope supplied!
[2015.08.08-01.55.16:276][583]LogBlueprint:Warning: FMemberReference::ResolveMember (K2_GetActorLocation) bSelfContext == true, but no scope supplied!
[2015.08.08-01.55.16:276][583]LogBlueprint:Warning: FMemberReference::ResolveMember (K2_GetActorLocation) bSelfContext == true, but no scope supplied!
[2015.08.08-01.55.16:277][583]LogBlueprint:Warning: FMemberReference::ResolveMember (K2_GetActorLocation) bSelfContext == true, but no scope supplied!
[2015.08.08-01.55.16:277][583]LogBlueprint:Warning: FMemberReference::ResolveMember (K2_GetActorLocation) bSelfContext == true, but no scope supplied!
[2015.08.08-01.55.16:277][583]LogBlueprint:Warning: FMemberReference::ResolveMember (K2_GetActorLocation) bSelfContext == true, but no scope supplied!
[2015.08.08-01.55.16:277][583]LogBlueprint:Warning: FMemberReference::ResolveMember (K2_GetActorLocation) bSelfContext == true, but no scope supplied!
[2015.08.08-01.55.16:278][583]LogBlueprint:Warning: FMemberReference::ResolveMember (K2_GetActorLocation) bSelfContext == true, but no scope supplied!
[2015.08.08-01.55.16:278][583]LogBlueprint:Warning: FMemberReference::ResolveMember (K2_GetActorLocation) bSelfContext == true, but no scope supplied!
[2015.08.08-01.55.16:278][583]LogBlueprint:Warning: FMemberReference::ResolveMember (K2_GetActorLocation) bSelfContext == true, but no scope supplied!
[2015.08.08-01.55.16:278][583]LogBlueprint:Warning: FMemberReference::ResolveMember (K2_GetActorLocation) bSelfContext == true, but no scope supplied!
[2015.08.08-01.55.16:278][583]LogBlueprint:Warning: FMemberReference::ResolveMember (K2_GetActorLocation) bSelfContext == true, but no scope supplied!
[2015.08.08-01.55.16:278][583]LogBlueprint:Warning: FMemberReference::ResolveMember (K2_GetActorLocation) bSelfContext == true, but no scope supplied!
[2015.08.08-01.55.16:279][583]LogBlueprint:Warning: FMemberReference::ResolveMember (K2_GetActorLocation) bSelfContext == true, but no scope supplied!
[2015.08.08-01.55.16:279][583]LogBlueprint:Warning: FMemberReference::ResolveMember (K2_GetActorLocation) bSelfContext == true, but no scope supplied!
[2015.08.08-01.55.16:279][583]LogBlueprint:Warning: FMemberReference::ResolveMember (K2_GetActorLocation) bSelfContext == true, but no scope supplied!
[2015.08.08-01.55.16:279][583]LogBlueprint:Warning: FMemberReference::ResolveMember (K2_GetActorLocation) bSelfContext == true, but no scope supplied!
[2015.08.08-01.55.16:310][583]LogPlayLevel: PIE: StaticDuplicateObject took: (0.125187s)
[2015.08.08-01.55.16:312][583]LogPlayLevel: PIE: World Init took: (0.001158s)
[2015.08.08-01.55.16:312][583]LogPlayLevel: PIE: Created PIE world by copying editor world from /Game/MuseumLevel.MuseumLevel to /Game/UEDPIE_0_MuseumLevel.MuseumLevel (0.126591s)
[2015.08.08-01.55.16:351][583]LogWorld: Game class is 'FirstPersonGameMode_C'
[2015.08.08-01.55.16:352][583]LogAIModule: Creating AISystem for world MuseumLevel
[2015.08.08-01.55.16:403][583]LogWorld:Warning: *** WARNING - PATHS MAY NOT BE VALID ***
[2015.08.08-01.55.16:403][583]LogWorld: Bringing World /Game/UEDPIE_0_MuseumLevel.MuseumLevel up for play (max tick rate 0) at 2015.08.08-11.55.16
[2015.08.08-01.55.16:412][583]LogWorld: Bringing up level for play took: 0.058712
[2015.08.08-01.55.16:415][583]PIE: Info Play in editor start time for /Game/UEDPIE_0_MuseumLevel 0.271
[2015.08.08-01.55.47:623][711]LogParticles: Destroying 0 GPU particle simulations for FXSystem 0x00000000118A0CC0
[2015.08.08-01.56.36:159][ 30]LogActorComponent: UnregisterComponent: (/Engine/Transient.CharMoveComp) Not registered. Aborting.
[2015.08.08-01.56.36:160][ 30]LogActorComponent: UnregisterComponent: (/Engine/Transient.PawnSensingComponent_0) Not registered. Aborting.
[2015.08.08-01.56.36:160][ 30]LogActorComponent: UnregisterComponent: (/Engine/Transient.CharacterMovementComponent_2) Not registered. Aborting.
[2015.08.08-01.56.36:160][ 30]LogActorComponent: UnregisterComponent: (/Engine/Transient.PawnSensingComponent_3) Not registered. Aborting.
[2015.08.08-01.56.36:432][ 30]Cmd: OBJ SAVEPACKAGE PACKAGE="/Game/MuseumLevel" FILE="../../../../../../Users/Admin/Documents/Miguel/Unreal Projects/StealthEscape/Content/MuseumLevel.umap" SILENT=true AUTOSAVING=false KEEPDIRTY=false
[2015.08.08-01.56.37:639][ 30]LogSavePackage: Save=1157.545654ms
[2015.08.08-01.56.37:639][ 30]LogSavePackage: Moving '../../../../../../Users/Admin/Documents/Miguel/Unreal Projects/StealthEscape/Saved/MuseumLevel545C195F40DB567BFD2782A27BD51EA1.tmp' to '../../../../../../Users/Admin/Documents/Miguel/Unreal Projects/StealthEscape/Content/MuseumLevel.umap'
[2015.08.08-01.56.37:992][ 30]LogFileHelpers: Saving map 'MuseumLevel' took 1.729
[2015.08.08-01.56.39:993][ 89]Cmd: QUIT_EDITOR
[2015.08.08-01.56.40:227][ 89]LogExit: Preparing to exit.
[2015.08.08-01.56.40:724][ 89]LogExit: Editor shut down
[2015.08.08-01.56.40:725][ 89]LogExit: Transaction tracking system shut down
[2015.08.08-01.56.40:726][ 89]LogParticles: Destroying 0 GPU particle simulations for FXSystem 0x000000001E1677E0
[2015.08.08-01.56.40:726][ 89]LogParticles: Destroying 0 GPU particle simulations for FXSystem 0x000000001E931BC0
[2015.08.08-01.56.40:727][ 89]LogParticles: Destroying 0 GPU particle simulations for FXSystem 0x00000000249EEF20
[2015.08.08-01.56.40:727][ 89]LogParticles: Destroying 0 GPU particle simulations for FXSystem 0x00000000249ECE00
[2015.08.08-01.56.40:727][ 89]LogParticles: Destroying 0 GPU particle simulations for FXSystem 0x00000000262DADE0
[2015.08.08-01.56.40:727][ 89]LogParticles: Destroying 0 GPU particle simulations for FXSystem 0x00000000262DAD40
[2015.08.08-01.56.40:818][ 89]LogExit: Object subsystem successfully closed.
[2015.08.08-01.56.40:876][ 89]LogModuleManager: Shutting down and abandoning module CrashTracker (177)
[2015.08.08-01.56.40:876][ 89]LogModuleManager: Shutting down and abandoning module SuperSearch (176)
[2015.08.08-01.56.40:876][ 89]LogModuleManager: Shutting down and abandoning module SceneOutliner (175)
[2015.08.08-01.56.40:876][ 89]LogModuleManager: Shutting down and abandoning module EditorWidgets (174)
[2015.08.08-01.56.40:876][ 89]LogModuleManager: Shutting down and abandoning module CollectionManager (173)
[2015.08.08-01.56.40:876][ 89]LogModuleManager: Shutting down and abandoning module StatsViewer (172)
[2015.08.08-01.56.40:876][ 89]LogModuleManager: Shutting down and abandoning module FoliageEdit (171)
[2015.08.08-01.56.40:876][ 89]LogModuleManager: Shutting down and abandoning module LandscapeEditor (170)
[2015.08.08-01.56.40:876][ 89]LogModuleManager: Shutting down and abandoning module MeshPaint (169)
[2015.08.08-01.56.40:876][ 89]LogModuleManager: Shutting down and abandoning module ActorPickerMode (168)
[2015.08.08-01.56.40:876][ 89]LogModuleManager: Shutting down and abandoning module GeometryMode (167)
[2015.08.08-01.56.40:876][ 89]LogModuleManager: Shutting down and abandoning module TextureAlignMode (166)
[2015.08.08-01.56.40:876][ 89]LogModuleManager: Shutting down and abandoning module BspMode (165)
[2015.08.08-01.56.40:876][ 89]LogModuleManager: Shutting down and abandoning module PlacementMode (164)
[2015.08.08-01.56.40:876][ 89]LogModuleManager: Shutting down and abandoning module AutomationWorker (163)
[2015.08.08-01.56.40:876][ 89]LogModuleManager: Shutting down and abandoning module CharacterAI (162)
[2015.08.08-01.56.40:876][ 89]LogModuleManager: Shutting down and abandoning module SmartSnapping (161)
[2015.08.08-01.56.40:876][ 89]LogModuleManager: Shutting down and abandoning module ViewportSnapping (160)
[2015.08.08-01.56.40:876][ 89]LogModuleManager: Shutting down and abandoning module LogVisualizer (159)
[2015.08.08-01.56.40:876][ 89]LogModuleManager: Shutting down and abandoning module GameProjectGeneration (158)
[2015.08.08-01.56.40:877][ 89]LogModuleManager: Shutting down and abandoning module IntroTutorials (157)
[2015.08.08-01.56.40:877][ 89]LogModuleManager: Shutting down and abandoning module EditorLiveStreaming (156)
[2015.08.08-01.56.40:877][ 89]LogModuleManager: Shutting down and abandoning module HardwareTargeting (155)
[2015.08.08-01.56.40:877][ 89]LogModuleManager: Shutting down and abandoning module DeviceProfileEditor (154)
[2015.08.08-01.56.40:877][ 89]LogModuleManager: Shutting down and abandoning module UndoHistory (153)
[2015.08.08-01.56.40:877][ 89]LogModuleManager: Shutting down and abandoning module GameplayTagsEditor (152)
[2015.08.08-01.56.40:877][ 89]LogModuleManager: Shutting down and abandoning module UserFeedback (151)
[2015.08.08-01.56.40:877][ 89]LogModuleManager: Shutting down and abandoning module XmlParser (150)
[2015.08.08-01.56.40:877][ 89]LogModuleManager: Shutting down and abandoning module Blutility (149)
[2015.08.08-01.56.40:877][ 89]LogModuleManager: Shutting down and abandoning module IOSPlatformEditor (148)
[2015.08.08-01.56.40:877][ 89]LogModuleManager: Shutting down and abandoning module IOSRuntimeSettings (147)
[2015.08.08-01.56.40:877][ 89]LogModuleManager: Shutting down and abandoning module AndroidDeviceDetection (146)
[2015.08.08-01.56.41:340][ 89]LogModuleManager: Shutting down and abandoning module AndroidPlatformEditor (145)
[2015.08.08-01.56.41:340][ 89]LogModuleManager: Shutting down and abandoning module AndroidRuntimeSettings (144)
[2015.08.08-01.56.41:340][ 89]LogModuleManager: Shutting down and abandoning module ProjectTargetPlatformEditor (143)
[2015.08.08-01.56.41:340][ 89]LogModuleManager: Shutting down and abandoning module ProjectSettingsViewer (142)
[2015.08.08-01.56.41:340][ 89]LogModuleManager: Shutting down and abandoning module InputBindingEditor (141)
[2015.08.08-01.56.41:340][ 89]LogModuleManager: Shutting down and abandoning module EditorSettingsViewer (140)
[2015.08.08-01.56.41:340][ 89]LogModuleManager: Shutting down and abandoning module SettingsEditor (139)
[2015.08.08-01.56.41:340][ 89]LogModuleManager: Shutting down and abandoning module ProjectLauncher (138)
[2015.08.08-01.56.41:340][ 89]LogModuleManager: Shutting down and abandoning module SessionFrontend (137)
[2015.08.08-01.56.41:340][ 89]LogModuleManager: Shutting down and abandoning module ProfilerClient (136)
[2015.08.08-01.56.41:340][ 89]LogModuleManager: Shutting down and abandoning module TargetDeviceServices (135)
[2015.08.08-01.56.41:340][ 89]LogModuleManager: Shutting down and abandoning module DeviceManager (134)
[2015.08.08-01.56.41:340][ 89]LogModuleManager: Shutting down and abandoning module AutomationController (133)
[2015.08.08-01.56.41:340][ 89]LogModuleManager: Shutting down and abandoning module AutomationWindow (132)
[2015.08.08-01.56.41:340][ 89]LogModuleManager: Shutting down and abandoning module Layers (131)
[2015.08.08-01.56.41:340][ 89]LogModuleManager: Shutting down and abandoning module ComponentVisualizers (130)
[2015.08.08-01.56.41:340][ 89]LogModuleManager: Shutting down and abandoning module DetailCustomizations (129)
[2015.08.08-01.56.41:340][ 89]LogModuleManager: Shutting down and abandoning module PackagesDialog (128)
[2015.08.08-01.56.41:340][ 89]LogModuleManager: Shutting down and abandoning module AssetRegistry (127)
[2015.08.08-01.56.41:411][ 89]LogModuleManager: Shutting down and abandoning module Persona (126)
[2015.08.08-01.56.41:411][ 89]LogModuleManager: Shutting down and abandoning module SlateReflector (125)
[2015.08.08-01.56.41:411][ 89]LogModuleManager: Shutting down and abandoning module LevelEditor (124)
[2015.08.08-01.56.41:413][ 89]LogModuleManager: Shutting down and abandoning module Kismet (123)
[2015.08.08-01.56.41:413][ 89]LogModuleManager: Shutting down and abandoning module GraphEditor (122)
[2015.08.08-01.56.41:413][ 89]LogModuleManager: Shutting down and abandoning module ClassViewer (121)
[2015.08.08-01.56.41:413][ 89]LogModuleManager: Shutting down and abandoning module Toolbox (120)
[2015.08.08-01.56.41:413][ 89]LogModuleManager: Shutting down and abandoning module ModuleUI (119)
[2015.08.08-01.56.41:413][ 89]LogModuleManager: Shutting down and abandoning module MovieSceneTools (118)
[2015.08.08-01.56.41:413][ 89]LogModuleManager: Shutting down and abandoning module OutputLog (117)
[2015.08.08-01.56.41:413][ 89]LogModuleManager: Shutting down and abandoning module GammaUI (116)
[2015.08.08-01.56.41:413][ 89]LogModuleManager: Shutting down and abandoning module Documentation (115)
[2015.08.08-01.56.41:413][ 89]LogModuleManager: Shutting down and abandoning module GameLiveStreaming (114)
[2015.08.08-01.56.41:413][ 89]LogModuleManager: Shutting down and abandoning module StreamingPauseRendering (113)
[2015.08.08-01.56.41:413][ 89]LogModuleManager: Shutting down and abandoning module HTTP (112)
[2015.08.08-01.56.41:413][ 89]LogModuleManager: Shutting down and abandoning module AnalyticsET (111)
[2015.08.08-01.56.41:413][ 89]LogModuleManager: Shutting down and abandoning module Analytics (110)
[2015.08.08-01.56.41:413][ 89]LogModuleManager: Shutting down and abandoning module AITestSuite (109)
[2015.08.08-01.56.41:413][ 89]LogModuleManager: Shutting down and abandoning module GameplayDebugger (108)
[2015.08.08-01.56.41:413][ 89]LogModuleManager: Shutting down and abandoning module AIModule (107)
[2015.08.08-01.56.41:413][ 89]LogModuleManager: Shutting down and abandoning module ProfilerService (106)
[2015.08.08-01.56.41:508][ 89]LogModuleManager: Shutting down and abandoning module TaskGraph (105)
[2015.08.08-01.56.41:508][ 89]LogModuleManager: Shutting down and abandoning module SlateRemote (104)
[2015.08.08-01.56.41:508][ 89]LogModuleManager: Shutting down and abandoning module ScriptEditorPlugin (103)
[2015.08.08-01.56.41:508][ 89]LogModuleManager: Shutting down and abandoning module CustomMeshComponent (102)
[2015.08.08-01.56.41:508][ 89]LogModuleManager: Shutting down and abandoning module CableComponent (101)
[2015.08.08-01.56.41:508][ 89]LogModuleManager: Shutting down and abandoning module MessagingDebugger (100)
[2015.08.08-01.56.41:508][ 89]LogModuleManager: Shutting down and abandoning module MediaPlayerEditor (99)
[2015.08.08-01.56.41:508][ 89]LogModuleManager: Shutting down and abandoning module SpeedTreeImporter (98)
[2015.08.08-01.56.41:508][ 89]LogModuleManager: Shutting down and abandoning module PluginsEditor (97)
[2015.08.08-01.56.41:508][ 89]LogModuleManager: Shutting down and abandoning module MainFrame (96)
[2015.08.08-01.56.41:508][ 89]LogModuleManager: Shutting down and abandoning module EpicSurvey (95)
[2015.08.08-01.56.41:508][ 89]LogModuleManager: Shutting down and abandoning module DesktopPlatform (94)
[2015.08.08-01.56.41:508][ 89]LogModuleManager: Shutting down and abandoning module DirectoryWatcher (93)
[2015.08.08-01.56.41:508][ 89]LogModuleManager: Shutting down and abandoning module HotReload (92)
[2015.08.08-01.56.41:508][ 89]LogModuleManager: Shutting down and abandoning module VisualStudioSourceCodeAccess (91)
[2015.08.08-01.56.41:508][ 89]LogModuleManager: Shutting down and abandoning module UObjectPlugin (90)
[2015.08.08-01.56.41:508][ 89]LogModuleManager: Shutting down and abandoning module SubversionSourceControl (89)
[2015.08.08-01.56.41:508][ 89]LogModuleManager: Shutting down and abandoning module PerforceSourceControl (88)
[2015.08.08-01.56.41:508][ 89]LogModuleManager: Shutting down and abandoning module SourceControl (87)
[2015.08.08-01.56.41:508][ 89]LogModuleManager: Shutting down and abandoning module GitSourceControl (86)
[2015.08.08-01.56.41:508][ 89]LogModuleManager: Shutting down and abandoning module BlankPlugin (85)
[2015.08.08-01.56.41:508][ 89]LogModuleManager: Shutting down and abandoning module PaperTiledImporter (84)
[2015.08.08-01.56.41:508][ 89]LogModuleManager: Shutting down and abandoning module PaperJsonImporter (83)
[2015.08.08-01.56.41:508][ 89]LogModuleManager: Shutting down and abandoning module ContentBrowser (82)
[2015.08.08-01.56.41:509][ 89]LogModuleManager: Shutting down and abandoning module Paper2DEditor (81)
[2015.08.08-01.56.41:510][ 89]LogModuleManager: Shutting down and abandoning module ScriptPlugin (80)
[2015.08.08-01.56.41:510][ 89]LogModuleManager: Shutting down and abandoning module UdpMessaging (79)
[2015.08.08-01.56.41:610][ 89]LogModuleManager: Shutting down and abandoning module Paper2D (78)
[2015.08.08-01.56.41:610][ 89]LogModuleManager: Shutting down and abandoning module WindowsMoviePlayer (77)
[2015.08.08-01.56.41:613][ 89]LogModuleManager: Shutting down and abandoning module Media (76)
[2015.08.08-01.56.41:613][ 89]LogModuleManager: Shutting down and abandoning module WmfMedia (75)
[2015.08.08-01.56.41:613][ 89]LogModuleManager: Shutting down and abandoning module OnlineBlueprintSupport (74)
[2015.08.08-01.56.41:613][ 89]LogModuleManager: Shutting down and abandoning module PropertyEditor (73)
[2015.08.08-01.56.41:613][ 89]LogModuleManager: Shutting down and abandoning module BehaviorTreeEditor (72)
[2015.08.08-01.56.41:613][ 89]LogModuleManager: Shutting down and abandoning module FunctionalTesting (71)
[2015.08.08-01.56.41:613][ 89]LogModuleManager: Shutting down and abandoning module CollisionAnalyzer (70)
[2015.08.08-01.56.41:613][ 89]LogModuleManager: Shutting down and abandoning module WorkspaceMenuStructure (69)
[2015.08.08-01.56.41:613][ 89]LogModuleManager: Shutting down and abandoning module MessageLog (68)
[2015.08.08-01.56.41:613][ 89]LogModuleManager: Shutting down and abandoning module Sequencer (67)
[2015.08.08-01.56.41:613][ 89]LogModuleManager: Shutting down and abandoning module AssetTools (66)
[2015.08.08-01.56.41:613][ 89]LogModuleManager: Shutting down and abandoning module UMGEditor (65)
[2015.08.08-01.56.41:613][ 89]LogModuleManager: Shutting down and abandoning module UMG (64)
[2015.08.08-01.56.41:613][ 89]LogModuleManager: Shutting down and abandoning module Slate (63)
[2015.08.08-01.56.41:613][ 89]LogModuleManager: Shutting down and abandoning module EditorStyle (62)
[2015.08.08-01.56.41:620][ 89]LogModuleManager: Shutting down and abandoning module SessionServices (61)
[2015.08.08-01.56.41:620][ 89]LogModuleManager: Shutting down and abandoning module SourceCodeAccess (60)
[2015.08.08-01.56.41:620][ 89]LogModuleManager: Shutting down and abandoning module HeadMountedDisplay (59)
[2015.08.08-01.56.41:620][ 89]LogModuleManager: Shutting down and abandoning module XAudio2 (58)
[2015.08.08-01.56.41:620][ 89]LogModuleManager: Shutting down and abandoning module Networking (56)
[2015.08.08-01.56.41:620][ 89]LogModuleManager: Shutting down and abandoning module Core (55)
[2015.08.08-01.56.41:620][ 89]LogModuleManager: Shutting down and abandoning module KismetCompiler (54)
[2015.08.08-01.56.41:620][ 89]LogModuleManager: Shutting down and abandoning module PhysXFormats (53)
[2015.08.08-01.56.41:620][ 89]LogModuleManager: Shutting down and abandoning module MeshUtilities (52)
[2015.08.08-01.56.41:620][ 89]LogModuleManager: Shutting down and abandoning module DerivedDataCache (51)
[2015.08.08-01.56.41:675][ 89]LogDerivedDataCache: Shutdown
[2015.08.08-01.56.41:675][ 89]LogModuleManager: Shutting down and abandoning module ShaderFormatOpenGL (50)
[2015.08.08-01.56.41:675][ 89]LogModuleManager: Shutting down and abandoning module ShaderFormatD3D (49)
[2015.08.08-01.56.41:675][ 89]LogModuleManager: Shutting down and abandoning module MetalShaderFormat (48)
[2015.08.08-01.56.41:675][ 89]LogModuleManager: Shutting down and abandoning module TextureFormatUncompressed (47)
[2015.08.08-01.56.41:675][ 89]LogModuleManager: Shutting down and abandoning module TextureFormatPVR (46)
[2015.08.08-01.56.41:675][ 89]LogModuleManager: Shutting down and abandoning module TextureFormatIntelISPCTexComp (45)
[2015.08.08-01.56.41:675][ 89]LogModuleManager: Shutting down and abandoning module TextureFormatDXT (44)
[2015.08.08-01.56.41:675][ 89]LogModuleManager: Shutting down and abandoning module ImageWrapper (43)
[2015.08.08-01.56.41:675][ 89]LogModuleManager: Shutting down and abandoning module TextureFormatASTC (42)
[2015.08.08-01.56.41:675][ 89]LogModuleManager: Shutting down and abandoning module TextureFormatAndroid (41)
[2015.08.08-01.56.41:675][ 89]LogModuleManager: Shutting down and abandoning module AudioFormatOpus (40)
[2015.08.08-01.56.41:675][ 89]LogModuleManager: Shutting down and abandoning module AudioFormatOgg (39)
[2015.08.08-01.56.41:675][ 89]LogModuleManager: Shutting down and abandoning module AudioFormatADPCM (38)
[2015.08.08-01.56.41:675][ 89]LogModuleManager: Shutting down and abandoning module LinuxTargetPlatform (37)
[2015.08.08-01.56.41:675][ 89]LogModuleManager: Shutting down and abandoning module LinuxServerTargetPlatform (36)
[2015.08.08-01.56.41:675][ 89]LogModuleManager: Shutting down and abandoning module LinuxNoEditorTargetPlatform (35)
[2015.08.08-01.56.41:675][ 89]LogModuleManager: Shutting down and abandoning module Messaging (34)
[2015.08.08-01.56.41:675][ 89]LogModuleManager: Shutting down and abandoning module IOSTargetPlatform (33)
[2015.08.08-01.56.41:675][ 89]LogModuleManager: Shutting down and abandoning module HTML5TargetPlatform (32)
[2015.08.08-01.56.41:675][ 89]LogModuleManager: Shutting down and abandoning module Android_PVRTCTargetPlatform (31)
[2015.08.08-01.56.41:675][ 89]LogModuleManager: Shutting down and abandoning module Android_ETC2TargetPlatform (30)
[2015.08.08-01.56.41:675][ 89]LogModuleManager: Shutting down and abandoning module Android_ETC1TargetPlatform (29)
[2015.08.08-01.56.41:675][ 89]LogModuleManager: Shutting down and abandoning module Android_ES31TargetPlatform (28)
[2015.08.08-01.56.41:675][ 89]LogModuleManager: Shutting down and abandoning module Android_DXTTargetPlatform (27)
[2015.08.08-01.56.41:675][ 89]LogModuleManager: Shutting down and abandoning module Android_ATCTargetPlatform (26)
[2015.08.08-01.56.41:675][ 89]LogModuleManager: Shutting down and abandoning module AndroidTargetPlatform (25)
[2015.08.08-01.56.41:675][ 89]LogModuleManager: Shutting down and abandoning module WindowsTargetPlatform (24)
[2015.08.08-01.56.41:675][ 89]LogModuleManager: Shutting down and abandoning module WindowsServerTargetPlatform (23)
[2015.08.08-01.56.41:675][ 89]LogModuleManager: Shutting down and abandoning module WindowsNoEditorTargetPlatform (22)
[2015.08.08-01.56.41:675][ 89]LogModuleManager: Shutting down and abandoning module WindowsClientTargetPlatform (21)
[2015.08.08-01.56.41:675][ 89]LogModuleManager: Shutting down and abandoning module TargetPlatform (20)
[2015.08.08-01.56.41:675][ 89]LogModuleManager: Shutting down and abandoning module InputCore (19)
[2015.08.08-01.56.41:675][ 89]LogModuleManager: Shutting down and abandoning module Settings (18)
[2015.08.08-01.56.41:675][ 89]LogModuleManager: Shutting down and abandoning module OnlineSubsystem (16)
[2015.08.08-01.56.41:675][ 89]LogModuleManager: Shutting down and abandoning module OculusRift (15)
[2015.08.08-01.56.41:675][ 89]LogModuleManager: Shutting down and abandoning module ExampleDeviceProfileSelector (14)
[2015.08.08-01.56.41:675][ 89]LogModuleManager: Shutting down and abandoning module TextureCompressor (13)
[2015.08.08-01.56.41:675][ 89]LogModuleManager: Shutting down and abandoning module ShaderCore (12)
[2015.08.08-01.56.41:675][ 89]LogModuleManager: Shutting down and abandoning module Landscape (11)
[2015.08.08-01.56.41:675][ 89]LogModuleManager: Shutting down and abandoning module SlateRHIRenderer (10)
[2015.08.08-01.56.41:678][ 89]LogModuleManager: Shutting down and abandoning module OpenGLDrv (9)
[2015.08.08-01.56.41:678][ 89]LogModuleManager: Shutting down and abandoning module D3D11RHI (8)
[2015.08.08-01.56.41:678][ 89]LogModuleManager: Shutting down and abandoning module Renderer (7)
[2015.08.08-01.56.41:678][ 89]LogModuleManager: Shutting down and abandoning module Engine (6)
[2015.08.08-01.56.41:678][ 89]LogModuleManager: Shutting down and abandoning module CoreUObject (5)
[2015.08.08-01.56.41:678][ 89]LogModuleManager: Shutting down and abandoning module NetworkFile (4)
[2015.08.08-01.56.41:678][ 89]LogModuleManager: Shutting down and abandoning module StreamingFile (3)
[2015.08.08-01.56.41:678][ 89]LogModuleManager: Shutting down and abandoning module SandboxFile (2)
[2015.08.08-01.56.41:678][ 89]LogModuleManager: Shutting down and abandoning module PakFile (1)
[2015.08.08-01.56.41:679][ 89]LogExit: Exiting.
[2015.08.08-01.56.41:683][ 89]Log file closed, 08/08/15 11:56:41
