Log file open, 08/08/15 22:51:05
LogInit:Display: Running engine for game: StealthEscape
LogInit: Version: 4.7.6-2513093+++depot+UE4-Releases+4.7
LogInit: API Version: 2455222
LogInit: Compiled (64-bit): Apr 15 2015 12:09:54
LogInit: Compiled with Visual C++: 18.00.21005.01
LogInit: Build Configuration: Development
LogInit: Branch Name: ++depot+UE4-Releases+4.7
LogInit: Command line:  
LogInit: Base directory: C:/Program Files/Epic Games/4.7/Engine/Binaries/Win64/
LogInit: Rocket: 1
[2015.08.08-12.51.05:215][  0]LogTaskGraph: Started task graph with 3 named threads and 6 total threads.
[2015.08.08-12.51.05:268][  0]LogOnline:Warning: No default platform service specified for OnlineSubsystem
[2015.08.08-12.51.05:283][  0]LogInit: Presizing for 0 objects not considered by GC, pre-allocating 0 bytes.
[2015.08.08-12.51.05:291][  0]LogInit: Object subsystem initialized
[2015.08.08-12.51.05:293][  0]LogConsoleResponse:Warning: Skipping Unknown console variable: 'TranslucentSortAxis = (X=0.000000,Y=-1.000000,Z=0.000000)'
[2015.08.08-12.51.05:293][  0]LogConsoleResponse:Warning:   Found in ini file 'C:/Users/Admin/Desktop/MH/Saved/Config/Windows/Engine.ini', in section '[/Script/Engine.RendererSettings]'
[2015.08.08-12.51.05:293][  0]LogConsoleResponse:Warning: Skipping Unknown console variable: 'UIScaleRule = ShortestSide'
[2015.08.08-12.51.05:293][  0]LogConsoleResponse:Warning:   Found in ini file 'C:/Users/Admin/Desktop/MH/Saved/Config/Windows/Engine.ini', in section '[/Script/Engine.RendererSettings]'
[2015.08.08-12.51.05:293][  0]LogConsoleResponse:Warning: Skipping Unknown console variable: 'UIScaleCurve = (EditorCurveData=(Keys=),ExternalCurve=None)'
[2015.08.08-12.51.05:293][  0]LogConsoleResponse:Warning:   Found in ini file 'C:/Users/Admin/Desktop/MH/Saved/Config/Windows/Engine.ini', in section '[/Script/Engine.RendererSettings]'
[2015.08.08-12.51.05:293][  0]LogInit: Selected Device Profile: [Windows]
[2015.08.08-12.51.05:293][  0]LogInit: Applying CVar settings loaded from the selected device profile: [Windows]
[2015.08.08-12.51.05:326][  0]LogInit: Computer: I7-DESKTOP
[2015.08.08-12.51.05:326][  0]LogInit: User: Admin
[2015.08.08-12.51.05:326][  0]LogInit: CPU Page size=4096, Cores=4
[2015.08.08-12.51.05:326][  0]LogInit: High frequency timer resolution =3.515673 MHz
[2015.08.08-12.51.05:327][  0]LogMemory: Memory total: Physical=7.9GB (8GB approx) Virtual=8192.0GB
[2015.08.08-12.51.05:327][  0]LogMemory: Platform Memory Stats for Windows
[2015.08.08-12.51.05:327][  0]LogMemory: Process Physical Memory: 52.40 MB used, 52.40 MB peak
[2015.08.08-12.51.05:327][  0]LogMemory: Process Virtual Memory: 30.46 MB used, 30.47 MB peak
[2015.08.08-12.51.05:327][  0]LogMemory: Physical Memory: 4457.36 MB used, 8066.43 MB total
[2015.08.08-12.51.05:327][  0]LogMemory: Virtual Memory: 353.21 MB used, 8388608.00 MB total
[2015.08.08-12.51.05:344][  0]LogD3D11RHI: Found D3D11 adapter 0: AMD Radeon HD 6800 Series (Feature Level 11_0)
[2015.08.08-12.51.05:344][  0]LogD3D11RHI: Adapter has 1011MB of dedicated video memory, 0MB of dedicated system memory, and 3777MB of shared system memory, 1 output[s]
[2015.08.08-12.51.05:344][  0]LogD3D11RHI: Chosen D3D11 Adapter Id = 0
[2015.08.08-12.51.05:350][  0]LogRHI: Texture pool is 708 MB (70% of 1011 MB)
[2015.08.08-12.51.05:355][  0]LogD3D11RHI: Async texture creation disabled: no driver support
[2015.08.08-12.51.05:609][  0]LogTextLocalizationManager: The requested culture ('en_AU') has no localization data; parent culture's ('en') localization data will be used.
[2015.08.08-12.51.05:726][  0]LogTextLocalizationManager:Warning: Loading localization resources contain conflicting entries for (Namespace:UICommands, Key:Save_ToolTip):
Resource: (C:/Program Files/Epic Games/4.7/Engine/Content/Localization/Editor/en/Editor.locres) Hash: (-29098895) String: (Saves the current level to disk)
Resource: (C:/Program Files/Epic Games/4.7/Engine/Content/Localization/Engine/en/Engine.locres) Hash: (-1280300587) String: (Save selected data to vlog file)
[2015.08.08-12.51.05:726][  0]LogTextLocalizationManager:Warning: Loading localization resources contain conflicting entries for (Namespace:ContentBrowser, Key:ImportAssetToolTip):
Resource: (C:/Program Files/Epic Games/4.7/Engine/Content/Localization/Editor/en/Editor.locres) Hash: (-630476809) String: (Import to {0}...)
Resource: (C:/Program Files/Epic Games/4.7/Engine/Content/Localization/Editor/en/Editor.locres) Hash: (1271782899) String: (Imports an asset from file to this folder.)
[2015.08.08-12.51.05:813][  0]LogContentStreaming: Texture pool size is 0.000000MB
[2015.08.08-12.51.12:338][  0]LogTargetPlatformManager:Display: Building Assets For Windows
[2015.08.08-12.51.13:215][  0]LogTargetPlatformManager:Display: Building Assets For Windows
[2015.08.08-12.51.13:311][  0]LogDerivedDataCache:Display: Max Cache Size: 512 MB
[2015.08.08-12.51.14:167][  0]LogDerivedDataCache: Loaded boot cache 0.86s 39MB C:/Users/Admin/AppData/Local/UnrealEngine/4.7/DerivedDataCache/Boot.ddc.
[2015.08.08-12.51.14:167][  0]LogDerivedDataCache:Display: Loaded Boot cache: C:/Users/Admin/AppData/Local/UnrealEngine/4.7/DerivedDataCache/Boot.ddc
[2015.08.08-12.51.14:168][  0]LogDerivedDataCache: FDerivedDataBackendGraph:  Pak pak cache file ../../../../../../Users/Admin/Desktop/MH/DerivedDataCache/DDC.ddp not found, will not use a pak cache.
[2015.08.08-12.51.14:168][  0]LogDerivedDataCache: Unable to find inner node Pak for hierarchical cache Hierarchy.
[2015.08.08-12.51.14:316][  0]LogDerivedDataCache:Display: Pak cache opened for reading ../../../Engine/DerivedDataCache/Compressed.ddp.
[2015.08.08-12.51.14:328][  0]LogDerivedDataCache: Using Local data cache path C:/Users/Admin/AppData/Local/UnrealEngine/Common/DerivedDataCache: Writable
[2015.08.08-12.51.25:943][  0]LogMeshUtilities: No automatic mesh reduction module available
[2015.08.08-12.51.25:943][  0]LogMeshUtilities: No automatic mesh merging module available
[2015.08.08-12.51.27:373][  0]LogInit: WinSock: version 1.1 (2.2), MaxSocks=32767, MaxUdp=65467
[2015.08.08-12.51.27:844][  0]LogSlate:Warning: Failed to load font data from '../../../Engine/Content/Slate/Fonts/Roboto-Italic.ttf'
[2015.08.08-12.51.59:104][  0]UdpMessaging: Initializing bridge on interface 0.0.0.0:0 to multicast group 230.0.0.1:6666.
[2015.08.08-12.52.00:529][  0]SourceControl: Info Source control is disabled
[2015.08.08-12.52.00:529][  0]SourceControl: Info Source control is disabled
[2015.08.08-12.52.00:529][  0]SourceControl: Info Source control is disabled
[2015.08.08-12.52.00:529][  0]LogSourceControl: RunCommandInternalRaw: 'git version'
[2015.08.08-12.52.00:529][  0]LogSourceControl: RunCommandInternalRaw: ExecProcess ReturnCode=2 OutResults=''
[2015.08.08-12.52.00:541][  0]SourceControl: Info Source control is disabled
[2015.08.08-12.52.02:481][  0]LogObj: 24232 objects as part of root set at end of initial load.
[2015.08.08-12.52.02:481][  0]LogUObjectAllocator: 5137176 out of 0 bytes used by permanent object pool.
[2015.08.08-12.52.02:958][  0]LogEngine: Initializing Engine...
[2015.08.08-12.52.05:682][  0]LogInit: XAudio2 using 'AMD HDMI Output (AMD High Definition Audio Device)' : 2 channels at 48 kHz using 16 bits per sample (channel mask 0x3)
[2015.08.08-12.52.05:715][  0]LogInit: FAudioDevice initialized.
[2015.08.08-12.52.05:918][  0]LogAIModule: Creating AISystem for world NewWorld
[2015.08.08-12.52.05:962][  0]LogDerivedDataCache: Saved boot cache 0.04s 39MB C:/Users/Admin/AppData/Local/UnrealEngine/4.7/DerivedDataCache/Boot.ddc.
[2015.08.08-12.52.05:973][  0]LogInit: Texture streaming: Enabled
[2015.08.08-12.52.06:448][  0]LogAnalytics: Creating configured Analytics provider AnalyticsET
[2015.08.08-12.52.06:448][  0]LogAnalytics: ET APIKey = Rocket.Release. APIServer = http://et2.epicgames.com/ET2/. AppVersion = 4.7.6-2513093+++depot+UE4-Releases+4.7
[2015.08.08-12.52.06:448][  0]LogAnalytics: ET APIKey = Rocket.Release. DataRouterUploadURL = https://datarouter-public-service-gamedev.ol.epicgames.net/datarouter/api/v1/public/data. AppVersion = 4.7.6-2513093+++depot+UE4-Releases+4.7
[2015.08.08-12.52.06:448][  0]LogAnalytics: SetUserId 0b171b7540c931a0f620c8b878be6a3a|90dc462d3abe4e908c5e059bf9a6bfe2|0d6894b3-0434-4d10-9239-f3a8220f2c03
[2015.08.08-12.52.06:457][  0]LogAnalytics: AnalyticsET::StartSession [Rocket.Release]
[2015.08.08-12.52.06:695][  0]LogInit: Transaction tracking system initialized
[2015.08.08-12.52.08:279][  0]BlueprintLog: New page: Editor Load
[2015.08.08-12.52.09:011][  0]LogAssetRegistry: FAssetRegistry took 0.0094 seconds to start up
[2015.08.08-12.52.09:011][  0]LogDirectoryWatcher:Warning: Failed to begin reading directory changes for ../../../Engine/Plugins/Experimental/CharacterAI/Content/. Error: 0
[2015.08.08-12.52.11:954][  0]LogTargetPlatformManager:Display: Building Assets For Windows
[2015.08.08-12.52.12:483][  0]LogTargetPlatformManager:Display: Building Assets For Windows
[2015.08.08-12.52.13:963][  0]LogLinker:Warning: Asset '../../../Engine/Content/Tutorial/Mobile/CreatingSigningCertAndProvisionTutorial.uasset' has been saved with empty engine version. The asset will be loaded but may be incompatible.
[2015.08.08-12.52.13:972][  0]LogLinker:Warning: Can't find file '/Game/TopDownBP/TopDownOverview'
[2015.08.08-12.52.13:972][  0]LogLinker:Warning: Can't find file '/Game/TopDownBP/TopDownOverview'
[2015.08.08-12.52.13:975][  0]LogUObjectGlobals:Warning: Failed to find object 'Class /Game/TopDownBP/TopDownOverview.TopDownOverview_C'
[2015.08.08-12.52.14:191][  0]LogSlate:Warning: Failed to load font data from '../../../Engine/Content/Editor/Slate/Fonts/Roboto-Regular.ttf'
[2015.08.08-12.52.14:192][  0]LogSlate:Warning: Failed to load font data from '../../../Engine/Content/Editor/Slate/Fonts/Roboto-Bold.ttf'
[2015.08.08-12.52.14:340][  0]LogConsoleResponse:Display: 
[2015.08.08-12.52.17:117][  0]LogCook:Display: Done creating registry. It took  0.00s.
[2015.08.08-12.52.19:629][  0]SourceControl: Info Source control is disabled
[2015.08.08-12.52.19:685][  0]Cmd: MAP LOAD FILE="../../../../../../Users/Admin/Desktop/MH/Content/MuseumLevel.umap" TEMPLATE=0 SHOWPROGRESS=1 FEATURELEVEL=3
[2015.08.08-12.52.19:732][  0]LightingResults: New page: Lighting Build
[2015.08.08-12.52.20:066][  0]MapCheck: New page: Map Check
[2015.08.08-12.52.20:066][  0]LightingResults: New page: Lighting Build
[2015.08.08-12.52.20:075][  0]LogParticles: Destroying 0 GPU particle simulations for FXSystem 0x0000000003DC0680
[2015.08.08-12.52.22:640][  0]LogLinker:Warning: Asset '../../../Engine/Content/EngineMeshes/Humanoid.uasset' has been saved with empty engine version. The asset will be loaded but may be incompatible.
[2015.08.08-12.52.24:735][  0]LogLinker:Warning: Can't find file '/Game/StarterContent/Textures/T_MacroVariation'
[2015.08.08-12.52.24:736][  0]LogLinker:Warning: Can't find file for asset '/Game/StarterContent/Textures/T_MacroVariation' while loading ../../../../../../Users/Admin/Desktop/MH/Content/StarterContent/Materials/M_Metal_Gold.uasset.
[2015.08.08-12.52.24:736][  0]LoadErrors:Error: Error /Game/StarterContent/Materials/M_Metal_Gold : Can't find file for asset. /Game/StarterContent/Textures/T_MacroVariation
[2015.08.08-12.52.24:858][  0]LogLinker:Warning: Can't find file '/Game/StarterContent/Textures/T_MacroVariation'
[2015.08.08-12.52.24:858][  0]LogLinker:Warning: Can't find file for asset '/Game/StarterContent/Textures/T_MacroVariation' while loading ../../../../../../Users/Admin/Desktop/MH/Content/StarterContent/Materials/M_Metal_Gold.uasset.
[2015.08.08-12.52.24:858][  0]LoadErrors:Error: Error /Game/StarterContent/Materials/M_Metal_Gold : Can't find file for asset. /Game/StarterContent/Textures/T_MacroVariation
[2015.08.08-12.52.26:240][  0]LogLinker:Warning: Can't find file '/Game/StarterContent/Textures/T_MacroVariation'
[2015.08.08-12.52.26:241][  0]LogLinker:Warning: Can't find file for asset '/Game/StarterContent/Textures/T_MacroVariation' while loading ../../../../../../Users/Admin/Desktop/MH/Content/StarterContent/Materials/M_Brick_Clay_New.uasset.
[2015.08.08-12.52.26:241][  0]LoadErrors:Error: Error /Game/StarterContent/Materials/M_Brick_Clay_New : Can't find file for asset. /Game/StarterContent/Textures/T_MacroVariation
[2015.08.08-12.52.26:242][  0]LogLinker:Warning: Can't find file '/Game/StarterContent/Textures/T_MacroVariation'
[2015.08.08-12.52.26:243][  0]LogLinker:Warning: Can't find file for asset '/Game/StarterContent/Textures/T_MacroVariation' while loading ../../../../../../Users/Admin/Desktop/MH/Content/StarterContent/Materials/M_Brick_Clay_New.uasset.
[2015.08.08-12.52.26:243][  0]LoadErrors:Error: Error /Game/StarterContent/Materials/M_Brick_Clay_New : Can't find file for asset. /Game/StarterContent/Textures/T_MacroVariation
[2015.08.08-12.52.26:312][  0]LogLinker:Warning: Can't find file '/Game/StarterContent/Textures/T_MacroVariation'
[2015.08.08-12.52.26:312][  0]LogLinker:Warning: Can't find file for asset '/Game/StarterContent/Textures/T_MacroVariation' while loading ../../../../../../Users/Admin/Desktop/MH/Content/StarterContent/Materials/M_Metal_Burnished_Steel.uasset.
[2015.08.08-12.52.26:312][  0]LoadErrors:Error: Error /Game/StarterContent/Materials/M_Metal_Burnished_Steel : Can't find file for asset. /Game/StarterContent/Textures/T_MacroVariation
[2015.08.08-12.52.26:360][  0]LogLinker:Warning: Can't find file '/Game/StarterContent/Textures/T_MacroVariation'
[2015.08.08-12.52.26:360][  0]LogLinker:Warning: Can't find file for asset '/Game/StarterContent/Textures/T_MacroVariation' while loading ../../../../../../Users/Admin/Desktop/MH/Content/StarterContent/Materials/M_Metal_Burnished_Steel.uasset.
[2015.08.08-12.52.26:360][  0]LoadErrors:Error: Error /Game/StarterContent/Materials/M_Metal_Burnished_Steel : Can't find file for asset. /Game/StarterContent/Textures/T_MacroVariation
[2015.08.08-12.52.27:330][  0]LogLinker:Warning: Can't find file '/Game/StarterContent/Textures/T_Chair_N'
[2015.08.08-12.52.27:330][  0]LogLinker:Warning: Can't find file for asset '/Game/StarterContent/Textures/T_Chair_N' while loading ../../../../../../Users/Admin/Desktop/MH/Content/StarterContent/Props/Materials/M_Chair.uasset.
[2015.08.08-12.52.27:330][  0]LoadErrors:Error: Error /Game/StarterContent/Props/Materials/M_Chair : Can't find file for asset. /Game/StarterContent/Textures/T_Chair_N
[2015.08.08-12.52.27:331][  0]LogLinker:Warning: Can't find file '/Game/StarterContent/Textures/T_Chair_N'
[2015.08.08-12.52.27:331][  0]LogLinker:Warning: Can't find file for asset '/Game/StarterContent/Textures/T_Chair_N' while loading ../../../../../../Users/Admin/Desktop/MH/Content/StarterContent/Props/Materials/M_Chair.uasset.
[2015.08.08-12.52.27:331][  0]LoadErrors:Error: Error /Game/StarterContent/Props/Materials/M_Chair : Can't find file for asset. /Game/StarterContent/Textures/T_Chair_N
[2015.08.08-12.52.30:081][  0]LogLinker:Warning: Can't find file '/Game/StarterContent/Textures/T_MacroVariation'
[2015.08.08-12.52.30:081][  0]LoadErrors: Info Failed to load /Game/StarterContent/Textures/T_MacroVariation.T_MacroVariation Referenced by MaterialExpressionTextureSample_51
[2015.08.08-12.52.30:082][  0]LogLinker:Warning: Can't find file for asset '/Game/StarterContent/Textures/T_MacroVariation' while loading NULL.
[2015.08.08-12.52.30:082][  0]LoadErrors: Info Failed to load /Game/StarterContent/Textures/T_MacroVariation.T_MacroVariation Referenced by MaterialExpressionTextureSample_51
[2015.08.08-12.52.30:082][  0]LogLinker:Warning: Can't find file '/Game/StarterContent/Textures/T_MacroVariation'
[2015.08.08-12.52.30:082][  0]LoadErrors: Info Failed to load /Game/StarterContent/Textures/T_MacroVariation.T_MacroVariation Referenced by MaterialExpressionTextureSample_49
[2015.08.08-12.52.30:082][  0]LogLinker:Warning: Can't find file for asset '/Game/StarterContent/Textures/T_MacroVariation' while loading NULL.
[2015.08.08-12.52.30:082][  0]LoadErrors: Info Failed to load /Game/StarterContent/Textures/T_MacroVariation.T_MacroVariation Referenced by MaterialExpressionTextureSample_49
[2015.08.08-12.52.30:083][  0]LogLinker:Warning: Can't find file '/Game/StarterContent/Textures/T_MacroVariation'
[2015.08.08-12.52.30:083][  0]LoadErrors: Info Failed to load /Game/StarterContent/Textures/T_MacroVariation.T_MacroVariation Referenced by MaterialExpressionTextureSample_50
[2015.08.08-12.52.30:083][  0]LogLinker:Warning: Can't find file for asset '/Game/StarterContent/Textures/T_MacroVariation' while loading NULL.
[2015.08.08-12.52.30:083][  0]LoadErrors: Info Failed to load /Game/StarterContent/Textures/T_MacroVariation.T_MacroVariation Referenced by MaterialExpressionTextureSample_50
[2015.08.08-12.52.30:867][  0]LogLinker:Warning: Can't find file '/Game/StarterContent/Textures/T_MacroVariation'
[2015.08.08-12.52.30:868][  0]LoadErrors: Info Failed to load /Game/StarterContent/Textures/T_MacroVariation.T_MacroVariation Referenced by MaterialExpressionTextureSample_27
[2015.08.08-12.52.30:868][  0]LogLinker:Warning: Can't find file for asset '/Game/StarterContent/Textures/T_MacroVariation' while loading NULL.
[2015.08.08-12.52.30:868][  0]LoadErrors: Info Failed to load /Game/StarterContent/Textures/T_MacroVariation.T_MacroVariation Referenced by MaterialExpressionTextureSample_27
[2015.08.08-12.52.30:886][  0]LogLinker:Warning: Can't find file '/Game/StarterContent/Textures/T_MacroVariation'
[2015.08.08-12.52.30:887][  0]LoadErrors: Info Failed to load /Game/StarterContent/Textures/T_MacroVariation.T_MacroVariation Referenced by MaterialExpressionTextureSample_28
[2015.08.08-12.52.30:887][  0]LogLinker:Warning: Can't find file for asset '/Game/StarterContent/Textures/T_MacroVariation' while loading NULL.
[2015.08.08-12.52.30:887][  0]LoadErrors: Info Failed to load /Game/StarterContent/Textures/T_MacroVariation.T_MacroVariation Referenced by MaterialExpressionTextureSample_28
[2015.08.08-12.52.30:887][  0]LogLinker:Warning: Can't find file '/Game/StarterContent/Textures/T_MacroVariation'
[2015.08.08-12.52.30:887][  0]LoadErrors: Info Failed to load /Game/StarterContent/Textures/T_MacroVariation.T_MacroVariation Referenced by MaterialExpressionTextureSample_29
[2015.08.08-12.52.30:888][  0]LogLinker:Warning: Can't find file for asset '/Game/StarterContent/Textures/T_MacroVariation' while loading NULL.
[2015.08.08-12.52.30:888][  0]LoadErrors: Info Failed to load /Game/StarterContent/Textures/T_MacroVariation.T_MacroVariation Referenced by MaterialExpressionTextureSample_29
[2015.08.08-12.52.30:895][  0]LogLinker:Warning: Can't find file '/Game/StarterContent/Textures/T_MacroVariation'
[2015.08.08-12.52.30:895][  0]LoadErrors: Info Failed to load /Game/StarterContent/Textures/T_MacroVariation.T_MacroVariation Referenced by MaterialExpressionTextureSample_49
[2015.08.08-12.52.30:895][  0]LogLinker:Warning: Can't find file for asset '/Game/StarterContent/Textures/T_MacroVariation' while loading NULL.
[2015.08.08-12.52.30:895][  0]LoadErrors: Info Failed to load /Game/StarterContent/Textures/T_MacroVariation.T_MacroVariation Referenced by MaterialExpressionTextureSample_49
[2015.08.08-12.52.30:895][  0]LogLinker:Warning: Can't find file '/Game/StarterContent/Textures/T_MacroVariation'
[2015.08.08-12.52.30:896][  0]LoadErrors: Info Failed to load /Game/StarterContent/Textures/T_MacroVariation.T_MacroVariation Referenced by MaterialExpressionTextureSample_50
[2015.08.08-12.52.30:896][  0]LogLinker:Warning: Can't find file for asset '/Game/StarterContent/Textures/T_MacroVariation' while loading NULL.
[2015.08.08-12.52.30:896][  0]LoadErrors: Info Failed to load /Game/StarterContent/Textures/T_MacroVariation.T_MacroVariation Referenced by MaterialExpressionTextureSample_50
[2015.08.08-12.52.30:896][  0]LogLinker:Warning: Can't find file '/Game/StarterContent/Textures/T_MacroVariation'
[2015.08.08-12.52.30:896][  0]LoadErrors: Info Failed to load /Game/StarterContent/Textures/T_MacroVariation.T_MacroVariation Referenced by MaterialExpressionTextureSample_51
[2015.08.08-12.52.30:897][  0]LogLinker:Warning: Can't find file for asset '/Game/StarterContent/Textures/T_MacroVariation' while loading NULL.
[2015.08.08-12.52.30:897][  0]LoadErrors: Info Failed to load /Game/StarterContent/Textures/T_MacroVariation.T_MacroVariation Referenced by MaterialExpressionTextureSample_51
[2015.08.08-12.52.31:457][  0]LogLinker:Warning: Can't find file '/Game/StarterContent/Textures/T_Chair_N'
[2015.08.08-12.52.31:457][  0]LoadErrors: Info Failed to load /Game/StarterContent/Textures/T_Chair_N.T_Chair_N Referenced by MaterialExpressionTextureSample_3
[2015.08.08-12.52.31:457][  0]LogLinker:Warning: Can't find file for asset '/Game/StarterContent/Textures/T_Chair_N' while loading NULL.
[2015.08.08-12.52.31:458][  0]LoadErrors: Info Failed to load /Game/StarterContent/Textures/T_Chair_N.T_Chair_N Referenced by MaterialExpressionTextureSample_3
[2015.08.08-12.52.33:511][  0]LogMaterial: Missing cached shader map for material M_Metal_Gold, compiling. 
[2015.08.08-12.52.33:511][  0]LogMaterial:Warning: Failed to compile Material /Game/StarterContent/Materials/M_Metal_Gold.M_Metal_Gold for platform PCD3D_SM5, Default Material will be used in game.
[2015.08.08-12.52.33:511][  0]LogMaterial:Warning: 	(Node TextureSample) TextureSample> Missing input texture
[2015.08.08-12.52.36:358][  0]LogMaterial: Missing cached shader map for material M_Brick_Clay_New, compiling. 
[2015.08.08-12.52.36:359][  0]LogMaterial:Warning: Failed to compile Material /Game/StarterContent/Materials/M_Brick_Clay_New.M_Brick_Clay_New for platform PCD3D_SM5, Default Material will be used in game.
[2015.08.08-12.52.36:359][  0]LogMaterial:Warning: 	(Node TextureSample) TextureSample> Missing input texture
[2015.08.08-12.52.36:403][  0]LogMaterial: Missing cached shader map for material M_Metal_Burnished_Steel, compiling. 
[2015.08.08-12.52.36:403][  0]LogMaterial:Warning: Failed to compile Material /Game/StarterContent/Materials/M_Metal_Burnished_Steel.M_Metal_Burnished_Steel for platform PCD3D_SM5, Default Material will be used in game.
[2015.08.08-12.52.36:403][  0]LogMaterial:Warning: 	(Node TextureSample) TextureSample> Missing input texture
[2015.08.08-12.52.36:858][  0]LogMaterial: Missing cached shader map for material M_Chair, compiling. 
[2015.08.08-12.52.36:858][  0]LogMaterial:Warning: Failed to compile Material /Game/StarterContent/Props/Materials/M_Chair.M_Chair for platform PCD3D_SM5, Default Material will be used in game.
[2015.08.08-12.52.36:858][  0]LogMaterial:Warning: 	(Node TextureSample) TextureSample> Missing input texture
[2015.08.08-12.52.47:518][  0]LogEditorServer: Finished looking for orphan Actors (0.000 secs)
[2015.08.08-12.52.47:518][  0]LogAIModule: Creating AISystem for world MuseumLevel
[2015.08.08-12.52.47:552][  0]Cmd: MAP CHECKDEP
[2015.08.08-12.52.47:552][  0]MapCheck: New page: MuseumLevel - 9 Aug 2015 8:52:47 am
[2015.08.08-12.52.47:748][  0]MapCheck: Info Map check complete: 0 Error(s), 0 Warning(s), took 195.413ms to complete.
[2015.08.08-12.52.47:748][  0]LogFileHelpers: Loading map 'MuseumLevel' took 28.062
[2015.08.08-12.52.49:234][  0]LogCollectionManager: Loaded 0 collections in 0.002146 seconds
[2015.08.08-12.52.49:360][  0]LogContentBrowser: Native class hierarchy populated in 0.1259 seconds. Added 1696 classes and 261 folders.
[2015.08.08-12.52.49:835][  0]LogContentBrowser: Native class hierarchy updated for 'SceneOutliner' in 0.0056 seconds. Added 1 classes and 2 folders.
[2015.08.08-12.52.50:279][  0]LogCrashTracker: Crashtracker disabled due to settings.
[2015.08.08-12.52.50:289][  0]LogSlate:Warning: Failed to load font data from 'Veranda'
[2015.08.08-12.52.50:316][  0]LogUObjectGlobals:Warning: Failed to find object 'Class None.'
[2015.08.08-12.52.50:440][  0]LogLoad: Full Startup: 108.59 seconds (BP compile: 2.30 seconds)
[2015.08.08-12.52.50:480][  0]LogContentBrowser:Verbose: The content browser source was changed by the sources view to '/Game/StarterContent/Props'
[2015.08.08-12.52.51:770][  0]LogRenderer:Warning: Reallocating scene render targets to support 32x32 (Frame:2).
[2015.08.08-12.52.52:263][  0]LogRenderer:Warning: Reallocating scene render targets to support 1208x552 (Frame:13).
[2015.08.08-12.52.52:687][  4]LogAssetRegistry: Asset discovery search completed in 43.6861 seconds
[2015.08.08-12.53.13:839][761]BlueprintLog: New page: Pre-PIE auto-recompile
[2015.08.08-12.53.13:839][761]LogPlayLevel: [PIE] Compiling MuseumLevel before PIE...
[2015.08.08-12.53.15:008][761]LogActorComponent: UnregisterComponent: (/Engine/Transient.CharMoveComp) Not registered. Aborting.
[2015.08.08-12.53.15:008][761]LogActorComponent: UnregisterComponent: (/Engine/Transient.PawnSensingComponent_0) Not registered. Aborting.
[2015.08.08-12.53.15:008][761]LogActorComponent: UnregisterComponent: (/Engine/Transient.CharacterMovementComponent_0) Not registered. Aborting.
[2015.08.08-12.53.15:008][761]LogActorComponent: UnregisterComponent: (/Engine/Transient.PawnSensingComponent_1) Not registered. Aborting.
[2015.08.08-12.53.15:059][761]LogPlayLevel: PIE:  Blueprint regeneration took 1220 ms (1 blueprints)
[2015.08.08-12.53.15:060][761]PIE: New page: PIE session: MuseumLevel (9 Aug 2015 8:53:15 am)
[2015.08.08-12.53.15:201][761]LogBlueprint:Warning: FMemberReference::ResolveMember (K2_GetActorLocation) bSelfContext == true, but no scope supplied!
[2015.08.08-12.53.15:201][761]LogBlueprint:Warning: FMemberReference::ResolveMember (K2_GetActorLocation) bSelfContext == true, but no scope supplied!
[2015.08.08-12.53.15:201][761]LogBlueprint:Warning: FMemberReference::ResolveMember (K2_GetActorLocation) bSelfContext == true, but no scope supplied!
[2015.08.08-12.53.15:201][761]LogBlueprint:Warning: FMemberReference::ResolveMember (K2_GetActorLocation) bSelfContext == true, but no scope supplied!
[2015.08.08-12.53.15:201][761]LogBlueprint:Warning: FMemberReference::ResolveMember (K2_GetActorLocation) bSelfContext == true, but no scope supplied!
[2015.08.08-12.53.15:201][761]LogBlueprint:Warning: FMemberReference::ResolveMember (K2_GetActorLocation) bSelfContext == true, but no scope supplied!
[2015.08.08-12.53.15:201][761]LogBlueprint:Warning: FMemberReference::ResolveMember (K2_GetActorLocation) bSelfContext == true, but no scope supplied!
[2015.08.08-12.53.15:201][761]LogBlueprint:Warning: FMemberReference::ResolveMember (K2_GetActorLocation) bSelfContext == true, but no scope supplied!
[2015.08.08-12.53.15:202][761]LogBlueprint:Warning: FMemberReference::ResolveMember (K2_GetActorLocation) bSelfContext == true, but no scope supplied!
[2015.08.08-12.53.15:202][761]LogBlueprint:Warning: FMemberReference::ResolveMember (K2_GetActorLocation) bSelfContext == true, but no scope supplied!
[2015.08.08-12.53.15:202][761]LogBlueprint:Warning: FMemberReference::ResolveMember (K2_GetActorLocation) bSelfContext == true, but no scope supplied!
[2015.08.08-12.53.15:202][761]LogBlueprint:Warning: FMemberReference::ResolveMember (K2_GetActorLocation) bSelfContext == true, but no scope supplied!
[2015.08.08-12.53.15:203][761]LogBlueprint:Warning: FMemberReference::ResolveMember (K2_GetActorLocation) bSelfContext == true, but no scope supplied!
[2015.08.08-12.53.15:203][761]LogBlueprint:Warning: FMemberReference::ResolveMember (K2_GetActorLocation) bSelfContext == true, but no scope supplied!
[2015.08.08-12.53.15:203][761]LogBlueprint:Warning: FMemberReference::ResolveMember (K2_GetActorLocation) bSelfContext == true, but no scope supplied!
[2015.08.08-12.53.15:203][761]LogBlueprint:Warning: FMemberReference::ResolveMember (K2_GetActorLocation) bSelfContext == true, but no scope supplied!
[2015.08.08-12.53.15:204][761]LogBlueprint:Warning: FMemberReference::ResolveMember (K2_GetActorLocation) bSelfContext == true, but no scope supplied!
[2015.08.08-12.53.15:204][761]LogBlueprint:Warning: FMemberReference::ResolveMember (K2_GetActorLocation) bSelfContext == true, but no scope supplied!
[2015.08.08-12.53.15:204][761]LogBlueprint:Warning: FMemberReference::ResolveMember (K2_GetActorLocation) bSelfContext == true, but no scope supplied!
[2015.08.08-12.53.15:204][761]LogBlueprint:Warning: FMemberReference::ResolveMember (K2_GetActorLocation) bSelfContext == true, but no scope supplied!
[2015.08.08-12.53.15:205][761]LogBlueprint:Warning: FMemberReference::ResolveMember (K2_GetActorLocation) bSelfContext == true, but no scope supplied!
[2015.08.08-12.53.15:205][761]LogBlueprint:Warning: FMemberReference::ResolveMember (K2_GetActorLocation) bSelfContext == true, but no scope supplied!
[2015.08.08-12.53.15:205][761]LogBlueprint:Warning: FMemberReference::ResolveMember (K2_GetActorLocation) bSelfContext == true, but no scope supplied!
[2015.08.08-12.53.15:205][761]LogBlueprint:Warning: FMemberReference::ResolveMember (K2_GetActorLocation) bSelfContext == true, but no scope supplied!
[2015.08.08-12.53.15:206][761]LogBlueprint:Warning: FMemberReference::ResolveMember (K2_GetActorLocation) bSelfContext == true, but no scope supplied!
[2015.08.08-12.53.15:206][761]LogBlueprint:Warning: FMemberReference::ResolveMember (K2_GetActorLocation) bSelfContext == true, but no scope supplied!
[2015.08.08-12.53.15:207][761]LogBlueprint:Warning: FMemberReference::ResolveMember (K2_GetActorLocation) bSelfContext == true, but no scope supplied!
[2015.08.08-12.53.15:207][761]LogBlueprint:Warning: FMemberReference::ResolveMember (K2_GetActorLocation) bSelfContext == true, but no scope supplied!
[2015.08.08-12.53.15:207][761]LogBlueprint:Warning: FMemberReference::ResolveMember (K2_GetActorLocation) bSelfContext == true, but no scope supplied!
[2015.08.08-12.53.15:207][761]LogBlueprint:Warning: FMemberReference::ResolveMember (K2_GetActorLocation) bSelfContext == true, but no scope supplied!
[2015.08.08-12.53.15:207][761]LogBlueprint:Warning: FMemberReference::ResolveMember (K2_GetActorLocation) bSelfContext == true, but no scope supplied!
[2015.08.08-12.53.15:207][761]LogBlueprint:Warning: FMemberReference::ResolveMember (K2_GetActorLocation) bSelfContext == true, but no scope supplied!
[2015.08.08-12.53.15:207][761]LogBlueprint:Warning: FMemberReference::ResolveMember (K2_GetActorLocation) bSelfContext == true, but no scope supplied!
[2015.08.08-12.53.15:207][761]LogBlueprint:Warning: FMemberReference::ResolveMember (K2_GetActorLocation) bSelfContext == true, but no scope supplied!
[2015.08.08-12.53.15:208][761]LogBlueprint:Warning: FMemberReference::ResolveMember (K2_GetActorLocation) bSelfContext == true, but no scope supplied!
[2015.08.08-12.53.15:208][761]LogBlueprint:Warning: FMemberReference::ResolveMember (K2_GetActorLocation) bSelfContext == true, but no scope supplied!
[2015.08.08-12.53.15:209][761]LogBlueprint:Warning: FMemberReference::ResolveMember (K2_GetActorLocation) bSelfContext == true, but no scope supplied!
[2015.08.08-12.53.15:209][761]LogBlueprint:Warning: FMemberReference::ResolveMember (K2_GetActorLocation) bSelfContext == true, but no scope supplied!
[2015.08.08-12.53.15:210][761]LogBlueprint:Warning: FMemberReference::ResolveMember (K2_GetActorLocation) bSelfContext == true, but no scope supplied!
[2015.08.08-12.53.15:210][761]LogBlueprint:Warning: FMemberReference::ResolveMember (K2_GetActorLocation) bSelfContext == true, but no scope supplied!
[2015.08.08-12.53.15:210][761]LogBlueprint:Warning: FMemberReference::ResolveMember (K2_GetActorLocation) bSelfContext == true, but no scope supplied!
[2015.08.08-12.53.15:210][761]LogBlueprint:Warning: FMemberReference::ResolveMember (K2_GetActorLocation) bSelfContext == true, but no scope supplied!
[2015.08.08-12.53.15:210][761]LogBlueprint:Warning: FMemberReference::ResolveMember (K2_GetActorLocation) bSelfContext == true, but no scope supplied!
[2015.08.08-12.53.15:210][761]LogBlueprint:Warning: FMemberReference::ResolveMember (K2_GetActorLocation) bSelfContext == true, but no scope supplied!
[2015.08.08-12.53.15:211][761]LogBlueprint:Warning: FMemberReference::ResolveMember (K2_GetActorLocation) bSelfContext == true, but no scope supplied!
[2015.08.08-12.53.15:211][761]LogBlueprint:Warning: FMemberReference::ResolveMember (K2_GetActorLocation) bSelfContext == true, but no scope supplied!
[2015.08.08-12.53.15:212][761]LogBlueprint:Warning: FMemberReference::ResolveMember (K2_GetActorLocation) bSelfContext == true, but no scope supplied!
[2015.08.08-12.53.15:212][761]LogBlueprint:Warning: FMemberReference::ResolveMember (K2_GetActorLocation) bSelfContext == true, but no scope supplied!
[2015.08.08-12.53.15:212][761]LogBlueprint:Warning: FMemberReference::ResolveMember (K2_GetActorLocation) bSelfContext == true, but no scope supplied!
[2015.08.08-12.53.15:212][761]LogBlueprint:Warning: FMemberReference::ResolveMember (K2_GetActorLocation) bSelfContext == true, but no scope supplied!
[2015.08.08-12.53.15:213][761]LogBlueprint:Warning: FMemberReference::ResolveMember (K2_GetActorLocation) bSelfContext == true, but no scope supplied!
[2015.08.08-12.53.15:213][761]LogBlueprint:Warning: FMemberReference::ResolveMember (K2_GetActorLocation) bSelfContext == true, but no scope supplied!
[2015.08.08-12.53.15:213][761]LogBlueprint:Warning: FMemberReference::ResolveMember (K2_GetActorLocation) bSelfContext == true, but no scope supplied!
[2015.08.08-12.53.15:213][761]LogBlueprint:Warning: FMemberReference::ResolveMember (K2_GetActorLocation) bSelfContext == true, but no scope supplied!
[2015.08.08-12.53.15:214][761]LogBlueprint:Warning: FMemberReference::ResolveMember (K2_GetActorLocation) bSelfContext == true, but no scope supplied!
[2015.08.08-12.53.15:214][761]LogBlueprint:Warning: FMemberReference::ResolveMember (K2_GetActorLocation) bSelfContext == true, but no scope supplied!
[2015.08.08-12.53.15:215][761]LogBlueprint:Warning: FMemberReference::ResolveMember (K2_GetActorLocation) bSelfContext == true, but no scope supplied!
[2015.08.08-12.53.15:215][761]LogBlueprint:Warning: FMemberReference::ResolveMember (K2_GetActorLocation) bSelfContext == true, but no scope supplied!
[2015.08.08-12.53.15:216][761]LogBlueprint:Warning: FMemberReference::ResolveMember (K2_GetActorLocation) bSelfContext == true, but no scope supplied!
[2015.08.08-12.53.15:216][761]LogBlueprint:Warning: FMemberReference::ResolveMember (K2_GetActorLocation) bSelfContext == true, but no scope supplied!
[2015.08.08-12.53.15:216][761]LogBlueprint:Warning: FMemberReference::ResolveMember (K2_GetActorLocation) bSelfContext == true, but no scope supplied!
[2015.08.08-12.53.15:216][761]LogBlueprint:Warning: FMemberReference::ResolveMember (K2_GetActorLocation) bSelfContext == true, but no scope supplied!
[2015.08.08-12.53.15:217][761]LogBlueprint:Warning: FMemberReference::ResolveMember (K2_GetActorLocation) bSelfContext == true, but no scope supplied!
[2015.08.08-12.53.15:217][761]LogBlueprint:Warning: FMemberReference::ResolveMember (K2_GetActorLocation) bSelfContext == true, but no scope supplied!
[2015.08.08-12.53.15:218][761]LogBlueprint:Warning: FMemberReference::ResolveMember (K2_GetActorLocation) bSelfContext == true, but no scope supplied!
[2015.08.08-12.53.15:218][761]LogBlueprint:Warning: FMemberReference::ResolveMember (K2_GetActorLocation) bSelfContext == true, but no scope supplied!
[2015.08.08-12.53.15:218][761]LogBlueprint:Warning: FMemberReference::ResolveMember (K2_GetActorLocation) bSelfContext == true, but no scope supplied!
[2015.08.08-12.53.15:219][761]LogBlueprint:Warning: FMemberReference::ResolveMember (K2_GetActorLocation) bSelfContext == true, but no scope supplied!
[2015.08.08-12.53.15:219][761]LogBlueprint:Warning: FMemberReference::ResolveMember (K2_GetActorLocation) bSelfContext == true, but no scope supplied!
[2015.08.08-12.53.15:219][761]LogBlueprint:Warning: FMemberReference::ResolveMember (K2_GetActorLocation) bSelfContext == true, but no scope supplied!
[2015.08.08-12.53.15:219][761]LogBlueprint:Warning: FMemberReference::ResolveMember (K2_GetActorLocation) bSelfContext == true, but no scope supplied!
[2015.08.08-12.53.15:219][761]LogBlueprint:Warning: FMemberReference::ResolveMember (K2_GetActorLocation) bSelfContext == true, but no scope supplied!
[2015.08.08-12.53.15:220][761]LogBlueprint:Warning: FMemberReference::ResolveMember (K2_GetActorLocation) bSelfContext == true, but no scope supplied!
[2015.08.08-12.53.15:220][761]LogBlueprint:Warning: FMemberReference::ResolveMember (K2_GetActorLocation) bSelfContext == true, but no scope supplied!
[2015.08.08-12.53.15:221][761]LogBlueprint:Warning: FMemberReference::ResolveMember (K2_GetActorLocation) bSelfContext == true, but no scope supplied!
[2015.08.08-12.53.15:221][761]LogBlueprint:Warning: FMemberReference::ResolveMember (K2_GetActorLocation) bSelfContext == true, but no scope supplied!
[2015.08.08-12.53.15:221][761]LogBlueprint:Warning: FMemberReference::ResolveMember (K2_GetActorLocation) bSelfContext == true, but no scope supplied!
[2015.08.08-12.53.15:221][761]LogBlueprint:Warning: FMemberReference::ResolveMember (K2_GetActorLocation) bSelfContext == true, but no scope supplied!
[2015.08.08-12.53.15:222][761]LogBlueprint:Warning: FMemberReference::ResolveMember (K2_GetActorLocation) bSelfContext == true, but no scope supplied!
[2015.08.08-12.53.15:222][761]LogBlueprint:Warning: FMemberReference::ResolveMember (K2_GetActorLocation) bSelfContext == true, but no scope supplied!
[2015.08.08-12.53.15:222][761]LogBlueprint:Warning: FMemberReference::ResolveMember (K2_GetActorLocation) bSelfContext == true, but no scope supplied!
[2015.08.08-12.53.15:222][761]LogBlueprint:Warning: FMemberReference::ResolveMember (K2_GetActorLocation) bSelfContext == true, but no scope supplied!
[2015.08.08-12.53.15:223][761]LogBlueprint:Warning: FMemberReference::ResolveMember (K2_GetActorLocation) bSelfContext == true, but no scope supplied!
[2015.08.08-12.53.15:223][761]LogBlueprint:Warning: FMemberReference::ResolveMember (K2_GetActorLocation) bSelfContext == true, but no scope supplied!
[2015.08.08-12.53.15:257][761]LogPlayLevel: PIE: StaticDuplicateObject took: (0.145017s)
[2015.08.08-12.53.15:258][761]LogPlayLevel: PIE: World Init took: (0.001228s)
[2015.08.08-12.53.15:258][761]LogPlayLevel: PIE: Created PIE world by copying editor world from /Game/MuseumLevel.MuseumLevel to /Game/UEDPIE_0_MuseumLevel.MuseumLevel (0.146457s)
[2015.08.08-12.53.16:078][761]LogWorld: Game class is 'FirstPersonGameMode_C'
[2015.08.08-12.53.16:080][761]LogAIModule: Creating AISystem for world MuseumLevel
[2015.08.08-12.53.16:129][761]LogWorld:Warning: *** WARNING - PATHS MAY NOT BE VALID ***
[2015.08.08-12.53.16:129][761]LogWorld: Bringing World /Game/UEDPIE_0_MuseumLevel.MuseumLevel up for play (max tick rate 0) at 2015.08.08-22.53.16
[2015.08.08-12.53.16:141][761]LogWorld: Bringing up level for play took: 0.060415
[2015.08.08-12.53.16:166][761]PIE: Info Play in editor start time for /Game/UEDPIE_0_MuseumLevel 1.529
[2015.08.08-12.53.20:637][970]LogParticles: Destroying 0 GPU particle simulations for FXSystem 0x000000000723A2A0
[2015.08.08-12.53.21:827][ 20]LogEditorViewport: Clicking on Actor (LMB): StaticMeshActor (Statue)
[2015.08.08-12.53.23:352][ 80]Cmd: DELETE
[2015.08.08-12.53.23:352][ 80]Cmd: ACTOR DELETE
[2015.08.08-12.53.23:357][ 80]LogEditorActor: Deleted Actor: StaticMeshActor
[2015.08.08-12.53.23:381][ 80]LogEditorActor: Deleted 1 Actors (0.029 secs)
[2015.08.08-12.53.25:149][154]BlueprintLog: New page: Pre-PIE auto-recompile
[2015.08.08-12.53.25:149][154]LogPlayLevel: [PIE] Compiling MuseumLevel before PIE...
[2015.08.08-12.53.25:452][154]LogPlayLevel: PIE:  Blueprint regeneration took 303 ms (1 blueprints)
[2015.08.08-12.53.25:453][154]PIE: New page: PIE session: MuseumLevel (9 Aug 2015 8:53:25 am)
[2015.08.08-12.53.25:529][154]LogBlueprint:Warning: FMemberReference::ResolveMember (K2_GetActorLocation) bSelfContext == true, but no scope supplied!
[2015.08.08-12.53.25:529][154]LogBlueprint:Warning: FMemberReference::ResolveMember (K2_GetActorLocation) bSelfContext == true, but no scope supplied!
[2015.08.08-12.53.25:529][154]LogBlueprint:Warning: FMemberReference::ResolveMember (K2_GetActorLocation) bSelfContext == true, but no scope supplied!
[2015.08.08-12.53.25:529][154]LogBlueprint:Warning: FMemberReference::ResolveMember (K2_GetActorLocation) bSelfContext == true, but no scope supplied!
[2015.08.08-12.53.25:529][154]LogBlueprint:Warning: FMemberReference::ResolveMember (K2_GetActorLocation) bSelfContext == true, but no scope supplied!
[2015.08.08-12.53.25:529][154]LogBlueprint:Warning: FMemberReference::ResolveMember (K2_GetActorLocation) bSelfContext == true, but no scope supplied!
[2015.08.08-12.53.25:529][154]LogBlueprint:Warning: FMemberReference::ResolveMember (K2_GetActorLocation) bSelfContext == true, but no scope supplied!
[2015.08.08-12.53.25:529][154]LogBlueprint:Warning: FMemberReference::ResolveMember (K2_GetActorLocation) bSelfContext == true, but no scope supplied!
[2015.08.08-12.53.25:531][154]LogBlueprint:Warning: FMemberReference::ResolveMember (K2_GetActorLocation) bSelfContext == true, but no scope supplied!
[2015.08.08-12.53.25:532][154]LogBlueprint:Warning: FMemberReference::ResolveMember (K2_GetActorLocation) bSelfContext == true, but no scope supplied!
[2015.08.08-12.53.25:532][154]LogBlueprint:Warning: FMemberReference::ResolveMember (K2_GetActorLocation) bSelfContext == true, but no scope supplied!
[2015.08.08-12.53.25:532][154]LogBlueprint:Warning: FMemberReference::ResolveMember (K2_GetActorLocation) bSelfContext == true, but no scope supplied!
[2015.08.08-12.53.25:532][154]LogBlueprint:Warning: FMemberReference::ResolveMember (K2_GetActorLocation) bSelfContext == true, but no scope supplied!
[2015.08.08-12.53.25:532][154]LogBlueprint:Warning: FMemberReference::ResolveMember (K2_GetActorLocation) bSelfContext == true, but no scope supplied!
[2015.08.08-12.53.25:533][154]LogBlueprint:Warning: FMemberReference::ResolveMember (K2_GetActorLocation) bSelfContext == true, but no scope supplied!
[2015.08.08-12.53.25:533][154]LogBlueprint:Warning: FMemberReference::ResolveMember (K2_GetActorLocation) bSelfContext == true, but no scope supplied!
[2015.08.08-12.53.25:533][154]LogBlueprint:Warning: FMemberReference::ResolveMember (K2_GetActorLocation) bSelfContext == true, but no scope supplied!
[2015.08.08-12.53.25:533][154]LogBlueprint:Warning: FMemberReference::ResolveMember (K2_GetActorLocation) bSelfContext == true, but no scope supplied!
[2015.08.08-12.53.25:533][154]LogBlueprint:Warning: FMemberReference::ResolveMember (K2_GetActorLocation) bSelfContext == true, but no scope supplied!
[2015.08.08-12.53.25:533][154]LogBlueprint:Warning: FMemberReference::ResolveMember (K2_GetActorLocation) bSelfContext == true, but no scope supplied!
[2015.08.08-12.53.25:534][154]LogBlueprint:Warning: FMemberReference::ResolveMember (K2_GetActorLocation) bSelfContext == true, but no scope supplied!
[2015.08.08-12.53.25:534][154]LogBlueprint:Warning: FMemberReference::ResolveMember (K2_GetActorLocation) bSelfContext == true, but no scope supplied!
[2015.08.08-12.53.25:534][154]LogBlueprint:Warning: FMemberReference::ResolveMember (K2_GetActorLocation) bSelfContext == true, but no scope supplied!
[2015.08.08-12.53.25:534][154]LogBlueprint:Warning: FMemberReference::ResolveMember (K2_GetActorLocation) bSelfContext == true, but no scope supplied!
[2015.08.08-12.53.25:535][154]LogBlueprint:Warning: FMemberReference::ResolveMember (K2_GetActorLocation) bSelfContext == true, but no scope supplied!
[2015.08.08-12.53.25:535][154]LogBlueprint:Warning: FMemberReference::ResolveMember (K2_GetActorLocation) bSelfContext == true, but no scope supplied!
[2015.08.08-12.53.25:536][154]LogBlueprint:Warning: FMemberReference::ResolveMember (K2_GetActorLocation) bSelfContext == true, but no scope supplied!
[2015.08.08-12.53.25:536][154]LogBlueprint:Warning: FMemberReference::ResolveMember (K2_GetActorLocation) bSelfContext == true, but no scope supplied!
[2015.08.08-12.53.25:536][154]LogBlueprint:Warning: FMemberReference::ResolveMember (K2_GetActorLocation) bSelfContext == true, but no scope supplied!
[2015.08.08-12.53.25:536][154]LogBlueprint:Warning: FMemberReference::ResolveMember (K2_GetActorLocation) bSelfContext == true, but no scope supplied!
[2015.08.08-12.53.25:536][154]LogBlueprint:Warning: FMemberReference::ResolveMember (K2_GetActorLocation) bSelfContext == true, but no scope supplied!
[2015.08.08-12.53.25:536][154]LogBlueprint:Warning: FMemberReference::ResolveMember (K2_GetActorLocation) bSelfContext == true, but no scope supplied!
[2015.08.08-12.53.25:537][154]LogBlueprint:Warning: FMemberReference::ResolveMember (K2_GetActorLocation) bSelfContext == true, but no scope supplied!
[2015.08.08-12.53.25:537][154]LogBlueprint:Warning: FMemberReference::ResolveMember (K2_GetActorLocation) bSelfContext == true, but no scope supplied!
[2015.08.08-12.53.25:538][154]LogBlueprint:Warning: FMemberReference::ResolveMember (K2_GetActorLocation) bSelfContext == true, but no scope supplied!
[2015.08.08-12.53.25:538][154]LogBlueprint:Warning: FMemberReference::ResolveMember (K2_GetActorLocation) bSelfContext == true, but no scope supplied!
[2015.08.08-12.53.25:538][154]LogBlueprint:Warning: FMemberReference::ResolveMember (K2_GetActorLocation) bSelfContext == true, but no scope supplied!
[2015.08.08-12.53.25:538][154]LogBlueprint:Warning: FMemberReference::ResolveMember (K2_GetActorLocation) bSelfContext == true, but no scope supplied!
[2015.08.08-12.53.25:538][154]LogBlueprint:Warning: FMemberReference::ResolveMember (K2_GetActorLocation) bSelfContext == true, but no scope supplied!
[2015.08.08-12.53.25:538][154]LogBlueprint:Warning: FMemberReference::ResolveMember (K2_GetActorLocation) bSelfContext == true, but no scope supplied!
[2015.08.08-12.53.25:539][154]LogBlueprint:Warning: FMemberReference::ResolveMember (K2_GetActorLocation) bSelfContext == true, but no scope supplied!
[2015.08.08-12.53.25:539][154]LogBlueprint:Warning: FMemberReference::ResolveMember (K2_GetActorLocation) bSelfContext == true, but no scope supplied!
[2015.08.08-12.53.25:539][154]LogBlueprint:Warning: FMemberReference::ResolveMember (K2_GetActorLocation) bSelfContext == true, but no scope supplied!
[2015.08.08-12.53.25:539][154]LogBlueprint:Warning: FMemberReference::ResolveMember (K2_GetActorLocation) bSelfContext == true, but no scope supplied!
[2015.08.08-12.53.25:540][154]LogBlueprint:Warning: FMemberReference::ResolveMember (K2_GetActorLocation) bSelfContext == true, but no scope supplied!
[2015.08.08-12.53.25:540][154]LogBlueprint:Warning: FMemberReference::ResolveMember (K2_GetActorLocation) bSelfContext == true, but no scope supplied!
[2015.08.08-12.53.25:540][154]LogBlueprint:Warning: FMemberReference::ResolveMember (K2_GetActorLocation) bSelfContext == true, but no scope supplied!
[2015.08.08-12.53.25:540][154]LogBlueprint:Warning: FMemberReference::ResolveMember (K2_GetActorLocation) bSelfContext == true, but no scope supplied!
[2015.08.08-12.53.25:541][154]LogBlueprint:Warning: FMemberReference::ResolveMember (K2_GetActorLocation) bSelfContext == true, but no scope supplied!
[2015.08.08-12.53.25:541][154]LogBlueprint:Warning: FMemberReference::ResolveMember (K2_GetActorLocation) bSelfContext == true, but no scope supplied!
[2015.08.08-12.53.25:542][154]LogBlueprint:Warning: FMemberReference::ResolveMember (K2_GetActorLocation) bSelfContext == true, but no scope supplied!
[2015.08.08-12.53.25:542][154]LogBlueprint:Warning: FMemberReference::ResolveMember (K2_GetActorLocation) bSelfContext == true, but no scope supplied!
[2015.08.08-12.53.25:542][154]LogBlueprint:Warning: FMemberReference::ResolveMember (K2_GetActorLocation) bSelfContext == true, but no scope supplied!
[2015.08.08-12.53.25:542][154]LogBlueprint:Warning: FMemberReference::ResolveMember (K2_GetActorLocation) bSelfContext == true, but no scope supplied!
[2015.08.08-12.53.25:542][154]LogBlueprint:Warning: FMemberReference::ResolveMember (K2_GetActorLocation) bSelfContext == true, but no scope supplied!
[2015.08.08-12.53.25:542][154]LogBlueprint:Warning: FMemberReference::ResolveMember (K2_GetActorLocation) bSelfContext == true, but no scope supplied!
[2015.08.08-12.53.25:543][154]LogBlueprint:Warning: FMemberReference::ResolveMember (K2_GetActorLocation) bSelfContext == true, but no scope supplied!
[2015.08.08-12.53.25:543][154]LogBlueprint:Warning: FMemberReference::ResolveMember (K2_GetActorLocation) bSelfContext == true, but no scope supplied!
[2015.08.08-12.53.25:544][154]LogBlueprint:Warning: FMemberReference::ResolveMember (K2_GetActorLocation) bSelfContext == true, but no scope supplied!
[2015.08.08-12.53.25:544][154]LogBlueprint:Warning: FMemberReference::ResolveMember (K2_GetActorLocation) bSelfContext == true, but no scope supplied!
[2015.08.08-12.53.25:544][154]LogBlueprint:Warning: FMemberReference::ResolveMember (K2_GetActorLocation) bSelfContext == true, but no scope supplied!
[2015.08.08-12.53.25:545][154]LogBlueprint:Warning: FMemberReference::ResolveMember (K2_GetActorLocation) bSelfContext == true, but no scope supplied!
[2015.08.08-12.53.25:545][154]LogBlueprint:Warning: FMemberReference::ResolveMember (K2_GetActorLocation) bSelfContext == true, but no scope supplied!
[2015.08.08-12.53.25:545][154]LogBlueprint:Warning: FMemberReference::ResolveMember (K2_GetActorLocation) bSelfContext == true, but no scope supplied!
[2015.08.08-12.53.25:546][154]LogBlueprint:Warning: FMemberReference::ResolveMember (K2_GetActorLocation) bSelfContext == true, but no scope supplied!
[2015.08.08-12.53.25:546][154]LogBlueprint:Warning: FMemberReference::ResolveMember (K2_GetActorLocation) bSelfContext == true, but no scope supplied!
[2015.08.08-12.53.25:546][154]LogBlueprint:Warning: FMemberReference::ResolveMember (K2_GetActorLocation) bSelfContext == true, but no scope supplied!
[2015.08.08-12.53.25:546][154]LogBlueprint:Warning: FMemberReference::ResolveMember (K2_GetActorLocation) bSelfContext == true, but no scope supplied!
[2015.08.08-12.53.25:547][154]LogBlueprint:Warning: FMemberReference::ResolveMember (K2_GetActorLocation) bSelfContext == true, but no scope supplied!
[2015.08.08-12.53.25:547][154]LogBlueprint:Warning: FMemberReference::ResolveMember (K2_GetActorLocation) bSelfContext == true, but no scope supplied!
[2015.08.08-12.53.25:547][154]LogBlueprint:Warning: FMemberReference::ResolveMember (K2_GetActorLocation) bSelfContext == true, but no scope supplied!
[2015.08.08-12.53.25:547][154]LogBlueprint:Warning: FMemberReference::ResolveMember (K2_GetActorLocation) bSelfContext == true, but no scope supplied!
[2015.08.08-12.53.25:547][154]LogBlueprint:Warning: FMemberReference::ResolveMember (K2_GetActorLocation) bSelfContext == true, but no scope supplied!
[2015.08.08-12.53.25:547][154]LogBlueprint:Warning: FMemberReference::ResolveMember (K2_GetActorLocation) bSelfContext == true, but no scope supplied!
[2015.08.08-12.53.25:548][154]LogBlueprint:Warning: FMemberReference::ResolveMember (K2_GetActorLocation) bSelfContext == true, but no scope supplied!
[2015.08.08-12.53.25:548][154]LogBlueprint:Warning: FMemberReference::ResolveMember (K2_GetActorLocation) bSelfContext == true, but no scope supplied!
[2015.08.08-12.53.25:548][154]LogBlueprint:Warning: FMemberReference::ResolveMember (K2_GetActorLocation) bSelfContext == true, but no scope supplied!
[2015.08.08-12.53.25:548][154]LogBlueprint:Warning: FMemberReference::ResolveMember (K2_GetActorLocation) bSelfContext == true, but no scope supplied!
[2015.08.08-12.53.25:548][154]LogBlueprint:Warning: FMemberReference::ResolveMember (K2_GetActorLocation) bSelfContext == true, but no scope supplied!
[2015.08.08-12.53.25:548][154]LogBlueprint:Warning: FMemberReference::ResolveMember (K2_GetActorLocation) bSelfContext == true, but no scope supplied!
[2015.08.08-12.53.25:549][154]LogBlueprint:Warning: FMemberReference::ResolveMember (K2_GetActorLocation) bSelfContext == true, but no scope supplied!
[2015.08.08-12.53.25:549][154]LogBlueprint:Warning: FMemberReference::ResolveMember (K2_GetActorLocation) bSelfContext == true, but no scope supplied!
[2015.08.08-12.53.25:550][154]LogBlueprint:Warning: FMemberReference::ResolveMember (K2_GetActorLocation) bSelfContext == true, but no scope supplied!
[2015.08.08-12.53.25:550][154]LogBlueprint:Warning: FMemberReference::ResolveMember (K2_GetActorLocation) bSelfContext == true, but no scope supplied!
[2015.08.08-12.53.25:577][154]LogPlayLevel: PIE: StaticDuplicateObject took: (0.123616s)
[2015.08.08-12.53.25:577][154]LogPlayLevel: PIE: World Init took: (0.000499s)
[2015.08.08-12.53.25:577][154]LogPlayLevel: PIE: Created PIE world by copying editor world from /Game/MuseumLevel.MuseumLevel to /Game/UEDPIE_0_MuseumLevel.MuseumLevel (0.124309s)
[2015.08.08-12.53.25:614][154]LogWorld: Game class is 'FirstPersonGameMode_C'
[2015.08.08-12.53.25:616][154]LogAIModule: Creating AISystem for world MuseumLevel
[2015.08.08-12.53.25:672][154]LogWorld:Warning: *** WARNING - PATHS MAY NOT BE VALID ***
[2015.08.08-12.53.25:672][154]LogWorld: Bringing World /Game/UEDPIE_0_MuseumLevel.MuseumLevel up for play (max tick rate 0) at 2015.08.08-22.53.25
[2015.08.08-12.53.25:681][154]LogWorld: Bringing up level for play took: 0.064410
[2015.08.08-12.53.25:685][154]PIE: Info Play in editor start time for /Game/UEDPIE_0_MuseumLevel 1.048
[2015.08.08-12.53.44:803][939]LogPackageName: SearchForPackageOnDisk took   0.087s to resolve GOPage.umap
[2015.08.08-12.53.44:908][940]LogPackageName: SearchForPackageOnDisk took   0.093s to resolve GOPage.umap
[2015.08.08-12.53.44:908][940]LogNet: Browse: /Game/GOPage
[2015.08.08-12.53.44:918][940]LogLoad: LoadMap: /Game/GOPage
[2015.08.08-12.53.44:939][940]LogParticles: Destroying 0 GPU particle simulations for FXSystem 0x00000000120909A0
[2015.08.08-12.53.44:946][940]Cmd: MEM
[2015.08.08-12.53.44:962][940]LogMemory: Platform Memory Stats for Windows
[2015.08.08-12.53.44:962][940]LogMemory: Process Physical Memory: 587.36 MB used, 587.37 MB peak
[2015.08.08-12.53.44:962][940]LogMemory: Process Virtual Memory: 495.36 MB used, 495.45 MB peak
[2015.08.08-12.53.44:962][940]LogMemory: Physical Memory: 5329.27 MB used, 8066.43 MB total
[2015.08.08-12.53.44:962][940]LogMemory: Virtual Memory: 1105.20 MB used, 8388608.00 MB total
[2015.08.08-12.53.44:962][940]LogMemory: 
[2015.08.08-12.53.44:962][940]Allocator Stats for TBB: (not implemented)
[2015.08.08-12.53.48:854][940]LogLinker:Warning: Asset '../../../Engine/Content/EngineMeshes/Humanoid.uasset' has been saved with empty engine version. The asset will be loaded but may be incompatible.
[2015.08.08-12.53.48:959][940]LogWorld: Game class is 'FirstPersonGameMode_C'
[2015.08.08-12.53.48:961][940]LogAIModule: Creating AISystem for world GOPage
[2015.08.08-12.53.48:962][940]LogWorld: Bringing World /Game/UEDPIE_0_GOPage.GOPage up for play (max tick rate 0) at 2015.08.08-22.53.48
[2015.08.08-12.53.48:963][940]LogWorld: Bringing up level for play took: 0.001024
[2015.08.08-12.53.48:963][940]LogGameMode: Warning - PATHS NOT DEFINED or NO PLAYERSTART with positive rating
[2015.08.08-12.53.48:970][940]LogScript:Warning: Accessed None 'MyCharacter'
	HUD_C /Engine/Transient.UnrealEdEngine_0:GameInstance_1.HUD_C_1
	Function /Game/HUD.HUD_C:GetText_0:0036
[2015.08.08-12.53.49:060][941]LogScript:Warning: Accessed None 'MyCharacter'
	HUD_C /Engine/Transient.UnrealEdEngine_0:GameInstance_1.HUD_C_1
	Function /Game/HUD.HUD_C:GetText_0:0036
[2015.08.08-12.53.49:071][942]LogScript:Warning: Accessed None 'MyCharacter'
	HUD_C /Engine/Transient.UnrealEdEngine_0:GameInstance_1.HUD_C_1
	Function /Game/HUD.HUD_C:GetText_0:0036
[2015.08.08-12.53.49:079][943]LogScript:Warning: Accessed None 'MyCharacter'
	HUD_C /Engine/Transient.UnrealEdEngine_0:GameInstance_1.HUD_C_1
	Function /Game/HUD.HUD_C:GetText_0:0036
[2015.08.08-12.53.49:098][944]LogScript:Warning: Accessed None 'MyCharacter'
	HUD_C /Engine/Transient.UnrealEdEngine_0:GameInstance_1.HUD_C_1
	Function /Game/HUD.HUD_C:GetText_0:0036
[2015.08.08-12.53.49:107][945]LogScript:Warning: Accessed None 'MyCharacter'
	HUD_C /Engine/Transient.UnrealEdEngine_0:GameInstance_1.HUD_C_1
	Function /Game/HUD.HUD_C:GetText_0:0036
[2015.08.08-12.53.49:132][946]LogScript:Warning: Accessed None 'MyCharacter'
	HUD_C /Engine/Transient.UnrealEdEngine_0:GameInstance_1.HUD_C_1
	Function /Game/HUD.HUD_C:GetText_0:0036
[2015.08.08-12.53.49:149][947]LogScript:Warning: Accessed None 'MyCharacter'
	HUD_C /Engine/Transient.UnrealEdEngine_0:GameInstance_1.HUD_C_1
	Function /Game/HUD.HUD_C:GetText_0:0036
[2015.08.08-12.53.49:174][948]LogScript:Warning: Accessed None 'MyCharacter'
	HUD_C /Engine/Transient.UnrealEdEngine_0:GameInstance_1.HUD_C_1
	Function /Game/HUD.HUD_C:GetText_0:0036
[2015.08.08-12.53.49:183][949]LogScript:Warning: Accessed None 'MyCharacter'
	HUD_C /Engine/Transient.UnrealEdEngine_0:GameInstance_1.HUD_C_1
	Function /Game/HUD.HUD_C:GetText_0:0036
[2015.08.08-12.53.49:191][950]LogScript:Warning: Accessed None 'MyCharacter'
	HUD_C /Engine/Transient.UnrealEdEngine_0:GameInstance_1.HUD_C_1
	Function /Game/HUD.HUD_C:GetText_0:0036
[2015.08.08-12.53.49:201][951]LogScript:Warning: Accessed None 'MyCharacter'
	HUD_C /Engine/Transient.UnrealEdEngine_0:GameInstance_1.HUD_C_1
	Function /Game/HUD.HUD_C:GetText_0:0036
[2015.08.08-12.53.49:212][952]LogScript:Warning: Accessed None 'MyCharacter'
	HUD_C /Engine/Transient.UnrealEdEngine_0:GameInstance_1.HUD_C_1
	Function /Game/HUD.HUD_C:GetText_0:0036
[2015.08.08-12.53.49:224][953]LogScript:Warning: Accessed None 'MyCharacter'
	HUD_C /Engine/Transient.UnrealEdEngine_0:GameInstance_1.HUD_C_1
	Function /Game/HUD.HUD_C:GetText_0:0036
[2015.08.08-12.53.49:233][954]LogScript:Warning: Accessed None 'MyCharacter'
	HUD_C /Engine/Transient.UnrealEdEngine_0:GameInstance_1.HUD_C_1
	Function /Game/HUD.HUD_C:GetText_0:0036
[2015.08.08-12.53.49:241][955]LogScript:Warning: Accessed None 'MyCharacter'
	HUD_C /Engine/Transient.UnrealEdEngine_0:GameInstance_1.HUD_C_1
	Function /Game/HUD.HUD_C:GetText_0:0036
[2015.08.08-12.53.49:250][956]LogScript:Warning: Accessed None 'MyCharacter'
	HUD_C /Engine/Transient.UnrealEdEngine_0:GameInstance_1.HUD_C_1
	Function /Game/HUD.HUD_C:GetText_0:0036
[2015.08.08-12.53.49:258][957]LogScript:Warning: Accessed None 'MyCharacter'
	HUD_C /Engine/Transient.UnrealEdEngine_0:GameInstance_1.HUD_C_1
	Function /Game/HUD.HUD_C:GetText_0:0036
[2015.08.08-12.53.49:266][958]LogScript:Warning: Accessed None 'MyCharacter'
	HUD_C /Engine/Transient.UnrealEdEngine_0:GameInstance_1.HUD_C_1
	Function /Game/HUD.HUD_C:GetText_0:0036
[2015.08.08-12.53.49:275][959]LogScript:Warning: Accessed None 'MyCharacter'
	HUD_C /Engine/Transient.UnrealEdEngine_0:GameInstance_1.HUD_C_1
	Function /Game/HUD.HUD_C:GetText_0:0036
[2015.08.08-12.53.49:283][960]LogScript:Warning: Accessed None 'MyCharacter'
	HUD_C /Engine/Transient.UnrealEdEngine_0:GameInstance_1.HUD_C_1
	Function /Game/HUD.HUD_C:GetText_0:0036
[2015.08.08-12.53.49:292][961]LogScript:Warning: Accessed None 'MyCharacter'
	HUD_C /Engine/Transient.UnrealEdEngine_0:GameInstance_1.HUD_C_1
	Function /Game/HUD.HUD_C:GetText_0:0036
[2015.08.08-12.53.49:300][962]LogScript:Warning: Accessed None 'MyCharacter'
	HUD_C /Engine/Transient.UnrealEdEngine_0:GameInstance_1.HUD_C_1
	Function /Game/HUD.HUD_C:GetText_0:0036
[2015.08.08-12.53.49:308][963]LogScript:Warning: Accessed None 'MyCharacter'
	HUD_C /Engine/Transient.UnrealEdEngine_0:GameInstance_1.HUD_C_1
	Function /Game/HUD.HUD_C:GetText_0:0036
[2015.08.08-12.53.49:317][964]LogScript:Warning: Accessed None 'MyCharacter'
	HUD_C /Engine/Transient.UnrealEdEngine_0:GameInstance_1.HUD_C_1
	Function /Game/HUD.HUD_C:GetText_0:0036
[2015.08.08-12.53.49:403][965]LogParticles: Destroying 0 GPU particle simulations for FXSystem 0x00000000120C5580
[2015.08.08-12.53.51:452][ 38]LogEditorViewport: Clicking on Actor (context menu): StaticMeshActor (Floor)
[2015.08.08-12.53.54:930][ 82]Cmd: QUIT_EDITOR
[2015.08.08-12.53.55:229][ 82]LogExit: Preparing to exit.
[2015.08.08-12.53.56:253][ 82]LogExit: Editor shut down
[2015.08.08-12.53.56:254][ 82]LogExit: Transaction tracking system shut down
[2015.08.08-12.53.56:255][ 82]LogParticles: Destroying 0 GPU particle simulations for FXSystem 0x000000001DC3F880
[2015.08.08-12.53.56:256][ 82]LogParticles: Destroying 0 GPU particle simulations for FXSystem 0x000000001FB74CC0
[2015.08.08-12.53.56:256][ 82]LogParticles: Destroying 0 GPU particle simulations for FXSystem 0x0000000021A12F20
[2015.08.08-12.53.56:256][ 82]LogParticles: Destroying 0 GPU particle simulations for FXSystem 0x0000000021A10400
[2015.08.08-12.53.56:508][ 82]LogParticles: Destroying 0 GPU particle simulations for FXSystem 0x000000001284B600
[2015.08.08-12.53.56:508][ 82]LogExit: Object subsystem successfully closed.
[2015.08.08-12.53.56:969][ 82]LogModuleManager: Shutting down and abandoning module CrashTracker (177)
[2015.08.08-12.53.56:969][ 82]LogModuleManager: Shutting down and abandoning module SuperSearch (176)
[2015.08.08-12.53.56:969][ 82]LogModuleManager: Shutting down and abandoning module SceneOutliner (175)
[2015.08.08-12.53.56:969][ 82]LogModuleManager: Shutting down and abandoning module EditorWidgets (174)
[2015.08.08-12.53.56:969][ 82]LogModuleManager: Shutting down and abandoning module CollectionManager (173)
[2015.08.08-12.53.56:969][ 82]LogModuleManager: Shutting down and abandoning module StatsViewer (172)
[2015.08.08-12.53.56:969][ 82]LogModuleManager: Shutting down and abandoning module FoliageEdit (171)
[2015.08.08-12.53.56:969][ 82]LogModuleManager: Shutting down and abandoning module LandscapeEditor (170)
[2015.08.08-12.53.56:977][ 82]LogModuleManager: Shutting down and abandoning module MeshPaint (169)
[2015.08.08-12.53.56:977][ 82]LogModuleManager: Shutting down and abandoning module ActorPickerMode (168)
[2015.08.08-12.53.56:977][ 82]LogModuleManager: Shutting down and abandoning module GeometryMode (167)
[2015.08.08-12.53.56:977][ 82]LogModuleManager: Shutting down and abandoning module TextureAlignMode (166)
[2015.08.08-12.53.56:977][ 82]LogModuleManager: Shutting down and abandoning module BspMode (165)
[2015.08.08-12.53.56:977][ 82]LogModuleManager: Shutting down and abandoning module PlacementMode (164)
[2015.08.08-12.53.56:977][ 82]LogModuleManager: Shutting down and abandoning module AutomationWorker (163)
[2015.08.08-12.53.56:977][ 82]LogModuleManager: Shutting down and abandoning module CharacterAI (162)
[2015.08.08-12.53.56:977][ 82]LogModuleManager: Shutting down and abandoning module SmartSnapping (161)
[2015.08.08-12.53.56:977][ 82]LogModuleManager: Shutting down and abandoning module ViewportSnapping (160)
[2015.08.08-12.53.56:977][ 82]LogModuleManager: Shutting down and abandoning module LogVisualizer (159)
[2015.08.08-12.53.56:987][ 82]LogModuleManager: Shutting down and abandoning module GameProjectGeneration (158)
[2015.08.08-12.53.56:996][ 82]LogModuleManager: Shutting down and abandoning module IntroTutorials (157)
[2015.08.08-12.53.57:065][ 82]LogModuleManager: Shutting down and abandoning module EditorLiveStreaming (156)
[2015.08.08-12.53.57:065][ 82]LogModuleManager: Shutting down and abandoning module HardwareTargeting (155)
[2015.08.08-12.53.57:065][ 82]LogModuleManager: Shutting down and abandoning module DeviceProfileEditor (154)
[2015.08.08-12.53.57:065][ 82]LogModuleManager: Shutting down and abandoning module UndoHistory (153)
[2015.08.08-12.53.57:065][ 82]LogModuleManager: Shutting down and abandoning module GameplayTagsEditor (152)
[2015.08.08-12.53.57:065][ 82]LogModuleManager: Shutting down and abandoning module UserFeedback (151)
[2015.08.08-12.53.57:065][ 82]LogModuleManager: Shutting down and abandoning module XmlParser (150)
[2015.08.08-12.53.57:065][ 82]LogModuleManager: Shutting down and abandoning module Blutility (149)
[2015.08.08-12.53.57:065][ 82]LogModuleManager: Shutting down and abandoning module IOSPlatformEditor (148)
[2015.08.08-12.53.57:065][ 82]LogModuleManager: Shutting down and abandoning module IOSRuntimeSettings (147)
[2015.08.08-12.53.57:065][ 82]LogModuleManager: Shutting down and abandoning module AndroidDeviceDetection (146)
[2015.08.08-12.53.57:709][ 82]LogModuleManager: Shutting down and abandoning module AndroidPlatformEditor (145)
[2015.08.08-12.53.57:709][ 82]LogModuleManager: Shutting down and abandoning module AndroidRuntimeSettings (144)
[2015.08.08-12.53.57:709][ 82]LogModuleManager: Shutting down and abandoning module ProjectTargetPlatformEditor (143)
[2015.08.08-12.53.57:709][ 82]LogModuleManager: Shutting down and abandoning module ProjectSettingsViewer (142)
[2015.08.08-12.53.57:709][ 82]LogModuleManager: Shutting down and abandoning module InputBindingEditor (141)
[2015.08.08-12.53.57:738][ 82]LogModuleManager: Shutting down and abandoning module EditorSettingsViewer (140)
[2015.08.08-12.53.57:738][ 82]LogModuleManager: Shutting down and abandoning module SettingsEditor (139)
[2015.08.08-12.53.57:747][ 82]LogModuleManager: Shutting down and abandoning module ProjectLauncher (138)
[2015.08.08-12.53.57:766][ 82]LogModuleManager: Shutting down and abandoning module SessionFrontend (137)
[2015.08.08-12.53.57:766][ 82]LogModuleManager: Shutting down and abandoning module ProfilerClient (136)
[2015.08.08-12.53.57:775][ 82]LogModuleManager: Shutting down and abandoning module TargetDeviceServices (135)
[2015.08.08-12.53.57:775][ 82]LogModuleManager: Shutting down and abandoning module DeviceManager (134)
[2015.08.08-12.53.57:784][ 82]LogModuleManager: Shutting down and abandoning module AutomationController (133)
[2015.08.08-12.53.57:788][ 82]LogModuleManager: Shutting down and abandoning module AutomationWindow (132)
[2015.08.08-12.53.57:794][ 82]LogModuleManager: Shutting down and abandoning module Layers (131)
[2015.08.08-12.53.57:807][ 82]LogModuleManager: Shutting down and abandoning module ComponentVisualizers (130)
[2015.08.08-12.53.57:807][ 82]LogModuleManager: Shutting down and abandoning module DetailCustomizations (129)
[2015.08.08-12.53.57:808][ 82]LogModuleManager: Shutting down and abandoning module PackagesDialog (128)
[2015.08.08-12.53.57:808][ 82]LogModuleManager: Shutting down and abandoning module AssetRegistry (127)
[2015.08.08-12.53.57:900][ 82]LogModuleManager: Shutting down and abandoning module Persona (126)
[2015.08.08-12.53.57:900][ 82]LogModuleManager: Shutting down and abandoning module SlateReflector (125)
[2015.08.08-12.53.57:912][ 82]LogModuleManager: Shutting down and abandoning module LevelEditor (124)
[2015.08.08-12.53.57:913][ 82]LogModuleManager: Shutting down and abandoning module Kismet (123)
[2015.08.08-12.53.57:913][ 82]LogModuleManager: Shutting down and abandoning module GraphEditor (122)
[2015.08.08-12.53.57:913][ 82]LogModuleManager: Shutting down and abandoning module ClassViewer (121)
[2015.08.08-12.53.57:913][ 82]LogModuleManager: Shutting down and abandoning module Toolbox (120)
[2015.08.08-12.53.57:913][ 82]LogModuleManager: Shutting down and abandoning module ModuleUI (119)
[2015.08.08-12.53.57:917][ 82]LogModuleManager: Shutting down and abandoning module MovieSceneTools (118)
[2015.08.08-12.53.57:917][ 82]LogModuleManager: Shutting down and abandoning module OutputLog (117)
[2015.08.08-12.53.57:917][ 82]LogModuleManager: Shutting down and abandoning module GammaUI (116)
[2015.08.08-12.53.57:928][ 82]LogModuleManager: Shutting down and abandoning module Documentation (115)
[2015.08.08-12.53.57:928][ 82]LogModuleManager: Shutting down and abandoning module GameLiveStreaming (114)
[2015.08.08-12.53.57:928][ 82]LogModuleManager: Shutting down and abandoning module StreamingPauseRendering (113)
[2015.08.08-12.53.57:928][ 82]LogModuleManager: Shutting down and abandoning module HTTP (112)
[2015.08.08-12.53.57:928][ 82]LogModuleManager: Shutting down and abandoning module AnalyticsET (111)
[2015.08.08-12.53.57:928][ 82]LogModuleManager: Shutting down and abandoning module Analytics (110)
[2015.08.08-12.53.57:928][ 82]LogModuleManager: Shutting down and abandoning module AITestSuite (109)
[2015.08.08-12.53.57:928][ 82]LogModuleManager: Shutting down and abandoning module GameplayDebugger (108)
[2015.08.08-12.53.57:928][ 82]LogModuleManager: Shutting down and abandoning module AIModule (107)
[2015.08.08-12.53.57:928][ 82]LogModuleManager: Shutting down and abandoning module ProfilerService (106)
[2015.08.08-12.53.58:071][ 82]LogModuleManager: Shutting down and abandoning module TaskGraph (105)
[2015.08.08-12.53.58:119][ 82]LogModuleManager: Shutting down and abandoning module SlateRemote (104)
[2015.08.08-12.53.58:119][ 82]LogModuleManager: Shutting down and abandoning module ScriptEditorPlugin (103)
[2015.08.08-12.53.58:119][ 82]LogModuleManager: Shutting down and abandoning module CustomMeshComponent (102)
[2015.08.08-12.53.58:119][ 82]LogModuleManager: Shutting down and abandoning module CableComponent (101)
[2015.08.08-12.53.58:124][ 82]LogModuleManager: Shutting down and abandoning module MessagingDebugger (100)
[2015.08.08-12.53.58:139][ 82]LogModuleManager: Shutting down and abandoning module MediaPlayerEditor (99)
[2015.08.08-12.53.58:149][ 82]LogModuleManager: Shutting down and abandoning module SpeedTreeImporter (98)
[2015.08.08-12.53.58:149][ 82]LogModuleManager: Shutting down and abandoning module PluginsEditor (97)
[2015.08.08-12.53.58:149][ 82]LogModuleManager: Shutting down and abandoning module MainFrame (96)
[2015.08.08-12.53.58:149][ 82]LogModuleManager: Shutting down and abandoning module EpicSurvey (95)
[2015.08.08-12.53.58:149][ 82]LogModuleManager: Shutting down and abandoning module DesktopPlatform (94)
[2015.08.08-12.53.58:149][ 82]LogModuleManager: Shutting down and abandoning module DirectoryWatcher (93)
[2015.08.08-12.53.58:149][ 82]LogModuleManager: Shutting down and abandoning module HotReload (92)
[2015.08.08-12.53.58:149][ 82]LogModuleManager: Shutting down and abandoning module VisualStudioSourceCodeAccess (91)
[2015.08.08-12.53.58:149][ 82]LogModuleManager: Shutting down and abandoning module UObjectPlugin (90)
[2015.08.08-12.53.58:149][ 82]LogModuleManager: Shutting down and abandoning module SubversionSourceControl (89)
[2015.08.08-12.53.58:149][ 82]LogModuleManager: Shutting down and abandoning module PerforceSourceControl (88)
[2015.08.08-12.53.58:156][ 82]LogModuleManager: Shutting down and abandoning module SourceControl (87)
[2015.08.08-12.53.58:156][ 82]LogModuleManager: Shutting down and abandoning module GitSourceControl (86)
[2015.08.08-12.53.58:156][ 82]LogModuleManager: Shutting down and abandoning module BlankPlugin (85)
[2015.08.08-12.53.58:156][ 82]LogModuleManager: Shutting down and abandoning module PaperTiledImporter (84)
[2015.08.08-12.53.58:157][ 82]LogModuleManager: Shutting down and abandoning module PaperJsonImporter (83)
[2015.08.08-12.53.58:157][ 82]LogModuleManager: Shutting down and abandoning module ContentBrowser (82)
[2015.08.08-12.53.58:157][ 82]LogModuleManager: Shutting down and abandoning module Paper2DEditor (81)
[2015.08.08-12.53.58:167][ 82]LogModuleManager: Shutting down and abandoning module ScriptPlugin (80)
[2015.08.08-12.53.58:171][ 82]LogModuleManager: Shutting down and abandoning module UdpMessaging (79)
[2015.08.08-12.53.58:271][ 82]LogModuleManager: Shutting down and abandoning module Paper2D (78)
[2015.08.08-12.53.58:271][ 82]LogModuleManager: Shutting down and abandoning module WindowsMoviePlayer (77)
[2015.08.08-12.53.58:273][ 82]LogModuleManager: Shutting down and abandoning module Media (76)
[2015.08.08-12.53.58:273][ 82]LogModuleManager: Shutting down and abandoning module WmfMedia (75)
[2015.08.08-12.53.58:274][ 82]LogModuleManager: Shutting down and abandoning module OnlineBlueprintSupport (74)
[2015.08.08-12.53.58:274][ 82]LogModuleManager: Shutting down and abandoning module PropertyEditor (73)
[2015.08.08-12.53.58:274][ 82]LogModuleManager: Shutting down and abandoning module BehaviorTreeEditor (72)
[2015.08.08-12.53.58:307][ 82]LogModuleManager: Shutting down and abandoning module FunctionalTesting (71)
[2015.08.08-12.53.58:307][ 82]LogModuleManager: Shutting down and abandoning module CollisionAnalyzer (70)
[2015.08.08-12.53.58:314][ 82]LogModuleManager: Shutting down and abandoning module WorkspaceMenuStructure (69)
[2015.08.08-12.53.58:314][ 82]LogModuleManager: Shutting down and abandoning module MessageLog (68)
[2015.08.08-12.53.58:314][ 82]LogModuleManager: Shutting down and abandoning module Sequencer (67)
[2015.08.08-12.53.58:314][ 82]LogModuleManager: Shutting down and abandoning module AssetTools (66)
[2015.08.08-12.53.58:330][ 82]LogModuleManager: Shutting down and abandoning module UMGEditor (65)
[2015.08.08-12.53.58:333][ 82]LogModuleManager: Shutting down and abandoning module UMG (64)
[2015.08.08-12.53.58:333][ 82]LogModuleManager: Shutting down and abandoning module Slate (63)
[2015.08.08-12.53.58:333][ 82]LogModuleManager: Shutting down and abandoning module EditorStyle (62)
[2015.08.08-12.53.58:338][ 82]LogModuleManager: Shutting down and abandoning module SessionServices (61)
[2015.08.08-12.53.58:339][ 82]LogModuleManager: Shutting down and abandoning module SourceCodeAccess (60)
[2015.08.08-12.53.58:339][ 82]LogModuleManager: Shutting down and abandoning module HeadMountedDisplay (59)
[2015.08.08-12.53.58:339][ 82]LogModuleManager: Shutting down and abandoning module XAudio2 (58)
[2015.08.08-12.53.58:339][ 82]LogModuleManager: Shutting down and abandoning module Networking (56)
[2015.08.08-12.53.58:339][ 82]LogModuleManager: Shutting down and abandoning module Core (55)
[2015.08.08-12.53.58:339][ 82]LogModuleManager: Shutting down and abandoning module KismetCompiler (54)
[2015.08.08-12.53.58:339][ 82]LogModuleManager: Shutting down and abandoning module PhysXFormats (53)
[2015.08.08-12.53.58:339][ 82]LogModuleManager: Shutting down and abandoning module MeshUtilities (52)
[2015.08.08-12.53.58:347][ 82]LogModuleManager: Shutting down and abandoning module DerivedDataCache (51)
[2015.08.08-12.53.58:373][ 82]LogDerivedDataCache: Shutdown
[2015.08.08-12.53.58:373][ 82]LogModuleManager: Shutting down and abandoning module ShaderFormatOpenGL (50)
[2015.08.08-12.53.58:379][ 82]LogModuleManager: Shutting down and abandoning module ShaderFormatD3D (49)
[2015.08.08-12.53.58:379][ 82]LogModuleManager: Shutting down and abandoning module MetalShaderFormat (48)
[2015.08.08-12.53.58:389][ 82]LogModuleManager: Shutting down and abandoning module TextureFormatUncompressed (47)
[2015.08.08-12.53.58:389][ 82]LogModuleManager: Shutting down and abandoning module TextureFormatPVR (46)
[2015.08.08-12.53.58:389][ 82]LogModuleManager: Shutting down and abandoning module TextureFormatIntelISPCTexComp (45)
[2015.08.08-12.53.58:389][ 82]LogModuleManager: Shutting down and abandoning module TextureFormatDXT (44)
[2015.08.08-12.53.58:389][ 82]LogModuleManager: Shutting down and abandoning module ImageWrapper (43)
[2015.08.08-12.53.58:389][ 82]LogModuleManager: Shutting down and abandoning module TextureFormatASTC (42)
[2015.08.08-12.53.58:389][ 82]LogModuleManager: Shutting down and abandoning module TextureFormatAndroid (41)
[2015.08.08-12.53.58:389][ 82]LogModuleManager: Shutting down and abandoning module AudioFormatOpus (40)
[2015.08.08-12.53.58:389][ 82]LogModuleManager: Shutting down and abandoning module AudioFormatOgg (39)
[2015.08.08-12.53.58:389][ 82]LogModuleManager: Shutting down and abandoning module AudioFormatADPCM (38)
[2015.08.08-12.53.58:389][ 82]LogModuleManager: Shutting down and abandoning module LinuxTargetPlatform (37)
[2015.08.08-12.53.58:389][ 82]LogModuleManager: Shutting down and abandoning module LinuxServerTargetPlatform (36)
[2015.08.08-12.53.58:389][ 82]LogModuleManager: Shutting down and abandoning module LinuxNoEditorTargetPlatform (35)
[2015.08.08-12.53.58:389][ 82]LogModuleManager: Shutting down and abandoning module Messaging (34)
[2015.08.08-12.53.58:389][ 82]LogModuleManager: Shutting down and abandoning module IOSTargetPlatform (33)
[2015.08.08-12.53.58:389][ 82]LogModuleManager: Shutting down and abandoning module HTML5TargetPlatform (32)
[2015.08.08-12.53.58:389][ 82]LogModuleManager: Shutting down and abandoning module Android_PVRTCTargetPlatform (31)
[2015.08.08-12.53.58:389][ 82]LogModuleManager: Shutting down and abandoning module Android_ETC2TargetPlatform (30)
[2015.08.08-12.53.58:389][ 82]LogModuleManager: Shutting down and abandoning module Android_ETC1TargetPlatform (29)
[2015.08.08-12.53.58:389][ 82]LogModuleManager: Shutting down and abandoning module Android_ES31TargetPlatform (28)
[2015.08.08-12.53.58:389][ 82]LogModuleManager: Shutting down and abandoning module Android_DXTTargetPlatform (27)
[2015.08.08-12.53.58:389][ 82]LogModuleManager: Shutting down and abandoning module Android_ATCTargetPlatform (26)
[2015.08.08-12.53.58:389][ 82]LogModuleManager: Shutting down and abandoning module AndroidTargetPlatform (25)
[2015.08.08-12.53.58:389][ 82]LogModuleManager: Shutting down and abandoning module WindowsTargetPlatform (24)
[2015.08.08-12.53.58:389][ 82]LogModuleManager: Shutting down and abandoning module WindowsServerTargetPlatform (23)
[2015.08.08-12.53.58:389][ 82]LogModuleManager: Shutting down and abandoning module WindowsNoEditorTargetPlatform (22)
[2015.08.08-12.53.58:389][ 82]LogModuleManager: Shutting down and abandoning module WindowsClientTargetPlatform (21)
[2015.08.08-12.53.58:389][ 82]LogModuleManager: Shutting down and abandoning module TargetPlatform (20)
[2015.08.08-12.53.58:389][ 82]LogModuleManager: Shutting down and abandoning module InputCore (19)
[2015.08.08-12.53.58:389][ 82]LogModuleManager: Shutting down and abandoning module Settings (18)
[2015.08.08-12.53.58:389][ 82]LogModuleManager: Shutting down and abandoning module OnlineSubsystem (16)
[2015.08.08-12.53.58:389][ 82]LogModuleManager: Shutting down and abandoning module OculusRift (15)
[2015.08.08-12.53.58:389][ 82]LogModuleManager: Shutting down and abandoning module ExampleDeviceProfileSelector (14)
[2015.08.08-12.53.58:389][ 82]LogModuleManager: Shutting down and abandoning module TextureCompressor (13)
[2015.08.08-12.53.58:389][ 82]LogModuleManager: Shutting down and abandoning module ShaderCore (12)
[2015.08.08-12.53.58:389][ 82]LogModuleManager: Shutting down and abandoning module Landscape (11)
[2015.08.08-12.53.58:389][ 82]LogModuleManager: Shutting down and abandoning module SlateRHIRenderer (10)
[2015.08.08-12.53.58:391][ 82]LogModuleManager: Shutting down and abandoning module OpenGLDrv (9)
[2015.08.08-12.53.58:391][ 82]LogModuleManager: Shutting down and abandoning module D3D11RHI (8)
[2015.08.08-12.53.58:391][ 82]LogModuleManager: Shutting down and abandoning module Renderer (7)
[2015.08.08-12.53.58:391][ 82]LogModuleManager: Shutting down and abandoning module Engine (6)
[2015.08.08-12.53.58:391][ 82]LogModuleManager: Shutting down and abandoning module CoreUObject (5)
[2015.08.08-12.53.58:391][ 82]LogModuleManager: Shutting down and abandoning module NetworkFile (4)
[2015.08.08-12.53.58:401][ 82]LogModuleManager: Shutting down and abandoning module StreamingFile (3)
[2015.08.08-12.53.58:401][ 82]LogModuleManager: Shutting down and abandoning module SandboxFile (2)
[2015.08.08-12.53.58:410][ 82]LogModuleManager: Shutting down and abandoning module PakFile (1)
[2015.08.08-12.53.58:416][ 82]LogExit: Exiting.
[2015.08.08-12.53.58:420][ 82]Log file closed, 08/08/15 22:53:58
