Log file open, 08/08/15 11:35:06
LogInit:Display: Running engine for game: StealthEscape
LogInit: Version: 4.7.6-2513093+++depot+UE4-Releases+4.7
LogInit: API Version: 2455222
LogInit: Compiled (64-bit): Apr 15 2015 12:09:54
LogInit: Compiled with Visual C++: 18.00.21005.01
LogInit: Build Configuration: Development
LogInit: Branch Name: ++depot+UE4-Releases+4.7
LogInit: Command line:  
LogInit: Base directory: C:/Program Files/Epic Games/4.7/Engine/Binaries/Win64/
LogInit: Rocket: 1
[2015.08.08-01.35.06:631][  0]LogTaskGraph: Started task graph with 3 named threads and 6 total threads.
[2015.08.08-01.35.06:685][  0]LogOnline:Warning: No default platform service specified for OnlineSubsystem
[2015.08.08-01.35.07:042][  0]LogInit: Presizing for 0 objects not considered by GC, pre-allocating 0 bytes.
[2015.08.08-01.35.07:050][  0]LogInit: Object subsystem initialized
[2015.08.08-01.35.07:052][  0]LogConsoleResponse:Warning: Skipping Unknown console variable: 'TranslucentSortAxis = (X=0.000000,Y=-1.000000,Z=0.000000)'
[2015.08.08-01.35.07:052][  0]LogConsoleResponse:Warning:   Found in ini file 'C:/Users/Admin/Documents/Miguel/Unreal Projects/StealthEscape/Saved/Config/Windows/Engine.ini', in section '[/Script/Engine.RendererSettings]'
[2015.08.08-01.35.07:052][  0]LogConsoleResponse:Warning: Skipping Unknown console variable: 'UIScaleRule = ShortestSide'
[2015.08.08-01.35.07:052][  0]LogConsoleResponse:Warning:   Found in ini file 'C:/Users/Admin/Documents/Miguel/Unreal Projects/StealthEscape/Saved/Config/Windows/Engine.ini', in section '[/Script/Engine.RendererSettings]'
[2015.08.08-01.35.07:052][  0]LogConsoleResponse:Warning: Skipping Unknown console variable: 'UIScaleCurve = (EditorCurveData=(Keys=),ExternalCurve=None)'
[2015.08.08-01.35.07:052][  0]LogConsoleResponse:Warning:   Found in ini file 'C:/Users/Admin/Documents/Miguel/Unreal Projects/StealthEscape/Saved/Config/Windows/Engine.ini', in section '[/Script/Engine.RendererSettings]'
[2015.08.08-01.35.07:052][  0]LogInit: Selected Device Profile: [Windows]
[2015.08.08-01.35.07:052][  0]LogInit: Applying CVar settings loaded from the selected device profile: [Windows]
[2015.08.08-01.35.07:074][  0]LogInit: Computer: I7-DESKTOP
[2015.08.08-01.35.07:074][  0]LogInit: User: Admin
[2015.08.08-01.35.07:074][  0]LogInit: CPU Page size=4096, Cores=4
[2015.08.08-01.35.07:074][  0]LogInit: High frequency timer resolution =3.515673 MHz
[2015.08.08-01.35.07:074][  0]LogMemory: Memory total: Physical=7.9GB (8GB approx) Virtual=8192.0GB
[2015.08.08-01.35.07:074][  0]LogMemory: Platform Memory Stats for Windows
[2015.08.08-01.35.07:074][  0]LogMemory: Process Physical Memory: 51.97 MB used, 51.97 MB peak
[2015.08.08-01.35.07:074][  0]LogMemory: Process Virtual Memory: 30.43 MB used, 30.43 MB peak
[2015.08.08-01.35.07:074][  0]LogMemory: Physical Memory: 3568.73 MB used, 8066.43 MB total
[2015.08.08-01.35.07:074][  0]LogMemory: Virtual Memory: 353.27 MB used, 8388608.00 MB total
[2015.08.08-01.35.07:140][  0]LogD3D11RHI: Found D3D11 adapter 0: AMD Radeon HD 6800 Series (Feature Level 11_0)
[2015.08.08-01.35.07:140][  0]LogD3D11RHI: Adapter has 1011MB of dedicated video memory, 0MB of dedicated system memory, and 3777MB of shared system memory, 1 output[s]
[2015.08.08-01.35.07:140][  0]LogD3D11RHI: Chosen D3D11 Adapter Id = 0
[2015.08.08-01.35.07:146][  0]LogRHI: Texture pool is 708 MB (70% of 1011 MB)
[2015.08.08-01.35.07:151][  0]LogD3D11RHI: Async texture creation disabled: no driver support
[2015.08.08-01.35.07:598][  0]LogTextLocalizationManager: The requested culture ('en_AU') has no localization data; parent culture's ('en') localization data will be used.
[2015.08.08-01.35.07:668][  0]LogTextLocalizationManager:Warning: Loading localization resources contain conflicting entries for (Namespace:UICommands, Key:Save_ToolTip):
Resource: (C:/Program Files/Epic Games/4.7/Engine/Content/Localization/Editor/en/Editor.locres) Hash: (-29098895) String: (Saves the current level to disk)
Resource: (C:/Program Files/Epic Games/4.7/Engine/Content/Localization/Engine/en/Engine.locres) Hash: (-1280300587) String: (Save selected data to vlog file)
[2015.08.08-01.35.07:668][  0]LogTextLocalizationManager:Warning: Loading localization resources contain conflicting entries for (Namespace:ContentBrowser, Key:ImportAssetToolTip):
Resource: (C:/Program Files/Epic Games/4.7/Engine/Content/Localization/Editor/en/Editor.locres) Hash: (-630476809) String: (Import to {0}...)
Resource: (C:/Program Files/Epic Games/4.7/Engine/Content/Localization/Editor/en/Editor.locres) Hash: (1271782899) String: (Imports an asset from file to this folder.)
[2015.08.08-01.35.07:745][  0]LogContentStreaming: Texture pool size is 0.000000MB
[2015.08.08-01.35.11:799][  0]LogTargetPlatformManager:Display: Building Assets For Windows
[2015.08.08-01.35.13:403][  0]LogTargetPlatformManager:Display: Building Assets For Windows
[2015.08.08-01.35.13:558][  0]LogDerivedDataCache:Display: Max Cache Size: 512 MB
[2015.08.08-01.35.14:281][  0]LogDerivedDataCache: Loaded boot cache 0.72s 39MB C:/Users/Admin/AppData/Local/UnrealEngine/4.7/DerivedDataCache/Boot.ddc.
[2015.08.08-01.35.14:281][  0]LogDerivedDataCache:Display: Loaded Boot cache: C:/Users/Admin/AppData/Local/UnrealEngine/4.7/DerivedDataCache/Boot.ddc
[2015.08.08-01.35.14:281][  0]LogDerivedDataCache: FDerivedDataBackendGraph:  Pak pak cache file ../../../../../../Users/Admin/Documents/Miguel/Unreal Projects/StealthEscape/DerivedDataCache/DDC.ddp not found, will not use a pak cache.
[2015.08.08-01.35.14:281][  0]LogDerivedDataCache: Unable to find inner node Pak for hierarchical cache Hierarchy.
[2015.08.08-01.35.14:458][  0]LogDerivedDataCache:Display: Pak cache opened for reading ../../../Engine/DerivedDataCache/Compressed.ddp.
[2015.08.08-01.35.14:469][  0]LogDerivedDataCache: Using Local data cache path C:/Users/Admin/AppData/Local/UnrealEngine/Common/DerivedDataCache: Writable
[2015.08.08-01.35.22:086][  0]LogMeshUtilities: No automatic mesh reduction module available
[2015.08.08-01.35.22:086][  0]LogMeshUtilities: No automatic mesh merging module available
[2015.08.08-01.35.22:647][  0]LogInit: WinSock: version 1.1 (2.2), MaxSocks=32767, MaxUdp=65467
[2015.08.08-01.35.22:870][  0]LogSlate:Warning: Failed to load font data from '../../../Engine/Content/Slate/Fonts/Roboto-Italic.ttf'
[2015.08.08-01.35.55:961][  0]UdpMessaging: Initializing bridge on interface 0.0.0.0:0 to multicast group 230.0.0.1:6666.
[2015.08.08-01.35.56:467][  0]SourceControl: Info Source control is disabled
[2015.08.08-01.35.56:467][  0]SourceControl: Info Source control is disabled
[2015.08.08-01.35.56:467][  0]SourceControl: Info Source control is disabled
[2015.08.08-01.35.56:467][  0]LogSourceControl: RunCommandInternalRaw: 'git version'
[2015.08.08-01.35.56:467][  0]LogSourceControl: RunCommandInternalRaw: ExecProcess ReturnCode=2 OutResults=''
[2015.08.08-01.35.56:477][  0]SourceControl: Info Source control is disabled
[2015.08.08-01.35.56:909][  0]LogObj: 24232 objects as part of root set at end of initial load.
[2015.08.08-01.35.56:909][  0]LogUObjectAllocator: 5137176 out of 0 bytes used by permanent object pool.
[2015.08.08-01.35.57:026][  0]LogEngine: Initializing Engine...
[2015.08.08-01.35.59:373][  0]LogInit: XAudio2 using 'AMD HDMI Output (AMD High Definition Audio Device)' : 2 channels at 48 kHz using 16 bits per sample (channel mask 0x3)
[2015.08.08-01.35.59:436][  0]LogInit: FAudioDevice initialized.
[2015.08.08-01.35.59:483][  0]LogAIModule: Creating AISystem for world NewWorld
[2015.08.08-01.35.59:529][  0]LogDerivedDataCache: Saved boot cache 0.05s 39MB C:/Users/Admin/AppData/Local/UnrealEngine/4.7/DerivedDataCache/Boot.ddc.
[2015.08.08-01.35.59:536][  0]LogInit: Texture streaming: Enabled
[2015.08.08-01.35.59:770][  0]LogAnalytics: Creating configured Analytics provider AnalyticsET
[2015.08.08-01.35.59:770][  0]LogAnalytics: ET APIKey = Rocket.Release. APIServer = http://et2.epicgames.com/ET2/. AppVersion = 4.7.6-2513093+++depot+UE4-Releases+4.7
[2015.08.08-01.35.59:770][  0]LogAnalytics: ET APIKey = Rocket.Release. DataRouterUploadURL = https://datarouter-public-service-gamedev.ol.epicgames.net/datarouter/api/v1/public/data. AppVersion = 4.7.6-2513093+++depot+UE4-Releases+4.7
[2015.08.08-01.35.59:771][  0]LogAnalytics: SetUserId 0b171b7540c931a0f620c8b878be6a3a|90dc462d3abe4e908c5e059bf9a6bfe2|0d6894b3-0434-4d10-9239-f3a8220f2c03
[2015.08.08-01.35.59:771][  0]LogAnalytics: AnalyticsET::StartSession [Rocket.Release]
[2015.08.08-01.35.59:798][  0]LogInit: Transaction tracking system initialized
[2015.08.08-01.35.59:995][  0]BlueprintLog: New page: Editor Load
[2015.08.08-01.36.00:033][  0]LogAssetRegistry: FAssetRegistry took 0.0095 seconds to start up
[2015.08.08-01.36.00:033][  0]LogDirectoryWatcher:Warning: Failed to begin reading directory changes for ../../../Engine/Plugins/Experimental/CharacterAI/Content/. Error: 0
[2015.08.08-01.36.00:789][  0]LogTargetPlatformManager:Display: Building Assets For Windows
[2015.08.08-01.36.01:270][  0]LogTargetPlatformManager:Display: Building Assets For Windows
[2015.08.08-01.36.01:969][  0]LogLinker:Warning: Asset '../../../Engine/Content/Tutorial/Mobile/CreatingSigningCertAndProvisionTutorial.uasset' has been saved with empty engine version. The asset will be loaded but may be incompatible.
[2015.08.08-01.36.01:982][  0]LogLinker:Warning: Can't find file '/Game/TopDownBP/TopDownOverview'
[2015.08.08-01.36.01:983][  0]LogLinker:Warning: Can't find file '/Game/TopDownBP/TopDownOverview'
[2015.08.08-01.36.01:983][  0]LogUObjectGlobals:Warning: Failed to find object 'Class /Game/TopDownBP/TopDownOverview.TopDownOverview_C'
[2015.08.08-01.36.02:027][  0]LogSlate:Warning: Failed to load font data from '../../../Engine/Content/Editor/Slate/Fonts/Roboto-Regular.ttf'
[2015.08.08-01.36.02:027][  0]LogSlate:Warning: Failed to load font data from '../../../Engine/Content/Editor/Slate/Fonts/Roboto-Bold.ttf'
[2015.08.08-01.36.02:350][  0]LogConsoleResponse:Display: 
[2015.08.08-01.36.03:484][  0]LogCook:Display: Done creating registry. It took  0.00s.
[2015.08.08-01.36.03:992][  0]SourceControl: Info Source control is disabled
[2015.08.08-01.36.03:992][  0]Cmd: MAP LOAD FILE="../../../../../../Users/Admin/Documents/Miguel/Unreal Projects/StealthEscape/Content/MuseumLevel.umap" TEMPLATE=0 SHOWPROGRESS=1 FEATURELEVEL=3
[2015.08.08-01.36.04:080][  0]LightingResults: New page: Lighting Build
[2015.08.08-01.36.04:099][  0]MapCheck: New page: Map Check
[2015.08.08-01.36.04:099][  0]LightingResults: New page: Lighting Build
[2015.08.08-01.36.04:108][  0]LogParticles: Destroying 0 GPU particle simulations for FXSystem 0x000000001613E200
[2015.08.08-01.36.05:380][  0]LogLinker:Warning: Asset '../../../Engine/Content/EngineMeshes/Humanoid.uasset' has been saved with empty engine version. The asset will be loaded but may be incompatible.
[2015.08.08-01.36.14:029][  0]LogEditorServer: Finished looking for orphan Actors (0.000 secs)
[2015.08.08-01.36.14:029][  0]LogAIModule: Creating AISystem for world MuseumLevel
[2015.08.08-01.36.14:030][  0]Cmd: MAP CHECKDEP
[2015.08.08-01.36.14:030][  0]MapCheck: New page: MuseumLevel - 8 Aug 2015 9:36:14 pm
[2015.08.08-01.36.14:167][  0]MapCheck: Info Map check complete: 0 Error(s), 0 Warning(s), took 136.82ms to complete.
[2015.08.08-01.36.14:167][  0]LogFileHelpers: Loading map 'MuseumLevel' took 10.175
[2015.08.08-01.36.14:358][  0]LogCollectionManager: Loaded 0 collections in 0.001434 seconds
[2015.08.08-01.36.14:370][  0]LogContentBrowser: Native class hierarchy populated in 0.0115 seconds. Added 1696 classes and 261 folders.
[2015.08.08-01.36.14:403][  0]LogContentBrowser: Native class hierarchy updated for 'SceneOutliner' in 0.0029 seconds. Added 1 classes and 2 folders.
[2015.08.08-01.36.14:549][  0]LogCrashTracker: Crashtracker disabled due to settings.
[2015.08.08-01.36.14:550][  0]LogSlate:Warning: Failed to load font data from 'Veranda'
[2015.08.08-01.36.14:555][  0]LogUObjectGlobals:Warning: Failed to find object 'Class None.'
[2015.08.08-01.36.14:586][  0]LogLoad: Full Startup: 72.13 seconds (BP compile: 1.92 seconds)
[2015.08.08-01.36.14:617][  0]LogContentBrowser:Verbose: The content browser source was changed by the sources view to '/Game/Enemy'
[2015.08.08-01.36.14:797][  0]LogRenderer:Warning: Reallocating scene render targets to support 32x32 (Frame:2).
[2015.08.08-01.36.15:019][  0]LogRenderer:Warning: Reallocating scene render targets to support 1208x552 (Frame:7).
[2015.08.08-01.36.15:370][  4]LogAssetRegistry: Asset discovery search completed in 15.3467 seconds
[2015.08.08-01.40.53:233][846]LogActorComponent: UnregisterComponent: (/Engine/Transient.CharMoveComp) Not registered. Aborting.
[2015.08.08-01.40.53:233][846]LogActorComponent: UnregisterComponent: (/Engine/Transient.PawnSensingComponent_0) Not registered. Aborting.
[2015.08.08-01.40.53:233][846]LogActorComponent: UnregisterComponent: (/Engine/Transient.CharacterMovementComponent_0) Not registered. Aborting.
[2015.08.08-01.40.53:233][846]LogActorComponent: UnregisterComponent: (/Engine/Transient.PawnSensingComponent_1) Not registered. Aborting.
[2015.08.08-01.40.53:797][847]Cmd: QUIT_EDITOR
[2015.08.08-01.40.54:045][847]LogExit: Preparing to exit.
[2015.08.08-01.40.55:031][847]LogExit: Editor shut down
[2015.08.08-01.40.55:032][847]LogExit: Transaction tracking system shut down
[2015.08.08-01.40.55:033][847]LogParticles: Destroying 0 GPU particle simulations for FXSystem 0x000000001DD47A60
[2015.08.08-01.40.55:035][847]LogParticles: Destroying 0 GPU particle simulations for FXSystem 0x0000000023610360
[2015.08.08-01.40.55:035][847]LogParticles: Destroying 0 GPU particle simulations for FXSystem 0x00000000245519E0
[2015.08.08-01.40.55:035][847]LogParticles: Destroying 0 GPU particle simulations for FXSystem 0x00000000243D37E0
[2015.08.08-01.40.55:035][847]LogParticles: Destroying 0 GPU particle simulations for FXSystem 0x0000000027313A60
[2015.08.08-01.40.55:035][847]LogParticles: Destroying 0 GPU particle simulations for FXSystem 0x00000000273139C0
[2015.08.08-01.40.55:086][847]LogExit: Object subsystem successfully closed.
[2015.08.08-01.40.55:154][847]LogModuleManager: Shutting down and abandoning module CrashTracker (177)
[2015.08.08-01.40.55:154][847]LogModuleManager: Shutting down and abandoning module SuperSearch (176)
[2015.08.08-01.40.55:154][847]LogModuleManager: Shutting down and abandoning module SceneOutliner (175)
[2015.08.08-01.40.55:154][847]LogModuleManager: Shutting down and abandoning module EditorWidgets (174)
[2015.08.08-01.40.55:154][847]LogModuleManager: Shutting down and abandoning module CollectionManager (173)
[2015.08.08-01.40.55:154][847]LogModuleManager: Shutting down and abandoning module StatsViewer (172)
[2015.08.08-01.40.55:154][847]LogModuleManager: Shutting down and abandoning module FoliageEdit (171)
[2015.08.08-01.40.55:154][847]LogModuleManager: Shutting down and abandoning module LandscapeEditor (170)
[2015.08.08-01.40.55:154][847]LogModuleManager: Shutting down and abandoning module MeshPaint (169)
[2015.08.08-01.40.55:154][847]LogModuleManager: Shutting down and abandoning module ActorPickerMode (168)
[2015.08.08-01.40.55:154][847]LogModuleManager: Shutting down and abandoning module GeometryMode (167)
[2015.08.08-01.40.55:154][847]LogModuleManager: Shutting down and abandoning module TextureAlignMode (166)
[2015.08.08-01.40.55:154][847]LogModuleManager: Shutting down and abandoning module BspMode (165)
[2015.08.08-01.40.55:154][847]LogModuleManager: Shutting down and abandoning module PlacementMode (164)
[2015.08.08-01.40.55:154][847]LogModuleManager: Shutting down and abandoning module AutomationWorker (163)
[2015.08.08-01.40.55:154][847]LogModuleManager: Shutting down and abandoning module CharacterAI (162)
[2015.08.08-01.40.55:154][847]LogModuleManager: Shutting down and abandoning module SmartSnapping (161)
[2015.08.08-01.40.55:154][847]LogModuleManager: Shutting down and abandoning module ViewportSnapping (160)
[2015.08.08-01.40.55:154][847]LogModuleManager: Shutting down and abandoning module LogVisualizer (159)
[2015.08.08-01.40.55:154][847]LogModuleManager: Shutting down and abandoning module GameProjectGeneration (158)
[2015.08.08-01.40.55:154][847]LogModuleManager: Shutting down and abandoning module IntroTutorials (157)
[2015.08.08-01.40.55:154][847]LogModuleManager: Shutting down and abandoning module EditorLiveStreaming (156)
[2015.08.08-01.40.55:154][847]LogModuleManager: Shutting down and abandoning module HardwareTargeting (155)
[2015.08.08-01.40.55:154][847]LogModuleManager: Shutting down and abandoning module DeviceProfileEditor (154)
[2015.08.08-01.40.55:154][847]LogModuleManager: Shutting down and abandoning module UndoHistory (153)
[2015.08.08-01.40.55:154][847]LogModuleManager: Shutting down and abandoning module GameplayTagsEditor (152)
[2015.08.08-01.40.55:154][847]LogModuleManager: Shutting down and abandoning module UserFeedback (151)
[2015.08.08-01.40.55:154][847]LogModuleManager: Shutting down and abandoning module XmlParser (150)
[2015.08.08-01.40.55:154][847]LogModuleManager: Shutting down and abandoning module Blutility (149)
[2015.08.08-01.40.55:154][847]LogModuleManager: Shutting down and abandoning module IOSPlatformEditor (148)
[2015.08.08-01.40.55:154][847]LogModuleManager: Shutting down and abandoning module IOSRuntimeSettings (147)
[2015.08.08-01.40.55:154][847]LogModuleManager: Shutting down and abandoning module AndroidDeviceDetection (146)
[2015.08.08-01.40.55:384][847]LogModuleManager: Shutting down and abandoning module AndroidPlatformEditor (145)
[2015.08.08-01.40.55:384][847]LogModuleManager: Shutting down and abandoning module AndroidRuntimeSettings (144)
[2015.08.08-01.40.55:384][847]LogModuleManager: Shutting down and abandoning module ProjectTargetPlatformEditor (143)
[2015.08.08-01.40.55:384][847]LogModuleManager: Shutting down and abandoning module ProjectSettingsViewer (142)
[2015.08.08-01.40.55:384][847]LogModuleManager: Shutting down and abandoning module InputBindingEditor (141)
[2015.08.08-01.40.55:384][847]LogModuleManager: Shutting down and abandoning module EditorSettingsViewer (140)
[2015.08.08-01.40.55:384][847]LogModuleManager: Shutting down and abandoning module SettingsEditor (139)
[2015.08.08-01.40.55:384][847]LogModuleManager: Shutting down and abandoning module ProjectLauncher (138)
[2015.08.08-01.40.55:384][847]LogModuleManager: Shutting down and abandoning module SessionFrontend (137)
[2015.08.08-01.40.55:384][847]LogModuleManager: Shutting down and abandoning module ProfilerClient (136)
[2015.08.08-01.40.55:384][847]LogModuleManager: Shutting down and abandoning module TargetDeviceServices (135)
[2015.08.08-01.40.55:384][847]LogModuleManager: Shutting down and abandoning module DeviceManager (134)
[2015.08.08-01.40.55:384][847]LogModuleManager: Shutting down and abandoning module AutomationController (133)
[2015.08.08-01.40.55:384][847]LogModuleManager: Shutting down and abandoning module AutomationWindow (132)
[2015.08.08-01.40.55:384][847]LogModuleManager: Shutting down and abandoning module Layers (131)
[2015.08.08-01.40.55:384][847]LogModuleManager: Shutting down and abandoning module ComponentVisualizers (130)
[2015.08.08-01.40.55:384][847]LogModuleManager: Shutting down and abandoning module DetailCustomizations (129)
[2015.08.08-01.40.55:384][847]LogModuleManager: Shutting down and abandoning module PackagesDialog (128)
[2015.08.08-01.40.55:384][847]LogModuleManager: Shutting down and abandoning module AssetRegistry (127)
[2015.08.08-01.40.55:480][847]LogModuleManager: Shutting down and abandoning module Persona (126)
[2015.08.08-01.40.55:480][847]LogModuleManager: Shutting down and abandoning module SlateReflector (125)
[2015.08.08-01.40.55:480][847]LogModuleManager: Shutting down and abandoning module LevelEditor (124)
[2015.08.08-01.40.55:481][847]LogModuleManager: Shutting down and abandoning module Kismet (123)
[2015.08.08-01.40.55:481][847]LogModuleManager: Shutting down and abandoning module GraphEditor (122)
[2015.08.08-01.40.55:481][847]LogModuleManager: Shutting down and abandoning module ClassViewer (121)
[2015.08.08-01.40.55:481][847]LogModuleManager: Shutting down and abandoning module Toolbox (120)
[2015.08.08-01.40.55:481][847]LogModuleManager: Shutting down and abandoning module ModuleUI (119)
[2015.08.08-01.40.55:481][847]LogModuleManager: Shutting down and abandoning module MovieSceneTools (118)
[2015.08.08-01.40.55:481][847]LogModuleManager: Shutting down and abandoning module OutputLog (117)
[2015.08.08-01.40.55:481][847]LogModuleManager: Shutting down and abandoning module GammaUI (116)
[2015.08.08-01.40.55:481][847]LogModuleManager: Shutting down and abandoning module Documentation (115)
[2015.08.08-01.40.55:481][847]LogModuleManager: Shutting down and abandoning module GameLiveStreaming (114)
[2015.08.08-01.40.55:481][847]LogModuleManager: Shutting down and abandoning module StreamingPauseRendering (113)
[2015.08.08-01.40.55:481][847]LogModuleManager: Shutting down and abandoning module HTTP (112)
[2015.08.08-01.40.55:481][847]LogModuleManager: Shutting down and abandoning module AnalyticsET (111)
[2015.08.08-01.40.55:481][847]LogModuleManager: Shutting down and abandoning module Analytics (110)
[2015.08.08-01.40.55:481][847]LogModuleManager: Shutting down and abandoning module AITestSuite (109)
[2015.08.08-01.40.55:481][847]LogModuleManager: Shutting down and abandoning module GameplayDebugger (108)
[2015.08.08-01.40.55:481][847]LogModuleManager: Shutting down and abandoning module AIModule (107)
[2015.08.08-01.40.55:481][847]LogModuleManager: Shutting down and abandoning module ProfilerService (106)
[2015.08.08-01.40.55:708][847]LogModuleManager: Shutting down and abandoning module TaskGraph (105)
[2015.08.08-01.40.55:708][847]LogModuleManager: Shutting down and abandoning module SlateRemote (104)
[2015.08.08-01.40.55:708][847]LogModuleManager: Shutting down and abandoning module ScriptEditorPlugin (103)
[2015.08.08-01.40.55:708][847]LogModuleManager: Shutting down and abandoning module CustomMeshComponent (102)
[2015.08.08-01.40.55:708][847]LogModuleManager: Shutting down and abandoning module CableComponent (101)
[2015.08.08-01.40.55:708][847]LogModuleManager: Shutting down and abandoning module MessagingDebugger (100)
[2015.08.08-01.40.55:708][847]LogModuleManager: Shutting down and abandoning module MediaPlayerEditor (99)
[2015.08.08-01.40.55:708][847]LogModuleManager: Shutting down and abandoning module SpeedTreeImporter (98)
[2015.08.08-01.40.55:708][847]LogModuleManager: Shutting down and abandoning module PluginsEditor (97)
[2015.08.08-01.40.55:708][847]LogModuleManager: Shutting down and abandoning module MainFrame (96)
[2015.08.08-01.40.55:708][847]LogModuleManager: Shutting down and abandoning module EpicSurvey (95)
[2015.08.08-01.40.55:708][847]LogModuleManager: Shutting down and abandoning module DesktopPlatform (94)
[2015.08.08-01.40.55:708][847]LogModuleManager: Shutting down and abandoning module DirectoryWatcher (93)
[2015.08.08-01.40.55:708][847]LogModuleManager: Shutting down and abandoning module HotReload (92)
[2015.08.08-01.40.55:708][847]LogModuleManager: Shutting down and abandoning module VisualStudioSourceCodeAccess (91)
[2015.08.08-01.40.55:708][847]LogModuleManager: Shutting down and abandoning module UObjectPlugin (90)
[2015.08.08-01.40.55:708][847]LogModuleManager: Shutting down and abandoning module SubversionSourceControl (89)
[2015.08.08-01.40.55:708][847]LogModuleManager: Shutting down and abandoning module PerforceSourceControl (88)
[2015.08.08-01.40.55:708][847]LogModuleManager: Shutting down and abandoning module SourceControl (87)
[2015.08.08-01.40.55:708][847]LogModuleManager: Shutting down and abandoning module GitSourceControl (86)
[2015.08.08-01.40.55:708][847]LogModuleManager: Shutting down and abandoning module BlankPlugin (85)
[2015.08.08-01.40.55:708][847]LogModuleManager: Shutting down and abandoning module PaperTiledImporter (84)
[2015.08.08-01.40.55:708][847]LogModuleManager: Shutting down and abandoning module PaperJsonImporter (83)
[2015.08.08-01.40.55:708][847]LogModuleManager: Shutting down and abandoning module ContentBrowser (82)
[2015.08.08-01.40.55:709][847]LogModuleManager: Shutting down and abandoning module Paper2DEditor (81)
[2015.08.08-01.40.55:709][847]LogModuleManager: Shutting down and abandoning module ScriptPlugin (80)
[2015.08.08-01.40.55:709][847]LogModuleManager: Shutting down and abandoning module UdpMessaging (79)
[2015.08.08-01.40.55:809][847]LogModuleManager: Shutting down and abandoning module Paper2D (78)
[2015.08.08-01.40.55:809][847]LogModuleManager: Shutting down and abandoning module WindowsMoviePlayer (77)
[2015.08.08-01.40.55:811][847]LogModuleManager: Shutting down and abandoning module Media (76)
[2015.08.08-01.40.55:811][847]LogModuleManager: Shutting down and abandoning module WmfMedia (75)
[2015.08.08-01.40.55:811][847]LogModuleManager: Shutting down and abandoning module OnlineBlueprintSupport (74)
[2015.08.08-01.40.55:811][847]LogModuleManager: Shutting down and abandoning module PropertyEditor (73)
[2015.08.08-01.40.55:811][847]LogModuleManager: Shutting down and abandoning module BehaviorTreeEditor (72)
[2015.08.08-01.40.55:811][847]LogModuleManager: Shutting down and abandoning module FunctionalTesting (71)
[2015.08.08-01.40.55:811][847]LogModuleManager: Shutting down and abandoning module CollisionAnalyzer (70)
[2015.08.08-01.40.55:811][847]LogModuleManager: Shutting down and abandoning module WorkspaceMenuStructure (69)
[2015.08.08-01.40.55:811][847]LogModuleManager: Shutting down and abandoning module MessageLog (68)
[2015.08.08-01.40.55:811][847]LogModuleManager: Shutting down and abandoning module Sequencer (67)
[2015.08.08-01.40.55:811][847]LogModuleManager: Shutting down and abandoning module AssetTools (66)
[2015.08.08-01.40.55:811][847]LogModuleManager: Shutting down and abandoning module UMGEditor (65)
[2015.08.08-01.40.55:811][847]LogModuleManager: Shutting down and abandoning module UMG (64)
[2015.08.08-01.40.55:811][847]LogModuleManager: Shutting down and abandoning module Slate (63)
[2015.08.08-01.40.55:811][847]LogModuleManager: Shutting down and abandoning module EditorStyle (62)
[2015.08.08-01.40.55:817][847]LogModuleManager: Shutting down and abandoning module SessionServices (61)
[2015.08.08-01.40.55:817][847]LogModuleManager: Shutting down and abandoning module SourceCodeAccess (60)
[2015.08.08-01.40.55:817][847]LogModuleManager: Shutting down and abandoning module HeadMountedDisplay (59)
[2015.08.08-01.40.55:817][847]LogModuleManager: Shutting down and abandoning module XAudio2 (58)
[2015.08.08-01.40.55:817][847]LogModuleManager: Shutting down and abandoning module Networking (56)
[2015.08.08-01.40.55:817][847]LogModuleManager: Shutting down and abandoning module Core (55)
[2015.08.08-01.40.55:817][847]LogModuleManager: Shutting down and abandoning module KismetCompiler (54)
[2015.08.08-01.40.55:817][847]LogModuleManager: Shutting down and abandoning module PhysXFormats (53)
[2015.08.08-01.40.55:817][847]LogModuleManager: Shutting down and abandoning module MeshUtilities (52)
[2015.08.08-01.40.55:817][847]LogModuleManager: Shutting down and abandoning module DerivedDataCache (51)
[2015.08.08-01.40.55:902][847]LogDerivedDataCache: Shutdown
[2015.08.08-01.40.55:902][847]LogModuleManager: Shutting down and abandoning module ShaderFormatOpenGL (50)
[2015.08.08-01.40.55:902][847]LogModuleManager: Shutting down and abandoning module ShaderFormatD3D (49)
[2015.08.08-01.40.55:902][847]LogModuleManager: Shutting down and abandoning module MetalShaderFormat (48)
[2015.08.08-01.40.55:902][847]LogModuleManager: Shutting down and abandoning module TextureFormatUncompressed (47)
[2015.08.08-01.40.55:902][847]LogModuleManager: Shutting down and abandoning module TextureFormatPVR (46)
[2015.08.08-01.40.55:902][847]LogModuleManager: Shutting down and abandoning module TextureFormatIntelISPCTexComp (45)
[2015.08.08-01.40.55:902][847]LogModuleManager: Shutting down and abandoning module TextureFormatDXT (44)
[2015.08.08-01.40.55:902][847]LogModuleManager: Shutting down and abandoning module ImageWrapper (43)
[2015.08.08-01.40.55:902][847]LogModuleManager: Shutting down and abandoning module TextureFormatASTC (42)
[2015.08.08-01.40.55:902][847]LogModuleManager: Shutting down and abandoning module TextureFormatAndroid (41)
[2015.08.08-01.40.55:902][847]LogModuleManager: Shutting down and abandoning module AudioFormatOpus (40)
[2015.08.08-01.40.55:902][847]LogModuleManager: Shutting down and abandoning module AudioFormatOgg (39)
[2015.08.08-01.40.55:902][847]LogModuleManager: Shutting down and abandoning module AudioFormatADPCM (38)
[2015.08.08-01.40.55:902][847]LogModuleManager: Shutting down and abandoning module LinuxTargetPlatform (37)
[2015.08.08-01.40.55:902][847]LogModuleManager: Shutting down and abandoning module LinuxServerTargetPlatform (36)
[2015.08.08-01.40.55:902][847]LogModuleManager: Shutting down and abandoning module LinuxNoEditorTargetPlatform (35)
[2015.08.08-01.40.55:902][847]LogModuleManager: Shutting down and abandoning module Messaging (34)
[2015.08.08-01.40.55:902][847]LogModuleManager: Shutting down and abandoning module IOSTargetPlatform (33)
[2015.08.08-01.40.55:902][847]LogModuleManager: Shutting down and abandoning module HTML5TargetPlatform (32)
[2015.08.08-01.40.55:902][847]LogModuleManager: Shutting down and abandoning module Android_PVRTCTargetPlatform (31)
[2015.08.08-01.40.55:902][847]LogModuleManager: Shutting down and abandoning module Android_ETC2TargetPlatform (30)
[2015.08.08-01.40.55:902][847]LogModuleManager: Shutting down and abandoning module Android_ETC1TargetPlatform (29)
[2015.08.08-01.40.55:902][847]LogModuleManager: Shutting down and abandoning module Android_ES31TargetPlatform (28)
[2015.08.08-01.40.55:902][847]LogModuleManager: Shutting down and abandoning module Android_DXTTargetPlatform (27)
[2015.08.08-01.40.55:902][847]LogModuleManager: Shutting down and abandoning module Android_ATCTargetPlatform (26)
[2015.08.08-01.40.55:902][847]LogModuleManager: Shutting down and abandoning module AndroidTargetPlatform (25)
[2015.08.08-01.40.55:902][847]LogModuleManager: Shutting down and abandoning module WindowsTargetPlatform (24)
[2015.08.08-01.40.55:902][847]LogModuleManager: Shutting down and abandoning module WindowsServerTargetPlatform (23)
[2015.08.08-01.40.55:902][847]LogModuleManager: Shutting down and abandoning module WindowsNoEditorTargetPlatform (22)
[2015.08.08-01.40.55:902][847]LogModuleManager: Shutting down and abandoning module WindowsClientTargetPlatform (21)
[2015.08.08-01.40.55:902][847]LogModuleManager: Shutting down and abandoning module TargetPlatform (20)
[2015.08.08-01.40.55:902][847]LogModuleManager: Shutting down and abandoning module InputCore (19)
[2015.08.08-01.40.55:902][847]LogModuleManager: Shutting down and abandoning module Settings (18)
[2015.08.08-01.40.55:902][847]LogModuleManager: Shutting down and abandoning module OnlineSubsystem (16)
[2015.08.08-01.40.55:902][847]LogModuleManager: Shutting down and abandoning module OculusRift (15)
[2015.08.08-01.40.55:902][847]LogModuleManager: Shutting down and abandoning module ExampleDeviceProfileSelector (14)
[2015.08.08-01.40.55:902][847]LogModuleManager: Shutting down and abandoning module TextureCompressor (13)
[2015.08.08-01.40.55:902][847]LogModuleManager: Shutting down and abandoning module ShaderCore (12)
[2015.08.08-01.40.55:902][847]LogModuleManager: Shutting down and abandoning module Landscape (11)
[2015.08.08-01.40.55:902][847]LogModuleManager: Shutting down and abandoning module SlateRHIRenderer (10)
[2015.08.08-01.40.55:904][847]LogModuleManager: Shutting down and abandoning module OpenGLDrv (9)
[2015.08.08-01.40.55:904][847]LogModuleManager: Shutting down and abandoning module D3D11RHI (8)
[2015.08.08-01.40.55:904][847]LogModuleManager: Shutting down and abandoning module Renderer (7)
[2015.08.08-01.40.55:904][847]LogModuleManager: Shutting down and abandoning module Engine (6)
[2015.08.08-01.40.55:904][847]LogModuleManager: Shutting down and abandoning module CoreUObject (5)
[2015.08.08-01.40.55:904][847]LogModuleManager: Shutting down and abandoning module NetworkFile (4)
[2015.08.08-01.40.55:904][847]LogModuleManager: Shutting down and abandoning module StreamingFile (3)
[2015.08.08-01.40.55:904][847]LogModuleManager: Shutting down and abandoning module SandboxFile (2)
[2015.08.08-01.40.55:904][847]LogModuleManager: Shutting down and abandoning module PakFile (1)
[2015.08.08-01.40.55:904][847]LogExit: Exiting.
[2015.08.08-01.40.55:909][847]Log file closed, 08/08/15 11:40:55
