Log file open, 08/24/15 21:55:04
LogInit:Display: Running engine for game: StealthEscape
LogInit: Version: 4.7.6-2513093+++depot+UE4-Releases+4.7
LogInit: API Version: 2455222
LogInit: Compiled (64-bit): Apr 15 2015 12:09:54
LogInit: Compiled with Visual C++: 18.00.21005.01
LogInit: Build Configuration: Development
LogInit: Branch Name: ++depot+UE4-Releases+4.7
LogInit: Command line:  
LogInit: Base directory: C:/Program Files/Epic Games/4.7/Engine/Binaries/Win64/
LogInit: Rocket: 1
[2015.08.24-11.55.04:163][  0]LogTaskGraph: Started task graph with 3 named threads and 6 total threads.
[2015.08.24-11.55.04:217][  0]LogOnline:Warning: No default platform service specified for OnlineSubsystem
[2015.08.24-11.55.04:461][  0]LogInit: Presizing for 0 objects not considered by GC, pre-allocating 0 bytes.
[2015.08.24-11.55.04:471][  0]LogInit: Object subsystem initialized
[2015.08.24-11.55.04:473][  0]LogConsoleResponse:Warning: Skipping Unknown console variable: 'TranslucentSortAxis = (X=0.000000,Y=-1.000000,Z=0.000000)'
[2015.08.24-11.55.04:473][  0]LogConsoleResponse:Warning:   Found in ini file 'C:/Users/Admin/Desktop/MH/Saved/Config/Windows/Engine.ini', in section '[/Script/Engine.RendererSettings]'
[2015.08.24-11.55.04:473][  0]LogConsoleResponse:Warning: Skipping Unknown console variable: 'UIScaleRule = ShortestSide'
[2015.08.24-11.55.04:473][  0]LogConsoleResponse:Warning:   Found in ini file 'C:/Users/Admin/Desktop/MH/Saved/Config/Windows/Engine.ini', in section '[/Script/Engine.RendererSettings]'
[2015.08.24-11.55.04:473][  0]LogConsoleResponse:Warning: Skipping Unknown console variable: 'UIScaleCurve = (EditorCurveData=(Keys=),ExternalCurve=None)'
[2015.08.24-11.55.04:473][  0]LogConsoleResponse:Warning:   Found in ini file 'C:/Users/Admin/Desktop/MH/Saved/Config/Windows/Engine.ini', in section '[/Script/Engine.RendererSettings]'
[2015.08.24-11.55.04:473][  0]LogInit: Selected Device Profile: [Windows]
[2015.08.24-11.55.04:473][  0]LogInit: Applying CVar settings loaded from the selected device profile: [Windows]
[2015.08.24-11.55.04:487][  0]LogInit: Computer: I7-DESKTOP
[2015.08.24-11.55.04:487][  0]LogInit: User: Admin
[2015.08.24-11.55.04:487][  0]LogInit: CPU Page size=4096, Cores=4
[2015.08.24-11.55.04:487][  0]LogInit: High frequency timer resolution =3.515644 MHz
[2015.08.24-11.55.04:487][  0]LogMemory: Memory total: Physical=7.9GB (8GB approx) Virtual=8192.0GB
[2015.08.24-11.55.04:487][  0]LogMemory: Platform Memory Stats for Windows
[2015.08.24-11.55.04:487][  0]LogMemory: Process Physical Memory: 51.95 MB used, 51.95 MB peak
[2015.08.24-11.55.04:487][  0]LogMemory: Process Virtual Memory: 30.41 MB used, 30.41 MB peak
[2015.08.24-11.55.04:487][  0]LogMemory: Physical Memory: 4577.17 MB used, 8066.43 MB total
[2015.08.24-11.55.04:487][  0]LogMemory: Virtual Memory: 352.30 MB used, 8388608.00 MB total
[2015.08.24-11.55.14:587][  0]LogD3D11RHI: Found D3D11 adapter 0: AMD Radeon HD 6800 Series (Feature Level 11_0)
[2015.08.24-11.55.14:587][  0]LogD3D11RHI: Adapter has 1011MB of dedicated video memory, 0MB of dedicated system memory, and 3777MB of shared system memory, 1 output[s]
[2015.08.24-11.55.14:587][  0]LogD3D11RHI: Chosen D3D11 Adapter Id = 0
[2015.08.24-11.55.14:594][  0]LogRHI: Texture pool is 708 MB (70% of 1011 MB)
[2015.08.24-11.55.14:972][  0]LogD3D11RHI: Async texture creation disabled: no driver support
[2015.08.24-11.55.17:884][  0]LogTextLocalizationManager: The requested culture ('en_AU') has no localization data; parent culture's ('en') localization data will be used.
[2015.08.24-11.55.17:946][  0]LogTextLocalizationManager:Warning: Loading localization resources contain conflicting entries for (Namespace:UICommands, Key:Save_ToolTip):
Resource: (C:/Program Files/Epic Games/4.7/Engine/Content/Localization/Editor/en/Editor.locres) Hash: (-29098895) String: (Saves the current level to disk)
Resource: (C:/Program Files/Epic Games/4.7/Engine/Content/Localization/Engine/en/Engine.locres) Hash: (-1280300587) String: (Save selected data to vlog file)
[2015.08.24-11.55.17:946][  0]LogTextLocalizationManager:Warning: Loading localization resources contain conflicting entries for (Namespace:ContentBrowser, Key:ImportAssetToolTip):
Resource: (C:/Program Files/Epic Games/4.7/Engine/Content/Localization/Editor/en/Editor.locres) Hash: (-630476809) String: (Import to {0}...)
Resource: (C:/Program Files/Epic Games/4.7/Engine/Content/Localization/Editor/en/Editor.locres) Hash: (1271782899) String: (Imports an asset from file to this folder.)
[2015.08.24-11.55.18:492][  0]LogContentStreaming: Texture pool size is 0.000000MB
[2015.08.24-11.55.52:137][  0]LogTargetPlatformManager:Display: Building Assets For Windows
[2015.08.24-11.56.05:308][  0]LogTargetPlatformManager:Display: Building Assets For Windows
[2015.08.24-11.56.06:591][  0]LogDerivedDataCache:Display: Max Cache Size: 512 MB
[2015.08.24-11.56.08:882][  0]LogDerivedDataCache: Loaded boot cache 2.29s 55MB C:/Users/Admin/AppData/Local/UnrealEngine/4.7/DerivedDataCache/Boot.ddc.
[2015.08.24-11.56.08:882][  0]LogDerivedDataCache:Display: Loaded Boot cache: C:/Users/Admin/AppData/Local/UnrealEngine/4.7/DerivedDataCache/Boot.ddc
[2015.08.24-11.56.08:882][  0]LogDerivedDataCache: FDerivedDataBackendGraph:  Pak pak cache file ../../../../../../Users/Admin/Desktop/MH/DerivedDataCache/DDC.ddp not found, will not use a pak cache.
[2015.08.24-11.56.08:882][  0]LogDerivedDataCache: Unable to find inner node Pak for hierarchical cache Hierarchy.
[2015.08.24-11.56.09:134][  0]LogDerivedDataCache:Display: Pak cache opened for reading ../../../Engine/DerivedDataCache/Compressed.ddp.
[2015.08.24-11.56.09:146][  0]LogDerivedDataCache: Using Local data cache path C:/Users/Admin/AppData/Local/UnrealEngine/Common/DerivedDataCache: Writable
[2015.08.24-11.57.08:812][  0]LogMeshUtilities: No automatic mesh reduction module available
[2015.08.24-11.57.08:812][  0]LogMeshUtilities: No automatic mesh merging module available
[2015.08.24-11.57.14:038][  0]LogInit: WinSock: version 1.1 (2.2), MaxSocks=32767, MaxUdp=65467
[2015.08.24-11.57.15:084][  0]LogSlate:Warning: Failed to load font data from '../../../Engine/Content/Slate/Fonts/Roboto-Italic.ttf'
[2015.08.24-11.58.34:966][  0]UdpMessaging: Initializing bridge on interface 0.0.0.0:0 to multicast group 230.0.0.1:6666.
[2015.08.24-11.58.38:266][  0]SourceControl: Info Source control is disabled
[2015.08.24-11.58.38:266][  0]SourceControl: Info Source control is disabled
[2015.08.24-11.58.38:266][  0]SourceControl: Info Source control is disabled
[2015.08.24-11.58.38:266][  0]LogSourceControl: RunCommandInternalRaw: 'git version'
[2015.08.24-11.58.38:266][  0]LogSourceControl: RunCommandInternalRaw: ExecProcess ReturnCode=2 OutResults=''
[2015.08.24-11.58.38:278][  0]SourceControl: Info Source control is disabled
[2015.08.24-11.58.42:202][  0]LogObj: 24232 objects as part of root set at end of initial load.
[2015.08.24-11.58.42:202][  0]LogUObjectAllocator: 5137168 out of 0 bytes used by permanent object pool.
[2015.08.24-11.58.45:286][  0]LogAutomationTest:Warning: Smoke tests took > 1s to run: 1.18s
[2015.08.24-11.58.45:476][  0]LogEngine: Initializing Engine...
[2015.08.24-11.58.49:657][  0]LogInit: XAudio2 using 'Speakers (Realtek High Definition Audio)' : 2 channels at 48 kHz using 32 bits per sample (channel mask 0x3)
[2015.08.24-11.58.49:792][  0]LogInit: FAudioDevice initialized.
[2015.08.24-11.58.51:124][  0]LogAIModule: Creating AISystem for world NewWorld
[2015.08.24-11.58.51:665][  0]LogDerivedDataCache: Saved boot cache 0.05s 55MB C:/Users/Admin/AppData/Local/UnrealEngine/4.7/DerivedDataCache/Boot.ddc.
[2015.08.24-11.58.51:677][  0]LogInit: Texture streaming: Enabled
[2015.08.24-11.58.53:915][  0]LogAnalytics: Creating configured Analytics provider AnalyticsET
[2015.08.24-11.58.53:915][  0]LogAnalytics: ET APIKey = Rocket.Release. APIServer = http://et2.epicgames.com/ET2/. AppVersion = 4.7.6-2513093+++depot+UE4-Releases+4.7
[2015.08.24-11.58.53:915][  0]LogAnalytics: ET APIKey = Rocket.Release. DataRouterUploadURL = https://datarouter-public-service-gamedev.ol.epicgames.net/datarouter/api/v1/public/data. AppVersion = 4.7.6-2513093+++depot+UE4-Releases+4.7
[2015.08.24-11.58.53:915][  0]LogAnalytics: SetUserId 0b171b7540c931a0f620c8b878be6a3a|90dc462d3abe4e908c5e059bf9a6bfe2|0d6894b3-0434-4d10-9239-f3a8220f2c03
[2015.08.24-11.58.54:012][  0]LogAnalytics: AnalyticsET::StartSession [Rocket.Release]
[2015.08.24-11.58.55:012][  0]LogInit: Transaction tracking system initialized
[2015.08.24-11.58.58:835][  0]BlueprintLog: New page: Editor Load
[2015.08.24-11.58.59:638][  0]LogAssetRegistry: FAssetRegistry took 0.4156 seconds to start up
[2015.08.24-11.58.59:639][  0]LogDirectoryWatcher:Warning: Failed to begin reading directory changes for ../../../Engine/Plugins/Experimental/CharacterAI/Content/. Error: 0
[2015.08.24-11.59.03:377][  0]LogTargetPlatformManager:Display: Building Assets For Windows
[2015.08.24-11.59.03:943][  0]LogTargetPlatformManager:Display: Building Assets For Windows
[2015.08.24-11.59.08:230][  0]LogLinker:Warning: Asset '../../../Engine/Content/Tutorial/Mobile/CreatingSigningCertAndProvisionTutorial.uasset' has been saved with empty engine version. The asset will be loaded but may be incompatible.
[2015.08.24-11.59.08:361][  0]LogLinker:Warning: Can't find file '/Game/TopDownBP/TopDownOverview'
[2015.08.24-11.59.08:421][  0]LogLinker:Warning: Can't find file '/Game/TopDownBP/TopDownOverview'
[2015.08.24-11.59.08:421][  0]LogUObjectGlobals:Warning: Failed to find object 'Class /Game/TopDownBP/TopDownOverview.TopDownOverview_C'
[2015.08.24-11.59.09:268][  0]LogSlate:Warning: Failed to load font data from '../../../Engine/Content/Editor/Slate/Fonts/Roboto-Regular.ttf'
[2015.08.24-11.59.09:269][  0]LogSlate:Warning: Failed to load font data from '../../../Engine/Content/Editor/Slate/Fonts/Roboto-Bold.ttf'
[2015.08.24-11.59.09:678][  0]LogConsoleResponse:Display: 
[2015.08.24-11.59.13:729][  0]LogCook:Display: Done creating registry. It took  0.00s.
[2015.08.24-11.59.16:145][  0]SourceControl: Info Source control is disabled
[2015.08.24-11.59.16:255][  0]Cmd: MAP LOAD FILE="../../../../../../Users/Admin/Desktop/MH/Content/MuseumLevel.umap" TEMPLATE=0 SHOWPROGRESS=1 FEATURELEVEL=3
[2015.08.24-11.59.16:671][  0]LightingResults: New page: Lighting Build
[2015.08.24-11.59.17:212][  0]MapCheck: New page: Map Check
[2015.08.24-11.59.17:212][  0]LightingResults: New page: Lighting Build
[2015.08.24-11.59.18:223][  0]LogParticles: Destroying 0 GPU particle simulations for FXSystem 0x000000001B7785E0
[2015.08.24-11.59.24:763][  0]LogLinker:Warning: Asset '../../../Engine/Content/EngineMeshes/Humanoid.uasset' has been saved with empty engine version. The asset will be loaded but may be incompatible.
[2015.08.24-11.59.28:945][  0]LogLinker:Warning: Can't find file '/Game/StarterContent/Textures/T_Chair_N'
[2015.08.24-11.59.28:946][  0]LogLinker:Warning: Can't find file for asset '/Game/StarterContent/Textures/T_Chair_N' while loading ../../../../../../Users/Admin/Desktop/MH/Content/StarterContent/Props/Materials/M_Chair.uasset.
[2015.08.24-11.59.28:964][  0]LoadErrors:Error: Error /Game/StarterContent/Props/Materials/M_Chair : Can't find file for asset. /Game/StarterContent/Textures/T_Chair_N
[2015.08.24-11.59.28:965][  0]LogLinker:Warning: Can't find file '/Game/StarterContent/Textures/T_Chair_N'
[2015.08.24-11.59.28:965][  0]LogLinker:Warning: Can't find file for asset '/Game/StarterContent/Textures/T_Chair_N' while loading ../../../../../../Users/Admin/Desktop/MH/Content/StarterContent/Props/Materials/M_Chair.uasset.
[2015.08.24-11.59.28:965][  0]LoadErrors:Error: Error /Game/StarterContent/Props/Materials/M_Chair : Can't find file for asset. /Game/StarterContent/Textures/T_Chair_N
[2015.08.24-11.59.33:002][  0]LogLinker:Warning: Can't find file '/Game/StarterContent/Textures/T_Chair_N'
[2015.08.24-11.59.33:002][  0]LoadErrors: Info Failed to load /Game/StarterContent/Textures/T_Chair_N.T_Chair_N Referenced by MaterialExpressionTextureSample_3
[2015.08.24-11.59.33:003][  0]LogLinker:Warning: Can't find file for asset '/Game/StarterContent/Textures/T_Chair_N' while loading NULL.
[2015.08.24-11.59.33:003][  0]LoadErrors: Info Failed to load /Game/StarterContent/Textures/T_Chair_N.T_Chair_N Referenced by MaterialExpressionTextureSample_3
[2015.08.24-11.59.39:767][  0]LogMaterial: Missing cached shader map for material M_Chair, compiling. 
[2015.08.24-11.59.39:803][  0]LogMaterial:Warning: Failed to compile Material /Game/StarterContent/Props/Materials/M_Chair.M_Chair for platform PCD3D_SM5, Default Material will be used in game.
[2015.08.24-11.59.39:803][  0]LogMaterial:Warning: 	(Node TextureSample) TextureSample> Missing input texture
[2015.08.24-11.59.44:019][  0]LogEditorServer: Finished looking for orphan Actors (0.000 secs)
[2015.08.24-11.59.44:046][  0]LogAIModule: Creating AISystem for world MuseumLevel
[2015.08.24-11.59.44:082][  0]Cmd: MAP CHECKDEP
[2015.08.24-11.59.44:088][  0]MapCheck: New page: MuseumLevel - 25 Aug 2015 7:59:44 am
[2015.08.24-11.59.44:248][  0]MapCheck: Info Map check complete: 0 Error(s), 0 Warning(s), took 166.693ms to complete.
[2015.08.24-11.59.44:330][  0]LogFileHelpers: Loading map 'MuseumLevel' took 28.107
[2015.08.24-11.59.46:742][  0]LogCollectionManager: Loaded 0 collections in 0.001865 seconds
[2015.08.24-11.59.46:765][  0]LogContentBrowser: Native class hierarchy populated in 0.0218 seconds. Added 1696 classes and 261 folders.
[2015.08.24-11.59.46:922][  0]LogContentBrowser:Verbose: The content browser source was changed by the sources view to '/Game'
[2015.08.24-11.59.47:042][  0]LogContentBrowser: Native class hierarchy updated for 'SceneOutliner' in 0.0050 seconds. Added 1 classes and 2 folders.
[2015.08.24-11.59.48:002][  0]LogCrashTracker: Crashtracker disabled due to settings.
[2015.08.24-11.59.48:029][  0]LogSlate:Warning: Failed to load font data from 'Veranda'
[2015.08.24-11.59.48:116][  0]LogUObjectGlobals:Warning: Failed to find object 'Class None.'
[2015.08.24-11.59.48:234][  0]LogLoad: Full Startup: 314.85 seconds (BP compile: 3.74 seconds)
[2015.08.24-11.59.49:643][  0]LogRenderer:Warning: Reallocating scene render targets to support 32x32 (Frame:2).
[2015.08.24-11.59.50:863][  0]LogRenderer:Warning: Reallocating scene render targets to support 1208x552 (Frame:14).
[2015.08.24-11.59.52:418][  5]LogAssetRegistry: Asset discovery search completed in 53.1955 seconds
[2015.08.24-12.00.17:686][240]BlueprintLog: New page: Pre-PIE auto-recompile
[2015.08.24-12.00.17:686][240]LogPlayLevel: [PIE] Compiling MuseumLevel before PIE...
[2015.08.24-12.00.18:329][240]LogActorComponent: UnregisterComponent: (/Engine/Transient.CharMoveComp) Not registered. Aborting.
[2015.08.24-12.00.18:329][240]LogActorComponent: UnregisterComponent: (/Engine/Transient.PawnSensingComponent_0) Not registered. Aborting.
[2015.08.24-12.00.18:329][240]LogActorComponent: UnregisterComponent: (/Engine/Transient.CharacterMovementComponent_0) Not registered. Aborting.
[2015.08.24-12.00.18:329][240]LogActorComponent: UnregisterComponent: (/Engine/Transient.PawnSensingComponent_1) Not registered. Aborting.
[2015.08.24-12.00.18:461][240]LogPlayLevel: PIE:  Blueprint regeneration took 774 ms (1 blueprints)
[2015.08.24-12.00.18:461][240]PIE: New page: PIE session: MuseumLevel (25 Aug 2015 8:00:18 am)
[2015.08.24-12.00.18:594][240]LogBlueprint:Warning: FMemberReference::ResolveMember (K2_GetActorLocation) bSelfContext == true, but no scope supplied!
[2015.08.24-12.00.18:594][240]LogBlueprint:Warning: FMemberReference::ResolveMember (K2_GetActorLocation) bSelfContext == true, but no scope supplied!
[2015.08.24-12.00.18:595][240]LogBlueprint:Warning: FMemberReference::ResolveMember (K2_GetActorLocation) bSelfContext == true, but no scope supplied!
[2015.08.24-12.00.18:595][240]LogBlueprint:Warning: FMemberReference::ResolveMember (K2_GetActorLocation) bSelfContext == true, but no scope supplied!
[2015.08.24-12.00.18:595][240]LogBlueprint:Warning: FMemberReference::ResolveMember (K2_GetActorLocation) bSelfContext == true, but no scope supplied!
[2015.08.24-12.00.18:595][240]LogBlueprint:Warning: FMemberReference::ResolveMember (K2_GetActorLocation) bSelfContext == true, but no scope supplied!
[2015.08.24-12.00.18:595][240]LogBlueprint:Warning: FMemberReference::ResolveMember (K2_GetActorLocation) bSelfContext == true, but no scope supplied!
[2015.08.24-12.00.18:595][240]LogBlueprint:Warning: FMemberReference::ResolveMember (K2_GetActorLocation) bSelfContext == true, but no scope supplied!
[2015.08.24-12.00.18:596][240]LogBlueprint:Warning: FMemberReference::ResolveMember (K2_GetActorLocation) bSelfContext == true, but no scope supplied!
[2015.08.24-12.00.18:596][240]LogBlueprint:Warning: FMemberReference::ResolveMember (K2_GetActorLocation) bSelfContext == true, but no scope supplied!
[2015.08.24-12.00.18:596][240]LogBlueprint:Warning: FMemberReference::ResolveMember (K2_GetActorLocation) bSelfContext == true, but no scope supplied!
[2015.08.24-12.00.18:596][240]LogBlueprint:Warning: FMemberReference::ResolveMember (K2_GetActorLocation) bSelfContext == true, but no scope supplied!
[2015.08.24-12.00.18:597][240]LogBlueprint:Warning: FMemberReference::ResolveMember (K2_GetActorLocation) bSelfContext == true, but no scope supplied!
[2015.08.24-12.00.18:597][240]LogBlueprint:Warning: FMemberReference::ResolveMember (K2_GetActorLocation) bSelfContext == true, but no scope supplied!
[2015.08.24-12.00.18:597][240]LogBlueprint:Warning: FMemberReference::ResolveMember (K2_GetActorLocation) bSelfContext == true, but no scope supplied!
[2015.08.24-12.00.18:597][240]LogBlueprint:Warning: FMemberReference::ResolveMember (K2_GetActorLocation) bSelfContext == true, but no scope supplied!
[2015.08.24-12.00.18:598][240]LogBlueprint:Warning: FMemberReference::ResolveMember (K2_GetActorLocation) bSelfContext == true, but no scope supplied!
[2015.08.24-12.00.18:598][240]LogBlueprint:Warning: FMemberReference::ResolveMember (K2_GetActorLocation) bSelfContext == true, but no scope supplied!
[2015.08.24-12.00.18:598][240]LogBlueprint:Warning: FMemberReference::ResolveMember (K2_GetActorLocation) bSelfContext == true, but no scope supplied!
[2015.08.24-12.00.18:598][240]LogBlueprint:Warning: FMemberReference::ResolveMember (K2_GetActorLocation) bSelfContext == true, but no scope supplied!
[2015.08.24-12.00.18:598][240]LogBlueprint:Warning: FMemberReference::ResolveMember (K2_GetActorLocation) bSelfContext == true, but no scope supplied!
[2015.08.24-12.00.18:598][240]LogBlueprint:Warning: FMemberReference::ResolveMember (K2_GetActorLocation) bSelfContext == true, but no scope supplied!
[2015.08.24-12.00.18:598][240]LogBlueprint:Warning: FMemberReference::ResolveMember (K2_GetActorLocation) bSelfContext == true, but no scope supplied!
[2015.08.24-12.00.18:598][240]LogBlueprint:Warning: FMemberReference::ResolveMember (K2_GetActorLocation) bSelfContext == true, but no scope supplied!
[2015.08.24-12.00.18:599][240]LogBlueprint:Warning: FMemberReference::ResolveMember (K2_GetActorLocation) bSelfContext == true, but no scope supplied!
[2015.08.24-12.00.18:599][240]LogBlueprint:Warning: FMemberReference::ResolveMember (K2_GetActorLocation) bSelfContext == true, but no scope supplied!
[2015.08.24-12.00.18:600][240]LogBlueprint:Warning: FMemberReference::ResolveMember (K2_GetActorLocation) bSelfContext == true, but no scope supplied!
[2015.08.24-12.00.18:600][240]LogBlueprint:Warning: FMemberReference::ResolveMember (K2_GetActorLocation) bSelfContext == true, but no scope supplied!
[2015.08.24-12.00.18:600][240]LogBlueprint:Warning: FMemberReference::ResolveMember (K2_GetActorLocation) bSelfContext == true, but no scope supplied!
[2015.08.24-12.00.18:600][240]LogBlueprint:Warning: FMemberReference::ResolveMember (K2_GetActorLocation) bSelfContext == true, but no scope supplied!
[2015.08.24-12.00.18:600][240]LogBlueprint:Warning: FMemberReference::ResolveMember (K2_GetActorLocation) bSelfContext == true, but no scope supplied!
[2015.08.24-12.00.18:600][240]LogBlueprint:Warning: FMemberReference::ResolveMember (K2_GetActorLocation) bSelfContext == true, but no scope supplied!
[2015.08.24-12.00.18:600][240]LogBlueprint:Warning: FMemberReference::ResolveMember (K2_GetActorLocation) bSelfContext == true, but no scope supplied!
[2015.08.24-12.00.18:600][240]LogBlueprint:Warning: FMemberReference::ResolveMember (K2_GetActorLocation) bSelfContext == true, but no scope supplied!
[2015.08.24-12.00.18:601][240]LogBlueprint:Warning: FMemberReference::ResolveMember (K2_GetActorLocation) bSelfContext == true, but no scope supplied!
[2015.08.24-12.00.18:601][240]LogBlueprint:Warning: FMemberReference::ResolveMember (K2_GetActorLocation) bSelfContext == true, but no scope supplied!
[2015.08.24-12.00.18:601][240]LogBlueprint:Warning: FMemberReference::ResolveMember (K2_GetActorLocation) bSelfContext == true, but no scope supplied!
[2015.08.24-12.00.18:601][240]LogBlueprint:Warning: FMemberReference::ResolveMember (K2_GetActorLocation) bSelfContext == true, but no scope supplied!
[2015.08.24-12.00.18:602][240]LogBlueprint:Warning: FMemberReference::ResolveMember (K2_GetActorLocation) bSelfContext == true, but no scope supplied!
[2015.08.24-12.00.18:602][240]LogBlueprint:Warning: FMemberReference::ResolveMember (K2_GetActorLocation) bSelfContext == true, but no scope supplied!
[2015.08.24-12.00.18:602][240]LogBlueprint:Warning: FMemberReference::ResolveMember (K2_GetActorLocation) bSelfContext == true, but no scope supplied!
[2015.08.24-12.00.18:602][240]LogBlueprint:Warning: FMemberReference::ResolveMember (K2_GetActorLocation) bSelfContext == true, but no scope supplied!
[2015.08.24-12.00.18:602][240]LogBlueprint:Warning: FMemberReference::ResolveMember (K2_GetActorLocation) bSelfContext == true, but no scope supplied!
[2015.08.24-12.00.18:602][240]LogBlueprint:Warning: FMemberReference::ResolveMember (K2_GetActorLocation) bSelfContext == true, but no scope supplied!
[2015.08.24-12.00.18:603][240]LogBlueprint:Warning: FMemberReference::ResolveMember (K2_GetActorLocation) bSelfContext == true, but no scope supplied!
[2015.08.24-12.00.18:603][240]LogBlueprint:Warning: FMemberReference::ResolveMember (K2_GetActorLocation) bSelfContext == true, but no scope supplied!
[2015.08.24-12.00.18:603][240]LogBlueprint:Warning: FMemberReference::ResolveMember (K2_GetActorLocation) bSelfContext == true, but no scope supplied!
[2015.08.24-12.00.18:603][240]LogBlueprint:Warning: FMemberReference::ResolveMember (K2_GetActorLocation) bSelfContext == true, but no scope supplied!
[2015.08.24-12.00.18:604][240]LogBlueprint:Warning: FMemberReference::ResolveMember (K2_GetActorLocation) bSelfContext == true, but no scope supplied!
[2015.08.24-12.00.18:604][240]LogBlueprint:Warning: FMemberReference::ResolveMember (K2_GetActorLocation) bSelfContext == true, but no scope supplied!
[2015.08.24-12.00.18:604][240]LogBlueprint:Warning: FMemberReference::ResolveMember (K2_GetActorLocation) bSelfContext == true, but no scope supplied!
[2015.08.24-12.00.18:604][240]LogBlueprint:Warning: FMemberReference::ResolveMember (K2_GetActorLocation) bSelfContext == true, but no scope supplied!
[2015.08.24-12.00.18:604][240]LogBlueprint:Warning: FMemberReference::ResolveMember (K2_GetActorLocation) bSelfContext == true, but no scope supplied!
[2015.08.24-12.00.18:604][240]LogBlueprint:Warning: FMemberReference::ResolveMember (K2_GetActorLocation) bSelfContext == true, but no scope supplied!
[2015.08.24-12.00.18:605][240]LogBlueprint:Warning: FMemberReference::ResolveMember (K2_GetActorLocation) bSelfContext == true, but no scope supplied!
[2015.08.24-12.00.18:605][240]LogBlueprint:Warning: FMemberReference::ResolveMember (K2_GetActorLocation) bSelfContext == true, but no scope supplied!
[2015.08.24-12.00.18:605][240]LogBlueprint:Warning: FMemberReference::ResolveMember (K2_GetActorLocation) bSelfContext == true, but no scope supplied!
[2015.08.24-12.00.18:605][240]LogBlueprint:Warning: FMemberReference::ResolveMember (K2_GetActorLocation) bSelfContext == true, but no scope supplied!
[2015.08.24-12.00.18:605][240]LogBlueprint:Warning: FMemberReference::ResolveMember (K2_GetActorLocation) bSelfContext == true, but no scope supplied!
[2015.08.24-12.00.18:605][240]LogBlueprint:Warning: FMemberReference::ResolveMember (K2_GetActorLocation) bSelfContext == true, but no scope supplied!
[2015.08.24-12.00.18:606][240]LogBlueprint:Warning: FMemberReference::ResolveMember (K2_GetActorLocation) bSelfContext == true, but no scope supplied!
[2015.08.24-12.00.18:606][240]LogBlueprint:Warning: FMemberReference::ResolveMember (K2_GetActorLocation) bSelfContext == true, but no scope supplied!
[2015.08.24-12.00.18:606][240]LogBlueprint:Warning: FMemberReference::ResolveMember (K2_GetActorLocation) bSelfContext == true, but no scope supplied!
[2015.08.24-12.00.18:606][240]LogBlueprint:Warning: FMemberReference::ResolveMember (K2_GetActorLocation) bSelfContext == true, but no scope supplied!
[2015.08.24-12.00.18:607][240]LogBlueprint:Warning: FMemberReference::ResolveMember (K2_GetActorLocation) bSelfContext == true, but no scope supplied!
[2015.08.24-12.00.18:607][240]LogBlueprint:Warning: FMemberReference::ResolveMember (K2_GetActorLocation) bSelfContext == true, but no scope supplied!
[2015.08.24-12.00.18:607][240]LogBlueprint:Warning: FMemberReference::ResolveMember (K2_GetActorLocation) bSelfContext == true, but no scope supplied!
[2015.08.24-12.00.18:607][240]LogBlueprint:Warning: FMemberReference::ResolveMember (K2_GetActorLocation) bSelfContext == true, but no scope supplied!
[2015.08.24-12.00.18:608][240]LogBlueprint:Warning: FMemberReference::ResolveMember (K2_GetActorLocation) bSelfContext == true, but no scope supplied!
[2015.08.24-12.00.18:608][240]LogBlueprint:Warning: FMemberReference::ResolveMember (K2_GetActorLocation) bSelfContext == true, but no scope supplied!
[2015.08.24-12.00.18:608][240]LogBlueprint:Warning: FMemberReference::ResolveMember (K2_GetActorLocation) bSelfContext == true, but no scope supplied!
[2015.08.24-12.00.18:608][240]LogBlueprint:Warning: FMemberReference::ResolveMember (K2_GetActorLocation) bSelfContext == true, but no scope supplied!
[2015.08.24-12.00.18:609][240]LogBlueprint:Warning: FMemberReference::ResolveMember (K2_GetActorLocation) bSelfContext == true, but no scope supplied!
[2015.08.24-12.00.18:609][240]LogBlueprint:Warning: FMemberReference::ResolveMember (K2_GetActorLocation) bSelfContext == true, but no scope supplied!
[2015.08.24-12.00.18:609][240]LogBlueprint:Warning: FMemberReference::ResolveMember (K2_GetActorLocation) bSelfContext == true, but no scope supplied!
[2015.08.24-12.00.18:609][240]LogBlueprint:Warning: FMemberReference::ResolveMember (K2_GetActorLocation) bSelfContext == true, but no scope supplied!
[2015.08.24-12.00.18:610][240]LogBlueprint:Warning: FMemberReference::ResolveMember (K2_GetActorLocation) bSelfContext == true, but no scope supplied!
[2015.08.24-12.00.18:610][240]LogBlueprint:Warning: FMemberReference::ResolveMember (K2_GetActorLocation) bSelfContext == true, but no scope supplied!
[2015.08.24-12.00.18:610][240]LogBlueprint:Warning: FMemberReference::ResolveMember (K2_GetActorLocation) bSelfContext == true, but no scope supplied!
[2015.08.24-12.00.18:610][240]LogBlueprint:Warning: FMemberReference::ResolveMember (K2_GetActorLocation) bSelfContext == true, but no scope supplied!
[2015.08.24-12.00.18:610][240]LogBlueprint:Warning: FMemberReference::ResolveMember (K2_GetActorLocation) bSelfContext == true, but no scope supplied!
[2015.08.24-12.00.18:610][240]LogBlueprint:Warning: FMemberReference::ResolveMember (K2_GetActorLocation) bSelfContext == true, but no scope supplied!
[2015.08.24-12.00.18:611][240]LogBlueprint:Warning: FMemberReference::ResolveMember (K2_GetActorLocation) bSelfContext == true, but no scope supplied!
[2015.08.24-12.00.18:611][240]LogBlueprint:Warning: FMemberReference::ResolveMember (K2_GetActorLocation) bSelfContext == true, but no scope supplied!
[2015.08.24-12.00.18:611][240]LogBlueprint:Warning: FMemberReference::ResolveMember (K2_GetActorLocation) bSelfContext == true, but no scope supplied!
[2015.08.24-12.00.18:611][240]LogBlueprint:Warning: FMemberReference::ResolveMember (K2_GetActorLocation) bSelfContext == true, but no scope supplied!
[2015.08.24-12.00.18:612][240]LogBlueprint:Warning: FMemberReference::ResolveMember (K2_GetActorLocation) bSelfContext == true, but no scope supplied!
[2015.08.24-12.00.18:612][240]LogBlueprint:Warning: FMemberReference::ResolveMember (K2_GetActorLocation) bSelfContext == true, but no scope supplied!
[2015.08.24-12.00.18:612][240]LogBlueprint:Warning: FMemberReference::ResolveMember (K2_GetActorLocation) bSelfContext == true, but no scope supplied!
[2015.08.24-12.00.18:612][240]LogBlueprint:Warning: FMemberReference::ResolveMember (K2_GetActorLocation) bSelfContext == true, but no scope supplied!
[2015.08.24-12.00.18:613][240]LogBlueprint:Warning: FMemberReference::ResolveMember (K2_GetActorLocation) bSelfContext == true, but no scope supplied!
[2015.08.24-12.00.18:613][240]LogBlueprint:Warning: FMemberReference::ResolveMember (K2_GetActorLocation) bSelfContext == true, but no scope supplied!
[2015.08.24-12.00.18:616][240]LogBlueprint:Warning: FMemberReference::ResolveMember (CustomEvent_0) bSelfContext == true, but no scope supplied!
[2015.08.24-12.00.18:616][240]LogBlueprint:Warning: FMemberReference::ResolveMember (CustomEvent_0) bSelfContext == true, but no scope supplied!
[2015.08.24-12.00.18:616][240]LogBlueprint:Warning: FMemberReference::ResolveMember (CustomEvent_1) bSelfContext == true, but no scope supplied!
[2015.08.24-12.00.18:616][240]LogBlueprint:Warning: FMemberReference::ResolveMember (CustomEvent_1) bSelfContext == true, but no scope supplied!
[2015.08.24-12.00.18:617][240]LogBlueprint:Warning: FMemberReference::ResolveMember (CustomEvent_2) bSelfContext == true, but no scope supplied!
[2015.08.24-12.00.18:617][240]LogBlueprint:Warning: FMemberReference::ResolveMember (CustomEvent_2) bSelfContext == true, but no scope supplied!
[2015.08.24-12.00.18:617][240]LogBlueprint:Warning: FMemberReference::ResolveMember (CustomEvent_3) bSelfContext == true, but no scope supplied!
[2015.08.24-12.00.18:617][240]LogBlueprint:Warning: FMemberReference::ResolveMember (CustomEvent_3) bSelfContext == true, but no scope supplied!
[2015.08.24-12.00.18:618][240]LogBlueprint:Warning: FMemberReference::ResolveMember (CustomEvent_4) bSelfContext == true, but no scope supplied!
[2015.08.24-12.00.18:618][240]LogBlueprint:Warning: FMemberReference::ResolveMember (CustomEvent_4) bSelfContext == true, but no scope supplied!
[2015.08.24-12.00.18:618][240]LogBlueprint:Warning: FMemberReference::ResolveMember (CustomEvent_5) bSelfContext == true, but no scope supplied!
[2015.08.24-12.00.18:618][240]LogBlueprint:Warning: FMemberReference::ResolveMember (CustomEvent_5) bSelfContext == true, but no scope supplied!
[2015.08.24-12.00.18:618][240]LogBlueprint:Warning: FMemberReference::ResolveMember (CustomEvent_6) bSelfContext == true, but no scope supplied!
[2015.08.24-12.00.18:618][240]LogBlueprint:Warning: FMemberReference::ResolveMember (CustomEvent_6) bSelfContext == true, but no scope supplied!
[2015.08.24-12.00.18:618][240]LogBlueprint:Warning: FMemberReference::ResolveMember (CustomEvent_7) bSelfContext == true, but no scope supplied!
[2015.08.24-12.00.18:618][240]LogBlueprint:Warning: FMemberReference::ResolveMember (CustomEvent_7) bSelfContext == true, but no scope supplied!
[2015.08.24-12.00.18:618][240]LogBlueprint:Warning: FMemberReference::ResolveMember (CustomEvent_8) bSelfContext == true, but no scope supplied!
[2015.08.24-12.00.18:618][240]LogBlueprint:Warning: FMemberReference::ResolveMember (CustomEvent_8) bSelfContext == true, but no scope supplied!
[2015.08.24-12.00.18:618][240]LogBlueprint:Warning: FMemberReference::ResolveMember (CustomEvent_9) bSelfContext == true, but no scope supplied!
[2015.08.24-12.00.18:618][240]LogBlueprint:Warning: FMemberReference::ResolveMember (CustomEvent_9) bSelfContext == true, but no scope supplied!
[2015.08.24-12.00.18:618][240]LogBlueprint:Warning: FMemberReference::ResolveMember (CustomEvent_10) bSelfContext == true, but no scope supplied!
[2015.08.24-12.00.18:618][240]LogBlueprint:Warning: FMemberReference::ResolveMember (CustomEvent_10) bSelfContext == true, but no scope supplied!
[2015.08.24-12.00.18:618][240]LogBlueprint:Warning: FMemberReference::ResolveMember (CustomEvent_11) bSelfContext == true, but no scope supplied!
[2015.08.24-12.00.18:618][240]LogBlueprint:Warning: FMemberReference::ResolveMember (CustomEvent_11) bSelfContext == true, but no scope supplied!
[2015.08.24-12.00.18:619][240]LogBlueprint:Warning: FMemberReference::ResolveMember (CustomEvent_12) bSelfContext == true, but no scope supplied!
[2015.08.24-12.00.18:619][240]LogBlueprint:Warning: FMemberReference::ResolveMember (CustomEvent_12) bSelfContext == true, but no scope supplied!
[2015.08.24-12.00.18:619][240]LogBlueprint:Warning: FMemberReference::ResolveMember (CustomEvent_13) bSelfContext == true, but no scope supplied!
[2015.08.24-12.00.18:619][240]LogBlueprint:Warning: FMemberReference::ResolveMember (CustomEvent_13) bSelfContext == true, but no scope supplied!
[2015.08.24-12.00.18:621][240]LogBlueprint:Warning: FMemberReference::ResolveMember (K2_GetActorLocation) bSelfContext == true, but no scope supplied!
[2015.08.24-12.00.18:621][240]LogBlueprint:Warning: FMemberReference::ResolveMember (K2_GetActorLocation) bSelfContext == true, but no scope supplied!
[2015.08.24-12.00.18:621][240]LogBlueprint:Warning: FMemberReference::ResolveMember (K2_GetActorLocation) bSelfContext == true, but no scope supplied!
[2015.08.24-12.00.18:621][240]LogBlueprint:Warning: FMemberReference::ResolveMember (K2_GetActorLocation) bSelfContext == true, but no scope supplied!
[2015.08.24-12.00.18:622][240]LogBlueprint:Warning: FMemberReference::ResolveMember (K2_GetActorLocation) bSelfContext == true, but no scope supplied!
[2015.08.24-12.00.18:622][240]LogBlueprint:Warning: FMemberReference::ResolveMember (K2_GetActorLocation) bSelfContext == true, but no scope supplied!
[2015.08.24-12.00.18:622][240]LogBlueprint:Warning: FMemberReference::ResolveMember (K2_GetActorLocation) bSelfContext == true, but no scope supplied!
[2015.08.24-12.00.18:622][240]LogBlueprint:Warning: FMemberReference::ResolveMember (K2_GetActorLocation) bSelfContext == true, but no scope supplied!
[2015.08.24-12.00.18:622][240]LogBlueprint:Warning: FMemberReference::ResolveMember (CustomEvent_7_Copy) bSelfContext == true, but no scope supplied!
[2015.08.24-12.00.18:622][240]LogBlueprint:Warning: FMemberReference::ResolveMember (CustomEvent_7_Copy) bSelfContext == true, but no scope supplied!
[2015.08.24-12.00.18:624][240]LogBlueprint:Warning: FMemberReference::ResolveMember (K2_GetActorLocation) bSelfContext == true, but no scope supplied!
[2015.08.24-12.00.18:624][240]LogBlueprint:Warning: FMemberReference::ResolveMember (K2_GetActorLocation) bSelfContext == true, but no scope supplied!
[2015.08.24-12.00.18:624][240]LogBlueprint:Warning: FMemberReference::ResolveMember (K2_GetActorLocation) bSelfContext == true, but no scope supplied!
[2015.08.24-12.00.18:624][240]LogBlueprint:Warning: FMemberReference::ResolveMember (K2_GetActorLocation) bSelfContext == true, but no scope supplied!
[2015.08.24-12.00.18:624][240]LogBlueprint:Warning: FMemberReference::ResolveMember (K2_GetActorLocation) bSelfContext == true, but no scope supplied!
[2015.08.24-12.00.18:624][240]LogBlueprint:Warning: FMemberReference::ResolveMember (K2_GetActorLocation) bSelfContext == true, but no scope supplied!
[2015.08.24-12.00.18:625][240]LogBlueprint:Warning: FMemberReference::ResolveMember (K2_GetActorLocation) bSelfContext == true, but no scope supplied!
[2015.08.24-12.00.18:625][240]LogBlueprint:Warning: FMemberReference::ResolveMember (K2_GetActorLocation) bSelfContext == true, but no scope supplied!
[2015.08.24-12.00.18:625][240]LogBlueprint:Warning: FMemberReference::ResolveMember (CustomEvent_14) bSelfContext == true, but no scope supplied!
[2015.08.24-12.00.18:625][240]LogBlueprint:Warning: FMemberReference::ResolveMember (CustomEvent_14) bSelfContext == true, but no scope supplied!
[2015.08.24-12.00.18:674][240]LogPlayLevel: PIE: StaticDuplicateObject took: (0.211952s)
[2015.08.24-12.00.18:674][240]LogPlayLevel: PIE: World Init took: (0.000500s)
[2015.08.24-12.00.18:674][240]LogPlayLevel: PIE: Created PIE world by copying editor world from /Game/MuseumLevel.MuseumLevel to /Game/UEDPIE_0_MuseumLevel.MuseumLevel (0.212686s)
[2015.08.24-12.00.19:029][240]LogWorld: Game class is 'FirstPersonGameMode_C'
[2015.08.24-12.00.19:048][240]LogAIModule: Creating AISystem for world MuseumLevel
[2015.08.24-12.00.19:115][240]LogWorld:Warning: *** WARNING - PATHS MAY NOT BE VALID ***
[2015.08.24-12.00.19:115][240]LogWorld: Bringing World /Game/UEDPIE_0_MuseumLevel.MuseumLevel up for play (max tick rate 0) at 2015.08.24-22.00.19
[2015.08.24-12.00.19:448][240]LogWorld: Bringing up level for play took: 0.399873
[2015.08.24-12.00.19:616][240]PIE: Info Play in editor start time for /Game/UEDPIE_0_MuseumLevel 1.575
[2015.08.24-12.00.31:154][  8]LogPackageName: SearchForPackageOnDisk took   0.073s to resolve GOPage.umap
[2015.08.24-12.00.31:258][  9]LogPackageName: SearchForPackageOnDisk took   0.069s to resolve GOPage.umap
[2015.08.24-12.00.31:258][  9]LogNet: Browse: /Game/GOPage
[2015.08.24-12.00.31:258][  9]LogLoad: LoadMap: /Game/GOPage
[2015.08.24-12.00.31:382][  9]LogParticles: Destroying 0 GPU particle simulations for FXSystem 0x0000000021B2D800
[2015.08.24-12.00.31:383][  9]Cmd: MEM
[2015.08.24-12.00.31:439][  9]LogMemory: Platform Memory Stats for Windows
[2015.08.24-12.00.31:439][  9]LogMemory: Process Physical Memory: 601.01 MB used, 616.56 MB peak
[2015.08.24-12.00.31:439][  9]LogMemory: Process Virtual Memory: 509.58 MB used, 524.04 MB peak
[2015.08.24-12.00.31:439][  9]LogMemory: Physical Memory: 5506.10 MB used, 8066.43 MB total
[2015.08.24-12.00.31:439][  9]LogMemory: Virtual Memory: 1116.57 MB used, 8388608.00 MB total
[2015.08.24-12.00.31:439][  9]LogMemory: 
[2015.08.24-12.00.31:439][  9]Allocator Stats for TBB: (not implemented)
[2015.08.24-12.00.33:535][  9]LogLinker:Warning: Asset '../../../Engine/Content/EngineMeshes/Humanoid.uasset' has been saved with empty engine version. The asset will be loaded but may be incompatible.
[2015.08.24-12.00.33:607][  9]LogWorld: Game class is 'FirstPersonGameMode_C'
[2015.08.24-12.00.33:621][  9]LogAIModule: Creating AISystem for world GOPage
[2015.08.24-12.00.33:622][  9]LogWorld: Bringing World /Game/UEDPIE_0_GOPage.GOPage up for play (max tick rate 0) at 2015.08.24-22.00.33
[2015.08.24-12.00.33:622][  9]LogWorld: Bringing up level for play took: 0.001123
[2015.08.24-12.00.33:623][  9]LogGameMode: Warning - PATHS NOT DEFINED or NO PLAYERSTART with positive rating
[2015.08.24-12.00.33:646][  9]LogScript:Warning: Accessed None 'MyCharacter'
	HUD_C /Engine/Transient.UnrealEdEngine_0:GameInstance_0.HUD_C_0
	Function /Game/HUD.HUD_C:GetText_0:0036
[2015.08.24-12.00.33:811][ 10]LogParticles: Destroying 0 GPU particle simulations for FXSystem 0x0000000027ED28E0
[2015.08.24-12.00.39:922][266]Cmd: QUIT_EDITOR
[2015.08.24-12.00.40:382][266]LogExit: Preparing to exit.
[2015.08.24-12.00.41:258][266]LogExit: Editor shut down
[2015.08.24-12.00.41:258][266]LogExit: Transaction tracking system shut down
[2015.08.24-12.00.41:261][266]LogParticles: Destroying 0 GPU particle simulations for FXSystem 0x000000001E4534C0
[2015.08.24-12.00.41:262][266]LogParticles: Destroying 0 GPU particle simulations for FXSystem 0x0000000021B23A60
[2015.08.24-12.00.41:647][266]LogParticles: Destroying 0 GPU particle simulations for FXSystem 0x0000000022AA09A0
[2015.08.24-12.00.41:647][266]LogParticles: Destroying 0 GPU particle simulations for FXSystem 0x0000000024CCB600
[2015.08.24-12.00.41:647][266]LogExit: Object subsystem successfully closed.
[2015.08.24-12.00.41:962][266]LogModuleManager: Shutting down and abandoning module CrashTracker (177)
[2015.08.24-12.00.41:962][266]LogModuleManager: Shutting down and abandoning module SuperSearch (176)
[2015.08.24-12.00.41:962][266]LogModuleManager: Shutting down and abandoning module SceneOutliner (175)
[2015.08.24-12.00.41:962][266]LogModuleManager: Shutting down and abandoning module EditorWidgets (174)
[2015.08.24-12.00.41:962][266]LogModuleManager: Shutting down and abandoning module CollectionManager (173)
[2015.08.24-12.00.41:982][266]LogModuleManager: Shutting down and abandoning module StatsViewer (172)
[2015.08.24-12.00.41:993][266]LogModuleManager: Shutting down and abandoning module FoliageEdit (171)
[2015.08.24-12.00.41:993][266]LogModuleManager: Shutting down and abandoning module LandscapeEditor (170)
[2015.08.24-12.00.42:001][266]LogModuleManager: Shutting down and abandoning module MeshPaint (169)
[2015.08.24-12.00.42:001][266]LogModuleManager: Shutting down and abandoning module ActorPickerMode (168)
[2015.08.24-12.00.42:001][266]LogModuleManager: Shutting down and abandoning module GeometryMode (167)
[2015.08.24-12.00.42:001][266]LogModuleManager: Shutting down and abandoning module TextureAlignMode (166)
[2015.08.24-12.00.42:001][266]LogModuleManager: Shutting down and abandoning module BspMode (165)
[2015.08.24-12.00.42:001][266]LogModuleManager: Shutting down and abandoning module PlacementMode (164)
[2015.08.24-12.00.42:001][266]LogModuleManager: Shutting down and abandoning module AutomationWorker (163)
[2015.08.24-12.00.42:001][266]LogModuleManager: Shutting down and abandoning module CharacterAI (162)
[2015.08.24-12.00.42:001][266]LogModuleManager: Shutting down and abandoning module SmartSnapping (161)
[2015.08.24-12.00.42:001][266]LogModuleManager: Shutting down and abandoning module ViewportSnapping (160)
[2015.08.24-12.00.42:001][266]LogModuleManager: Shutting down and abandoning module LogVisualizer (159)
[2015.08.24-12.00.42:012][266]LogModuleManager: Shutting down and abandoning module GameProjectGeneration (158)
[2015.08.24-12.00.42:019][266]LogModuleManager: Shutting down and abandoning module IntroTutorials (157)
[2015.08.24-12.00.42:028][266]LogModuleManager: Shutting down and abandoning module EditorLiveStreaming (156)
[2015.08.24-12.00.42:028][266]LogModuleManager: Shutting down and abandoning module HardwareTargeting (155)
[2015.08.24-12.00.42:028][266]LogModuleManager: Shutting down and abandoning module DeviceProfileEditor (154)
[2015.08.24-12.00.42:028][266]LogModuleManager: Shutting down and abandoning module UndoHistory (153)
[2015.08.24-12.00.42:028][266]LogModuleManager: Shutting down and abandoning module GameplayTagsEditor (152)
[2015.08.24-12.00.42:028][266]LogModuleManager: Shutting down and abandoning module UserFeedback (151)
[2015.08.24-12.00.42:028][266]LogModuleManager: Shutting down and abandoning module XmlParser (150)
[2015.08.24-12.00.42:028][266]LogModuleManager: Shutting down and abandoning module Blutility (149)
[2015.08.24-12.00.42:028][266]LogModuleManager: Shutting down and abandoning module IOSPlatformEditor (148)
[2015.08.24-12.00.42:028][266]LogModuleManager: Shutting down and abandoning module IOSRuntimeSettings (147)
[2015.08.24-12.00.42:028][266]LogModuleManager: Shutting down and abandoning module AndroidDeviceDetection (146)
[2015.08.24-12.00.42:139][266]LogModuleManager: Shutting down and abandoning module AndroidPlatformEditor (145)
[2015.08.24-12.00.42:139][266]LogModuleManager: Shutting down and abandoning module AndroidRuntimeSettings (144)
[2015.08.24-12.00.42:139][266]LogModuleManager: Shutting down and abandoning module ProjectTargetPlatformEditor (143)
[2015.08.24-12.00.42:139][266]LogModuleManager: Shutting down and abandoning module ProjectSettingsViewer (142)
[2015.08.24-12.00.42:139][266]LogModuleManager: Shutting down and abandoning module InputBindingEditor (141)
[2015.08.24-12.00.42:168][266]LogModuleManager: Shutting down and abandoning module EditorSettingsViewer (140)
[2015.08.24-12.00.42:169][266]LogModuleManager: Shutting down and abandoning module SettingsEditor (139)
[2015.08.24-12.00.42:172][266]LogModuleManager: Shutting down and abandoning module ProjectLauncher (138)
[2015.08.24-12.00.42:172][266]LogModuleManager: Shutting down and abandoning module SessionFrontend (137)
[2015.08.24-12.00.42:172][266]LogModuleManager: Shutting down and abandoning module ProfilerClient (136)
[2015.08.24-12.00.42:175][266]LogModuleManager: Shutting down and abandoning module TargetDeviceServices (135)
[2015.08.24-12.00.42:175][266]LogModuleManager: Shutting down and abandoning module DeviceManager (134)
[2015.08.24-12.00.42:175][266]LogModuleManager: Shutting down and abandoning module AutomationController (133)
[2015.08.24-12.00.42:175][266]LogModuleManager: Shutting down and abandoning module AutomationWindow (132)
[2015.08.24-12.00.42:185][266]LogModuleManager: Shutting down and abandoning module Layers (131)
[2015.08.24-12.00.42:198][266]LogModuleManager: Shutting down and abandoning module ComponentVisualizers (130)
[2015.08.24-12.00.42:198][266]LogModuleManager: Shutting down and abandoning module DetailCustomizations (129)
[2015.08.24-12.00.42:198][266]LogModuleManager: Shutting down and abandoning module PackagesDialog (128)
[2015.08.24-12.00.42:202][266]LogModuleManager: Shutting down and abandoning module AssetRegistry (127)
[2015.08.24-12.00.42:231][266]LogModuleManager: Shutting down and abandoning module Persona (126)
[2015.08.24-12.00.42:240][266]LogModuleManager: Shutting down and abandoning module SlateReflector (125)
[2015.08.24-12.00.42:245][266]LogModuleManager: Shutting down and abandoning module LevelEditor (124)
[2015.08.24-12.00.42:246][266]LogModuleManager: Shutting down and abandoning module Kismet (123)
[2015.08.24-12.00.42:251][266]LogModuleManager: Shutting down and abandoning module GraphEditor (122)
[2015.08.24-12.00.42:275][266]LogModuleManager: Shutting down and abandoning module ClassViewer (121)
[2015.08.24-12.00.42:275][266]LogModuleManager: Shutting down and abandoning module Toolbox (120)
[2015.08.24-12.00.42:275][266]LogModuleManager: Shutting down and abandoning module ModuleUI (119)
[2015.08.24-12.00.42:284][266]LogModuleManager: Shutting down and abandoning module MovieSceneTools (118)
[2015.08.24-12.00.42:284][266]LogModuleManager: Shutting down and abandoning module OutputLog (117)
[2015.08.24-12.00.42:284][266]LogModuleManager: Shutting down and abandoning module GammaUI (116)
[2015.08.24-12.00.42:294][266]LogModuleManager: Shutting down and abandoning module Documentation (115)
[2015.08.24-12.00.42:294][266]LogModuleManager: Shutting down and abandoning module GameLiveStreaming (114)
[2015.08.24-12.00.42:294][266]LogModuleManager: Shutting down and abandoning module StreamingPauseRendering (113)
[2015.08.24-12.00.42:294][266]LogModuleManager: Shutting down and abandoning module HTTP (112)
[2015.08.24-12.00.42:294][266]LogModuleManager: Shutting down and abandoning module AnalyticsET (111)
[2015.08.24-12.00.42:294][266]LogModuleManager: Shutting down and abandoning module Analytics (110)
[2015.08.24-12.00.42:294][266]LogModuleManager: Shutting down and abandoning module AITestSuite (109)
[2015.08.24-12.00.42:294][266]LogModuleManager: Shutting down and abandoning module GameplayDebugger (108)
[2015.08.24-12.00.42:294][266]LogModuleManager: Shutting down and abandoning module AIModule (107)
[2015.08.24-12.00.42:294][266]LogModuleManager: Shutting down and abandoning module ProfilerService (106)
[2015.08.24-12.00.42:337][266]LogModuleManager: Shutting down and abandoning module TaskGraph (105)
[2015.08.24-12.00.42:361][266]LogModuleManager: Shutting down and abandoning module SlateRemote (104)
[2015.08.24-12.00.42:361][266]LogModuleManager: Shutting down and abandoning module ScriptEditorPlugin (103)
[2015.08.24-12.00.42:361][266]LogModuleManager: Shutting down and abandoning module CustomMeshComponent (102)
[2015.08.24-12.00.42:361][266]LogModuleManager: Shutting down and abandoning module CableComponent (101)
[2015.08.24-12.00.42:361][266]LogModuleManager: Shutting down and abandoning module MessagingDebugger (100)
[2015.08.24-12.00.42:372][266]LogModuleManager: Shutting down and abandoning module MediaPlayerEditor (99)
[2015.08.24-12.00.42:382][266]LogModuleManager: Shutting down and abandoning module SpeedTreeImporter (98)
[2015.08.24-12.00.42:382][266]LogModuleManager: Shutting down and abandoning module PluginsEditor (97)
[2015.08.24-12.00.42:382][266]LogModuleManager: Shutting down and abandoning module MainFrame (96)
[2015.08.24-12.00.42:382][266]LogModuleManager: Shutting down and abandoning module EpicSurvey (95)
[2015.08.24-12.00.42:382][266]LogModuleManager: Shutting down and abandoning module DesktopPlatform (94)
[2015.08.24-12.00.42:398][266]LogModuleManager: Shutting down and abandoning module DirectoryWatcher (93)
[2015.08.24-12.00.42:398][266]LogModuleManager: Shutting down and abandoning module HotReload (92)
[2015.08.24-12.00.42:398][266]LogModuleManager: Shutting down and abandoning module VisualStudioSourceCodeAccess (91)
[2015.08.24-12.00.42:398][266]LogModuleManager: Shutting down and abandoning module UObjectPlugin (90)
[2015.08.24-12.00.42:398][266]LogModuleManager: Shutting down and abandoning module SubversionSourceControl (89)
[2015.08.24-12.00.42:398][266]LogModuleManager: Shutting down and abandoning module PerforceSourceControl (88)
[2015.08.24-12.00.42:406][266]LogModuleManager: Shutting down and abandoning module SourceControl (87)
[2015.08.24-12.00.42:406][266]LogModuleManager: Shutting down and abandoning module GitSourceControl (86)
[2015.08.24-12.00.42:406][266]LogModuleManager: Shutting down and abandoning module BlankPlugin (85)
[2015.08.24-12.00.42:406][266]LogModuleManager: Shutting down and abandoning module PaperTiledImporter (84)
[2015.08.24-12.00.42:406][266]LogModuleManager: Shutting down and abandoning module PaperJsonImporter (83)
[2015.08.24-12.00.42:406][266]LogModuleManager: Shutting down and abandoning module ContentBrowser (82)
[2015.08.24-12.00.42:407][266]LogModuleManager: Shutting down and abandoning module Paper2DEditor (81)
[2015.08.24-12.00.42:407][266]LogModuleManager: Shutting down and abandoning module ScriptPlugin (80)
[2015.08.24-12.00.42:412][266]LogModuleManager: Shutting down and abandoning module UdpMessaging (79)
[2015.08.24-12.00.42:512][266]LogModuleManager: Shutting down and abandoning module Paper2D (78)
[2015.08.24-12.00.42:512][266]LogModuleManager: Shutting down and abandoning module WindowsMoviePlayer (77)
[2015.08.24-12.00.42:514][266]LogModuleManager: Shutting down and abandoning module Media (76)
[2015.08.24-12.00.42:514][266]LogModuleManager: Shutting down and abandoning module WmfMedia (75)
[2015.08.24-12.00.42:523][266]LogModuleManager: Shutting down and abandoning module OnlineBlueprintSupport (74)
[2015.08.24-12.00.42:523][266]LogModuleManager: Shutting down and abandoning module PropertyEditor (73)
[2015.08.24-12.00.42:523][266]LogModuleManager: Shutting down and abandoning module BehaviorTreeEditor (72)
[2015.08.24-12.00.42:541][266]LogModuleManager: Shutting down and abandoning module FunctionalTesting (71)
[2015.08.24-12.00.42:541][266]LogModuleManager: Shutting down and abandoning module CollisionAnalyzer (70)
[2015.08.24-12.00.42:547][266]LogModuleManager: Shutting down and abandoning module WorkspaceMenuStructure (69)
[2015.08.24-12.00.42:547][266]LogModuleManager: Shutting down and abandoning module MessageLog (68)
[2015.08.24-12.00.42:547][266]LogModuleManager: Shutting down and abandoning module Sequencer (67)
[2015.08.24-12.00.42:557][266]LogModuleManager: Shutting down and abandoning module AssetTools (66)
[2015.08.24-12.00.42:571][266]LogModuleManager: Shutting down and abandoning module UMGEditor (65)
[2015.08.24-12.00.42:571][266]LogModuleManager: Shutting down and abandoning module UMG (64)
[2015.08.24-12.00.42:571][266]LogModuleManager: Shutting down and abandoning module Slate (63)
[2015.08.24-12.00.42:571][266]LogModuleManager: Shutting down and abandoning module EditorStyle (62)
[2015.08.24-12.00.42:576][266]LogModuleManager: Shutting down and abandoning module SessionServices (61)
[2015.08.24-12.00.42:576][266]LogModuleManager: Shutting down and abandoning module SourceCodeAccess (60)
[2015.08.24-12.00.42:576][266]LogModuleManager: Shutting down and abandoning module HeadMountedDisplay (59)
[2015.08.24-12.00.42:576][266]LogModuleManager: Shutting down and abandoning module XAudio2 (58)
[2015.08.24-12.00.42:576][266]LogModuleManager: Shutting down and abandoning module Networking (56)
[2015.08.24-12.00.42:576][266]LogModuleManager: Shutting down and abandoning module Core (55)
[2015.08.24-12.00.42:576][266]LogModuleManager: Shutting down and abandoning module KismetCompiler (54)
[2015.08.24-12.00.42:576][266]LogModuleManager: Shutting down and abandoning module PhysXFormats (53)
[2015.08.24-12.00.42:576][266]LogModuleManager: Shutting down and abandoning module MeshUtilities (52)
[2015.08.24-12.00.42:580][266]LogModuleManager: Shutting down and abandoning module DerivedDataCache (51)
[2015.08.24-12.00.42:587][266]LogDerivedDataCache: Shutdown
[2015.08.24-12.00.42:587][266]LogModuleManager: Shutting down and abandoning module ShaderFormatOpenGL (50)
[2015.08.24-12.00.42:596][266]LogModuleManager: Shutting down and abandoning module ShaderFormatD3D (49)
[2015.08.24-12.00.42:596][266]LogModuleManager: Shutting down and abandoning module MetalShaderFormat (48)
[2015.08.24-12.00.42:605][266]LogModuleManager: Shutting down and abandoning module TextureFormatUncompressed (47)
[2015.08.24-12.00.42:605][266]LogModuleManager: Shutting down and abandoning module TextureFormatPVR (46)
[2015.08.24-12.00.42:605][266]LogModuleManager: Shutting down and abandoning module TextureFormatIntelISPCTexComp (45)
[2015.08.24-12.00.42:605][266]LogModuleManager: Shutting down and abandoning module TextureFormatDXT (44)
[2015.08.24-12.00.42:605][266]LogModuleManager: Shutting down and abandoning module ImageWrapper (43)
[2015.08.24-12.00.42:605][266]LogModuleManager: Shutting down and abandoning module TextureFormatASTC (42)
[2015.08.24-12.00.42:605][266]LogModuleManager: Shutting down and abandoning module TextureFormatAndroid (41)
[2015.08.24-12.00.42:605][266]LogModuleManager: Shutting down and abandoning module AudioFormatOpus (40)
[2015.08.24-12.00.42:611][266]LogModuleManager: Shutting down and abandoning module AudioFormatOgg (39)
[2015.08.24-12.00.42:611][266]LogModuleManager: Shutting down and abandoning module AudioFormatADPCM (38)
[2015.08.24-12.00.42:611][266]LogModuleManager: Shutting down and abandoning module LinuxTargetPlatform (37)
[2015.08.24-12.00.42:611][266]LogModuleManager: Shutting down and abandoning module LinuxServerTargetPlatform (36)
[2015.08.24-12.00.42:611][266]LogModuleManager: Shutting down and abandoning module LinuxNoEditorTargetPlatform (35)
[2015.08.24-12.00.42:611][266]LogModuleManager: Shutting down and abandoning module Messaging (34)
[2015.08.24-12.00.42:611][266]LogModuleManager: Shutting down and abandoning module IOSTargetPlatform (33)
[2015.08.24-12.00.42:611][266]LogModuleManager: Shutting down and abandoning module HTML5TargetPlatform (32)
[2015.08.24-12.00.42:611][266]LogModuleManager: Shutting down and abandoning module Android_PVRTCTargetPlatform (31)
[2015.08.24-12.00.42:611][266]LogModuleManager: Shutting down and abandoning module Android_ETC2TargetPlatform (30)
[2015.08.24-12.00.42:611][266]LogModuleManager: Shutting down and abandoning module Android_ETC1TargetPlatform (29)
[2015.08.24-12.00.42:611][266]LogModuleManager: Shutting down and abandoning module Android_ES31TargetPlatform (28)
[2015.08.24-12.00.42:611][266]LogModuleManager: Shutting down and abandoning module Android_DXTTargetPlatform (27)
[2015.08.24-12.00.42:611][266]LogModuleManager: Shutting down and abandoning module Android_ATCTargetPlatform (26)
[2015.08.24-12.00.42:611][266]LogModuleManager: Shutting down and abandoning module AndroidTargetPlatform (25)
[2015.08.24-12.00.42:611][266]LogModuleManager: Shutting down and abandoning module WindowsTargetPlatform (24)
[2015.08.24-12.00.42:612][266]LogModuleManager: Shutting down and abandoning module WindowsServerTargetPlatform (23)
[2015.08.24-12.00.42:612][266]LogModuleManager: Shutting down and abandoning module WindowsNoEditorTargetPlatform (22)
[2015.08.24-12.00.42:612][266]LogModuleManager: Shutting down and abandoning module WindowsClientTargetPlatform (21)
[2015.08.24-12.00.42:612][266]LogModuleManager: Shutting down and abandoning module TargetPlatform (20)
[2015.08.24-12.00.42:612][266]LogModuleManager: Shutting down and abandoning module InputCore (19)
[2015.08.24-12.00.42:612][266]LogModuleManager: Shutting down and abandoning module Settings (18)
[2015.08.24-12.00.42:612][266]LogModuleManager: Shutting down and abandoning module OnlineSubsystem (16)
[2015.08.24-12.00.42:612][266]LogModuleManager: Shutting down and abandoning module OculusRift (15)
[2015.08.24-12.00.42:612][266]LogModuleManager: Shutting down and abandoning module ExampleDeviceProfileSelector (14)
[2015.08.24-12.00.42:612][266]LogModuleManager: Shutting down and abandoning module TextureCompressor (13)
[2015.08.24-12.00.42:619][266]LogModuleManager: Shutting down and abandoning module ShaderCore (12)
[2015.08.24-12.00.42:619][266]LogModuleManager: Shutting down and abandoning module Landscape (11)
[2015.08.24-12.00.42:619][266]LogModuleManager: Shutting down and abandoning module SlateRHIRenderer (10)
[2015.08.24-12.00.42:625][266]LogModuleManager: Shutting down and abandoning module OpenGLDrv (9)
[2015.08.24-12.00.42:625][266]LogModuleManager: Shutting down and abandoning module D3D11RHI (8)
[2015.08.24-12.00.42:625][266]LogModuleManager: Shutting down and abandoning module Renderer (7)
[2015.08.24-12.00.42:625][266]LogModuleManager: Shutting down and abandoning module Engine (6)
[2015.08.24-12.00.42:625][266]LogModuleManager: Shutting down and abandoning module CoreUObject (5)
[2015.08.24-12.00.42:625][266]LogModuleManager: Shutting down and abandoning module NetworkFile (4)
[2015.08.24-12.00.42:634][266]LogModuleManager: Shutting down and abandoning module StreamingFile (3)
[2015.08.24-12.00.42:638][266]LogModuleManager: Shutting down and abandoning module SandboxFile (2)
[2015.08.24-12.00.42:638][266]LogModuleManager: Shutting down and abandoning module PakFile (1)
[2015.08.24-12.00.42:646][266]LogExit: Exiting.
[2015.08.24-12.00.42:650][266]Log file closed, 08/24/15 22:00:42
