Log file open, 09/22/15 12:30:33
LogInit:Display: Running engine for game: StealthEscape
LogInit: Version: 4.7.6-2513093+++depot+UE4-Releases+4.7
LogInit: API Version: 2455222
LogInit: Compiled (64-bit): Apr 15 2015 12:09:54
LogInit: Compiled with Visual C++: 18.00.21005.01
LogInit: Build Configuration: Development
LogInit: Branch Name: ++depot+UE4-Releases+4.7
LogInit: Command line:  
LogInit: Base directory: W:/Epic Games/4.7/Engine/Binaries/Win64/
LogInit: Rocket: 1
[2015.09.22-02.30.33:877][  0]LogTaskGraph: Started task graph with 3 named threads and 8 total threads.
[2015.09.22-02.30.33:967][  0]LogOnline:Warning: No default platform service specified for OnlineSubsystem
[2015.09.22-02.30.33:979][  0]LogInit: Presizing for 0 objects not considered by GC, pre-allocating 0 bytes.
[2015.09.22-02.30.33:990][  0]LogInit: Object subsystem initialized
[2015.09.22-02.30.33:992][  0]LogConsoleResponse:Warning: Skipping Unknown console variable: 'TranslucentSortAxis = (X=0.000000,Y=-1.000000,Z=0.000000)'
[2015.09.22-02.30.33:992][  0]LogConsoleResponse:Warning:   Found in ini file 'C:/Users/n8604291/Desktop/StealthEscape/Saved/Config/Windows/Engine.ini', in section '[/Script/Engine.RendererSettings]'
[2015.09.22-02.30.33:993][  0]LogConsoleResponse:Warning: Skipping Unknown console variable: 'UIScaleRule = ShortestSide'
[2015.09.22-02.30.33:993][  0]LogConsoleResponse:Warning:   Found in ini file 'C:/Users/n8604291/Desktop/StealthEscape/Saved/Config/Windows/Engine.ini', in section '[/Script/Engine.RendererSettings]'
[2015.09.22-02.30.33:993][  0]LogConsoleResponse:Warning: Skipping Unknown console variable: 'UIScaleCurve = (EditorCurveData=(Keys=),ExternalCurve=None)'
[2015.09.22-02.30.33:993][  0]LogConsoleResponse:Warning:   Found in ini file 'C:/Users/n8604291/Desktop/StealthEscape/Saved/Config/Windows/Engine.ini', in section '[/Script/Engine.RendererSettings]'
[2015.09.22-02.30.33:993][  0]LogInit: Selected Device Profile: [Windows]
[2015.09.22-02.30.33:993][  0]LogInit: Applying CVar settings loaded from the selected device profile: [Windows]
[2015.09.22-02.30.34:000][  0]LogInit: Computer: LAB-SEFS515-21
[2015.09.22-02.30.34:000][  0]LogInit: User: n8604291
[2015.09.22-02.30.34:000][  0]LogInit: CPU Page size=4096, Cores=6
[2015.09.22-02.30.34:000][  0]LogInit: High frequency timer resolution =3.222660 MHz
[2015.09.22-02.30.34:001][  0]LogMemory: Memory total: Physical=31.9GB (32GB approx) Virtual=131072.0GB
[2015.09.22-02.30.34:001][  0]LogMemory: Platform Memory Stats for Windows
[2015.09.22-02.30.34:001][  0]LogMemory: Process Physical Memory: 46.29 MB used, 46.29 MB peak
[2015.09.22-02.30.34:001][  0]LogMemory: Process Virtual Memory: 28.72 MB used, 28.72 MB peak
[2015.09.22-02.30.34:001][  0]LogMemory: Physical Memory: 4584.16 MB used, 32686.14 MB total
[2015.09.22-02.30.34:001][  0]LogMemory: Virtual Memory: 296.60 MB used, 134217728.00 MB total
[2015.09.22-02.30.34:047][  0]LogD3D11RHI: Found D3D11 adapter 0: NVIDIA GeForce GTX 680 (Feature Level 11_0)
[2015.09.22-02.30.34:047][  0]LogD3D11RHI: Adapter has 1985MB of dedicated video memory, 0MB of dedicated system memory, and 2048MB of shared system memory, 1 output[s]
[2015.09.22-02.30.34:070][  0]LogD3D11RHI: Found D3D11 adapter 1: NVIDIA GeForce GTX 680 (Feature Level 11_0)
[2015.09.22-02.30.34:070][  0]LogD3D11RHI: Adapter has 1985MB of dedicated video memory, 0MB of dedicated system memory, and 2048MB of shared system memory, 0 output[s]
[2015.09.22-02.30.34:070][  0]LogD3D11RHI: Found D3D11 adapter 2: Microsoft Basic Render Driver (Feature Level 11_0)
[2015.09.22-02.30.34:070][  0]LogD3D11RHI: Adapter has 0MB of dedicated video memory, 0MB of dedicated system memory, and 256MB of shared system memory, 0 output[s]
[2015.09.22-02.30.34:070][  0]LogD3D11RHI: Chosen D3D11 Adapter Id = 0
[2015.09.22-02.30.34:073][  0]LogRHI: Texture pool is 1361 MB (70% of 1945 MB)
[2015.09.22-02.30.34:084][  0]LogD3D11RHI: Async texture creation enabled
[2015.09.22-02.30.34:143][  0]LogTextLocalizationManager: The requested culture ('en_AU') has no localization data; parent culture's ('en') localization data will be used.
[2015.09.22-02.30.34:191][  0]LogTextLocalizationManager:Warning: Loading localization resources contain conflicting entries for (Namespace:UICommands, Key:Save_ToolTip):
Resource: (W:/Epic Games/4.7/Engine/Content/Localization/Editor/en/Editor.locres) Hash: (-29098895) String: (Saves the current level to disk)
Resource: (W:/Epic Games/4.7/Engine/Content/Localization/Engine/en/Engine.locres) Hash: (-1280300587) String: (Save selected data to vlog file)
[2015.09.22-02.30.34:191][  0]LogTextLocalizationManager:Warning: Loading localization resources contain conflicting entries for (Namespace:ContentBrowser, Key:ImportAssetToolTip):
Resource: (W:/Epic Games/4.7/Engine/Content/Localization/Editor/en/Editor.locres) Hash: (-630476809) String: (Import to {0}...)
Resource: (W:/Epic Games/4.7/Engine/Content/Localization/Editor/en/Editor.locres) Hash: (1271782899) String: (Imports an asset from file to this folder.)
[2015.09.22-02.30.34:255][  0]LogContentStreaming: Texture pool size is 0.000000MB
[2015.09.22-02.30.36:199][  0]LogTargetPlatformManager:Display: Building Assets For Windows
[2015.09.22-02.30.36:789][  0]LogTargetPlatformManager:Display: Building Assets For Windows
[2015.09.22-02.30.36:833][  0]LogDerivedDataCache:Display: Max Cache Size: 512 MB
[2015.09.22-02.30.36:868][  0]LogDerivedDataCache: Loaded boot cache 0.03s 39MB C:/Users/n8604291/AppData/Local/UnrealEngine/4.7/DerivedDataCache/Boot.ddc.
[2015.09.22-02.30.36:868][  0]LogDerivedDataCache:Display: Loaded Boot cache: C:/Users/n8604291/AppData/Local/UnrealEngine/4.7/DerivedDataCache/Boot.ddc
[2015.09.22-02.30.36:868][  0]LogDerivedDataCache: FDerivedDataBackendGraph:  Pak pak cache file C:/Users/n8604291/Desktop/StealthEscape/DerivedDataCache/DDC.ddp not found, will not use a pak cache.
[2015.09.22-02.30.36:868][  0]LogDerivedDataCache: Unable to find inner node Pak for hierarchical cache Hierarchy.
[2015.09.22-02.30.36:968][  0]LogDerivedDataCache:Display: Pak cache opened for reading ../../../Engine/DerivedDataCache/Compressed.ddp.
[2015.09.22-02.30.36:980][  0]LogDerivedDataCache: Using Local data cache path C:/Users/n8604291/AppData/Local/UnrealEngine/Common/DerivedDataCache: Writable
[2015.09.22-02.30.37:218][  0]LogMeshUtilities: No automatic mesh reduction module available
[2015.09.22-02.30.37:218][  0]LogMeshUtilities: No automatic mesh merging module available
[2015.09.22-02.30.37:495][  0]LogInit: WinSock: version 1.1 (2.2), MaxSocks=32767, MaxUdp=65467
[2015.09.22-02.30.37:548][  0]LogSlate:Warning: Failed to load font data from '../../../Engine/Content/Slate/Fonts/Roboto-Italic.ttf'
[2015.09.22-02.30.38:174][  0]UdpMessaging: Initializing bridge on interface 0.0.0.0:0 to multicast group 230.0.0.1:6666.
[2015.09.22-02.30.38:348][  0]SourceControl: Info Source control is disabled
[2015.09.22-02.30.38:348][  0]SourceControl: Info Source control is disabled
[2015.09.22-02.30.38:348][  0]SourceControl: Info Source control is disabled
[2015.09.22-02.30.38:348][  0]LogSourceControl: RunCommandInternalRaw: 'git version'
[2015.09.22-02.30.38:348][  0]LogSourceControl: RunCommandInternalRaw: ExecProcess ReturnCode=2 OutResults=''
[2015.09.22-02.30.38:354][  0]SourceControl: Info Source control is disabled
[2015.09.22-02.30.38:477][  0]LogObj: 24232 objects as part of root set at end of initial load.
[2015.09.22-02.30.38:477][  0]LogUObjectAllocator: 5137168 out of 0 bytes used by permanent object pool.
[2015.09.22-02.30.38:543][  0]LogEngine: Initializing Engine...
[2015.09.22-02.30.40:713][  0]LogInit: XAudio2 using 'DELL S2340T-4 (2- NVIDIA High Definition Audio)' : 2 channels at 48 kHz using 16 bits per sample (channel mask 0x3)
[2015.09.22-02.30.40:723][  0]LogInit: FAudioDevice initialized.
[2015.09.22-02.30.40:747][  0]LogAIModule: Creating AISystem for world NewWorld
[2015.09.22-02.30.40:766][  0]LogDerivedDataCache: Saved boot cache 0.02s 39MB C:/Users/n8604291/AppData/Local/UnrealEngine/4.7/DerivedDataCache/Boot.ddc.
[2015.09.22-02.30.40:779][  0]LogInit: Texture streaming: Enabled
[2015.09.22-02.30.40:873][  0]LogAnalytics: Creating configured Analytics provider AnalyticsET
[2015.09.22-02.30.40:873][  0]LogAnalytics: ET APIKey = Rocket.Release. APIServer = http://et2.epicgames.com/ET2/. AppVersion = 4.7.6-2513093+++depot+UE4-Releases+4.7
[2015.09.22-02.30.40:873][  0]LogAnalytics: ET APIKey = Rocket.Release. DataRouterUploadURL = https://datarouter-public-service-gamedev.ol.epicgames.net/datarouter/api/v1/public/data. AppVersion = 4.7.6-2513093+++depot+UE4-Releases+4.7
[2015.09.22-02.30.40:873][  0]LogAnalytics: SetUserId cd4c630943c0502824cea39de50c3221|90dc462d3abe4e908c5e059bf9a6bfe2|0aa4f2bf-b0d7-43eb-acd5-6e501a8f23ad
[2015.09.22-02.30.40:873][  0]LogAnalytics: AnalyticsET::StartSession [Rocket.Release]
[2015.09.22-02.30.40:890][  0]LogInit: Transaction tracking system initialized
[2015.09.22-02.30.41:000][  0]BlueprintLog: New page: Editor Load
[2015.09.22-02.30.41:026][  0]LogAssetRegistry: FAssetRegistry took 0.0108 seconds to start up
[2015.09.22-02.30.41:026][  0]LogDirectoryWatcher:Warning: Failed to begin reading directory changes for ../../../Engine/Plugins/Experimental/CharacterAI/Content/. Error: 0
[2015.09.22-02.30.41:627][  0]LogTargetPlatformManager:Display: Building Assets For Windows
[2015.09.22-02.30.42:120][  0]LogTargetPlatformManager:Display: Building Assets For Windows
[2015.09.22-02.30.42:286][  0]LogSlate:Warning: Failed to load font data from '../../../Engine/Content/Editor/Slate/Fonts/Roboto-Regular.ttf'
[2015.09.22-02.30.42:286][  0]LogSlate:Warning: Failed to load font data from '../../../Engine/Content/Editor/Slate/Fonts/Roboto-Bold.ttf'
[2015.09.22-02.30.42:290][  0]LogConsoleResponse:Display: 
[2015.09.22-02.30.42:392][  0]LogCook:Display: Done creating registry. It took  0.00s.
[2015.09.22-02.30.42:483][  0]SourceControl: Info Source control is disabled
[2015.09.22-02.30.42:483][  0]Cmd: MAP LOAD FILE="C:/Users/n8604291/Desktop/StealthEscape/Content/MuseumLevel.umap" TEMPLATE=0 SHOWPROGRESS=1 FEATURELEVEL=3
[2015.09.22-02.30.42:484][  0]LightingResults: New page: Lighting Build
[2015.09.22-02.30.42:491][  0]MapCheck: New page: Map Check
[2015.09.22-02.30.42:492][  0]LightingResults: New page: Lighting Build
[2015.09.22-02.30.42:497][  0]LogParticles: Destroying 0 GPU particle simulations for FXSystem 0x000000C939BDE980
[2015.09.22-02.30.42:512][  0]LogLinker:Warning: Asset '../../../Engine/Content/EngineMeshes/Humanoid.uasset' has been saved with empty engine version. The asset will be loaded but may be incompatible.
[2015.09.22-02.30.46:094][  0]LogEditorServer: Finished looking for orphan Actors (0.000 secs)
[2015.09.22-02.30.46:094][  0]LogAIModule: Creating AISystem for world MuseumLevel
[2015.09.22-02.30.46:095][  0]Cmd: MAP CHECKDEP
[2015.09.22-02.30.46:095][  0]MapCheck: New page: MuseumLevel - 22 Sep 2015 10:30:46 pm
[2015.09.22-02.30.46:177][  0]MapCheck: Info Map check complete: 0 Error(s), 0 Warning(s), took 82.307ms to complete.
[2015.09.22-02.30.46:177][  0]LogFileHelpers: Loading map 'MuseumLevel' took 3.694
[2015.09.22-02.30.46:289][  0]LogCollectionManager: Loaded 0 collections in 0.000889 seconds
[2015.09.22-02.30.46:297][  0]LogContentBrowser: Native class hierarchy populated in 0.0073 seconds. Added 1696 classes and 261 folders.
[2015.09.22-02.30.46:309][  0]LogContentBrowser:Verbose: The content browser source was changed by the sources view to '/Game'
[2015.09.22-02.30.46:318][  0]LogContentBrowser: Native class hierarchy updated for 'SceneOutliner' in 0.0012 seconds. Added 1 classes and 2 folders.
[2015.09.22-02.30.46:397][  0]LogCrashTracker: Crashtracker disabled due to settings.
[2015.09.22-02.30.46:398][  0]LogSlate:Warning: Failed to load font data from 'Veranda'
[2015.09.22-02.30.46:431][  0]LogLoad: Full Startup: 14.17 seconds (BP compile: 1.39 seconds)
[2015.09.22-02.30.46:579][  0]LogRenderer:Warning: Reallocating scene render targets to support 32x32 (Frame:2).
[2015.09.22-02.30.46:743][  0]LogRenderer:Warning: Reallocating scene render targets to support 1208x576 (Frame:12).
[2015.09.22-02.30.46:952][  4]LogAssetRegistry: Asset discovery search completed in 5.9364 seconds
[2015.09.22-02.30.54:987][804]LogActorComponent: UnregisterComponent: (/Engine/Transient.CharMoveComp) Not registered. Aborting.
[2015.09.22-02.30.54:987][804]LogActorComponent: UnregisterComponent: (/Engine/Transient.PawnSensingComponent_0) Not registered. Aborting.
[2015.09.22-02.30.55:038][804]Cmd: MAP LOAD FILE="C:/Users/n8604291/Desktop/StealthEscape/Content/GameStart.umap" TEMPLATE=0 SHOWPROGRESS=1 FEATURELEVEL=3
[2015.09.22-02.30.55:038][804]LightingResults: New page: Lighting Build
[2015.09.22-02.30.55:069][804]LoadErrors: New page: Loading map: GameStart.umap
[2015.09.22-02.30.55:072][804]MapCheck: New page: Map Check
[2015.09.22-02.30.55:072][804]LightingResults: New page: Lighting Build
[2015.09.22-02.30.55:082][804]LogParticles: Destroying 0 GPU particle simulations for FXSystem 0x000000C9471445E0
[2015.09.22-02.30.55:114][804]LogEditorServer: Finished looking for orphan Actors (0.000 secs)
[2015.09.22-02.30.55:115][804]LogAIModule: Creating AISystem for world GameStart
[2015.09.22-02.30.55:136][804]Cmd: MAP CHECKDEP
[2015.09.22-02.30.55:136][804]MapCheck: New page: GameStart - 22 Sep 2015 10:30:55 pm
[2015.09.22-02.30.55:217][804]MapCheck: Info Map check complete: 0 Error(s), 0 Warning(s), took 80.654ms to complete.
[2015.09.22-02.30.55:218][804]LogFileHelpers: Loading map 'GameStart' took 0.183
[2015.09.22-02.33.50:532][718]BlueprintLog: New page: Pre-PIE auto-recompile
[2015.09.22-02.33.50:534][718]LogPlayLevel: [PIE] Compiling GameStart before PIE...
[2015.09.22-02.33.50:579][718]LogActorComponent: UnregisterComponent: (/Engine/Transient.CharMoveComp) Not registered. Aborting.
[2015.09.22-02.33.50:579][718]LogActorComponent: UnregisterComponent: (/Engine/Transient.PawnSensingComponent_0) Not registered. Aborting.
[2015.09.22-02.33.50:594][718]LogPlayLevel: PIE:  Blueprint regeneration took 62 ms (1 blueprints)
[2015.09.22-02.33.50:595][718]PIE: New page: PIE session: GameStart (22 Sep 2015 10:33:50 pm)
[2015.09.22-02.33.50:601][718]LogPlayLevel: PIE: StaticDuplicateObject took: (0.006510s)
[2015.09.22-02.33.50:602][718]LogPlayLevel: PIE: World Init took: (0.000531s)
[2015.09.22-02.33.50:602][718]LogPlayLevel: PIE: Created PIE world by copying editor world from /Game/GameStart.GameStart to /Game/UEDPIE_0_GameStart.GameStart (0.007189s)
[2015.09.22-02.33.50:716][718]LogWorld: Game class is 'FirstPersonGameMode_C'
[2015.09.22-02.33.50:718][718]LogAIModule: Creating AISystem for world GameStart
[2015.09.22-02.33.50:718][718]LogWorld: Bringing World /Game/UEDPIE_0_GameStart.GameStart up for play (max tick rate 0) at 2015.09.22-12.33.50
[2015.09.22-02.33.50:719][718]LogWorld: Bringing up level for play took: 0.000852
[2015.09.22-02.33.50:720][718]LogGameMode: Warning - PATHS NOT DEFINED or NO PLAYERSTART with positive rating
[2015.09.22-02.33.50:730][718]PIE: Info Play in editor start time for /Game/UEDPIE_0_GameStart 0.53
[2015.09.22-02.33.50:737][718]LogRenderer:Warning: Reallocating scene render targets to support 1296x760 (Frame:1513).
[2015.09.22-02.33.55:516][263]LogPackageName: SearchForPackageOnDisk took   0.047s to resolve MuseumLevel.umap
[2015.09.22-02.33.55:563][263]LogPackageName: SearchForPackageOnDisk took   0.046s to resolve MuseumLevel.umap
[2015.09.22-02.33.55:563][263]LogNet: Browse: /Game/MuseumLevel
[2015.09.22-02.33.55:563][263]LogLoad: LoadMap: /Game/MuseumLevel
[2015.09.22-02.33.55:582][263]LogParticles: Destroying 0 GPU particle simulations for FXSystem 0x000000C973EC5120
[2015.09.22-02.33.55:582][263]Cmd: MEM
[2015.09.22-02.33.55:597][263]LogMemory: Platform Memory Stats for Windows
[2015.09.22-02.33.55:597][263]LogMemory: Process Physical Memory: 544.48 MB used, 661.48 MB peak
[2015.09.22-02.33.55:597][263]LogMemory: Process Virtual Memory: 1190.08 MB used, 1364.22 MB peak
[2015.09.22-02.33.55:597][263]LogMemory: Physical Memory: 5050.76 MB used, 32686.14 MB total
[2015.09.22-02.33.55:597][263]LogMemory: Virtual Memory: 1768.32 MB used, 134217728.00 MB total
[2015.09.22-02.33.55:597][263]LogMemory: 
[2015.09.22-02.33.55:597][263]Allocator Stats for TBB: (not implemented)
[2015.09.22-02.33.57:217][263]LogLinker:Warning: Asset '../../../Engine/Content/EngineMeshes/Humanoid.uasset' has been saved with empty engine version. The asset will be loaded but may be incompatible.
[2015.09.22-02.33.57:311][263]LogWorld: Game class is 'FirstPersonGameMode_C'
[2015.09.22-02.33.57:313][263]LogAIModule: Creating AISystem for world MuseumLevel
[2015.09.22-02.33.57:368][263]LogWorld:Warning: *** WARNING - PATHS MAY NOT BE VALID ***
[2015.09.22-02.33.57:368][263]LogWorld: Bringing World /Game/UEDPIE_0_MuseumLevel.MuseumLevel up for play (max tick rate 0) at 2015.09.22-12.33.57
[2015.09.22-02.33.57:380][263]LogWorld: Bringing up level for play took: 0.066841
[2015.09.22-02.34.04:810][122]LogParticles: Destroying 0 GPU particle simulations for FXSystem 0x000000C974AE3880
[2015.09.22-02.34.35:420][743]BlueprintLog: New page: Compile PauseMenu
[2015.09.22-02.34.35:498][743]BlueprintEditorCompileResults: Info [0243.24] Compile of PauseMenu successful! [in 77 ms]
[2015.09.22-02.34.37:540][984]BlueprintLog: New page: Pre-PIE auto-recompile
[2015.09.22-02.34.37:543][984]LogPlayLevel: [PIE] Compiling GameStart before PIE...
[2015.09.22-02.34.37:600][984]LogPlayLevel: PIE:  Blueprint regeneration took 60 ms (1 blueprints)
[2015.09.22-02.34.37:600][984]PIE: New page: PIE session: GameStart (22 Sep 2015 10:34:37 pm)
[2015.09.22-02.34.37:607][984]LogPlayLevel: PIE: StaticDuplicateObject took: (0.006224s)
[2015.09.22-02.34.37:608][984]LogPlayLevel: PIE: World Init took: (0.000492s)
[2015.09.22-02.34.37:608][984]LogPlayLevel: PIE: Created PIE world by copying editor world from /Game/GameStart.GameStart to /Game/UEDPIE_0_GameStart.GameStart (0.006860s)
[2015.09.22-02.34.37:641][984]LogWorld: Game class is 'FirstPersonGameMode_C'
[2015.09.22-02.34.37:642][984]LogAIModule: Creating AISystem for world GameStart
[2015.09.22-02.34.37:643][984]LogWorld: Bringing World /Game/UEDPIE_0_GameStart.GameStart up for play (max tick rate 0) at 2015.09.22-12.34.37
[2015.09.22-02.34.37:644][984]LogWorld: Bringing up level for play took: 0.000822
[2015.09.22-02.34.37:644][984]LogGameMode: Warning - PATHS NOT DEFINED or NO PLAYERSTART with positive rating
[2015.09.22-02.34.37:655][984]PIE: Info Play in editor start time for /Game/UEDPIE_0_GameStart -0.546
[2015.09.22-02.34.39:249][166]LogPackageName: SearchForPackageOnDisk took   0.047s to resolve MuseumLevel.umap
[2015.09.22-02.34.39:295][166]LogPackageName: SearchForPackageOnDisk took   0.045s to resolve MuseumLevel.umap
[2015.09.22-02.34.39:295][166]LogNet: Browse: /Game/MuseumLevel
[2015.09.22-02.34.39:295][166]LogLoad: LoadMap: /Game/MuseumLevel
[2015.09.22-02.34.39:313][166]LogParticles: Destroying 0 GPU particle simulations for FXSystem 0x000000C94C6E3880
[2015.09.22-02.34.39:314][166]Cmd: MEM
[2015.09.22-02.34.39:329][166]LogMemory: Platform Memory Stats for Windows
[2015.09.22-02.34.39:329][166]LogMemory: Process Physical Memory: 757.65 MB used, 770.05 MB peak
[2015.09.22-02.34.39:329][166]LogMemory: Process Virtual Memory: 1409.52 MB used, 1455.79 MB peak
[2015.09.22-02.34.39:329][166]LogMemory: Physical Memory: 5261.48 MB used, 32686.14 MB total
[2015.09.22-02.34.39:329][166]LogMemory: Virtual Memory: 2009.22 MB used, 134217728.00 MB total
[2015.09.22-02.34.39:329][166]LogMemory: 
[2015.09.22-02.34.39:329][166]Allocator Stats for TBB: (not implemented)
[2015.09.22-02.34.40:915][166]LogLinker:Warning: Asset '../../../Engine/Content/EngineMeshes/Humanoid.uasset' has been saved with empty engine version. The asset will be loaded but may be incompatible.
[2015.09.22-02.34.41:009][166]LogWorld: Game class is 'FirstPersonGameMode_C'
[2015.09.22-02.34.41:011][166]LogAIModule: Creating AISystem for world MuseumLevel
[2015.09.22-02.34.41:067][166]LogWorld:Warning: *** WARNING - PATHS MAY NOT BE VALID ***
[2015.09.22-02.34.41:067][166]LogWorld: Bringing World /Game/UEDPIE_0_MuseumLevel.MuseumLevel up for play (max tick rate 0) at 2015.09.22-12.34.41
[2015.09.22-02.34.41:078][166]LogWorld: Bringing up level for play took: 0.066721
[2015.09.22-02.34.42:820][350]LogParticles: Destroying 0 GPU particle simulations for FXSystem 0x000000C901FC8720
[2015.09.22-02.34.47:704][920]BlueprintLog: New page: Compile PauseMenu
[2015.09.22-02.34.47:771][920]BlueprintEditorCompileResults: Info [0255.51] Compile of PauseMenu successful! [in 66 ms]
[2015.09.22-02.34.48:167][961]Cmd: OBJ SAVEPACKAGE PACKAGE="/Game/PauseMenu" FILE="C:/Users/n8604291/Desktop/StealthEscape/Content/PauseMenu.uasset" SILENT=true
[2015.09.22-02.34.48:216][961]LogSavePackage: Save=38.271179ms
[2015.09.22-02.34.48:216][961]LogSavePackage: Moving 'C:/Users/n8604291/Desktop/StealthEscape/Saved/PauseMenu9A664239460418E437ABD3A59044AFB7.tmp' to 'C:/Users/n8604291/Desktop/StealthEscape/Content/PauseMenu.uasset'
[2015.09.22-02.35.00:679][420]BlueprintLog: New page: Compile PauseMenu
[2015.09.22-02.35.00:744][420]BlueprintEditorCompileResults: Info [0268.49] Compile of PauseMenu successful! [in 65 ms]
[2015.09.22-02.35.01:909][557]BlueprintLog: New page: Pre-PIE auto-recompile
[2015.09.22-02.35.01:912][557]LogPlayLevel: [PIE] Compiling GameStart before PIE...
[2015.09.22-02.35.01:970][557]LogPlayLevel: PIE:  Blueprint regeneration took 60 ms (1 blueprints)
[2015.09.22-02.35.01:970][557]PIE: New page: PIE session: GameStart (22 Sep 2015 10:35:01 pm)
[2015.09.22-02.35.01:977][557]LogPlayLevel: PIE: StaticDuplicateObject took: (0.006376s)
[2015.09.22-02.35.01:977][557]LogPlayLevel: PIE: World Init took: (0.000495s)
[2015.09.22-02.35.01:977][557]LogPlayLevel: PIE: Created PIE world by copying editor world from /Game/GameStart.GameStart to /Game/UEDPIE_0_GameStart.GameStart (0.007012s)
[2015.09.22-02.35.02:010][557]LogWorld: Game class is 'FirstPersonGameMode_C'
[2015.09.22-02.35.02:012][557]LogAIModule: Creating AISystem for world GameStart
[2015.09.22-02.35.02:013][557]LogWorld: Bringing World /Game/UEDPIE_0_GameStart.GameStart up for play (max tick rate 0) at 2015.09.22-12.35.02
[2015.09.22-02.35.02:013][557]LogWorld: Bringing up level for play took: 0.000816
[2015.09.22-02.35.02:014][557]LogGameMode: Warning - PATHS NOT DEFINED or NO PLAYERSTART with positive rating
[2015.09.22-02.35.02:024][557]PIE: Info Play in editor start time for /Game/UEDPIE_0_GameStart -0.177
[2015.09.22-02.35.03:143][681]LogPackageName: SearchForPackageOnDisk took   0.047s to resolve MuseumLevel.umap
[2015.09.22-02.35.03:189][681]LogPackageName: SearchForPackageOnDisk took   0.046s to resolve MuseumLevel.umap
[2015.09.22-02.35.03:189][681]LogNet: Browse: /Game/MuseumLevel
[2015.09.22-02.35.03:190][681]LogLoad: LoadMap: /Game/MuseumLevel
[2015.09.22-02.35.03:208][681]LogParticles: Destroying 0 GPU particle simulations for FXSystem 0x000000C947122A20
[2015.09.22-02.35.03:208][681]Cmd: MEM
[2015.09.22-02.35.03:224][681]LogMemory: Platform Memory Stats for Windows
[2015.09.22-02.35.03:224][681]LogMemory: Process Physical Memory: 756.47 MB used, 790.48 MB peak
[2015.09.22-02.35.03:224][681]LogMemory: Process Virtual Memory: 1408.63 MB used, 1478.54 MB peak
[2015.09.22-02.35.03:224][681]LogMemory: Physical Memory: 5261.32 MB used, 32686.14 MB total
[2015.09.22-02.35.03:224][681]LogMemory: Virtual Memory: 2012.79 MB used, 134217728.00 MB total
[2015.09.22-02.35.03:224][681]LogMemory: 
[2015.09.22-02.35.03:224][681]Allocator Stats for TBB: (not implemented)
[2015.09.22-02.35.04:815][681]LogLinker:Warning: Asset '../../../Engine/Content/EngineMeshes/Humanoid.uasset' has been saved with empty engine version. The asset will be loaded but may be incompatible.
[2015.09.22-02.35.04:909][681]LogWorld: Game class is 'FirstPersonGameMode_C'
[2015.09.22-02.35.04:911][681]LogAIModule: Creating AISystem for world MuseumLevel
[2015.09.22-02.35.04:966][681]LogWorld:Warning: *** WARNING - PATHS MAY NOT BE VALID ***
[2015.09.22-02.35.04:966][681]LogWorld: Bringing World /Game/UEDPIE_0_MuseumLevel.MuseumLevel up for play (max tick rate 0) at 2015.09.22-12.35.04
[2015.09.22-02.35.04:977][681]LogWorld: Bringing up level for play took: 0.066125
[2015.09.22-02.35.08:890][118]LogParticles: Destroying 0 GPU particle simulations for FXSystem 0x000000C91B1BB380
[2015.09.22-02.35.33:044][ 12]BlueprintLog: New page: Pre-PIE auto-recompile
[2015.09.22-02.35.33:047][ 12]LogPlayLevel: [PIE] Compiling GameStart before PIE...
[2015.09.22-02.35.33:096][ 12]LogPlayLevel: [PIE] Compiling PauseMenu before PIE...
[2015.09.22-02.35.33:163][ 12]LogPlayLevel: PIE:  Blueprint regeneration took 119 ms (2 blueprints)
[2015.09.22-02.35.33:163][ 12]PIE: New page: PIE session: GameStart (22 Sep 2015 10:35:33 pm)
[2015.09.22-02.35.33:170][ 12]LogPlayLevel: PIE: StaticDuplicateObject took: (0.006503s)
[2015.09.22-02.35.33:171][ 12]LogPlayLevel: PIE: World Init took: (0.000494s)
[2015.09.22-02.35.33:171][ 12]LogPlayLevel: PIE: Created PIE world by copying editor world from /Game/GameStart.GameStart to /Game/UEDPIE_0_GameStart.GameStart (0.007137s)
[2015.09.22-02.35.33:201][ 12]LogWorld: Game class is 'FirstPersonGameMode_C'
[2015.09.22-02.35.33:205][ 12]LogAIModule: Creating AISystem for world GameStart
[2015.09.22-02.35.33:207][ 12]LogWorld: Bringing World /Game/UEDPIE_0_GameStart.GameStart up for play (max tick rate 0) at 2015.09.22-12.35.33
[2015.09.22-02.35.33:208][ 12]LogWorld: Bringing up level for play took: 0.002294
[2015.09.22-02.35.33:210][ 12]LogGameMode: Warning - PATHS NOT DEFINED or NO PLAYERSTART with positive rating
[2015.09.22-02.35.33:235][ 12]PIE: Info Play in editor start time for /Game/UEDPIE_0_GameStart 1.034
[2015.09.22-02.35.34:399][136]LogPackageName: SearchForPackageOnDisk took   0.047s to resolve MuseumLevel.umap
[2015.09.22-02.35.34:447][136]LogPackageName: SearchForPackageOnDisk took   0.047s to resolve MuseumLevel.umap
[2015.09.22-02.35.34:447][136]LogNet: Browse: /Game/MuseumLevel
[2015.09.22-02.35.34:447][136]LogLoad: LoadMap: /Game/MuseumLevel
[2015.09.22-02.35.34:466][136]LogParticles: Destroying 0 GPU particle simulations for FXSystem 0x000000C91B1B8540
[2015.09.22-02.35.34:466][136]Cmd: MEM
[2015.09.22-02.35.34:484][136]LogMemory: Platform Memory Stats for Windows
[2015.09.22-02.35.34:484][136]LogMemory: Process Physical Memory: 758.34 MB used, 801.14 MB peak
[2015.09.22-02.35.34:484][136]LogMemory: Process Virtual Memory: 1410.56 MB used, 1478.54 MB peak
[2015.09.22-02.35.34:484][136]LogMemory: Physical Memory: 5257.84 MB used, 32686.14 MB total
[2015.09.22-02.35.34:484][136]LogMemory: Virtual Memory: 2023.68 MB used, 134217728.00 MB total
[2015.09.22-02.35.34:484][136]LogMemory: 
[2015.09.22-02.35.34:484][136]Allocator Stats for TBB: (not implemented)
[2015.09.22-02.35.36:085][136]LogLinker:Warning: Asset '../../../Engine/Content/EngineMeshes/Humanoid.uasset' has been saved with empty engine version. The asset will be loaded but may be incompatible.
[2015.09.22-02.35.36:181][136]LogWorld: Game class is 'FirstPersonGameMode_C'
[2015.09.22-02.35.36:182][136]LogAIModule: Creating AISystem for world MuseumLevel
[2015.09.22-02.35.36:238][136]LogWorld:Warning: *** WARNING - PATHS MAY NOT BE VALID ***
[2015.09.22-02.35.36:238][136]LogWorld: Bringing World /Game/UEDPIE_0_MuseumLevel.MuseumLevel up for play (max tick rate 0) at 2015.09.22-12.35.36
[2015.09.22-02.35.36:249][136]LogWorld: Bringing up level for play took: 0.066411
[2015.09.22-02.36.02:639][162]LogParticles: Destroying 0 GPU particle simulations for FXSystem 0x000000C90FA72F20
[2015.09.22-02.36.23:573][611]BlueprintLog: New page: Compile PauseMenu
[2015.09.22-02.36.23:639][611]BlueprintEditorCompileResults: Info [0351.38] Compile of PauseMenu successful! [in 65 ms]
[2015.09.22-02.36.24:779][745]BlueprintLog: New page: Pre-PIE auto-recompile
[2015.09.22-02.36.24:781][745]LogPlayLevel: [PIE] Compiling GameStart before PIE...
[2015.09.22-02.36.24:841][745]LogPlayLevel: PIE:  Blueprint regeneration took 62 ms (1 blueprints)
[2015.09.22-02.36.24:841][745]PIE: New page: PIE session: GameStart (22 Sep 2015 10:36:24 pm)
[2015.09.22-02.36.24:848][745]LogPlayLevel: PIE: StaticDuplicateObject took: (0.006230s)
[2015.09.22-02.36.24:849][745]LogPlayLevel: PIE: World Init took: (0.000515s)
[2015.09.22-02.36.24:849][745]LogPlayLevel: PIE: Created PIE world by copying editor world from /Game/GameStart.GameStart to /Game/UEDPIE_0_GameStart.GameStart (0.006911s)
[2015.09.22-02.36.24:884][745]LogWorld: Game class is 'FirstPersonGameMode_C'
[2015.09.22-02.36.24:888][745]LogAIModule: Creating AISystem for world GameStart
[2015.09.22-02.36.24:890][745]LogWorld: Bringing World /Game/UEDPIE_0_GameStart.GameStart up for play (max tick rate 0) at 2015.09.22-12.36.24
[2015.09.22-02.36.24:891][745]LogWorld: Bringing up level for play took: 0.002243
[2015.09.22-02.36.24:893][745]LogGameMode: Warning - PATHS NOT DEFINED or NO PLAYERSTART with positive rating
[2015.09.22-02.36.24:916][745]PIE: Info Play in editor start time for /Game/UEDPIE_0_GameStart 0.715
[2015.09.22-02.36.26:176][881]LogPackageName: SearchForPackageOnDisk took   0.047s to resolve MuseumLevel.umap
[2015.09.22-02.36.26:222][881]LogPackageName: SearchForPackageOnDisk took   0.046s to resolve MuseumLevel.umap
[2015.09.22-02.36.26:222][881]LogNet: Browse: /Game/MuseumLevel
[2015.09.22-02.36.26:222][881]LogLoad: LoadMap: /Game/MuseumLevel
[2015.09.22-02.36.26:240][881]LogParticles: Destroying 0 GPU particle simulations for FXSystem 0x000000C96EFEDEE0
[2015.09.22-02.36.26:240][881]Cmd: MEM
[2015.09.22-02.36.26:256][881]LogMemory: Platform Memory Stats for Windows
[2015.09.22-02.36.26:256][881]LogMemory: Process Physical Memory: 762.56 MB used, 807.79 MB peak
[2015.09.22-02.36.26:256][881]LogMemory: Process Virtual Memory: 1413.96 MB used, 1478.54 MB peak
[2015.09.22-02.36.26:256][881]LogMemory: Physical Memory: 5269.55 MB used, 32686.14 MB total
[2015.09.22-02.36.26:256][881]LogMemory: Virtual Memory: 2021.81 MB used, 134217728.00 MB total
[2015.09.22-02.36.26:256][881]LogMemory: 
[2015.09.22-02.36.26:256][881]Allocator Stats for TBB: (not implemented)
[2015.09.22-02.36.27:843][881]LogLinker:Warning: Asset '../../../Engine/Content/EngineMeshes/Humanoid.uasset' has been saved with empty engine version. The asset will be loaded but may be incompatible.
[2015.09.22-02.36.27:937][881]LogWorld: Game class is 'FirstPersonGameMode_C'
[2015.09.22-02.36.27:939][881]LogAIModule: Creating AISystem for world MuseumLevel
[2015.09.22-02.36.27:994][881]LogWorld:Warning: *** WARNING - PATHS MAY NOT BE VALID ***
[2015.09.22-02.36.27:994][881]LogWorld: Bringing World /Game/UEDPIE_0_MuseumLevel.MuseumLevel up for play (max tick rate 0) at 2015.09.22-12.36.27
[2015.09.22-02.36.28:005][881]LogWorld: Bringing up level for play took: 0.066364
[2015.09.22-02.36.31:475][265]LogParticles: Destroying 0 GPU particle simulations for FXSystem 0x000000C917D885E0
[2015.09.22-02.36.53:661][434]Cmd: OBJ SAVEPACKAGE PACKAGE="/Game/PauseMenu" FILE="C:/Users/n8604291/Desktop/StealthEscape/Content/PauseMenu.uasset" SILENT=true
[2015.09.22-02.36.53:708][434]LogSavePackage: Save=38.216877ms
[2015.09.22-02.36.53:708][434]LogSavePackage: Moving 'C:/Users/n8604291/Desktop/StealthEscape/Saved/PauseMenuE18F24884A46F71B38FDA39E7B698BF7.tmp' to 'C:/Users/n8604291/Desktop/StealthEscape/Content/PauseMenu.uasset'
[2015.09.22-02.36.53:713][434]Cmd: MAP LOAD FILE="C:/Users/n8604291/Desktop/StealthEscape/Content/MuseumLevel.umap" TEMPLATE=0 SHOWPROGRESS=1 FEATURELEVEL=3
[2015.09.22-02.36.53:713][434]LightingResults: New page: Lighting Build
[2015.09.22-02.36.53:745][434]LoadErrors: New page: Loading map: MuseumLevel.umap
[2015.09.22-02.36.53:746][434]MapCheck: New page: Map Check
[2015.09.22-02.36.53:746][434]LightingResults: New page: Lighting Build
[2015.09.22-02.36.53:757][434]LogParticles: Destroying 0 GPU particle simulations for FXSystem 0x000000C936D9BBA0
[2015.09.22-02.36.53:869][434]LogEditorServer: Finished looking for orphan Actors (0.000 secs)
[2015.09.22-02.36.53:869][434]LogAIModule: Creating AISystem for world MuseumLevel
[2015.09.22-02.36.53:891][434]Cmd: MAP CHECKDEP
[2015.09.22-02.36.53:891][434]MapCheck: New page: MuseumLevel - 22 Sep 2015 10:36:53 pm
[2015.09.22-02.36.53:978][434]MapCheck: Info Map check complete: 0 Error(s), 0 Warning(s), took 87.524ms to complete.
[2015.09.22-02.36.53:978][434]LogFileHelpers: Loading map 'MuseumLevel' took 0.269
[2015.09.22-02.37.53:867][478]BlueprintLog: New page: Compile MuseumLevel
[2015.09.22-02.37.54:243][478]LogActorComponent: UnregisterComponent: (/Engine/Transient.CharMoveComp) Not registered. Aborting.
[2015.09.22-02.37.54:243][478]LogActorComponent: UnregisterComponent: (/Engine/Transient.PawnSensingComponent_0) Not registered. Aborting.
[2015.09.22-02.37.54:243][478]LogActorComponent: UnregisterComponent: (/Engine/Transient.CharacterMovementComponent_0) Not registered. Aborting.
[2015.09.22-02.37.54:243][478]LogActorComponent: UnregisterComponent: (/Engine/Transient.PawnSensingComponent_1) Not registered. Aborting.
[2015.09.22-02.37.54:243][478]LogActorComponent: UnregisterComponent: (/Engine/Transient.ProjectileMovementComponent_40__A6522401) Not registered. Aborting.
[2015.09.22-02.37.54:268][478]BlueprintEditorCompileResults: Info [0442.01] Compile of MuseumLevel successful! [in 400 ms]
[2015.09.22-02.37.55:867][668]BlueprintLog: New page: Pre-PIE auto-recompile
[2015.09.22-02.37.55:916][668]LogPlayLevel: [PIE] Compiling MuseumLevel before PIE...
[2015.09.22-02.37.56:269][668]LogPlayLevel: PIE:  Blueprint regeneration took 402 ms (1 blueprints)
[2015.09.22-02.37.56:270][668]PIE: New page: PIE session: MuseumLevel (22 Sep 2015 10:37:56 pm)
[2015.09.22-02.37.56:406][668]LogBlueprint:Warning: FMemberReference::ResolveMember (K2_GetActorLocation) bSelfContext == true, but no scope supplied!
[2015.09.22-02.37.56:406][668]LogBlueprint:Warning: FMemberReference::ResolveMember (K2_GetActorLocation) bSelfContext == true, but no scope supplied!
[2015.09.22-02.37.56:406][668]LogBlueprint:Warning: FMemberReference::ResolveMember (K2_GetActorLocation) bSelfContext == true, but no scope supplied!
[2015.09.22-02.37.56:406][668]LogBlueprint:Warning: FMemberReference::ResolveMember (K2_GetActorLocation) bSelfContext == true, but no scope supplied!
[2015.09.22-02.37.56:406][668]LogBlueprint:Warning: FMemberReference::ResolveMember (K2_GetActorLocation) bSelfContext == true, but no scope supplied!
[2015.09.22-02.37.56:406][668]LogBlueprint:Warning: FMemberReference::ResolveMember (K2_GetActorLocation) bSelfContext == true, but no scope supplied!
[2015.09.22-02.37.56:406][668]LogBlueprint:Warning: FMemberReference::ResolveMember (K2_GetActorLocation) bSelfContext == true, but no scope supplied!
[2015.09.22-02.37.56:406][668]LogBlueprint:Warning: FMemberReference::ResolveMember (K2_GetActorLocation) bSelfContext == true, but no scope supplied!
[2015.09.22-02.37.56:408][668]LogBlueprint:Warning: FMemberReference::ResolveMember (K2_GetActorLocation) bSelfContext == true, but no scope supplied!
[2015.09.22-02.37.56:408][668]LogBlueprint:Warning: FMemberReference::ResolveMember (K2_GetActorLocation) bSelfContext == true, but no scope supplied!
[2015.09.22-02.37.56:408][668]LogBlueprint:Warning: FMemberReference::ResolveMember (K2_GetActorLocation) bSelfContext == true, but no scope supplied!
[2015.09.22-02.37.56:408][668]LogBlueprint:Warning: FMemberReference::ResolveMember (K2_GetActorLocation) bSelfContext == true, but no scope supplied!
[2015.09.22-02.37.56:409][668]LogBlueprint:Warning: FMemberReference::ResolveMember (K2_GetActorLocation) bSelfContext == true, but no scope supplied!
[2015.09.22-02.37.56:409][668]LogBlueprint:Warning: FMemberReference::ResolveMember (K2_GetActorLocation) bSelfContext == true, but no scope supplied!
[2015.09.22-02.37.56:409][668]LogBlueprint:Warning: FMemberReference::ResolveMember (K2_GetActorLocation) bSelfContext == true, but no scope supplied!
[2015.09.22-02.37.56:409][668]LogBlueprint:Warning: FMemberReference::ResolveMember (K2_GetActorLocation) bSelfContext == true, but no scope supplied!
[2015.09.22-02.37.56:410][668]LogBlueprint:Warning: FMemberReference::ResolveMember (K2_GetActorLocation) bSelfContext == true, but no scope supplied!
[2015.09.22-02.37.56:410][668]LogBlueprint:Warning: FMemberReference::ResolveMember (K2_GetActorLocation) bSelfContext == true, but no scope supplied!
[2015.09.22-02.37.56:410][668]LogBlueprint:Warning: FMemberReference::ResolveMember (K2_GetActorLocation) bSelfContext == true, but no scope supplied!
[2015.09.22-02.37.56:410][668]LogBlueprint:Warning: FMemberReference::ResolveMember (K2_GetActorLocation) bSelfContext == true, but no scope supplied!
[2015.09.22-02.37.56:410][668]LogBlueprint:Warning: FMemberReference::ResolveMember (K2_GetActorLocation) bSelfContext == true, but no scope supplied!
[2015.09.22-02.37.56:410][668]LogBlueprint:Warning: FMemberReference::ResolveMember (K2_GetActorLocation) bSelfContext == true, but no scope supplied!
[2015.09.22-02.37.56:411][668]LogBlueprint:Warning: FMemberReference::ResolveMember (K2_GetActorLocation) bSelfContext == true, but no scope supplied!
[2015.09.22-02.37.56:411][668]LogBlueprint:Warning: FMemberReference::ResolveMember (K2_GetActorLocation) bSelfContext == true, but no scope supplied!
[2015.09.22-02.37.56:411][668]LogBlueprint:Warning: FMemberReference::ResolveMember (K2_GetActorLocation) bSelfContext == true, but no scope supplied!
[2015.09.22-02.37.56:411][668]LogBlueprint:Warning: FMemberReference::ResolveMember (K2_GetActorLocation) bSelfContext == true, but no scope supplied!
[2015.09.22-02.37.56:413][668]LogBlueprint:Warning: FMemberReference::ResolveMember (K2_GetActorLocation) bSelfContext == true, but no scope supplied!
[2015.09.22-02.37.56:413][668]LogBlueprint:Warning: FMemberReference::ResolveMember (K2_GetActorLocation) bSelfContext == true, but no scope supplied!
[2015.09.22-02.37.56:413][668]LogBlueprint:Warning: FMemberReference::ResolveMember (K2_GetActorLocation) bSelfContext == true, but no scope supplied!
[2015.09.22-02.37.56:413][668]LogBlueprint:Warning: FMemberReference::ResolveMember (K2_GetActorLocation) bSelfContext == true, but no scope supplied!
[2015.09.22-02.37.56:413][668]LogBlueprint:Warning: FMemberReference::ResolveMember (K2_GetActorLocation) bSelfContext == true, but no scope supplied!
[2015.09.22-02.37.56:413][668]LogBlueprint:Warning: FMemberReference::ResolveMember (K2_GetActorLocation) bSelfContext == true, but no scope supplied!
[2015.09.22-02.37.56:413][668]LogBlueprint:Warning: FMemberReference::ResolveMember (K2_GetActorLocation) bSelfContext == true, but no scope supplied!
[2015.09.22-02.37.56:413][668]LogBlueprint:Warning: FMemberReference::ResolveMember (K2_GetActorLocation) bSelfContext == true, but no scope supplied!
[2015.09.22-02.37.56:414][668]LogBlueprint:Warning: FMemberReference::ResolveMember (K2_GetActorLocation) bSelfContext == true, but no scope supplied!
[2015.09.22-02.37.56:414][668]LogBlueprint:Warning: FMemberReference::ResolveMember (K2_GetActorLocation) bSelfContext == true, but no scope supplied!
[2015.09.22-02.37.56:414][668]LogBlueprint:Warning: FMemberReference::ResolveMember (K2_GetActorLocation) bSelfContext == true, but no scope supplied!
[2015.09.22-02.37.56:414][668]LogBlueprint:Warning: FMemberReference::ResolveMember (K2_GetActorLocation) bSelfContext == true, but no scope supplied!
[2015.09.22-02.37.56:415][668]LogBlueprint:Warning: FMemberReference::ResolveMember (K2_GetActorLocation) bSelfContext == true, but no scope supplied!
[2015.09.22-02.37.56:415][668]LogBlueprint:Warning: FMemberReference::ResolveMember (K2_GetActorLocation) bSelfContext == true, but no scope supplied!
[2015.09.22-02.37.56:415][668]LogBlueprint:Warning: FMemberReference::ResolveMember (K2_GetActorLocation) bSelfContext == true, but no scope supplied!
[2015.09.22-02.37.56:415][668]LogBlueprint:Warning: FMemberReference::ResolveMember (K2_GetActorLocation) bSelfContext == true, but no scope supplied!
[2015.09.22-02.37.56:416][668]LogBlueprint:Warning: FMemberReference::ResolveMember (K2_GetActorLocation) bSelfContext == true, but no scope supplied!
[2015.09.22-02.37.56:416][668]LogBlueprint:Warning: FMemberReference::ResolveMember (K2_GetActorLocation) bSelfContext == true, but no scope supplied!
[2015.09.22-02.37.56:416][668]LogBlueprint:Warning: FMemberReference::ResolveMember (K2_GetActorLocation) bSelfContext == true, but no scope supplied!
[2015.09.22-02.37.56:416][668]LogBlueprint:Warning: FMemberReference::ResolveMember (K2_GetActorLocation) bSelfContext == true, but no scope supplied!
[2015.09.22-02.37.56:417][668]LogBlueprint:Warning: FMemberReference::ResolveMember (K2_GetActorLocation) bSelfContext == true, but no scope supplied!
[2015.09.22-02.37.56:417][668]LogBlueprint:Warning: FMemberReference::ResolveMember (K2_GetActorLocation) bSelfContext == true, but no scope supplied!
[2015.09.22-02.37.56:417][668]LogBlueprint:Warning: FMemberReference::ResolveMember (K2_GetActorLocation) bSelfContext == true, but no scope supplied!
[2015.09.22-02.37.56:417][668]LogBlueprint:Warning: FMemberReference::ResolveMember (K2_GetActorLocation) bSelfContext == true, but no scope supplied!
[2015.09.22-02.37.56:418][668]LogBlueprint:Warning: FMemberReference::ResolveMember (K2_GetActorLocation) bSelfContext == true, but no scope supplied!
[2015.09.22-02.37.56:418][668]LogBlueprint:Warning: FMemberReference::ResolveMember (K2_GetActorLocation) bSelfContext == true, but no scope supplied!
[2015.09.22-02.37.56:418][668]LogBlueprint:Warning: FMemberReference::ResolveMember (K2_GetActorLocation) bSelfContext == true, but no scope supplied!
[2015.09.22-02.37.56:418][668]LogBlueprint:Warning: FMemberReference::ResolveMember (K2_GetActorLocation) bSelfContext == true, but no scope supplied!
[2015.09.22-02.37.56:419][668]LogBlueprint:Warning: FMemberReference::ResolveMember (K2_GetActorLocation) bSelfContext == true, but no scope supplied!
[2015.09.22-02.37.56:419][668]LogBlueprint:Warning: FMemberReference::ResolveMember (K2_GetActorLocation) bSelfContext == true, but no scope supplied!
[2015.09.22-02.37.56:420][668]LogBlueprint:Warning: FMemberReference::ResolveMember (K2_GetActorLocation) bSelfContext == true, but no scope supplied!
[2015.09.22-02.37.56:420][668]LogBlueprint:Warning: FMemberReference::ResolveMember (K2_GetActorLocation) bSelfContext == true, but no scope supplied!
[2015.09.22-02.37.56:420][668]LogBlueprint:Warning: FMemberReference::ResolveMember (K2_GetActorLocation) bSelfContext == true, but no scope supplied!
[2015.09.22-02.37.56:420][668]LogBlueprint:Warning: FMemberReference::ResolveMember (K2_GetActorLocation) bSelfContext == true, but no scope supplied!
[2015.09.22-02.37.56:420][668]LogBlueprint:Warning: FMemberReference::ResolveMember (K2_GetActorLocation) bSelfContext == true, but no scope supplied!
[2015.09.22-02.37.56:420][668]LogBlueprint:Warning: FMemberReference::ResolveMember (K2_GetActorLocation) bSelfContext == true, but no scope supplied!
[2015.09.22-02.37.56:421][668]LogBlueprint:Warning: FMemberReference::ResolveMember (K2_GetActorLocation) bSelfContext == true, but no scope supplied!
[2015.09.22-02.37.56:421][668]LogBlueprint:Warning: FMemberReference::ResolveMember (K2_GetActorLocation) bSelfContext == true, but no scope supplied!
[2015.09.22-02.37.56:422][668]LogBlueprint:Warning: FMemberReference::ResolveMember (K2_GetActorLocation) bSelfContext == true, but no scope supplied!
[2015.09.22-02.37.56:422][668]LogBlueprint:Warning: FMemberReference::ResolveMember (K2_GetActorLocation) bSelfContext == true, but no scope supplied!
[2015.09.22-02.37.56:422][668]LogBlueprint:Warning: FMemberReference::ResolveMember (K2_GetActorLocation) bSelfContext == true, but no scope supplied!
[2015.09.22-02.37.56:422][668]LogBlueprint:Warning: FMemberReference::ResolveMember (K2_GetActorLocation) bSelfContext == true, but no scope supplied!
[2015.09.22-02.37.56:423][668]LogBlueprint:Warning: FMemberReference::ResolveMember (K2_GetActorLocation) bSelfContext == true, but no scope supplied!
[2015.09.22-02.37.56:423][668]LogBlueprint:Warning: FMemberReference::ResolveMember (K2_GetActorLocation) bSelfContext == true, but no scope supplied!
[2015.09.22-02.37.56:423][668]LogBlueprint:Warning: FMemberReference::ResolveMember (K2_GetActorLocation) bSelfContext == true, but no scope supplied!
[2015.09.22-02.37.56:423][668]LogBlueprint:Warning: FMemberReference::ResolveMember (K2_GetActorLocation) bSelfContext == true, but no scope supplied!
[2015.09.22-02.37.56:424][668]LogBlueprint:Warning: FMemberReference::ResolveMember (K2_GetActorLocation) bSelfContext == true, but no scope supplied!
[2015.09.22-02.37.56:424][668]LogBlueprint:Warning: FMemberReference::ResolveMember (K2_GetActorLocation) bSelfContext == true, but no scope supplied!
[2015.09.22-02.37.56:424][668]LogBlueprint:Warning: FMemberReference::ResolveMember (K2_GetActorLocation) bSelfContext == true, but no scope supplied!
[2015.09.22-02.37.56:424][668]LogBlueprint:Warning: FMemberReference::ResolveMember (K2_GetActorLocation) bSelfContext == true, but no scope supplied!
[2015.09.22-02.37.56:425][668]LogBlueprint:Warning: FMemberReference::ResolveMember (K2_GetActorLocation) bSelfContext == true, but no scope supplied!
[2015.09.22-02.37.56:425][668]LogBlueprint:Warning: FMemberReference::ResolveMember (K2_GetActorLocation) bSelfContext == true, but no scope supplied!
[2015.09.22-02.37.56:425][668]LogBlueprint:Warning: FMemberReference::ResolveMember (K2_GetActorLocation) bSelfContext == true, but no scope supplied!
[2015.09.22-02.37.56:425][668]LogBlueprint:Warning: FMemberReference::ResolveMember (K2_GetActorLocation) bSelfContext == true, but no scope supplied!
[2015.09.22-02.37.56:425][668]LogBlueprint:Warning: FMemberReference::ResolveMember (K2_GetActorLocation) bSelfContext == true, but no scope supplied!
[2015.09.22-02.37.56:425][668]LogBlueprint:Warning: FMemberReference::ResolveMember (K2_GetActorLocation) bSelfContext == true, but no scope supplied!
[2015.09.22-02.37.56:426][668]LogBlueprint:Warning: FMemberReference::ResolveMember (K2_GetActorLocation) bSelfContext == true, but no scope supplied!
[2015.09.22-02.37.56:426][668]LogBlueprint:Warning: FMemberReference::ResolveMember (K2_GetActorLocation) bSelfContext == true, but no scope supplied!
[2015.09.22-02.37.56:427][668]LogBlueprint:Warning: FMemberReference::ResolveMember (K2_GetActorLocation) bSelfContext == true, but no scope supplied!
[2015.09.22-02.37.56:427][668]LogBlueprint:Warning: FMemberReference::ResolveMember (K2_GetActorLocation) bSelfContext == true, but no scope supplied!
[2015.09.22-02.37.56:427][668]LogBlueprint:Warning: FMemberReference::ResolveMember (K2_GetActorLocation) bSelfContext == true, but no scope supplied!
[2015.09.22-02.37.56:427][668]LogBlueprint:Warning: FMemberReference::ResolveMember (K2_GetActorLocation) bSelfContext == true, but no scope supplied!
[2015.09.22-02.37.56:428][668]LogBlueprint:Warning: FMemberReference::ResolveMember (K2_GetActorLocation) bSelfContext == true, but no scope supplied!
[2015.09.22-02.37.56:428][668]LogBlueprint:Warning: FMemberReference::ResolveMember (K2_GetActorLocation) bSelfContext == true, but no scope supplied!
[2015.09.22-02.37.56:428][668]LogBlueprint:Warning: FMemberReference::ResolveMember (K2_GetActorLocation) bSelfContext == true, but no scope supplied!
[2015.09.22-02.37.56:428][668]LogBlueprint:Warning: FMemberReference::ResolveMember (K2_GetActorLocation) bSelfContext == true, but no scope supplied!
[2015.09.22-02.37.56:432][668]LogBlueprint:Warning: FMemberReference::ResolveMember (CustomEvent_0) bSelfContext == true, but no scope supplied!
[2015.09.22-02.37.56:432][668]LogBlueprint:Warning: FMemberReference::ResolveMember (CustomEvent_0) bSelfContext == true, but no scope supplied!
[2015.09.22-02.37.56:432][668]LogBlueprint:Warning: FMemberReference::ResolveMember (CustomEvent_1) bSelfContext == true, but no scope supplied!
[2015.09.22-02.37.56:432][668]LogBlueprint:Warning: FMemberReference::ResolveMember (CustomEvent_1) bSelfContext == true, but no scope supplied!
[2015.09.22-02.37.56:434][668]LogBlueprint:Warning: FMemberReference::ResolveMember (CustomEvent_2) bSelfContext == true, but no scope supplied!
[2015.09.22-02.37.56:434][668]LogBlueprint:Warning: FMemberReference::ResolveMember (CustomEvent_2) bSelfContext == true, but no scope supplied!
[2015.09.22-02.37.56:434][668]LogBlueprint:Warning: FMemberReference::ResolveMember (CustomEvent_3) bSelfContext == true, but no scope supplied!
[2015.09.22-02.37.56:434][668]LogBlueprint:Warning: FMemberReference::ResolveMember (CustomEvent_3) bSelfContext == true, but no scope supplied!
[2015.09.22-02.37.56:434][668]LogBlueprint:Warning: FMemberReference::ResolveMember (CustomEvent_4) bSelfContext == true, but no scope supplied!
[2015.09.22-02.37.56:434][668]LogBlueprint:Warning: FMemberReference::ResolveMember (CustomEvent_4) bSelfContext == true, but no scope supplied!
[2015.09.22-02.37.56:434][668]LogBlueprint:Warning: FMemberReference::ResolveMember (CustomEvent_5) bSelfContext == true, but no scope supplied!
[2015.09.22-02.37.56:434][668]LogBlueprint:Warning: FMemberReference::ResolveMember (CustomEvent_5) bSelfContext == true, but no scope supplied!
[2015.09.22-02.37.56:434][668]LogBlueprint:Warning: FMemberReference::ResolveMember (CustomEvent_6) bSelfContext == true, but no scope supplied!
[2015.09.22-02.37.56:434][668]LogBlueprint:Warning: FMemberReference::ResolveMember (CustomEvent_6) bSelfContext == true, but no scope supplied!
[2015.09.22-02.37.56:434][668]LogBlueprint:Warning: FMemberReference::ResolveMember (CustomEvent_7) bSelfContext == true, but no scope supplied!
[2015.09.22-02.37.56:435][668]LogBlueprint:Warning: FMemberReference::ResolveMember (CustomEvent_7) bSelfContext == true, but no scope supplied!
[2015.09.22-02.37.56:435][668]LogBlueprint:Warning: FMemberReference::ResolveMember (CustomEvent_8) bSelfContext == true, but no scope supplied!
[2015.09.22-02.37.56:435][668]LogBlueprint:Warning: FMemberReference::ResolveMember (CustomEvent_8) bSelfContext == true, but no scope supplied!
[2015.09.22-02.37.56:435][668]LogBlueprint:Warning: FMemberReference::ResolveMember (CustomEvent_9) bSelfContext == true, but no scope supplied!
[2015.09.22-02.37.56:435][668]LogBlueprint:Warning: FMemberReference::ResolveMember (CustomEvent_9) bSelfContext == true, but no scope supplied!
[2015.09.22-02.37.56:435][668]LogBlueprint:Warning: FMemberReference::ResolveMember (CustomEvent_10) bSelfContext == true, but no scope supplied!
[2015.09.22-02.37.56:435][668]LogBlueprint:Warning: FMemberReference::ResolveMember (CustomEvent_10) bSelfContext == true, but no scope supplied!
[2015.09.22-02.37.56:435][668]LogBlueprint:Warning: FMemberReference::ResolveMember (CustomEvent_11) bSelfContext == true, but no scope supplied!
[2015.09.22-02.37.56:435][668]LogBlueprint:Warning: FMemberReference::ResolveMember (CustomEvent_11) bSelfContext == true, but no scope supplied!
[2015.09.22-02.37.56:435][668]LogBlueprint:Warning: FMemberReference::ResolveMember (CustomEvent_12) bSelfContext == true, but no scope supplied!
[2015.09.22-02.37.56:435][668]LogBlueprint:Warning: FMemberReference::ResolveMember (CustomEvent_12) bSelfContext == true, but no scope supplied!
[2015.09.22-02.37.56:435][668]LogBlueprint:Warning: FMemberReference::ResolveMember (CustomEvent_13) bSelfContext == true, but no scope supplied!
[2015.09.22-02.37.56:435][668]LogBlueprint:Warning: FMemberReference::ResolveMember (CustomEvent_13) bSelfContext == true, but no scope supplied!
[2015.09.22-02.37.56:438][668]LogBlueprint:Warning: FMemberReference::ResolveMember (K2_GetActorLocation) bSelfContext == true, but no scope supplied!
[2015.09.22-02.37.56:438][668]LogBlueprint:Warning: FMemberReference::ResolveMember (K2_GetActorLocation) bSelfContext == true, but no scope supplied!
[2015.09.22-02.37.56:438][668]LogBlueprint:Warning: FMemberReference::ResolveMember (K2_GetActorLocation) bSelfContext == true, but no scope supplied!
[2015.09.22-02.37.56:438][668]LogBlueprint:Warning: FMemberReference::ResolveMember (K2_GetActorLocation) bSelfContext == true, but no scope supplied!
[2015.09.22-02.37.56:439][668]LogBlueprint:Warning: FMemberReference::ResolveMember (K2_GetActorLocation) bSelfContext == true, but no scope supplied!
[2015.09.22-02.37.56:439][668]LogBlueprint:Warning: FMemberReference::ResolveMember (K2_GetActorLocation) bSelfContext == true, but no scope supplied!
[2015.09.22-02.37.56:439][668]LogBlueprint:Warning: FMemberReference::ResolveMember (K2_GetActorLocation) bSelfContext == true, but no scope supplied!
[2015.09.22-02.37.56:439][668]LogBlueprint:Warning: FMemberReference::ResolveMember (K2_GetActorLocation) bSelfContext == true, but no scope supplied!
[2015.09.22-02.37.56:439][668]LogBlueprint:Warning: FMemberReference::ResolveMember (CustomEvent_7_Copy) bSelfContext == true, but no scope supplied!
[2015.09.22-02.37.56:439][668]LogBlueprint:Warning: FMemberReference::ResolveMember (CustomEvent_7_Copy) bSelfContext == true, but no scope supplied!
[2015.09.22-02.37.56:440][668]LogBlueprint:Warning: FMemberReference::ResolveMember (K2_GetActorLocation) bSelfContext == true, but no scope supplied!
[2015.09.22-02.37.56:440][668]LogBlueprint:Warning: FMemberReference::ResolveMember (K2_GetActorLocation) bSelfContext == true, but no scope supplied!
[2015.09.22-02.37.56:441][668]LogBlueprint:Warning: FMemberReference::ResolveMember (K2_GetActorLocation) bSelfContext == true, but no scope supplied!
[2015.09.22-02.37.56:441][668]LogBlueprint:Warning: FMemberReference::ResolveMember (K2_GetActorLocation) bSelfContext == true, but no scope supplied!
[2015.09.22-02.37.56:441][668]LogBlueprint:Warning: FMemberReference::ResolveMember (K2_GetActorLocation) bSelfContext == true, but no scope supplied!
[2015.09.22-02.37.56:441][668]LogBlueprint:Warning: FMemberReference::ResolveMember (K2_GetActorLocation) bSelfContext == true, but no scope supplied!
[2015.09.22-02.37.56:442][668]LogBlueprint:Warning: FMemberReference::ResolveMember (K2_GetActorLocation) bSelfContext == true, but no scope supplied!
[2015.09.22-02.37.56:442][668]LogBlueprint:Warning: FMemberReference::ResolveMember (K2_GetActorLocation) bSelfContext == true, but no scope supplied!
[2015.09.22-02.37.56:442][668]LogBlueprint:Warning: FMemberReference::ResolveMember (CustomEvent_14) bSelfContext == true, but no scope supplied!
[2015.09.22-02.37.56:442][668]LogBlueprint:Warning: FMemberReference::ResolveMember (CustomEvent_14) bSelfContext == true, but no scope supplied!
[2015.09.22-02.37.56:445][668]LogBlueprint:Warning: FMemberReference::ResolveMember (K2_GetActorLocation) bSelfContext == true, but no scope supplied!
[2015.09.22-02.37.56:445][668]LogBlueprint:Warning: FMemberReference::ResolveMember (K2_GetActorLocation) bSelfContext == true, but no scope supplied!
[2015.09.22-02.37.56:446][668]LogBlueprint:Warning: FMemberReference::ResolveMember (K2_GetActorLocation) bSelfContext == true, but no scope supplied!
[2015.09.22-02.37.56:446][668]LogBlueprint:Warning: FMemberReference::ResolveMember (K2_GetActorLocation) bSelfContext == true, but no scope supplied!
[2015.09.22-02.37.56:446][668]LogBlueprint:Warning: FMemberReference::ResolveMember (K2_GetActorLocation) bSelfContext == true, but no scope supplied!
[2015.09.22-02.37.56:446][668]LogBlueprint:Warning: FMemberReference::ResolveMember (K2_GetActorLocation) bSelfContext == true, but no scope supplied!
[2015.09.22-02.37.56:447][668]LogBlueprint:Warning: FMemberReference::ResolveMember (K2_GetActorLocation) bSelfContext == true, but no scope supplied!
[2015.09.22-02.37.56:447][668]LogBlueprint:Warning: FMemberReference::ResolveMember (K2_GetActorLocation) bSelfContext == true, but no scope supplied!
[2015.09.22-02.37.56:447][668]LogBlueprint:Warning: FMemberReference::ResolveMember (K2_GetActorLocation) bSelfContext == true, but no scope supplied!
[2015.09.22-02.37.56:447][668]LogBlueprint:Warning: FMemberReference::ResolveMember (K2_GetActorLocation) bSelfContext == true, but no scope supplied!
[2015.09.22-02.37.56:448][668]LogBlueprint:Warning: FMemberReference::ResolveMember (K2_GetActorLocation) bSelfContext == true, but no scope supplied!
[2015.09.22-02.37.56:448][668]LogBlueprint:Warning: FMemberReference::ResolveMember (K2_GetActorLocation) bSelfContext == true, but no scope supplied!
[2015.09.22-02.37.56:448][668]LogBlueprint:Warning: FMemberReference::ResolveMember (CustomEvent_15) bSelfContext == true, but no scope supplied!
[2015.09.22-02.37.56:448][668]LogBlueprint:Warning: FMemberReference::ResolveMember (CustomEvent_15) bSelfContext == true, but no scope supplied!
[2015.09.22-02.37.56:448][668]LogBlueprint:Warning: FMemberReference::ResolveMember (CustomEvent_16) bSelfContext == true, but no scope supplied!
[2015.09.22-02.37.56:448][668]LogBlueprint:Warning: FMemberReference::ResolveMember (CustomEvent_16) bSelfContext == true, but no scope supplied!
[2015.09.22-02.37.56:449][668]LogBlueprint:Warning: FMemberReference::ResolveMember (CustomEvent_17) bSelfContext == true, but no scope supplied!
[2015.09.22-02.37.56:449][668]LogBlueprint:Warning: FMemberReference::ResolveMember (CustomEvent_17) bSelfContext == true, but no scope supplied!
[2015.09.22-02.37.56:491][668]LogPlayLevel: PIE: StaticDuplicateObject took: (0.220177s)
[2015.09.22-02.37.56:492][668]LogPlayLevel: PIE: World Init took: (0.000565s)
[2015.09.22-02.37.56:492][668]LogPlayLevel: PIE: Created PIE world by copying editor world from /Game/MuseumLevel.MuseumLevel to /Game/UEDPIE_0_MuseumLevel.MuseumLevel (0.220977s)
[2015.09.22-02.37.56:522][668]LogWorld: Game class is 'FirstPersonGameMode_C'
[2015.09.22-02.37.56:524][668]LogAIModule: Creating AISystem for world MuseumLevel
[2015.09.22-02.37.56:568][668]LogWorld:Warning: *** WARNING - PATHS MAY NOT BE VALID ***
[2015.09.22-02.37.56:568][668]LogWorld: Bringing World /Game/UEDPIE_0_MuseumLevel.MuseumLevel up for play (max tick rate 0) at 2015.09.22-12.37.56
[2015.09.22-02.37.56:578][668]LogWorld: Bringing up level for play took: 0.053446
[2015.09.22-02.37.56:588][668]PIE: Info Play in editor start time for /Game/UEDPIE_0_MuseumLevel 0.386
[2015.09.22-02.37.58:687][829]LogParticles: Destroying 0 GPU particle simulations for FXSystem 0x000000C9422727A0
[2015.09.22-02.38.03:751][385]Cmd: OBJ SAVEPACKAGE PACKAGE="/Game/MuseumLevel" FILE="C:/Users/n8604291/Desktop/StealthEscape/Content/MuseumLevel.umap" SILENT=true AUTOSAVING=false KEEPDIRTY=false
[2015.09.22-02.38.05:370][385]LogSavePackage: Save=1581.026489ms
[2015.09.22-02.38.05:370][385]LogSavePackage: Moving 'C:/Users/n8604291/Desktop/StealthEscape/Saved/MuseumLevel9BBE363E4466D276446298A85FB06868.tmp' to 'C:/Users/n8604291/Desktop/StealthEscape/Content/MuseumLevel.umap'
[2015.09.22-02.38.09:632][833]Cmd: MAP LOAD FILE="C:/Users/n8604291/Desktop/StealthEscape/Content/GameStart.umap" TEMPLATE=0 SHOWPROGRESS=1 FEATURELEVEL=3
[2015.09.22-02.38.09:632][833]LightingResults: New page: Lighting Build
[2015.09.22-02.38.09:662][833]LoadErrors: New page: Loading map: GameStart.umap
[2015.09.22-02.38.09:734][833]MapCheck: New page: Map Check
[2015.09.22-02.38.09:734][833]LightingResults: New page: Lighting Build
[2015.09.22-02.38.09:749][833]LogParticles: Destroying 0 GPU particle simulations for FXSystem 0x000000C90FC2D3A0
[2015.09.22-02.38.09:750][833]LogParticles: Destroying 0 GPU particle simulations for FXSystem 0x000000C94C654A40
[2015.09.22-02.38.09:814][833]LogEditorServer: Finished looking for orphan Actors (0.000 secs)
[2015.09.22-02.38.09:815][833]LogAIModule: Creating AISystem for world GameStart
[2015.09.22-02.38.09:836][833]Cmd: MAP CHECKDEP
[2015.09.22-02.38.09:836][833]MapCheck: New page: GameStart - 22 Sep 2015 10:38:09 pm
[2015.09.22-02.38.09:922][833]MapCheck: Info Map check complete: 0 Error(s), 0 Warning(s), took 86.422ms to complete.
[2015.09.22-02.38.09:922][833]LogFileHelpers: Loading map 'GameStart' took 0.293
[2015.09.22-02.38.11:520][ 22]BlueprintLog: New page: Pre-PIE auto-recompile
[2015.09.22-02.38.11:520][ 22]LogPlayLevel: [PIE] Compiling GameStart before PIE...
[2015.09.22-02.38.11:579][ 22]LogPlayLevel: PIE:  Blueprint regeneration took 58 ms (1 blueprints)
[2015.09.22-02.38.11:579][ 22]PIE: New page: PIE session: GameStart (22 Sep 2015 10:38:11 pm)
[2015.09.22-02.38.11:586][ 22]LogPlayLevel: PIE: StaticDuplicateObject took: (0.006413s)
[2015.09.22-02.38.11:586][ 22]LogPlayLevel: PIE: World Init took: (0.000498s)
[2015.09.22-02.38.11:586][ 22]LogPlayLevel: PIE: Created PIE world by copying editor world from /Game/GameStart.GameStart to /Game/UEDPIE_0_GameStart.GameStart (0.007051s)
[2015.09.22-02.38.11:632][ 22]LogWorld: Game class is 'FirstPersonGameMode_C'
[2015.09.22-02.38.11:637][ 22]LogAIModule: Creating AISystem for world GameStart
[2015.09.22-02.38.11:639][ 22]LogWorld: Bringing World /Game/UEDPIE_0_GameStart.GameStart up for play (max tick rate 0) at 2015.09.22-12.38.11
[2015.09.22-02.38.11:641][ 22]LogWorld: Bringing up level for play took: 0.002464
[2015.09.22-02.38.11:642][ 22]LogGameMode: Warning - PATHS NOT DEFINED or NO PLAYERSTART with positive rating
[2015.09.22-02.38.11:665][ 22]PIE: Info Play in editor start time for /Game/UEDPIE_0_GameStart -0.537
[2015.09.22-02.38.13:145][187]LogPackageName: SearchForPackageOnDisk took   0.047s to resolve MuseumLevel.umap
[2015.09.22-02.38.13:190][187]LogPackageName: SearchForPackageOnDisk took   0.045s to resolve MuseumLevel.umap
[2015.09.22-02.38.13:191][187]LogNet: Browse: /Game/MuseumLevel
[2015.09.22-02.38.13:191][187]LogLoad: LoadMap: /Game/MuseumLevel
[2015.09.22-02.38.13:211][187]LogParticles: Destroying 0 GPU particle simulations for FXSystem 0x000000C94AA61B20
[2015.09.22-02.38.13:211][187]Cmd: MEM
[2015.09.22-02.38.13:228][187]LogMemory: Platform Memory Stats for Windows
[2015.09.22-02.38.13:228][187]LogMemory: Process Physical Memory: 862.19 MB used, 879.15 MB peak
[2015.09.22-02.38.13:228][187]LogMemory: Process Virtual Memory: 1519.42 MB used, 1684.39 MB peak
[2015.09.22-02.38.13:228][187]LogMemory: Physical Memory: 5390.91 MB used, 32686.14 MB total
[2015.09.22-02.38.13:228][187]LogMemory: Virtual Memory: 2124.97 MB used, 134217728.00 MB total
[2015.09.22-02.38.13:228][187]LogMemory: 
[2015.09.22-02.38.13:228][187]Allocator Stats for TBB: (not implemented)
[2015.09.22-02.38.14:729][187]LogLinker:Warning: Asset '../../../Engine/Content/EngineMeshes/Humanoid.uasset' has been saved with empty engine version. The asset will be loaded but may be incompatible.
[2015.09.22-02.38.14:835][187]LogWorld: Game class is 'FirstPersonGameMode_C'
[2015.09.22-02.38.14:837][187]LogAIModule: Creating AISystem for world MuseumLevel
[2015.09.22-02.38.14:891][187]LogWorld:Warning: *** WARNING - PATHS MAY NOT BE VALID ***
[2015.09.22-02.38.14:891][187]LogWorld: Bringing World /Game/UEDPIE_0_MuseumLevel.MuseumLevel up for play (max tick rate 0) at 2015.09.22-12.38.14
[2015.09.22-02.38.14:903][187]LogWorld: Bringing up level for play took: 0.065532
[2015.09.22-02.38.18:922][636]LogParticles: Destroying 0 GPU particle simulations for FXSystem 0x000000C91AAE3BA0
[2015.09.22-02.40.48:342][ 22]BlueprintLog: New page: Compile CresitsWidget
[2015.09.22-02.40.48:381][ 22]LogActorComponent: UnregisterComponent: (/Engine/Transient.CharMoveComp) Not registered. Aborting.
[2015.09.22-02.40.48:381][ 22]LogActorComponent: UnregisterComponent: (/Engine/Transient.PawnSensingComponent_0) Not registered. Aborting.
[2015.09.22-02.40.48:416][ 22]BlueprintEditorCompileResults: Info [0616.16] Compile of CresitsWidget successful! [in 73 ms]
[2015.09.22-02.40.49:013][ 86]Cmd: OBJ SAVEPACKAGE PACKAGE="/Game/CresitsWidget" FILE="C:/Users/n8604291/Desktop/StealthEscape/Content/CresitsWidget.uasset" SILENT=true
[2015.09.22-02.40.49:044][ 86]LogSavePackage: Save=20.431879ms
[2015.09.22-02.40.49:044][ 86]LogSavePackage: Moving 'C:/Users/n8604291/Desktop/StealthEscape/Saved/CresitsWidgetDEA9E3594D603F60437B55A4748CD97E.tmp' to 'C:/Users/n8604291/Desktop/StealthEscape/Content/CresitsWidget.uasset'
[2015.09.22-02.41.07:283][ 53]LogParticles: Destroying 0 GPU particle simulations for FXSystem 0x000000C942273240
[2015.09.22-02.41.07:299][ 53]Cmd: MAP LOAD FILE="C:/Users/n8604291/Desktop/StealthEscape/Content/MuseumLevel.umap" TEMPLATE=0 SHOWPROGRESS=1 FEATURELEVEL=3
[2015.09.22-02.41.07:299][ 53]LightingResults: New page: Lighting Build
[2015.09.22-02.41.07:331][ 53]LoadErrors: New page: Loading map: MuseumLevel.umap
[2015.09.22-02.41.07:332][ 53]MapCheck: New page: Map Check
[2015.09.22-02.41.07:332][ 53]LightingResults: New page: Lighting Build
[2015.09.22-02.41.07:343][ 53]LogParticles: Destroying 0 GPU particle simulations for FXSystem 0x000000C940CA6160
[2015.09.22-02.41.07:344][ 53]LogParticles: Destroying 0 GPU particle simulations for FXSystem 0x000000C942C4FEC0
[2015.09.22-02.41.07:475][ 53]LogEditorServer: Finished looking for orphan Actors (0.000 secs)
[2015.09.22-02.41.07:476][ 53]LogAIModule: Creating AISystem for world MuseumLevel
[2015.09.22-02.41.07:497][ 53]Cmd: MAP CHECKDEP
[2015.09.22-02.41.07:497][ 53]MapCheck: New page: MuseumLevel - 22 Sep 2015 10:41:07 pm
[2015.09.22-02.41.07:584][ 53]MapCheck: Info Map check complete: 0 Error(s), 0 Warning(s), took 87.09ms to complete.
[2015.09.22-02.41.07:584][ 53]LogFileHelpers: Loading map 'MuseumLevel' took 0.289
[2015.09.22-02.41.22:535][824]LogActorComponent: UnregisterComponent: (/Engine/Transient.CharMoveComp) Not registered. Aborting.
[2015.09.22-02.41.22:535][824]LogActorComponent: UnregisterComponent: (/Engine/Transient.PawnSensingComponent_0) Not registered. Aborting.
[2015.09.22-02.41.22:946][825]Cmd: QUIT_EDITOR
[2015.09.22-02.41.23:150][825]LogExit: Preparing to exit.
[2015.09.22-02.41.23:819][825]LogExit: Editor shut down
[2015.09.22-02.41.23:819][825]LogExit: Transaction tracking system shut down
[2015.09.22-02.41.23:824][825]LogParticles: Destroying 0 GPU particle simulations for FXSystem 0x000000C93279A2A0
[2015.09.22-02.41.23:824][825]LogParticles: Destroying 0 GPU particle simulations for FXSystem 0x000000C932799BC0
[2015.09.22-02.41.23:824][825]LogParticles: Destroying 0 GPU particle simulations for FXSystem 0x000000C94C3C23E0
[2015.09.22-02.41.23:824][825]LogParticles: Destroying 0 GPU particle simulations for FXSystem 0x000000C9511A6AC0
[2015.09.22-02.41.23:824][825]LogParticles: Destroying 0 GPU particle simulations for FXSystem 0x000000C9512C6520
[2015.09.22-02.41.23:824][825]LogParticles: Destroying 0 GPU particle simulations for FXSystem 0x000000C94A9837E0
[2015.09.22-02.41.23:825][825]LogParticles: Destroying 0 GPU particle simulations for FXSystem 0x000000C942270680
[2015.09.22-02.41.23:897][825]LogExit: Object subsystem successfully closed.
[2015.09.22-02.41.23:936][825]LogModuleManager: Shutting down and abandoning module SequencerWidgets (178)
[2015.09.22-02.41.23:936][825]LogModuleManager: Shutting down and abandoning module CrashTracker (177)
[2015.09.22-02.41.23:936][825]LogModuleManager: Shutting down and abandoning module SuperSearch (176)
[2015.09.22-02.41.23:936][825]LogModuleManager: Shutting down and abandoning module SceneOutliner (175)
[2015.09.22-02.41.23:936][825]LogModuleManager: Shutting down and abandoning module EditorWidgets (174)
[2015.09.22-02.41.23:936][825]LogModuleManager: Shutting down and abandoning module CollectionManager (173)
[2015.09.22-02.41.23:936][825]LogModuleManager: Shutting down and abandoning module StatsViewer (172)
[2015.09.22-02.41.23:936][825]LogModuleManager: Shutting down and abandoning module FoliageEdit (171)
[2015.09.22-02.41.23:936][825]LogModuleManager: Shutting down and abandoning module LandscapeEditor (170)
[2015.09.22-02.41.23:936][825]LogModuleManager: Shutting down and abandoning module MeshPaint (169)
[2015.09.22-02.41.23:936][825]LogModuleManager: Shutting down and abandoning module ActorPickerMode (168)
[2015.09.22-02.41.23:936][825]LogModuleManager: Shutting down and abandoning module GeometryMode (167)
[2015.09.22-02.41.23:936][825]LogModuleManager: Shutting down and abandoning module TextureAlignMode (166)
[2015.09.22-02.41.23:936][825]LogModuleManager: Shutting down and abandoning module BspMode (165)
[2015.09.22-02.41.23:936][825]LogModuleManager: Shutting down and abandoning module PlacementMode (164)
[2015.09.22-02.41.23:936][825]LogModuleManager: Shutting down and abandoning module AutomationWorker (163)
[2015.09.22-02.41.23:936][825]LogModuleManager: Shutting down and abandoning module CharacterAI (162)
[2015.09.22-02.41.23:936][825]LogModuleManager: Shutting down and abandoning module SmartSnapping (161)
[2015.09.22-02.41.23:936][825]LogModuleManager: Shutting down and abandoning module ViewportSnapping (160)
[2015.09.22-02.41.23:936][825]LogModuleManager: Shutting down and abandoning module LogVisualizer (159)
[2015.09.22-02.41.23:936][825]LogModuleManager: Shutting down and abandoning module GameProjectGeneration (158)
[2015.09.22-02.41.23:936][825]LogModuleManager: Shutting down and abandoning module IntroTutorials (157)
[2015.09.22-02.41.23:937][825]LogModuleManager: Shutting down and abandoning module EditorLiveStreaming (156)
[2015.09.22-02.41.23:937][825]LogModuleManager: Shutting down and abandoning module HardwareTargeting (155)
[2015.09.22-02.41.23:937][825]LogModuleManager: Shutting down and abandoning module DeviceProfileEditor (154)
[2015.09.22-02.41.23:937][825]LogModuleManager: Shutting down and abandoning module UndoHistory (153)
[2015.09.22-02.41.23:937][825]LogModuleManager: Shutting down and abandoning module GameplayTagsEditor (152)
[2015.09.22-02.41.23:937][825]LogModuleManager: Shutting down and abandoning module UserFeedback (151)
[2015.09.22-02.41.23:937][825]LogModuleManager: Shutting down and abandoning module XmlParser (150)
[2015.09.22-02.41.23:937][825]LogModuleManager: Shutting down and abandoning module Blutility (149)
[2015.09.22-02.41.23:937][825]LogModuleManager: Shutting down and abandoning module IOSPlatformEditor (148)
[2015.09.22-02.41.23:937][825]LogModuleManager: Shutting down and abandoning module IOSRuntimeSettings (147)
[2015.09.22-02.41.23:937][825]LogModuleManager: Shutting down and abandoning module AndroidDeviceDetection (146)
[2015.09.22-02.41.24:727][825]LogModuleManager: Shutting down and abandoning module AndroidPlatformEditor (145)
[2015.09.22-02.41.24:727][825]LogModuleManager: Shutting down and abandoning module AndroidRuntimeSettings (144)
[2015.09.22-02.41.24:727][825]LogModuleManager: Shutting down and abandoning module ProjectTargetPlatformEditor (143)
[2015.09.22-02.41.24:727][825]LogModuleManager: Shutting down and abandoning module ProjectSettingsViewer (142)
[2015.09.22-02.41.24:727][825]LogModuleManager: Shutting down and abandoning module InputBindingEditor (141)
[2015.09.22-02.41.24:728][825]LogModuleManager: Shutting down and abandoning module EditorSettingsViewer (140)
[2015.09.22-02.41.24:728][825]LogModuleManager: Shutting down and abandoning module SettingsEditor (139)
[2015.09.22-02.41.24:728][825]LogModuleManager: Shutting down and abandoning module ProjectLauncher (138)
[2015.09.22-02.41.24:728][825]LogModuleManager: Shutting down and abandoning module SessionFrontend (137)
[2015.09.22-02.41.24:728][825]LogModuleManager: Shutting down and abandoning module ProfilerClient (136)
[2015.09.22-02.41.24:728][825]LogModuleManager: Shutting down and abandoning module TargetDeviceServices (135)
[2015.09.22-02.41.24:728][825]LogModuleManager: Shutting down and abandoning module DeviceManager (134)
[2015.09.22-02.41.24:728][825]LogModuleManager: Shutting down and abandoning module AutomationController (133)
[2015.09.22-02.41.24:728][825]LogModuleManager: Shutting down and abandoning module AutomationWindow (132)
[2015.09.22-02.41.24:728][825]LogModuleManager: Shutting down and abandoning module Layers (131)
[2015.09.22-02.41.24:728][825]LogModuleManager: Shutting down and abandoning module ComponentVisualizers (130)
[2015.09.22-02.41.24:728][825]LogModuleManager: Shutting down and abandoning module DetailCustomizations (129)
[2015.09.22-02.41.24:728][825]LogModuleManager: Shutting down and abandoning module PackagesDialog (128)
[2015.09.22-02.41.24:729][825]LogModuleManager: Shutting down and abandoning module AssetRegistry (127)
[2015.09.22-02.41.24:827][825]LogModuleManager: Shutting down and abandoning module Persona (126)
[2015.09.22-02.41.24:827][825]LogModuleManager: Shutting down and abandoning module SlateReflector (125)
[2015.09.22-02.41.24:827][825]LogModuleManager: Shutting down and abandoning module LevelEditor (124)
[2015.09.22-02.41.24:828][825]LogModuleManager: Shutting down and abandoning module Kismet (123)
[2015.09.22-02.41.24:828][825]LogModuleManager: Shutting down and abandoning module GraphEditor (122)
[2015.09.22-02.41.24:828][825]LogModuleManager: Shutting down and abandoning module ClassViewer (121)
[2015.09.22-02.41.24:828][825]LogModuleManager: Shutting down and abandoning module Toolbox (120)
[2015.09.22-02.41.24:828][825]LogModuleManager: Shutting down and abandoning module ModuleUI (119)
[2015.09.22-02.41.24:828][825]LogModuleManager: Shutting down and abandoning module MovieSceneTools (118)
[2015.09.22-02.41.24:828][825]LogModuleManager: Shutting down and abandoning module OutputLog (117)
[2015.09.22-02.41.24:828][825]LogModuleManager: Shutting down and abandoning module GammaUI (116)
[2015.09.22-02.41.24:828][825]LogModuleManager: Shutting down and abandoning module Documentation (115)
[2015.09.22-02.41.24:828][825]LogModuleManager: Shutting down and abandoning module GameLiveStreaming (114)
[2015.09.22-02.41.24:828][825]LogModuleManager: Shutting down and abandoning module StreamingPauseRendering (113)
[2015.09.22-02.41.24:828][825]LogModuleManager: Shutting down and abandoning module HTTP (112)
[2015.09.22-02.41.24:828][825]LogModuleManager: Shutting down and abandoning module AnalyticsET (111)
[2015.09.22-02.41.24:828][825]LogModuleManager: Shutting down and abandoning module Analytics (110)
[2015.09.22-02.41.24:828][825]LogModuleManager: Shutting down and abandoning module AITestSuite (109)
[2015.09.22-02.41.24:828][825]LogModuleManager: Shutting down and abandoning module GameplayDebugger (108)
[2015.09.22-02.41.24:828][825]LogModuleManager: Shutting down and abandoning module AIModule (107)
[2015.09.22-02.41.24:828][825]LogModuleManager: Shutting down and abandoning module ProfilerService (106)
[2015.09.22-02.41.24:910][825]LogModuleManager: Shutting down and abandoning module TaskGraph (105)
[2015.09.22-02.41.24:910][825]LogModuleManager: Shutting down and abandoning module SlateRemote (104)
[2015.09.22-02.41.24:910][825]LogModuleManager: Shutting down and abandoning module ScriptEditorPlugin (103)
[2015.09.22-02.41.24:910][825]LogModuleManager: Shutting down and abandoning module CustomMeshComponent (102)
[2015.09.22-02.41.24:910][825]LogModuleManager: Shutting down and abandoning module CableComponent (101)
[2015.09.22-02.41.24:910][825]LogModuleManager: Shutting down and abandoning module MessagingDebugger (100)
[2015.09.22-02.41.24:910][825]LogModuleManager: Shutting down and abandoning module MediaPlayerEditor (99)
[2015.09.22-02.41.24:910][825]LogModuleManager: Shutting down and abandoning module SpeedTreeImporter (98)
[2015.09.22-02.41.24:910][825]LogModuleManager: Shutting down and abandoning module PluginsEditor (97)
[2015.09.22-02.41.24:910][825]LogModuleManager: Shutting down and abandoning module MainFrame (96)
[2015.09.22-02.41.24:910][825]LogModuleManager: Shutting down and abandoning module EpicSurvey (95)
[2015.09.22-02.41.24:910][825]LogModuleManager: Shutting down and abandoning module DesktopPlatform (94)
[2015.09.22-02.41.24:910][825]LogModuleManager: Shutting down and abandoning module DirectoryWatcher (93)
[2015.09.22-02.41.24:910][825]LogModuleManager: Shutting down and abandoning module HotReload (92)
[2015.09.22-02.41.24:910][825]LogModuleManager: Shutting down and abandoning module VisualStudioSourceCodeAccess (91)
[2015.09.22-02.41.24:910][825]LogModuleManager: Shutting down and abandoning module UObjectPlugin (90)
[2015.09.22-02.41.24:910][825]LogModuleManager: Shutting down and abandoning module SubversionSourceControl (89)
[2015.09.22-02.41.24:911][825]LogModuleManager: Shutting down and abandoning module PerforceSourceControl (88)
[2015.09.22-02.41.24:911][825]LogModuleManager: Shutting down and abandoning module SourceControl (87)
[2015.09.22-02.41.24:911][825]LogModuleManager: Shutting down and abandoning module GitSourceControl (86)
[2015.09.22-02.41.24:911][825]LogModuleManager: Shutting down and abandoning module BlankPlugin (85)
[2015.09.22-02.41.24:911][825]LogModuleManager: Shutting down and abandoning module PaperTiledImporter (84)
[2015.09.22-02.41.24:911][825]LogModuleManager: Shutting down and abandoning module PaperJsonImporter (83)
[2015.09.22-02.41.24:911][825]LogModuleManager: Shutting down and abandoning module ContentBrowser (82)
[2015.09.22-02.41.24:912][825]LogModuleManager: Shutting down and abandoning module Paper2DEditor (81)
[2015.09.22-02.41.24:912][825]LogModuleManager: Shutting down and abandoning module ScriptPlugin (80)
[2015.09.22-02.41.24:912][825]LogModuleManager: Shutting down and abandoning module UdpMessaging (79)
[2015.09.22-02.41.25:013][825]LogModuleManager: Shutting down and abandoning module Paper2D (78)
[2015.09.22-02.41.25:013][825]LogModuleManager: Shutting down and abandoning module WindowsMoviePlayer (77)
[2015.09.22-02.41.25:018][825]LogModuleManager: Shutting down and abandoning module Media (76)
[2015.09.22-02.41.25:019][825]LogModuleManager: Shutting down and abandoning module WmfMedia (75)
[2015.09.22-02.41.25:019][825]LogModuleManager: Shutting down and abandoning module OnlineBlueprintSupport (74)
[2015.09.22-02.41.25:019][825]LogModuleManager: Shutting down and abandoning module PropertyEditor (73)
[2015.09.22-02.41.25:019][825]LogModuleManager: Shutting down and abandoning module BehaviorTreeEditor (72)
[2015.09.22-02.41.25:019][825]LogModuleManager: Shutting down and abandoning module FunctionalTesting (71)
[2015.09.22-02.41.25:019][825]LogModuleManager: Shutting down and abandoning module CollisionAnalyzer (70)
[2015.09.22-02.41.25:019][825]LogModuleManager: Shutting down and abandoning module WorkspaceMenuStructure (69)
[2015.09.22-02.41.25:019][825]LogModuleManager: Shutting down and abandoning module MessageLog (68)
[2015.09.22-02.41.25:019][825]LogModuleManager: Shutting down and abandoning module Sequencer (67)
[2015.09.22-02.41.25:019][825]LogModuleManager: Shutting down and abandoning module AssetTools (66)
[2015.09.22-02.41.25:019][825]LogModuleManager: Shutting down and abandoning module UMGEditor (65)
[2015.09.22-02.41.25:019][825]LogModuleManager: Shutting down and abandoning module UMG (64)
[2015.09.22-02.41.25:019][825]LogModuleManager: Shutting down and abandoning module Slate (63)
[2015.09.22-02.41.25:020][825]LogModuleManager: Shutting down and abandoning module EditorStyle (62)
[2015.09.22-02.41.25:028][825]LogModuleManager: Shutting down and abandoning module SessionServices (61)
[2015.09.22-02.41.25:028][825]LogModuleManager: Shutting down and abandoning module SourceCodeAccess (60)
[2015.09.22-02.41.25:028][825]LogModuleManager: Shutting down and abandoning module HeadMountedDisplay (59)
[2015.09.22-02.41.25:028][825]LogModuleManager: Shutting down and abandoning module XAudio2 (58)
[2015.09.22-02.41.25:028][825]LogModuleManager: Shutting down and abandoning module Networking (56)
[2015.09.22-02.41.25:028][825]LogModuleManager: Shutting down and abandoning module Core (55)
[2015.09.22-02.41.25:028][825]LogModuleManager: Shutting down and abandoning module KismetCompiler (54)
[2015.09.22-02.41.25:028][825]LogModuleManager: Shutting down and abandoning module PhysXFormats (53)
[2015.09.22-02.41.25:028][825]LogModuleManager: Shutting down and abandoning module MeshUtilities (52)
[2015.09.22-02.41.25:028][825]LogModuleManager: Shutting down and abandoning module DerivedDataCache (51)
[2015.09.22-02.41.25:100][825]LogDerivedDataCache: Shutdown
[2015.09.22-02.41.25:100][825]LogModuleManager: Shutting down and abandoning module ShaderFormatOpenGL (50)
[2015.09.22-02.41.25:100][825]LogModuleManager: Shutting down and abandoning module ShaderFormatD3D (49)
[2015.09.22-02.41.25:100][825]LogModuleManager: Shutting down and abandoning module MetalShaderFormat (48)
[2015.09.22-02.41.25:100][825]LogModuleManager: Shutting down and abandoning module TextureFormatUncompressed (47)
[2015.09.22-02.41.25:100][825]LogModuleManager: Shutting down and abandoning module TextureFormatPVR (46)
[2015.09.22-02.41.25:100][825]LogModuleManager: Shutting down and abandoning module TextureFormatIntelISPCTexComp (45)
[2015.09.22-02.41.25:100][825]LogModuleManager: Shutting down and abandoning module TextureFormatDXT (44)
[2015.09.22-02.41.25:100][825]LogModuleManager: Shutting down and abandoning module ImageWrapper (43)
[2015.09.22-02.41.25:100][825]LogModuleManager: Shutting down and abandoning module TextureFormatASTC (42)
[2015.09.22-02.41.25:100][825]LogModuleManager: Shutting down and abandoning module TextureFormatAndroid (41)
[2015.09.22-02.41.25:100][825]LogModuleManager: Shutting down and abandoning module AudioFormatOpus (40)
[2015.09.22-02.41.25:100][825]LogModuleManager: Shutting down and abandoning module AudioFormatOgg (39)
[2015.09.22-02.41.25:100][825]LogModuleManager: Shutting down and abandoning module AudioFormatADPCM (38)
[2015.09.22-02.41.25:100][825]LogModuleManager: Shutting down and abandoning module LinuxTargetPlatform (37)
[2015.09.22-02.41.25:100][825]LogModuleManager: Shutting down and abandoning module LinuxServerTargetPlatform (36)
[2015.09.22-02.41.25:100][825]LogModuleManager: Shutting down and abandoning module LinuxNoEditorTargetPlatform (35)
[2015.09.22-02.41.25:100][825]LogModuleManager: Shutting down and abandoning module Messaging (34)
[2015.09.22-02.41.25:100][825]LogModuleManager: Shutting down and abandoning module IOSTargetPlatform (33)
[2015.09.22-02.41.25:100][825]LogModuleManager: Shutting down and abandoning module HTML5TargetPlatform (32)
[2015.09.22-02.41.25:100][825]LogModuleManager: Shutting down and abandoning module Android_PVRTCTargetPlatform (31)
[2015.09.22-02.41.25:100][825]LogModuleManager: Shutting down and abandoning module Android_ETC2TargetPlatform (30)
[2015.09.22-02.41.25:100][825]LogModuleManager: Shutting down and abandoning module Android_ETC1TargetPlatform (29)
[2015.09.22-02.41.25:100][825]LogModuleManager: Shutting down and abandoning module Android_ES31TargetPlatform (28)
[2015.09.22-02.41.25:100][825]LogModuleManager: Shutting down and abandoning module Android_DXTTargetPlatform (27)
[2015.09.22-02.41.25:100][825]LogModuleManager: Shutting down and abandoning module Android_ATCTargetPlatform (26)
[2015.09.22-02.41.25:100][825]LogModuleManager: Shutting down and abandoning module AndroidTargetPlatform (25)
[2015.09.22-02.41.25:100][825]LogModuleManager: Shutting down and abandoning module WindowsTargetPlatform (24)
[2015.09.22-02.41.25:100][825]LogModuleManager: Shutting down and abandoning module WindowsServerTargetPlatform (23)
[2015.09.22-02.41.25:100][825]LogModuleManager: Shutting down and abandoning module WindowsNoEditorTargetPlatform (22)
[2015.09.22-02.41.25:101][825]LogModuleManager: Shutting down and abandoning module WindowsClientTargetPlatform (21)
[2015.09.22-02.41.25:101][825]LogModuleManager: Shutting down and abandoning module TargetPlatform (20)
[2015.09.22-02.41.25:101][825]LogModuleManager: Shutting down and abandoning module InputCore (19)
[2015.09.22-02.41.25:101][825]LogModuleManager: Shutting down and abandoning module Settings (18)
[2015.09.22-02.41.25:101][825]LogModuleManager: Shutting down and abandoning module OnlineSubsystem (16)
[2015.09.22-02.41.25:101][825]LogModuleManager: Shutting down and abandoning module OculusRift (15)
[2015.09.22-02.41.25:101][825]LogModuleManager: Shutting down and abandoning module ExampleDeviceProfileSelector (14)
[2015.09.22-02.41.25:101][825]LogModuleManager: Shutting down and abandoning module TextureCompressor (13)
[2015.09.22-02.41.25:101][825]LogModuleManager: Shutting down and abandoning module ShaderCore (12)
[2015.09.22-02.41.25:101][825]LogModuleManager: Shutting down and abandoning module Landscape (11)
[2015.09.22-02.41.25:101][825]LogModuleManager: Shutting down and abandoning module SlateRHIRenderer (10)
[2015.09.22-02.41.25:108][825]LogModuleManager: Shutting down and abandoning module OpenGLDrv (9)
[2015.09.22-02.41.25:108][825]LogModuleManager: Shutting down and abandoning module D3D11RHI (8)
[2015.09.22-02.41.25:108][825]LogModuleManager: Shutting down and abandoning module Renderer (7)
[2015.09.22-02.41.25:108][825]LogModuleManager: Shutting down and abandoning module Engine (6)
[2015.09.22-02.41.25:108][825]LogModuleManager: Shutting down and abandoning module CoreUObject (5)
[2015.09.22-02.41.25:108][825]LogModuleManager: Shutting down and abandoning module NetworkFile (4)
[2015.09.22-02.41.25:108][825]LogModuleManager: Shutting down and abandoning module StreamingFile (3)
[2015.09.22-02.41.25:108][825]LogModuleManager: Shutting down and abandoning module SandboxFile (2)
[2015.09.22-02.41.25:108][825]LogModuleManager: Shutting down and abandoning module PakFile (1)
[2015.09.22-02.41.25:109][825]LogExit: Exiting.
[2015.09.22-02.41.25:137][825]Log file closed, 09/22/15 12:41:25
