Log file open, 09/09/15 10:33:33
LogInit:Display: Running engine for game: StealthEscape
LogInit: Version: 4.7.6-2513093+++depot+UE4-Releases+4.7
LogInit: API Version: 2455222
LogInit: Compiled (64-bit): Apr 15 2015 12:09:54
LogInit: Compiled with Visual C++: 18.00.21005.01
LogInit: Build Configuration: Development
LogInit: Branch Name: ++depot+UE4-Releases+4.7
LogInit: Command line:  
LogInit: Base directory: C:/Program Files/Epic Games/4.7/Engine/Binaries/Win64/
LogInit: Rocket: 1
[2015.09.09-00.33.33:631][  0]LogTaskGraph: Started task graph with 3 named threads and 6 total threads.
[2015.09.09-00.33.33:829][  0]LogOnline:Warning: No default platform service specified for OnlineSubsystem
[2015.09.09-00.33.33:961][  0]LogInit: Presizing for 0 objects not considered by GC, pre-allocating 0 bytes.
[2015.09.09-00.33.34:011][  0]LogInit: Object subsystem initialized
[2015.09.09-00.33.34:044][  0]LogConsoleResponse:Warning: Skipping Unknown console variable: 'TranslucentSortAxis = (X=0.000000,Y=-1.000000,Z=0.000000)'
[2015.09.09-00.33.34:044][  0]LogConsoleResponse:Warning:   Found in ini file 'C:/Users/Admin/Documents/Miguel/Unreal Projects/StealthEscape/Saved/Config/Windows/Engine.ini', in section '[/Script/Engine.RendererSettings]'
[2015.09.09-00.33.34:044][  0]LogConsoleResponse:Warning: Skipping Unknown console variable: 'UIScaleRule = ShortestSide'
[2015.09.09-00.33.34:044][  0]LogConsoleResponse:Warning:   Found in ini file 'C:/Users/Admin/Documents/Miguel/Unreal Projects/StealthEscape/Saved/Config/Windows/Engine.ini', in section '[/Script/Engine.RendererSettings]'
[2015.09.09-00.33.34:044][  0]LogConsoleResponse:Warning: Skipping Unknown console variable: 'UIScaleCurve = (EditorCurveData=(Keys=),ExternalCurve=None)'
[2015.09.09-00.33.34:044][  0]LogConsoleResponse:Warning:   Found in ini file 'C:/Users/Admin/Documents/Miguel/Unreal Projects/StealthEscape/Saved/Config/Windows/Engine.ini', in section '[/Script/Engine.RendererSettings]'
[2015.09.09-00.33.34:063][  0]LogInit: Selected Device Profile: [Windows]
[2015.09.09-00.33.34:063][  0]LogInit: Applying CVar settings loaded from the selected device profile: [Windows]
[2015.09.09-00.33.34:326][  0]LogInit: Computer: I7-DESKTOP
[2015.09.09-00.33.34:326][  0]LogInit: User: Admin
[2015.09.09-00.33.34:326][  0]LogInit: CPU Page size=4096, Cores=4
[2015.09.09-00.33.34:326][  0]LogInit: High frequency timer resolution =3.515654 MHz
[2015.09.09-00.33.34:326][  0]LogMemory: Memory total: Physical=7.9GB (8GB approx) Virtual=8192.0GB
[2015.09.09-00.33.34:326][  0]LogMemory: Platform Memory Stats for Windows
[2015.09.09-00.33.34:326][  0]LogMemory: Process Physical Memory: 51.82 MB used, 51.82 MB peak
[2015.09.09-00.33.34:326][  0]LogMemory: Process Virtual Memory: 32.29 MB used, 32.29 MB peak
[2015.09.09-00.33.34:326][  0]LogMemory: Physical Memory: 2728.75 MB used, 8066.43 MB total
[2015.09.09-00.33.34:326][  0]LogMemory: Virtual Memory: 354.35 MB used, 8388608.00 MB total
[2015.09.09-00.33.34:662][  0]LogD3D11RHI: Found D3D11 adapter 0: AMD Radeon HD 6800 Series (Feature Level 11_0)
[2015.09.09-00.33.34:662][  0]LogD3D11RHI: Adapter has 1011MB of dedicated video memory, 0MB of dedicated system memory, and 3777MB of shared system memory, 1 output[s]
[2015.09.09-00.33.34:662][  0]LogD3D11RHI: Chosen D3D11 Adapter Id = 0
[2015.09.09-00.33.34:679][  0]LogRHI: Texture pool is 708 MB (70% of 1011 MB)
[2015.09.09-00.33.34:688][  0]LogD3D11RHI: Async texture creation disabled: no driver support
[2015.09.09-00.33.36:648][  0]LogTextLocalizationManager: The requested culture ('en_AU') has no localization data; parent culture's ('en') localization data will be used.
[2015.09.09-00.33.36:976][  0]LogTextLocalizationManager:Warning: Loading localization resources contain conflicting entries for (Namespace:UICommands, Key:Save_ToolTip):
Resource: (C:/Program Files/Epic Games/4.7/Engine/Content/Localization/Editor/en/Editor.locres) Hash: (-29098895) String: (Saves the current level to disk)
Resource: (C:/Program Files/Epic Games/4.7/Engine/Content/Localization/Engine/en/Engine.locres) Hash: (-1280300587) String: (Save selected data to vlog file)
[2015.09.09-00.33.36:976][  0]LogTextLocalizationManager:Warning: Loading localization resources contain conflicting entries for (Namespace:ContentBrowser, Key:ImportAssetToolTip):
Resource: (C:/Program Files/Epic Games/4.7/Engine/Content/Localization/Editor/en/Editor.locres) Hash: (-630476809) String: (Import to {0}...)
Resource: (C:/Program Files/Epic Games/4.7/Engine/Content/Localization/Editor/en/Editor.locres) Hash: (1271782899) String: (Imports an asset from file to this folder.)
[2015.09.09-00.33.37:066][  0]LogContentStreaming: Texture pool size is 0.000000MB
[2015.09.09-00.33.44:086][  0]LogTargetPlatformManager:Display: Building Assets For Windows
[2015.09.09-00.33.45:893][  0]LogTargetPlatformManager:Display: Building Assets For Windows
[2015.09.09-00.33.45:973][  0]LogDerivedDataCache:Display: Max Cache Size: 512 MB
[2015.09.09-00.33.46:852][  0]LogDerivedDataCache: Loaded boot cache 0.86s 39MB C:/Users/Admin/AppData/Local/UnrealEngine/4.7/DerivedDataCache/Boot.ddc.
[2015.09.09-00.33.46:852][  0]LogDerivedDataCache:Display: Loaded Boot cache: C:/Users/Admin/AppData/Local/UnrealEngine/4.7/DerivedDataCache/Boot.ddc
[2015.09.09-00.33.46:853][  0]LogDerivedDataCache: FDerivedDataBackendGraph:  Pak pak cache file ../../../../../../Users/Admin/Documents/Miguel/Unreal Projects/StealthEscape/DerivedDataCache/DDC.ddp not found, will not use a pak cache.
[2015.09.09-00.33.46:853][  0]LogDerivedDataCache: Unable to find inner node Pak for hierarchical cache Hierarchy.
[2015.09.09-00.33.47:185][  0]LogDerivedDataCache:Display: Pak cache opened for reading ../../../Engine/DerivedDataCache/Compressed.ddp.
[2015.09.09-00.33.47:196][  0]LogDerivedDataCache: Using Local data cache path C:/Users/Admin/AppData/Local/UnrealEngine/Common/DerivedDataCache: Writable
[2015.09.09-00.34.02:968][  0]LogMeshUtilities: No automatic mesh reduction module available
[2015.09.09-00.34.02:968][  0]LogMeshUtilities: No automatic mesh merging module available
[2015.09.09-00.34.06:358][  0]LogInit: WinSock: version 1.1 (2.2), MaxSocks=32767, MaxUdp=65467
[2015.09.09-00.34.06:815][  0]LogSlate:Warning: Failed to load font data from '../../../Engine/Content/Slate/Fonts/Roboto-Italic.ttf'
[2015.09.09-00.34.28:558][  0]UdpMessaging: Initializing bridge on interface 0.0.0.0:0 to multicast group 230.0.0.1:6666.
[2015.09.09-00.34.29:442][  0]SourceControl: Info Source control is disabled
[2015.09.09-00.34.29:442][  0]SourceControl: Info Source control is disabled
[2015.09.09-00.34.29:442][  0]SourceControl: Info Source control is disabled
[2015.09.09-00.34.29:442][  0]LogSourceControl: RunCommandInternalRaw: 'git version'
[2015.09.09-00.34.29:442][  0]LogSourceControl: RunCommandInternalRaw: ExecProcess ReturnCode=2 OutResults=''
[2015.09.09-00.34.29:459][  0]SourceControl: Info Source control is disabled
[2015.09.09-00.34.30:324][  0]LogObj: 24232 objects as part of root set at end of initial load.
[2015.09.09-00.34.30:324][  0]LogUObjectAllocator: 5137176 out of 0 bytes used by permanent object pool.
[2015.09.09-00.34.30:793][  0]LogEngine: Initializing Engine...
[2015.09.09-00.34.33:670][  0]LogInit: XAudio2 using 'AMD HDMI Output (AMD High Definition Audio Device)' : 2 channels at 48 kHz using 16 bits per sample (channel mask 0x3)
[2015.09.09-00.34.33:755][  0]LogInit: FAudioDevice initialized.
[2015.09.09-00.34.33:918][  0]LogAIModule: Creating AISystem for world NewWorld
[2015.09.09-00.34.33:940][  0]LogDerivedDataCache: Saved boot cache 0.02s 39MB C:/Users/Admin/AppData/Local/UnrealEngine/4.7/DerivedDataCache/Boot.ddc.
[2015.09.09-00.34.33:946][  0]LogInit: Texture streaming: Enabled
[2015.09.09-00.34.34:657][  0]LogAnalytics: Creating configured Analytics provider AnalyticsET
[2015.09.09-00.34.34:657][  0]LogAnalytics: ET APIKey = Rocket.Release. APIServer = http://et2.epicgames.com/ET2/. AppVersion = 4.7.6-2513093+++depot+UE4-Releases+4.7
[2015.09.09-00.34.34:657][  0]LogAnalytics: ET APIKey = Rocket.Release. DataRouterUploadURL = https://datarouter-public-service-gamedev.ol.epicgames.net/datarouter/api/v1/public/data. AppVersion = 4.7.6-2513093+++depot+UE4-Releases+4.7
[2015.09.09-00.34.34:657][  0]LogAnalytics: SetUserId 0b171b7540c931a0f620c8b878be6a3a|90dc462d3abe4e908c5e059bf9a6bfe2|0d6894b3-0434-4d10-9239-f3a8220f2c03
[2015.09.09-00.34.34:657][  0]LogAnalytics: AnalyticsET::StartSession [Rocket.Release]
[2015.09.09-00.34.34:866][  0]LogInit: Transaction tracking system initialized
[2015.09.09-00.34.36:173][  0]BlueprintLog: New page: Editor Load
[2015.09.09-00.34.36:275][  0]LogAssetRegistry: FAssetRegistry took 0.0095 seconds to start up
[2015.09.09-00.34.36:330][  0]LogDirectoryWatcher:Warning: Failed to begin reading directory changes for ../../../Engine/Plugins/Experimental/CharacterAI/Content/. Error: 0
[2015.09.09-00.34.38:206][  0]LogTargetPlatformManager:Display: Building Assets For Windows
[2015.09.09-00.34.38:577][  0]LogTargetPlatformManager:Display: Building Assets For Windows
[2015.09.09-00.34.41:778][  0]LogLinker:Warning: Asset '../../../Engine/Content/Tutorial/Mobile/CreatingSigningCertAndProvisionTutorial.uasset' has been saved with empty engine version. The asset will be loaded but may be incompatible.
[2015.09.09-00.34.41:861][  0]LogLinker:Warning: Can't find file '/Game/TopDownBP/TopDownOverview'
[2015.09.09-00.34.41:882][  0]LogLinker:Warning: Can't find file '/Game/TopDownBP/TopDownOverview'
[2015.09.09-00.34.41:885][  0]LogUObjectGlobals:Warning: Failed to find object 'Class /Game/TopDownBP/TopDownOverview.TopDownOverview_C'
[2015.09.09-00.34.42:350][  0]LogSlate:Warning: Failed to load font data from '../../../Engine/Content/Editor/Slate/Fonts/Roboto-Regular.ttf'
[2015.09.09-00.34.42:351][  0]LogSlate:Warning: Failed to load font data from '../../../Engine/Content/Editor/Slate/Fonts/Roboto-Bold.ttf'
[2015.09.09-00.34.42:608][  0]LogConsoleResponse:Display: 
[2015.09.09-00.34.45:959][  0]LogCook:Display: Done creating registry. It took  0.00s.
[2015.09.09-00.34.47:428][  0]SourceControl: Info Source control is disabled
[2015.09.09-00.40.48:271][  0]Cmd: MAP LOAD FILE="../../../../../../Users/Admin/Documents/Miguel/Unreal Projects/StealthEscape/Content/MuseumLevel.umap" TEMPLATE=0 SHOWPROGRESS=1 FEATURELEVEL=3
[2015.09.09-00.40.48:280][  0]LightingResults: New page: Lighting Build
[2015.09.09-00.40.48:330][  0]MapCheck: New page: Map Check
[2015.09.09-00.40.48:330][  0]LightingResults: New page: Lighting Build
[2015.09.09-00.40.48:338][  0]LogParticles: Destroying 0 GPU particle simulations for FXSystem 0x00000000161E6200
[2015.09.09-00.40.48:616][  0]LogLinker:Warning: Asset '../../../Engine/Content/EngineMeshes/Humanoid.uasset' has been saved with empty engine version. The asset will be loaded but may be incompatible.
[2015.09.09-00.40.52:081][  0]LogLinker:Warning: Can't find file '/Game/StarterContent/Textures/T_Chair_N'
[2015.09.09-00.40.52:082][  0]LogLinker:Warning: Can't find file for asset '/Game/StarterContent/Textures/T_Chair_N' while loading ../../../../../../Users/Admin/Documents/Miguel/Unreal Projects/StealthEscape/Content/StarterContent/Props/Materials/M_Chair.uasset.
[2015.09.09-00.40.52:082][  0]LoadErrors:Error: Error /Game/StarterContent/Props/Materials/M_Chair : Can't find file for asset. /Game/StarterContent/Textures/T_Chair_N
[2015.09.09-00.40.52:083][  0]LogLinker:Warning: Can't find file '/Game/StarterContent/Textures/T_Chair_N'
[2015.09.09-00.40.52:084][  0]LogLinker:Warning: Can't find file for asset '/Game/StarterContent/Textures/T_Chair_N' while loading ../../../../../../Users/Admin/Documents/Miguel/Unreal Projects/StealthEscape/Content/StarterContent/Props/Materials/M_Chair.uasset.
[2015.09.09-00.40.52:084][  0]LoadErrors:Error: Error /Game/StarterContent/Props/Materials/M_Chair : Can't find file for asset. /Game/StarterContent/Textures/T_Chair_N
[2015.09.09-00.40.54:911][  0]LogLinker:Warning: Can't find file '/Game/StarterContent/Textures/T_Chair_N'
[2015.09.09-00.40.54:911][  0]LoadErrors: Info Failed to load /Game/StarterContent/Textures/T_Chair_N.T_Chair_N Referenced by MaterialExpressionTextureSample_3
[2015.09.09-00.40.54:911][  0]LogLinker:Warning: Can't find file for asset '/Game/StarterContent/Textures/T_Chair_N' while loading NULL.
[2015.09.09-00.40.54:911][  0]LoadErrors: Info Failed to load /Game/StarterContent/Textures/T_Chair_N.T_Chair_N Referenced by MaterialExpressionTextureSample_3
[2015.09.09-00.40.58:018][  0]LogMaterial: Missing cached shader map for material M_Chair, compiling. 
[2015.09.09-00.40.58:056][  0]LogMaterial:Warning: Failed to compile Material /Game/StarterContent/Props/Materials/M_Chair.M_Chair for platform PCD3D_SM5, Default Material will be used in game.
[2015.09.09-00.40.58:056][  0]LogMaterial:Warning: 	(Node TextureSample) TextureSample> Missing input texture
[2015.09.09-00.41.00:909][  0]LogEditorServer: Finished looking for orphan Actors (0.000 secs)
[2015.09.09-00.41.00:934][  0]LogAIModule: Creating AISystem for world MuseumLevel
[2015.09.09-00.41.01:037][  0]Cmd: MAP CHECKDEP
[2015.09.09-00.41.01:037][  0]MapCheck: New page: MuseumLevel - 9 Sep 2015 8:41:01 pm
[2015.09.09-00.41.01:194][  0]MapCheck: Info Map check complete: 0 Error(s), 0 Warning(s), took 157.402ms to complete.
[2015.09.09-00.41.01:194][  0]LogFileHelpers: Loading map 'MuseumLevel' took 12.923
[2015.09.09-00.41.03:030][  0]LogStats:Warning: MetaData mismatch. Did you assign a stat to two groups? New //STATGROUP_Threads//SplashScreenThread///Thread_20c4_0///////STATCAT_Advanced//// old //STATGROUP_Threads//SplashScreenThread///Thread_1c28_0///////STATCAT_Advanced////
[2015.09.09-00.41.03:030][  0]LogCollectionManager: Loaded 0 collections in 0.002354 seconds
[2015.09.09-00.41.03:263][  0]LogContentBrowser: Native class hierarchy populated in 0.1922 seconds. Added 1696 classes and 261 folders.
[2015.09.09-00.41.04:080][  0]LogContentBrowser: Native class hierarchy updated for 'SceneOutliner' in 0.0063 seconds. Added 1 classes and 2 folders.
[2015.09.09-00.41.05:151][  0]LogCrashTracker: Crashtracker disabled due to settings.
[2015.09.09-00.41.05:204][  0]LogSlate:Warning: Failed to load font data from 'Veranda'
[2015.09.09-00.41.05:373][  0]LogUObjectGlobals:Warning: Failed to find object 'Class None.'
[2015.09.09-00.41.05:781][  0]LogLoad: Full Startup: 457.81 seconds (BP compile: 2.00 seconds)
[2015.09.09-00.41.08:202][  0]LogRenderer:Warning: Reallocating scene render targets to support 32x32 (Frame:2).
[2015.09.09-00.41.08:713][  0]LogRenderer:Warning: Reallocating scene render targets to support 1208x552 (Frame:13).
[2015.09.09-00.41.08:937][  1]LogEditorViewport: Clicking on Actor (LMB): StaticMeshActor (Floor)
[2015.09.09-00.41.09:450][  1]LogContentBrowser:Verbose: The content browser source was changed by the sources view to '/Game/Blueprints'
[2015.09.09-00.41.14:879][  6]LogAssetRegistry: Asset discovery search completed in 398.6115 seconds
[2015.09.09-00.41.32:814][214]LogActorComponent: UnregisterComponent: (/Engine/Transient.CharMoveComp) Not registered. Aborting.
[2015.09.09-00.41.32:814][214]LogActorComponent: UnregisterComponent: (/Engine/Transient.PawnSensingComponent_0) Not registered. Aborting.
[2015.09.09-00.41.33:338][215]Cmd: QUIT_EDITOR
[2015.09.09-00.41.33:548][215]LogExit: Preparing to exit.
[2015.09.09-00.41.34:675][215]LogExit: Editor shut down
[2015.09.09-00.41.34:676][215]LogExit: Transaction tracking system shut down
[2015.09.09-00.41.34:678][215]LogParticles: Destroying 0 GPU particle simulations for FXSystem 0x000000001C8B0F40
[2015.09.09-00.41.34:679][215]LogParticles: Destroying 0 GPU particle simulations for FXSystem 0x000000001FBB5580
[2015.09.09-00.41.34:679][215]LogParticles: Destroying 0 GPU particle simulations for FXSystem 0x000000002501EAC0
[2015.09.09-00.41.34:679][215]LogParticles: Destroying 0 GPU particle simulations for FXSystem 0x0000000024F5CAE0
[2015.09.09-00.41.34:679][215]LogParticles: Destroying 0 GPU particle simulations for FXSystem 0x00000000282F6520
[2015.09.09-00.41.34:733][215]LogExit: Object subsystem successfully closed.
[2015.09.09-00.41.34:851][215]LogModuleManager: Shutting down and abandoning module CrashTracker (177)
[2015.09.09-00.41.34:851][215]LogModuleManager: Shutting down and abandoning module SuperSearch (176)
[2015.09.09-00.41.34:851][215]LogModuleManager: Shutting down and abandoning module SceneOutliner (175)
[2015.09.09-00.41.34:851][215]LogModuleManager: Shutting down and abandoning module EditorWidgets (174)
[2015.09.09-00.41.34:851][215]LogModuleManager: Shutting down and abandoning module CollectionManager (173)
[2015.09.09-00.41.34:867][215]LogModuleManager: Shutting down and abandoning module StatsViewer (172)
[2015.09.09-00.41.34:882][215]LogModuleManager: Shutting down and abandoning module FoliageEdit (171)
[2015.09.09-00.41.34:882][215]LogModuleManager: Shutting down and abandoning module LandscapeEditor (170)
[2015.09.09-00.41.34:890][215]LogModuleManager: Shutting down and abandoning module MeshPaint (169)
[2015.09.09-00.41.34:890][215]LogModuleManager: Shutting down and abandoning module ActorPickerMode (168)
[2015.09.09-00.41.34:890][215]LogModuleManager: Shutting down and abandoning module GeometryMode (167)
[2015.09.09-00.41.34:890][215]LogModuleManager: Shutting down and abandoning module TextureAlignMode (166)
[2015.09.09-00.41.34:890][215]LogModuleManager: Shutting down and abandoning module BspMode (165)
[2015.09.09-00.41.34:890][215]LogModuleManager: Shutting down and abandoning module PlacementMode (164)
[2015.09.09-00.41.34:890][215]LogModuleManager: Shutting down and abandoning module AutomationWorker (163)
[2015.09.09-00.41.34:890][215]LogModuleManager: Shutting down and abandoning module CharacterAI (162)
[2015.09.09-00.41.34:890][215]LogModuleManager: Shutting down and abandoning module SmartSnapping (161)
[2015.09.09-00.41.34:890][215]LogModuleManager: Shutting down and abandoning module ViewportSnapping (160)
[2015.09.09-00.41.34:890][215]LogModuleManager: Shutting down and abandoning module LogVisualizer (159)
[2015.09.09-00.41.34:890][215]LogModuleManager: Shutting down and abandoning module GameProjectGeneration (158)
[2015.09.09-00.41.34:900][215]LogModuleManager: Shutting down and abandoning module IntroTutorials (157)
[2015.09.09-00.41.34:920][215]LogModuleManager: Shutting down and abandoning module EditorLiveStreaming (156)
[2015.09.09-00.41.34:920][215]LogModuleManager: Shutting down and abandoning module HardwareTargeting (155)
[2015.09.09-00.41.34:920][215]LogModuleManager: Shutting down and abandoning module DeviceProfileEditor (154)
[2015.09.09-00.41.34:920][215]LogModuleManager: Shutting down and abandoning module UndoHistory (153)
[2015.09.09-00.41.34:920][215]LogModuleManager: Shutting down and abandoning module GameplayTagsEditor (152)
[2015.09.09-00.41.34:920][215]LogModuleManager: Shutting down and abandoning module UserFeedback (151)
[2015.09.09-00.41.34:920][215]LogModuleManager: Shutting down and abandoning module XmlParser (150)
[2015.09.09-00.41.34:920][215]LogModuleManager: Shutting down and abandoning module Blutility (149)
[2015.09.09-00.41.34:920][215]LogModuleManager: Shutting down and abandoning module IOSPlatformEditor (148)
[2015.09.09-00.41.34:920][215]LogModuleManager: Shutting down and abandoning module IOSRuntimeSettings (147)
[2015.09.09-00.41.34:920][215]LogModuleManager: Shutting down and abandoning module AndroidDeviceDetection (146)
[2015.09.09-00.41.34:990][215]LogModuleManager: Shutting down and abandoning module AndroidPlatformEditor (145)
[2015.09.09-00.41.34:990][215]LogModuleManager: Shutting down and abandoning module AndroidRuntimeSettings (144)
[2015.09.09-00.41.34:990][215]LogModuleManager: Shutting down and abandoning module ProjectTargetPlatformEditor (143)
[2015.09.09-00.41.34:990][215]LogModuleManager: Shutting down and abandoning module ProjectSettingsViewer (142)
[2015.09.09-00.41.34:990][215]LogModuleManager: Shutting down and abandoning module InputBindingEditor (141)
[2015.09.09-00.41.34:990][215]LogModuleManager: Shutting down and abandoning module EditorSettingsViewer (140)
[2015.09.09-00.41.34:990][215]LogModuleManager: Shutting down and abandoning module SettingsEditor (139)
[2015.09.09-00.41.35:011][215]LogModuleManager: Shutting down and abandoning module ProjectLauncher (138)
[2015.09.09-00.41.35:011][215]LogModuleManager: Shutting down and abandoning module SessionFrontend (137)
[2015.09.09-00.41.35:011][215]LogModuleManager: Shutting down and abandoning module ProfilerClient (136)
[2015.09.09-00.41.35:018][215]LogModuleManager: Shutting down and abandoning module TargetDeviceServices (135)
[2015.09.09-00.41.35:018][215]LogModuleManager: Shutting down and abandoning module DeviceManager (134)
[2015.09.09-00.41.35:019][215]LogModuleManager: Shutting down and abandoning module AutomationController (133)
[2015.09.09-00.41.35:034][215]LogModuleManager: Shutting down and abandoning module AutomationWindow (132)
[2015.09.09-00.41.35:049][215]LogModuleManager: Shutting down and abandoning module Layers (131)
[2015.09.09-00.41.35:096][215]LogModuleManager: Shutting down and abandoning module ComponentVisualizers (130)
[2015.09.09-00.41.35:096][215]LogModuleManager: Shutting down and abandoning module DetailCustomizations (129)
[2015.09.09-00.41.35:096][215]LogModuleManager: Shutting down and abandoning module PackagesDialog (128)
[2015.09.09-00.41.35:117][215]LogModuleManager: Shutting down and abandoning module AssetRegistry (127)
[2015.09.09-00.41.35:255][215]LogModuleManager: Shutting down and abandoning module Persona (126)
[2015.09.09-00.41.35:270][215]LogModuleManager: Shutting down and abandoning module SlateReflector (125)
[2015.09.09-00.41.35:287][215]LogModuleManager: Shutting down and abandoning module LevelEditor (124)
[2015.09.09-00.41.35:335][215]LogModuleManager: Shutting down and abandoning module Kismet (123)
[2015.09.09-00.41.35:335][215]LogModuleManager: Shutting down and abandoning module GraphEditor (122)
[2015.09.09-00.41.35:335][215]LogModuleManager: Shutting down and abandoning module ClassViewer (121)
[2015.09.09-00.41.35:335][215]LogModuleManager: Shutting down and abandoning module Toolbox (120)
[2015.09.09-00.41.35:336][215]LogModuleManager: Shutting down and abandoning module ModuleUI (119)
[2015.09.09-00.41.35:354][215]LogModuleManager: Shutting down and abandoning module MovieSceneTools (118)
[2015.09.09-00.41.35:377][215]LogModuleManager: Shutting down and abandoning module OutputLog (117)
[2015.09.09-00.41.35:377][215]LogModuleManager: Shutting down and abandoning module GammaUI (116)
[2015.09.09-00.41.35:529][215]LogModuleManager: Shutting down and abandoning module Documentation (115)
[2015.09.09-00.41.35:529][215]LogModuleManager: Shutting down and abandoning module GameLiveStreaming (114)
[2015.09.09-00.41.35:542][215]LogModuleManager: Shutting down and abandoning module StreamingPauseRendering (113)
[2015.09.09-00.41.35:542][215]LogModuleManager: Shutting down and abandoning module HTTP (112)
[2015.09.09-00.41.35:563][215]LogModuleManager: Shutting down and abandoning module AnalyticsET (111)
[2015.09.09-00.41.35:563][215]LogModuleManager: Shutting down and abandoning module Analytics (110)
[2015.09.09-00.41.35:563][215]LogModuleManager: Shutting down and abandoning module AITestSuite (109)
[2015.09.09-00.41.35:563][215]LogModuleManager: Shutting down and abandoning module GameplayDebugger (108)
[2015.09.09-00.41.35:563][215]LogModuleManager: Shutting down and abandoning module AIModule (107)
[2015.09.09-00.41.35:563][215]LogModuleManager: Shutting down and abandoning module ProfilerService (106)
[2015.09.09-00.41.35:663][215]LogModuleManager: Shutting down and abandoning module TaskGraph (105)
[2015.09.09-00.41.35:686][215]LogModuleManager: Shutting down and abandoning module SlateRemote (104)
[2015.09.09-00.41.35:686][215]LogModuleManager: Shutting down and abandoning module ScriptEditorPlugin (103)
[2015.09.09-00.41.35:686][215]LogModuleManager: Shutting down and abandoning module CustomMeshComponent (102)
[2015.09.09-00.41.35:686][215]LogModuleManager: Shutting down and abandoning module CableComponent (101)
[2015.09.09-00.41.35:696][215]LogModuleManager: Shutting down and abandoning module MessagingDebugger (100)
[2015.09.09-00.41.35:710][215]LogModuleManager: Shutting down and abandoning module MediaPlayerEditor (99)
[2015.09.09-00.41.35:720][215]LogModuleManager: Shutting down and abandoning module SpeedTreeImporter (98)
[2015.09.09-00.41.35:720][215]LogModuleManager: Shutting down and abandoning module PluginsEditor (97)
[2015.09.09-00.41.35:720][215]LogModuleManager: Shutting down and abandoning module MainFrame (96)
[2015.09.09-00.41.35:721][215]LogModuleManager: Shutting down and abandoning module EpicSurvey (95)
[2015.09.09-00.41.35:721][215]LogModuleManager: Shutting down and abandoning module DesktopPlatform (94)
[2015.09.09-00.41.35:792][215]LogModuleManager: Shutting down and abandoning module DirectoryWatcher (93)
[2015.09.09-00.41.35:793][215]LogModuleManager: Shutting down and abandoning module HotReload (92)
[2015.09.09-00.41.35:793][215]LogModuleManager: Shutting down and abandoning module VisualStudioSourceCodeAccess (91)
[2015.09.09-00.41.35:793][215]LogModuleManager: Shutting down and abandoning module UObjectPlugin (90)
[2015.09.09-00.41.35:793][215]LogModuleManager: Shutting down and abandoning module SubversionSourceControl (89)
[2015.09.09-00.41.35:793][215]LogModuleManager: Shutting down and abandoning module PerforceSourceControl (88)
[2015.09.09-00.41.35:819][215]LogModuleManager: Shutting down and abandoning module SourceControl (87)
[2015.09.09-00.41.35:819][215]LogModuleManager: Shutting down and abandoning module GitSourceControl (86)
[2015.09.09-00.41.35:820][215]LogModuleManager: Shutting down and abandoning module BlankPlugin (85)
[2015.09.09-00.41.35:820][215]LogModuleManager: Shutting down and abandoning module PaperTiledImporter (84)
[2015.09.09-00.41.35:820][215]LogModuleManager: Shutting down and abandoning module PaperJsonImporter (83)
[2015.09.09-00.41.35:820][215]LogModuleManager: Shutting down and abandoning module ContentBrowser (82)
[2015.09.09-00.41.35:821][215]LogModuleManager: Shutting down and abandoning module Paper2DEditor (81)
[2015.09.09-00.41.35:913][215]LogModuleManager: Shutting down and abandoning module ScriptPlugin (80)
[2015.09.09-00.41.35:934][215]LogModuleManager: Shutting down and abandoning module UdpMessaging (79)
[2015.09.09-00.41.36:034][215]LogModuleManager: Shutting down and abandoning module Paper2D (78)
[2015.09.09-00.41.36:034][215]LogModuleManager: Shutting down and abandoning module WindowsMoviePlayer (77)
[2015.09.09-00.41.36:036][215]LogModuleManager: Shutting down and abandoning module Media (76)
[2015.09.09-00.41.36:036][215]LogModuleManager: Shutting down and abandoning module WmfMedia (75)
[2015.09.09-00.41.36:045][215]LogModuleManager: Shutting down and abandoning module OnlineBlueprintSupport (74)
[2015.09.09-00.41.36:045][215]LogModuleManager: Shutting down and abandoning module PropertyEditor (73)
[2015.09.09-00.41.36:045][215]LogModuleManager: Shutting down and abandoning module BehaviorTreeEditor (72)
[2015.09.09-00.41.36:061][215]LogModuleManager: Shutting down and abandoning module FunctionalTesting (71)
[2015.09.09-00.41.36:062][215]LogModuleManager: Shutting down and abandoning module CollisionAnalyzer (70)
[2015.09.09-00.41.36:075][215]LogModuleManager: Shutting down and abandoning module WorkspaceMenuStructure (69)
[2015.09.09-00.41.36:075][215]LogModuleManager: Shutting down and abandoning module MessageLog (68)
[2015.09.09-00.41.36:075][215]LogModuleManager: Shutting down and abandoning module Sequencer (67)
[2015.09.09-00.41.36:087][215]LogModuleManager: Shutting down and abandoning module AssetTools (66)
[2015.09.09-00.41.36:118][215]LogModuleManager: Shutting down and abandoning module UMGEditor (65)
[2015.09.09-00.41.36:118][215]LogModuleManager: Shutting down and abandoning module UMG (64)
[2015.09.09-00.41.36:118][215]LogModuleManager: Shutting down and abandoning module Slate (63)
[2015.09.09-00.41.36:118][215]LogModuleManager: Shutting down and abandoning module EditorStyle (62)
[2015.09.09-00.41.36:124][215]LogModuleManager: Shutting down and abandoning module SessionServices (61)
[2015.09.09-00.41.36:124][215]LogModuleManager: Shutting down and abandoning module SourceCodeAccess (60)
[2015.09.09-00.41.36:124][215]LogModuleManager: Shutting down and abandoning module HeadMountedDisplay (59)
[2015.09.09-00.41.36:124][215]LogModuleManager: Shutting down and abandoning module XAudio2 (58)
[2015.09.09-00.41.36:124][215]LogModuleManager: Shutting down and abandoning module Networking (56)
[2015.09.09-00.41.36:124][215]LogModuleManager: Shutting down and abandoning module Core (55)
[2015.09.09-00.41.36:124][215]LogModuleManager: Shutting down and abandoning module KismetCompiler (54)
[2015.09.09-00.41.36:124][215]LogModuleManager: Shutting down and abandoning module PhysXFormats (53)
[2015.09.09-00.41.36:124][215]LogModuleManager: Shutting down and abandoning module MeshUtilities (52)
[2015.09.09-00.41.36:146][215]LogModuleManager: Shutting down and abandoning module DerivedDataCache (51)
[2015.09.09-00.41.36:224][215]LogDerivedDataCache: Shutdown
[2015.09.09-00.41.36:224][215]LogModuleManager: Shutting down and abandoning module ShaderFormatOpenGL (50)
[2015.09.09-00.41.36:234][215]LogModuleManager: Shutting down and abandoning module ShaderFormatD3D (49)
[2015.09.09-00.41.36:234][215]LogModuleManager: Shutting down and abandoning module MetalShaderFormat (48)
[2015.09.09-00.41.36:243][215]LogModuleManager: Shutting down and abandoning module TextureFormatUncompressed (47)
[2015.09.09-00.41.36:243][215]LogModuleManager: Shutting down and abandoning module TextureFormatPVR (46)
[2015.09.09-00.41.36:243][215]LogModuleManager: Shutting down and abandoning module TextureFormatIntelISPCTexComp (45)
[2015.09.09-00.41.36:243][215]LogModuleManager: Shutting down and abandoning module TextureFormatDXT (44)
[2015.09.09-00.41.36:243][215]LogModuleManager: Shutting down and abandoning module ImageWrapper (43)
[2015.09.09-00.41.36:243][215]LogModuleManager: Shutting down and abandoning module TextureFormatASTC (42)
[2015.09.09-00.41.36:243][215]LogModuleManager: Shutting down and abandoning module TextureFormatAndroid (41)
[2015.09.09-00.41.36:243][215]LogModuleManager: Shutting down and abandoning module AudioFormatOpus (40)
[2015.09.09-00.41.36:243][215]LogModuleManager: Shutting down and abandoning module AudioFormatOgg (39)
[2015.09.09-00.41.36:243][215]LogModuleManager: Shutting down and abandoning module AudioFormatADPCM (38)
[2015.09.09-00.41.36:243][215]LogModuleManager: Shutting down and abandoning module LinuxTargetPlatform (37)
[2015.09.09-00.41.36:243][215]LogModuleManager: Shutting down and abandoning module LinuxServerTargetPlatform (36)
[2015.09.09-00.41.36:243][215]LogModuleManager: Shutting down and abandoning module LinuxNoEditorTargetPlatform (35)
[2015.09.09-00.41.36:243][215]LogModuleManager: Shutting down and abandoning module Messaging (34)
[2015.09.09-00.41.36:244][215]LogModuleManager: Shutting down and abandoning module IOSTargetPlatform (33)
[2015.09.09-00.41.36:244][215]LogModuleManager: Shutting down and abandoning module HTML5TargetPlatform (32)
[2015.09.09-00.41.36:244][215]LogModuleManager: Shutting down and abandoning module Android_PVRTCTargetPlatform (31)
[2015.09.09-00.41.36:244][215]LogModuleManager: Shutting down and abandoning module Android_ETC2TargetPlatform (30)
[2015.09.09-00.41.36:244][215]LogModuleManager: Shutting down and abandoning module Android_ETC1TargetPlatform (29)
[2015.09.09-00.41.36:244][215]LogModuleManager: Shutting down and abandoning module Android_ES31TargetPlatform (28)
[2015.09.09-00.41.36:244][215]LogModuleManager: Shutting down and abandoning module Android_DXTTargetPlatform (27)
[2015.09.09-00.41.36:244][215]LogModuleManager: Shutting down and abandoning module Android_ATCTargetPlatform (26)
[2015.09.09-00.41.36:244][215]LogModuleManager: Shutting down and abandoning module AndroidTargetPlatform (25)
[2015.09.09-00.41.36:244][215]LogModuleManager: Shutting down and abandoning module WindowsTargetPlatform (24)
[2015.09.09-00.41.36:244][215]LogModuleManager: Shutting down and abandoning module WindowsServerTargetPlatform (23)
[2015.09.09-00.41.36:244][215]LogModuleManager: Shutting down and abandoning module WindowsNoEditorTargetPlatform (22)
[2015.09.09-00.41.36:244][215]LogModuleManager: Shutting down and abandoning module WindowsClientTargetPlatform (21)
[2015.09.09-00.41.36:244][215]LogModuleManager: Shutting down and abandoning module TargetPlatform (20)
[2015.09.09-00.41.36:244][215]LogModuleManager: Shutting down and abandoning module InputCore (19)
[2015.09.09-00.41.36:244][215]LogModuleManager: Shutting down and abandoning module Settings (18)
[2015.09.09-00.41.36:244][215]LogModuleManager: Shutting down and abandoning module OnlineSubsystem (16)
[2015.09.09-00.41.36:244][215]LogModuleManager: Shutting down and abandoning module OculusRift (15)
[2015.09.09-00.41.36:244][215]LogModuleManager: Shutting down and abandoning module ExampleDeviceProfileSelector (14)
[2015.09.09-00.41.36:244][215]LogModuleManager: Shutting down and abandoning module TextureCompressor (13)
[2015.09.09-00.41.36:244][215]LogModuleManager: Shutting down and abandoning module ShaderCore (12)
[2015.09.09-00.41.36:244][215]LogModuleManager: Shutting down and abandoning module Landscape (11)
[2015.09.09-00.41.36:244][215]LogModuleManager: Shutting down and abandoning module SlateRHIRenderer (10)
[2015.09.09-00.41.36:263][215]LogModuleManager: Shutting down and abandoning module OpenGLDrv (9)
[2015.09.09-00.41.36:263][215]LogModuleManager: Shutting down and abandoning module D3D11RHI (8)
[2015.09.09-00.41.36:263][215]LogModuleManager: Shutting down and abandoning module Renderer (7)
[2015.09.09-00.41.36:263][215]LogModuleManager: Shutting down and abandoning module Engine (6)
[2015.09.09-00.41.36:263][215]LogModuleManager: Shutting down and abandoning module CoreUObject (5)
[2015.09.09-00.41.36:263][215]LogModuleManager: Shutting down and abandoning module NetworkFile (4)
[2015.09.09-00.41.36:263][215]LogModuleManager: Shutting down and abandoning module StreamingFile (3)
[2015.09.09-00.41.36:263][215]LogModuleManager: Shutting down and abandoning module SandboxFile (2)
[2015.09.09-00.41.36:263][215]LogModuleManager: Shutting down and abandoning module PakFile (1)
[2015.09.09-00.41.36:275][215]LogExit: Exiting.
[2015.09.09-00.41.36:280][215]Log file closed, 09/09/15 10:41:36
