Log file open, 09/22/15 12:13:27
LogInit:Display: Running engine for game: StealthEscape
LogInit: Version: 4.7.6-2513093+++depot+UE4-Releases+4.7
LogInit: API Version: 2455222
LogInit: Compiled (64-bit): Apr 15 2015 12:09:54
LogInit: Compiled with Visual C++: 18.00.21005.01
LogInit: Build Configuration: Development
LogInit: Branch Name: ++depot+UE4-Releases+4.7
LogInit: Command line: 
LogInit: Base directory: W:/Epic Games/4.7/Engine/Binaries/Win64/
LogInit: Rocket: 1
[2015.09.22-02.13.27:538][  0]LogTaskGraph: Started task graph with 3 named threads and 8 total threads.
[2015.09.22-02.13.27:612][  0]LogOnline:Warning: No default platform service specified for OnlineSubsystem
[2015.09.22-02.13.27:620][  0]LogInit: Presizing for 0 objects not considered by GC, pre-allocating 0 bytes.
[2015.09.22-02.13.27:628][  0]LogInit: Object subsystem initialized
[2015.09.22-02.13.27:630][  0]LogConsoleResponse:Warning: Skipping Unknown console variable: 'TranslucentSortAxis = (X=0.000000,Y=-1.000000,Z=0.000000)'
[2015.09.22-02.13.27:630][  0]LogConsoleResponse:Warning:   Found in ini file 'C:/Users/n8604291/Desktop/StealthEscape/Saved/Config/Windows/Engine.ini', in section '[/Script/Engine.RendererSettings]'
[2015.09.22-02.13.27:630][  0]LogConsoleResponse:Warning: Skipping Unknown console variable: 'UIScaleRule = ShortestSide'
[2015.09.22-02.13.27:630][  0]LogConsoleResponse:Warning:   Found in ini file 'C:/Users/n8604291/Desktop/StealthEscape/Saved/Config/Windows/Engine.ini', in section '[/Script/Engine.RendererSettings]'
[2015.09.22-02.13.27:630][  0]LogConsoleResponse:Warning: Skipping Unknown console variable: 'UIScaleCurve = (EditorCurveData=(Keys=),ExternalCurve=None)'
[2015.09.22-02.13.27:630][  0]LogConsoleResponse:Warning:   Found in ini file 'C:/Users/n8604291/Desktop/StealthEscape/Saved/Config/Windows/Engine.ini', in section '[/Script/Engine.RendererSettings]'
[2015.09.22-02.13.27:630][  0]LogInit: Selected Device Profile: [Windows]
[2015.09.22-02.13.27:630][  0]LogInit: Applying CVar settings loaded from the selected device profile: [Windows]
[2015.09.22-02.13.27:634][  0]LogInit: Computer: LAB-SEFS515-21
[2015.09.22-02.13.27:634][  0]LogInit: User: n8604291
[2015.09.22-02.13.27:634][  0]LogInit: CPU Page size=4096, Cores=6
[2015.09.22-02.13.27:634][  0]LogInit: High frequency timer resolution =3.222660 MHz
[2015.09.22-02.13.27:634][  0]LogMemory: Memory total: Physical=31.9GB (32GB approx) Virtual=131072.0GB
[2015.09.22-02.13.27:635][  0]LogMemory: Platform Memory Stats for Windows
[2015.09.22-02.13.27:635][  0]LogMemory: Process Physical Memory: 46.46 MB used, 46.46 MB peak
[2015.09.22-02.13.27:635][  0]LogMemory: Process Virtual Memory: 26.64 MB used, 26.65 MB peak
[2015.09.22-02.13.27:635][  0]LogMemory: Physical Memory: 4901.42 MB used, 32686.14 MB total
[2015.09.22-02.13.27:635][  0]LogMemory: Virtual Memory: 294.54 MB used, 134217728.00 MB total
[2015.09.22-02.13.27:660][  0]LogD3D11RHI: Found D3D11 adapter 0: NVIDIA GeForce GTX 680 (Feature Level 11_0)
[2015.09.22-02.13.27:660][  0]LogD3D11RHI: Adapter has 1985MB of dedicated video memory, 0MB of dedicated system memory, and 2048MB of shared system memory, 1 output[s]
[2015.09.22-02.13.27:680][  0]LogD3D11RHI: Found D3D11 adapter 1: NVIDIA GeForce GTX 680 (Feature Level 11_0)
[2015.09.22-02.13.27:680][  0]LogD3D11RHI: Adapter has 1985MB of dedicated video memory, 0MB of dedicated system memory, and 2048MB of shared system memory, 0 output[s]
[2015.09.22-02.13.27:681][  0]LogD3D11RHI: Found D3D11 adapter 2: Microsoft Basic Render Driver (Feature Level 11_0)
[2015.09.22-02.13.27:681][  0]LogD3D11RHI: Adapter has 0MB of dedicated video memory, 0MB of dedicated system memory, and 256MB of shared system memory, 0 output[s]
[2015.09.22-02.13.27:681][  0]LogD3D11RHI: Chosen D3D11 Adapter Id = 0
[2015.09.22-02.13.27:684][  0]LogRHI: Texture pool is 1361 MB (70% of 1945 MB)
[2015.09.22-02.13.27:694][  0]LogD3D11RHI: Async texture creation enabled
[2015.09.22-02.13.27:750][  0]LogTextLocalizationManager: The requested culture ('en_AU') has no localization data; parent culture's ('en') localization data will be used.
[2015.09.22-02.13.27:798][  0]LogTextLocalizationManager:Warning: Loading localization resources contain conflicting entries for (Namespace:UICommands, Key:Save_ToolTip):
Resource: (W:/Epic Games/4.7/Engine/Content/Localization/Editor/en/Editor.locres) Hash: (-29098895) String: (Saves the current level to disk)
Resource: (W:/Epic Games/4.7/Engine/Content/Localization/Engine/en/Engine.locres) Hash: (-1280300587) String: (Save selected data to vlog file)
[2015.09.22-02.13.27:798][  0]LogTextLocalizationManager:Warning: Loading localization resources contain conflicting entries for (Namespace:ContentBrowser, Key:ImportAssetToolTip):
Resource: (W:/Epic Games/4.7/Engine/Content/Localization/Editor/en/Editor.locres) Hash: (-630476809) String: (Import to {0}...)
Resource: (W:/Epic Games/4.7/Engine/Content/Localization/Editor/en/Editor.locres) Hash: (1271782899) String: (Imports an asset from file to this folder.)
[2015.09.22-02.13.27:862][  0]LogContentStreaming: Texture pool size is 0.000000MB
[2015.09.22-02.13.29:894][  0]LogTargetPlatformManager:Display: Building Assets For Windows
[2015.09.22-02.13.30:499][  0]LogTargetPlatformManager:Display: Building Assets For Windows
[2015.09.22-02.13.30:545][  0]LogDerivedDataCache:Display: Max Cache Size: 512 MB
[2015.09.22-02.13.30:577][  0]LogDerivedDataCache: Loaded boot cache 0.03s 39MB C:/Users/n8604291/AppData/Local/UnrealEngine/4.7/DerivedDataCache/Boot.ddc.
[2015.09.22-02.13.30:578][  0]LogDerivedDataCache:Display: Loaded Boot cache: C:/Users/n8604291/AppData/Local/UnrealEngine/4.7/DerivedDataCache/Boot.ddc
[2015.09.22-02.13.30:578][  0]LogDerivedDataCache: FDerivedDataBackendGraph:  Pak pak cache file C:/Users/n8604291/Desktop/StealthEscape/DerivedDataCache/DDC.ddp not found, will not use a pak cache.
[2015.09.22-02.13.30:578][  0]LogDerivedDataCache: Unable to find inner node Pak for hierarchical cache Hierarchy.
[2015.09.22-02.13.30:679][  0]LogDerivedDataCache:Display: Pak cache opened for reading ../../../Engine/DerivedDataCache/Compressed.ddp.
[2015.09.22-02.13.30:691][  0]LogDerivedDataCache: Using Local data cache path C:/Users/n8604291/AppData/Local/UnrealEngine/Common/DerivedDataCache: Writable
[2015.09.22-02.13.30:940][  0]LogMeshUtilities: No automatic mesh reduction module available
[2015.09.22-02.13.30:940][  0]LogMeshUtilities: No automatic mesh merging module available
[2015.09.22-02.13.31:216][  0]LogInit: WinSock: version 1.1 (2.2), MaxSocks=32767, MaxUdp=65467
[2015.09.22-02.13.31:268][  0]LogSlate:Warning: Failed to load font data from '../../../Engine/Content/Slate/Fonts/Roboto-Italic.ttf'
[2015.09.22-02.13.31:891][  0]UdpMessaging: Initializing bridge on interface 0.0.0.0:0 to multicast group 230.0.0.1:6666.
[2015.09.22-02.13.32:068][  0]SourceControl: Info Source control is disabled
[2015.09.22-02.13.32:068][  0]SourceControl: Info Source control is disabled
[2015.09.22-02.13.32:068][  0]SourceControl: Info Source control is disabled
[2015.09.22-02.13.32:068][  0]LogSourceControl: RunCommandInternalRaw: 'git version'
[2015.09.22-02.13.32:068][  0]LogSourceControl: RunCommandInternalRaw: ExecProcess ReturnCode=2 OutResults=''
[2015.09.22-02.13.32:074][  0]SourceControl: Info Source control is disabled
[2015.09.22-02.13.32:199][  0]LogObj: 24232 objects as part of root set at end of initial load.
[2015.09.22-02.13.32:199][  0]LogUObjectAllocator: 5137168 out of 0 bytes used by permanent object pool.
[2015.09.22-02.13.32:265][  0]LogEngine: Initializing Engine...
[2015.09.22-02.13.34:427][  0]LogInit: XAudio2 using 'DELL S2340T-4 (2- NVIDIA High Definition Audio)' : 2 channels at 48 kHz using 16 bits per sample (channel mask 0x3)
[2015.09.22-02.13.34:436][  0]LogInit: FAudioDevice initialized.
[2015.09.22-02.13.34:461][  0]LogAIModule: Creating AISystem for world NewWorld
[2015.09.22-02.13.34:476][  0]LogDerivedDataCache: Saved boot cache 0.01s 39MB C:/Users/n8604291/AppData/Local/UnrealEngine/4.7/DerivedDataCache/Boot.ddc.
[2015.09.22-02.13.34:482][  0]LogInit: Texture streaming: Enabled
[2015.09.22-02.13.34:553][  0]LogAnalytics: Creating configured Analytics provider AnalyticsET
[2015.09.22-02.13.34:553][  0]LogAnalytics: ET APIKey = Rocket.Release. APIServer = http://et2.epicgames.com/ET2/. AppVersion = 4.7.6-2513093+++depot+UE4-Releases+4.7
[2015.09.22-02.13.34:553][  0]LogAnalytics: ET APIKey = Rocket.Release. DataRouterUploadURL = https://datarouter-public-service-gamedev.ol.epicgames.net/datarouter/api/v1/public/data. AppVersion = 4.7.6-2513093+++depot+UE4-Releases+4.7
[2015.09.22-02.13.34:553][  0]LogAnalytics: SetUserId cd4c630943c0502824cea39de50c3221|90dc462d3abe4e908c5e059bf9a6bfe2|0aa4f2bf-b0d7-43eb-acd5-6e501a8f23ad
[2015.09.22-02.13.34:553][  0]LogAnalytics: AnalyticsET::StartSession [Rocket.Release]
[2015.09.22-02.13.34:571][  0]LogInit: Transaction tracking system initialized
[2015.09.22-02.13.34:681][  0]BlueprintLog: New page: Editor Load
[2015.09.22-02.13.34:708][  0]LogAssetRegistry: FAssetRegistry took 0.0108 seconds to start up
[2015.09.22-02.13.34:708][  0]LogDirectoryWatcher:Warning: Failed to begin reading directory changes for ../../../Engine/Plugins/Experimental/CharacterAI/Content/. Error: 0
[2015.09.22-02.13.35:306][  0]LogTargetPlatformManager:Display: Building Assets For Windows
[2015.09.22-02.13.35:804][  0]LogTargetPlatformManager:Display: Building Assets For Windows
[2015.09.22-02.13.35:972][  0]LogSlate:Warning: Failed to load font data from '../../../Engine/Content/Editor/Slate/Fonts/Roboto-Regular.ttf'
[2015.09.22-02.13.35:972][  0]LogSlate:Warning: Failed to load font data from '../../../Engine/Content/Editor/Slate/Fonts/Roboto-Bold.ttf'
[2015.09.22-02.13.35:976][  0]LogConsoleResponse:Display: 
[2015.09.22-02.13.36:081][  0]LogCook:Display: Done creating registry. It took  0.00s.
[2015.09.22-02.13.36:173][  0]SourceControl: Info Source control is disabled
[2015.09.22-02.13.36:173][  0]Cmd: MAP LOAD FILE="C:/Users/n8604291/Desktop/StealthEscape/Content/MuseumLevel.umap" TEMPLATE=0 SHOWPROGRESS=1 FEATURELEVEL=3
[2015.09.22-02.13.36:174][  0]LightingResults: New page: Lighting Build
[2015.09.22-02.13.36:182][  0]MapCheck: New page: Map Check
[2015.09.22-02.13.36:182][  0]LightingResults: New page: Lighting Build
[2015.09.22-02.13.36:188][  0]LogParticles: Destroying 0 GPU particle simulations for FXSystem 0x000000F008CF6980
[2015.09.22-02.13.36:213][  0]LogLinker:Warning: Asset '../../../Engine/Content/EngineMeshes/Humanoid.uasset' has been saved with empty engine version. The asset will be loaded but may be incompatible.
[2015.09.22-02.13.39:455][  0]LogTexture:Display: Building textures: T_Ceramic_Tile_N (BC5)
[2015.09.22-02.13.39:771][  0]LogTexture:Display: Building textures: KillerDrone_UV_ (AutoDXT)
[2015.09.22-02.13.39:998][  0]LogMaterial: Missing cached shader map for material Material, compiling. 
[2015.09.22-02.13.40:291][  0]LogTexture:Display: Building textures: T_Rock_Marble_Polished_D (AutoDXT)
[2015.09.22-02.13.42:505][  0]LogTexture:Display: Building textures: T_Metal_Gold_N (BC5)
[2015.09.22-02.13.42:973][  0]LogTexture:Display: Building textures: T_Perlin_Noise_M (AutoDXT)
[2015.09.22-02.13.44:918][  0]LogMaterial: Missing cached shader map for material M_Rock_Marble_Polished, compiling. 
[2015.09.22-02.13.44:971][  0]LogAudioDerivedData:Display: Building compressed audio format OGG wave Ticking_Clock-KevanGC-1934595011...
[2015.09.22-02.13.45:236][  0]LogAudioDerivedData:Display: Building compressed audio format OGG wave Annoying_Alarm_Clock-UncleKornicob-420925725...
[2015.09.22-02.13.45:358][  0]LogAudioDerivedData:Display: Building compressed audio format OGG wave Explosion01...
[2015.09.22-02.13.45:406][  0]LogTexture:Display: Building textures: T_Burst_M (AutoDXT)
[2015.09.22-02.13.45:512][  0]LogMaterial: Missing cached shader map for material M_Burst, compiling. 
[2015.09.22-02.13.45:672][  0]LogTexture:Display: Building textures: T_Explosion_SubUV (AutoDXT)
[2015.09.22-02.13.46:896][  0]LogMaterial: Missing cached shader map for material M_explosion_subUV, compiling. 
[2015.09.22-02.13.46:905][  0]LogMaterial: Missing cached shader map for material m_flare_01, compiling. 
[2015.09.22-02.13.46:917][  0]LogMaterial: Missing cached shader map for material M_radial_ramp, compiling. 
[2015.09.22-02.13.47:091][  0]LogTexture:Display: Building textures: T_Smoke_SubUV (AutoDXT)
[2015.09.22-02.13.49:174][  0]LogTexture:Display: Building textures: T_Smoke_Tiled_D (AutoDXT)
[2015.09.22-02.13.49:204][  0]LogMaterial: Missing cached shader map for material M_smoke_subUV, compiling. 
[2015.09.22-02.13.49:249][  0]LogTexture:Display: Building textures: ThumbnailTexture (DXT1)
[2015.09.22-02.13.49:418][  0]LogTexture:Display: Building textures: T_Statue_N (BC5)
[2015.09.22-02.13.49:617][  0]LogTexture:Display: Building textures: T_Statue_M (AutoDXT)
[2015.09.22-02.13.50:422][  0]LogMaterial: Missing cached shader map for material M_Statue, compiling. 
[2015.09.22-02.13.50:436][  0]LogMaterial: Missing cached shader map for material M_MaterialSphere, compiling. 
[2015.09.22-02.13.50:448][  0]LogMaterial: Missing cached shader map for material M_Radial_Gradient, compiling. 
[2015.09.22-02.13.50:463][  0]LogTexture:Display: Building textures: T_Spark_Core (AutoDXT)
[2015.09.22-02.13.50:519][  0]LogMaterial: Missing cached shader map for material M_Spark, compiling. 
[2015.09.22-02.13.50:538][  0]LogTexture:Display: Building textures: ThumbnailTexture (DXT1)
[2015.09.22-02.13.50:596][  0]LogMaterial: Missing cached shader map for material M_Basic_Wall, compiling. 
[2015.09.22-02.13.50:607][  0]LogStaticMesh: Building static mesh Shape_Sphere...
[2015.09.22-02.13.50:627][  0]LogStaticMesh: Built static mesh [20.494871ms] /Game/StarterContent/Shapes/Shape_Sphere.Shape_Sphere
[2015.09.22-02.13.50:640][  0]LogAudioDerivedData:Display: Building compressed audio format OGG wave Cha_Ching_Register-Muska666-173262285...
[2015.09.22-02.13.50:704][  0]LogMaterial: Missing cached shader map for material M_StatueGlass, compiling. 
[2015.09.22-02.13.50:716][  0]LogStaticMesh: Building static mesh SM_Statue...
[2015.09.22-02.13.50:760][  0]LogStaticMesh: Built static mesh [44.408035ms] /Game/StarterContent/Props/SM_Statue.SM_Statue
[2015.09.22-02.13.50:816][  0]LogMaterial: Missing cached shader map for material CubeMaterial, compiling. 
[2015.09.22-02.13.50:828][  0]LogMaterial: Missing cached shader map for material M_Basic_Floor, compiling. 
[2015.09.22-02.13.50:910][  0]LogTexture:Display: Building textures: T_Ceramic_Tile_M (DXT1)
[2015.09.22-02.13.51:955][  0]LogMaterial: Missing cached shader map for material M_Ceramic_Tile_Checker, compiling. 
[2015.09.22-02.13.52:186][  0]LogTexture:Display: Building textures: T_Wood_Floor_Walnut_D (AutoDXT)
[2015.09.22-02.13.55:392][  0]LogTexture:Display: Building textures: T_Wood_Floor_Walnut_M (AutoDXT)
[2015.09.22-02.13.58:542][  0]LogTexture:Display: Building textures: T_Wood_Floor_Walnut_N (BC5)
[2015.09.22-02.13.58:960][  0]LogMaterial: Missing cached shader map for material M_Wood_Floor_Walnut_Polished, compiling. 
[2015.09.22-02.13.58:972][  0]LogStaticMesh: Building static mesh Floor_400x400...
[2015.09.22-02.13.58:973][  0]LogStaticMesh: Built static mesh [0.464213ms] /Game/StarterContent/Architecture/Floor_400x400.Floor_400x400
[2015.09.22-02.13.58:973][  0]LogAudioDerivedData:Display: Building compressed audio format OGG wave Starter_Birds01...
[2015.09.22-02.13.59:327][  0]LogAudioDerivedData:Display: Building compressed audio format OGG wave Starter_Wind05...
[2015.09.22-02.13.59:640][  0]LogAudioDerivedData:Display: Building compressed audio format OGG wave Starter_Wind06...
[2015.09.22-02.14.00:006][  0]LogTexture:Display: Building textures: T_Door_N (BC5)
[2015.09.22-02.14.00:499][  0]LogTexture:Display: Building textures: T_Door_M (DXT1)
[2015.09.22-02.14.00:983][  0]LogMaterial: Missing cached shader map for material M_Door, compiling. 
[2015.09.22-02.14.00:997][  0]LogMaterial: Missing cached shader map for material M_Glass, compiling. 
[2015.09.22-02.14.01:009][  0]LogStaticMesh: Building static mesh SM_Door...
[2015.09.22-02.14.01:025][  0]LogStaticMesh: Built static mesh [16.197489ms] /Game/StarterContent/Props/SM_Door.SM_Door
[2015.09.22-02.14.01:120][  0]LogTexture:Display: Building textures: T_Frame_M (DXT1)
[2015.09.22-02.14.02:009][  0]LogTexture:Display: Building textures: T_Frame_N (BC5)
[2015.09.22-02.14.02:406][  0]LogMaterial: Missing cached shader map for material M_Frame, compiling. 
[2015.09.22-02.14.02:417][  0]LogStaticMesh: Building static mesh SM_DoorFrame...
[2015.09.22-02.14.02:418][  0]LogStaticMesh: Built static mesh [1.413118ms] /Game/StarterContent/Props/SM_DoorFrame.SM_DoorFrame
[2015.09.22-02.14.02:421][  0]LogStaticMesh: Building static mesh SM_GlassWindow...
[2015.09.22-02.14.02:428][  0]LogStaticMesh: Built static mesh [7.010668ms] /Game/StarterContent/Props/SM_GlassWindow.SM_GlassWindow
[2015.09.22-02.14.02:525][  0]LogTexture:Display: Building textures: T_Lamp_M (AutoDXT)
[2015.09.22-02.14.03:943][  0]LogTexture:Display: Building textures: T_Lamp_N (BC5)
[2015.09.22-02.14.04:349][  0]LogMaterial: Missing cached shader map for material M_Lamp, compiling. 
[2015.09.22-02.14.04:360][  0]LogStaticMesh: Building static mesh SM_Lamp_Ceiling...
[2015.09.22-02.14.04:387][  0]LogStaticMesh: Built static mesh [26.770742ms] /Game/StarterContent/Props/SM_Lamp_Ceiling.SM_Lamp_Ceiling
[2015.09.22-02.14.04:399][  0]LogStaticMesh: Building static mesh SM_Lamp_Wall...
[2015.09.22-02.14.04:409][  0]LogStaticMesh: Built static mesh [9.911378ms] /Game/StarterContent/Props/SM_Lamp_Wall.SM_Lamp_Wall
[2015.09.22-02.14.04:414][  0]LogStaticMesh: Building static mesh SM_WindowFrame...
[2015.09.22-02.14.04:416][  0]LogStaticMesh: Built static mesh [1.752900ms] /Game/StarterContent/Props/SM_WindowFrame.SM_WindowFrame
[2015.09.22-02.14.04:418][  0]LogAudioDerivedData:Display: Building compressed audio format OGG wave Woop_Woop-SoundBible_com-198943467...
[2015.09.22-02.14.04:679][  0]LogTexture:Display: Building textures: HQ_Lightmap0_10 (AutoDXT)
[2015.09.22-02.14.04:696][  0]LogTexture:Display: Building textures: HQ_Lightmap0_12 (AutoDXT)
[2015.09.22-02.14.04:709][  0]LogTexture:Display: Building textures: HQ_Lightmap0_13 (AutoDXT)
[2015.09.22-02.14.04:716][  0]LogTexture:Display: Building textures: HQ_Lightmap0_14 (AutoDXT)
[2015.09.22-02.14.04:729][  0]LogTexture:Display: Building textures: HQ_Lightmap0_15 (AutoDXT)
[2015.09.22-02.14.04:755][  0]LogTexture:Display: Building textures: HQ_Lightmap0_3 (AutoDXT)
[2015.09.22-02.14.04:852][  0]LogTexture:Display: Building textures: HQ_Lightmap0_4 (AutoDXT)
[2015.09.22-02.14.04:916][  0]LogTexture:Display: Building textures: HQ_Lightmap0_5 (AutoDXT)
[2015.09.22-02.14.05:024][  0]LogTexture:Display: Building textures: HQ_Lightmap0_6 (AutoDXT)
[2015.09.22-02.14.05:083][  0]LogTexture:Display: Building textures: HQ_Lightmap0_7 (AutoDXT)
[2015.09.22-02.14.05:168][  0]LogTexture:Display: Building textures: HQ_Lightmap0_8 (AutoDXT)
[2015.09.22-02.14.05:226][  0]LogTexture:Display: Building textures: HQ_Lightmap0_9 (AutoDXT)
[2015.09.22-02.14.05:266][  0]LogTexture:Display: Building textures: HQ_Lightmap1_11 (AutoDXT)
[2015.09.22-02.14.05:306][  0]LogTexture:Display: Building textures: LQ_Lightmap_0_10 (DXT1)
[2015.09.22-02.14.05:316][  0]LogTexture:Display: Building textures: LQ_Lightmap_0_12 (DXT1)
[2015.09.22-02.14.05:326][  0]LogTexture:Display: Building textures: LQ_Lightmap_0_13 (DXT1)
[2015.09.22-02.14.05:331][  0]LogTexture:Display: Building textures: LQ_Lightmap_0_14 (DXT1)
[2015.09.22-02.14.05:340][  0]LogTexture:Display: Building textures: LQ_Lightmap_0_15 (DXT1)
[2015.09.22-02.14.05:359][  0]LogTexture:Display: Building textures: LQ_Lightmap_0_3 (DXT1)
[2015.09.22-02.14.05:426][  0]LogTexture:Display: Building textures: LQ_Lightmap_0_4 (DXT1)
[2015.09.22-02.14.05:465][  0]LogTexture:Display: Building textures: LQ_Lightmap_0_5 (DXT1)
[2015.09.22-02.14.05:528][  0]LogTexture:Display: Building textures: LQ_Lightmap_0_6 (DXT1)
[2015.09.22-02.14.05:563][  0]LogTexture:Display: Building textures: LQ_Lightmap_0_7 (DXT1)
[2015.09.22-02.14.05:612][  0]LogTexture:Display: Building textures: LQ_Lightmap_0_8 (DXT1)
[2015.09.22-02.14.05:653][  0]LogTexture:Display: Building textures: LQ_Lightmap_0_9 (DXT1)
[2015.09.22-02.14.05:679][  0]LogTexture:Display: Building textures: LQ_Lightmap_1_11 (DXT1)
[2015.09.22-02.14.05:711][  0]LogTexture:Display: Building textures: ShadowMapTexture2D_39 (BGRA8)
[2015.09.22-02.14.05:719][  0]LogTexture:Display: Building textures: ShadowMapTexture2D_40 (BGRA8)
[2015.09.22-02.14.05:727][  0]LogTexture:Display: Building textures: ShadowMapTexture2D_41 (BGRA8)
[2015.09.22-02.14.05:735][  0]LogTexture:Display: Building textures: ShadowMapTexture2D_42 (BGRA8)
[2015.09.22-02.14.05:743][  0]LogTexture:Display: Building textures: ShadowMapTexture2D_43 (BGRA8)
[2015.09.22-02.14.05:745][  0]LogTexture:Display: Building textures: ShadowMapTexture2D_44 (BGRA8)
[2015.09.22-02.14.05:748][  0]LogTexture:Display: Building textures: ShadowMapTexture2D_45 (BGRA8)
[2015.09.22-02.14.05:749][  0]LogTexture:Display: Building textures: ShadowMapTexture2D_46 (BGRA8)
[2015.09.22-02.14.05:749][  0]LogTexture:Display: Building textures: ShadowMapTexture2D_47 (BGRA8)
[2015.09.22-02.14.05:750][  0]LogTexture:Display: Building textures: ShadowMapTexture2D_48 (BGRA8)
[2015.09.22-02.14.05:750][  0]LogTexture:Display: Building textures: ShadowMapTexture2D_49 (BGRA8)
[2015.09.22-02.14.05:751][  0]LogTexture:Display: Building textures: ShadowMapTexture2D_50 (BGRA8)
[2015.09.22-02.14.06:151][  0]LogEditorServer: Finished looking for orphan Actors (0.000 secs)
[2015.09.22-02.14.06:152][  0]LogAIModule: Creating AISystem for world MuseumLevel
[2015.09.22-02.14.06:153][  0]Cmd: MAP CHECKDEP
[2015.09.22-02.14.06:153][  0]MapCheck: New page: MuseumLevel - 22 Sep 2015 10:14:06 pm
[2015.09.22-02.14.06:263][  0]MapCheck: Info Map check complete: 0 Error(s), 0 Warning(s), took 110.161ms to complete.
[2015.09.22-02.14.06:263][  0]LogFileHelpers: Loading map 'MuseumLevel' took 30.090
[2015.09.22-02.14.06:407][  0]LogCollectionManager: Loaded 0 collections in 0.000998 seconds
[2015.09.22-02.14.06:415][  0]LogContentBrowser: Native class hierarchy populated in 0.0077 seconds. Added 1696 classes and 261 folders.
[2015.09.22-02.14.06:429][  0]LogContentBrowser:Verbose: The content browser source was changed by the sources view to '/Game'
[2015.09.22-02.14.06:446][  0]LogContentBrowser: Native class hierarchy updated for 'SceneOutliner' in 0.0013 seconds. Added 1 classes and 2 folders.
[2015.09.22-02.14.06:539][  0]LogCrashTracker: Crashtracker disabled due to settings.
[2015.09.22-02.14.06:541][  0]LogSlate:Warning: Failed to load font data from 'Veranda'
[2015.09.22-02.14.06:576][  0]LogLoad: Full Startup: 40.65 seconds (BP compile: 1.38 seconds)
[2015.09.22-02.14.06:759][  0]LogRenderer:Warning: Reallocating scene render targets to support 32x32 (Frame:2).
[2015.09.22-02.14.06:976][  0]LogRenderer:Warning: Reallocating scene render targets to support 1208x576 (Frame:10).
[2015.09.22-02.14.07:290][  6]LogAssetRegistry: Asset discovery search completed in 32.5929 seconds
[2015.09.22-02.14.18:876][370]LogSynthBenchmark:Display: FSynthBenchmark (V0.95):  requested WorkScale=1.00
[2015.09.22-02.14.18:876][370]LogSynthBenchmark:Display: ===============
[2015.09.22-02.14.18:876][370]LogSynthBenchmark:Display: Main Processor:
[2015.09.22-02.14.18:916][370]LogSynthBenchmark:Display:          ... 0.020781 s/Run 'RayIntersect'
[2015.09.22-02.14.18:916][370]LogSynthBenchmark:Display:          ... 0.019759 s/Run 'Fractal'
[2015.09.22-02.14.18:916][370]LogSynthBenchmark:Display: 
[2015.09.22-02.14.18:916][370]LogSynthBenchmark:Display:   CompiledTarget_x_Bits: 64
[2015.09.22-02.14.18:916][370]LogSynthBenchmark:Display:   UE_BUILD_SHIPPING: 0
[2015.09.22-02.14.18:916][370]LogSynthBenchmark:Display:   UE_BUILD_TEST: 0
[2015.09.22-02.14.18:916][370]LogSynthBenchmark:Display:   UE_BUILD_DEBUG: 0
[2015.09.22-02.14.18:916][370]LogSynthBenchmark:Display:   TotalPhysicalGBRam: 32
[2015.09.22-02.14.18:916][370]LogSynthBenchmark:Display:   NumberOfCores (physical): 6
[2015.09.22-02.14.18:916][370]LogSynthBenchmark:Display:   NumberOfCores (logical): 12
[2015.09.22-02.14.18:916][370]LogSynthBenchmark:Display:   CPU Perf Index 0: 123.2
[2015.09.22-02.14.18:916][370]LogSynthBenchmark:Display:   CPU Perf Index 1: 144.7
[2015.09.22-02.14.18:916][370]LogSynthBenchmark:Display:  
[2015.09.22-02.14.18:916][370]LogSynthBenchmark:Display: Graphics:
[2015.09.22-02.14.18:916][370]LogSynthBenchmark:Display:   Adapter Name: 'NVIDIA GeForce GTX 680'
[2015.09.22-02.14.18:916][370]LogSynthBenchmark:Display:   (On Optimus the name might be wrong, memory should be ok)
[2015.09.22-02.14.18:916][370]LogSynthBenchmark:Display:   Vendor Id: 0x10de
[2015.09.22-02.14.18:916][370]LogSynthBenchmark:Display:   GPU Memory: 1986/0/2049 MB
[2015.09.22-02.14.18:916][370]LogSynthBenchmark:Display:   CPUIndex: 123.2
[2015.09.22-02.14.18:916][370]LogSynthBenchmark:Display:   GPUIndex: -1.$
[2015.09.22-02.14.18:916][370]LogSynthBenchmark:Display: 
[2015.09.22-02.14.18:916][370]LogSynthBenchmark:Display:          ... Total Time: 0.040766 sec
[2015.09.22-02.14.18:918][370]LogWindows:Warning: FWindowsPlatformSurvey::TickSurveyHardware() WinSAT assessment unavailable. Unable to examine some hardware metrics. Run the Windows Experience Index Assessment.
[2015.09.22-02.19.24:576][866]LogActorComponent: UnregisterComponent: (/Engine/Transient.CharMoveComp) Not registered. Aborting.
[2015.09.22-02.19.24:576][866]LogActorComponent: UnregisterComponent: (/Engine/Transient.PawnSensingComponent_0) Not registered. Aborting.
[2015.09.22-02.19.24:790][866]Cmd: OBJ SAVEPACKAGE PACKAGE="/Game/MuseumLevel" FILE="C:/Users/n8604291/Desktop/StealthEscape/Content/MuseumLevel.umap" SILENT=true AUTOSAVING=false KEEPDIRTY=false
[2015.09.22-02.19.26:418][866]LogSavePackage: Save=1595.039185ms
[2015.09.22-02.19.26:418][866]LogSavePackage: Moving 'C:/Users/n8604291/Desktop/StealthEscape/Saved/MuseumLevelA249977542968913C9D3EEA9723D5CB0.tmp' to 'C:/Users/n8604291/Desktop/StealthEscape/Content/MuseumLevel.umap'
[2015.09.22-02.19.26:474][866]LogFileHelpers: Saving map 'MuseumLevel' took 1.796
[2015.09.22-02.24.48:852][210]BlueprintLog: New page: Compile PauseMenu
[2015.09.22-02.24.48:913][210]LogParticles: Destroying 0 GPU particle simulations for FXSystem 0x000000F0031DEC00
[2015.09.22-02.24.48:914][210]LogParticles: Destroying 0 GPU particle simulations for FXSystem 0x000000F0031DF2E0
[2015.09.22-02.24.48:928][210]BlueprintEditorCompileResults: Info [0682.99] Compile of PauseMenu successful! [in 75 ms]
[2015.09.22-02.24.49:458][265]Cmd: OBJ SAVEPACKAGE PACKAGE="/Game/PauseMenu" FILE="C:/Users/n8604291/Desktop/StealthEscape/Content/PauseMenu.uasset" SILENT=true
[2015.09.22-02.24.49:535][265]LogSavePackage: Save=48.903080ms
[2015.09.22-02.24.49:535][265]LogSavePackage: Moving 'C:/Users/n8604291/Desktop/StealthEscape/Saved/PauseMenu85E46D17494D237F1F4F88BDB62EDA66.tmp' to 'C:/Users/n8604291/Desktop/StealthEscape/Content/PauseMenu.uasset'
[2015.09.22-02.24.51:553][478]BlueprintLog: New page: Pre-PIE auto-recompile
[2015.09.22-02.24.51:558][478]LogPlayLevel: [PIE] Compiling MuseumLevel before PIE...
[2015.09.22-02.24.51:908][478]LogPlayLevel: PIE:  Blueprint regeneration took 355 ms (1 blueprints)
[2015.09.22-02.24.51:908][478]PIE: New page: PIE session: MuseumLevel (22 Sep 2015 10:24:51 pm)
[2015.09.22-02.24.52:035][478]LogBlueprint:Warning: FMemberReference::ResolveMember (K2_GetActorLocation) bSelfContext == true, but no scope supplied!
[2015.09.22-02.24.52:035][478]LogBlueprint:Warning: FMemberReference::ResolveMember (K2_GetActorLocation) bSelfContext == true, but no scope supplied!
[2015.09.22-02.24.52:035][478]LogBlueprint:Warning: FMemberReference::ResolveMember (K2_GetActorLocation) bSelfContext == true, but no scope supplied!
[2015.09.22-02.24.52:035][478]LogBlueprint:Warning: FMemberReference::ResolveMember (K2_GetActorLocation) bSelfContext == true, but no scope supplied!
[2015.09.22-02.24.52:035][478]LogBlueprint:Warning: FMemberReference::ResolveMember (K2_GetActorLocation) bSelfContext == true, but no scope supplied!
[2015.09.22-02.24.52:035][478]LogBlueprint:Warning: FMemberReference::ResolveMember (K2_GetActorLocation) bSelfContext == true, but no scope supplied!
[2015.09.22-02.24.52:035][478]LogBlueprint:Warning: FMemberReference::ResolveMember (K2_GetActorLocation) bSelfContext == true, but no scope supplied!
[2015.09.22-02.24.52:035][478]LogBlueprint:Warning: FMemberReference::ResolveMember (K2_GetActorLocation) bSelfContext == true, but no scope supplied!
[2015.09.22-02.24.52:037][478]LogBlueprint:Warning: FMemberReference::ResolveMember (K2_GetActorLocation) bSelfContext == true, but no scope supplied!
[2015.09.22-02.24.52:037][478]LogBlueprint:Warning: FMemberReference::ResolveMember (K2_GetActorLocation) bSelfContext == true, but no scope supplied!
[2015.09.22-02.24.52:037][478]LogBlueprint:Warning: FMemberReference::ResolveMember (K2_GetActorLocation) bSelfContext == true, but no scope supplied!
[2015.09.22-02.24.52:037][478]LogBlueprint:Warning: FMemberReference::ResolveMember (K2_GetActorLocation) bSelfContext == true, but no scope supplied!
[2015.09.22-02.24.52:038][478]LogBlueprint:Warning: FMemberReference::ResolveMember (K2_GetActorLocation) bSelfContext == true, but no scope supplied!
[2015.09.22-02.24.52:038][478]LogBlueprint:Warning: FMemberReference::ResolveMember (K2_GetActorLocation) bSelfContext == true, but no scope supplied!
[2015.09.22-02.24.52:038][478]LogBlueprint:Warning: FMemberReference::ResolveMember (K2_GetActorLocation) bSelfContext == true, but no scope supplied!
[2015.09.22-02.24.52:038][478]LogBlueprint:Warning: FMemberReference::ResolveMember (K2_GetActorLocation) bSelfContext == true, but no scope supplied!
[2015.09.22-02.24.52:039][478]LogBlueprint:Warning: FMemberReference::ResolveMember (K2_GetActorLocation) bSelfContext == true, but no scope supplied!
[2015.09.22-02.24.52:039][478]LogBlueprint:Warning: FMemberReference::ResolveMember (K2_GetActorLocation) bSelfContext == true, but no scope supplied!
[2015.09.22-02.24.52:039][478]LogBlueprint:Warning: FMemberReference::ResolveMember (K2_GetActorLocation) bSelfContext == true, but no scope supplied!
[2015.09.22-02.24.52:039][478]LogBlueprint:Warning: FMemberReference::ResolveMember (K2_GetActorLocation) bSelfContext == true, but no scope supplied!
[2015.09.22-02.24.52:040][478]LogBlueprint:Warning: FMemberReference::ResolveMember (K2_GetActorLocation) bSelfContext == true, but no scope supplied!
[2015.09.22-02.24.52:040][478]LogBlueprint:Warning: FMemberReference::ResolveMember (K2_GetActorLocation) bSelfContext == true, but no scope supplied!
[2015.09.22-02.24.52:040][478]LogBlueprint:Warning: FMemberReference::ResolveMember (K2_GetActorLocation) bSelfContext == true, but no scope supplied!
[2015.09.22-02.24.52:040][478]LogBlueprint:Warning: FMemberReference::ResolveMember (K2_GetActorLocation) bSelfContext == true, but no scope supplied!
[2015.09.22-02.24.52:041][478]LogBlueprint:Warning: FMemberReference::ResolveMember (K2_GetActorLocation) bSelfContext == true, but no scope supplied!
[2015.09.22-02.24.52:041][478]LogBlueprint:Warning: FMemberReference::ResolveMember (K2_GetActorLocation) bSelfContext == true, but no scope supplied!
[2015.09.22-02.24.52:042][478]LogBlueprint:Warning: FMemberReference::ResolveMember (K2_GetActorLocation) bSelfContext == true, but no scope supplied!
[2015.09.22-02.24.52:042][478]LogBlueprint:Warning: FMemberReference::ResolveMember (K2_GetActorLocation) bSelfContext == true, but no scope supplied!
[2015.09.22-02.24.52:042][478]LogBlueprint:Warning: FMemberReference::ResolveMember (K2_GetActorLocation) bSelfContext == true, but no scope supplied!
[2015.09.22-02.24.52:042][478]LogBlueprint:Warning: FMemberReference::ResolveMember (K2_GetActorLocation) bSelfContext == true, but no scope supplied!
[2015.09.22-02.24.52:042][478]LogBlueprint:Warning: FMemberReference::ResolveMember (K2_GetActorLocation) bSelfContext == true, but no scope supplied!
[2015.09.22-02.24.52:042][478]LogBlueprint:Warning: FMemberReference::ResolveMember (K2_GetActorLocation) bSelfContext == true, but no scope supplied!
[2015.09.22-02.24.52:043][478]LogBlueprint:Warning: FMemberReference::ResolveMember (K2_GetActorLocation) bSelfContext == true, but no scope supplied!
[2015.09.22-02.24.52:043][478]LogBlueprint:Warning: FMemberReference::ResolveMember (K2_GetActorLocation) bSelfContext == true, but no scope supplied!
[2015.09.22-02.24.52:043][478]LogBlueprint:Warning: FMemberReference::ResolveMember (K2_GetActorLocation) bSelfContext == true, but no scope supplied!
[2015.09.22-02.24.52:043][478]LogBlueprint:Warning: FMemberReference::ResolveMember (K2_GetActorLocation) bSelfContext == true, but no scope supplied!
[2015.09.22-02.24.52:044][478]LogBlueprint:Warning: FMemberReference::ResolveMember (K2_GetActorLocation) bSelfContext == true, but no scope supplied!
[2015.09.22-02.24.52:044][478]LogBlueprint:Warning: FMemberReference::ResolveMember (K2_GetActorLocation) bSelfContext == true, but no scope supplied!
[2015.09.22-02.24.52:044][478]LogBlueprint:Warning: FMemberReference::ResolveMember (K2_GetActorLocation) bSelfContext == true, but no scope supplied!
[2015.09.22-02.24.52:044][478]LogBlueprint:Warning: FMemberReference::ResolveMember (K2_GetActorLocation) bSelfContext == true, but no scope supplied!
[2015.09.22-02.24.52:045][478]LogBlueprint:Warning: FMemberReference::ResolveMember (K2_GetActorLocation) bSelfContext == true, but no scope supplied!
[2015.09.22-02.24.52:045][478]LogBlueprint:Warning: FMemberReference::ResolveMember (K2_GetActorLocation) bSelfContext == true, but no scope supplied!
[2015.09.22-02.24.52:045][478]LogBlueprint:Warning: FMemberReference::ResolveMember (K2_GetActorLocation) bSelfContext == true, but no scope supplied!
[2015.09.22-02.24.52:045][478]LogBlueprint:Warning: FMemberReference::ResolveMember (K2_GetActorLocation) bSelfContext == true, but no scope supplied!
[2015.09.22-02.24.52:046][478]LogBlueprint:Warning: FMemberReference::ResolveMember (K2_GetActorLocation) bSelfContext == true, but no scope supplied!
[2015.09.22-02.24.52:046][478]LogBlueprint:Warning: FMemberReference::ResolveMember (K2_GetActorLocation) bSelfContext == true, but no scope supplied!
[2015.09.22-02.24.52:046][478]LogBlueprint:Warning: FMemberReference::ResolveMember (K2_GetActorLocation) bSelfContext == true, but no scope supplied!
[2015.09.22-02.24.52:046][478]LogBlueprint:Warning: FMemberReference::ResolveMember (K2_GetActorLocation) bSelfContext == true, but no scope supplied!
[2015.09.22-02.24.52:047][478]LogBlueprint:Warning: FMemberReference::ResolveMember (K2_GetActorLocation) bSelfContext == true, but no scope supplied!
[2015.09.22-02.24.52:047][478]LogBlueprint:Warning: FMemberReference::ResolveMember (K2_GetActorLocation) bSelfContext == true, but no scope supplied!
[2015.09.22-02.24.52:047][478]LogBlueprint:Warning: FMemberReference::ResolveMember (K2_GetActorLocation) bSelfContext == true, but no scope supplied!
[2015.09.22-02.24.52:047][478]LogBlueprint:Warning: FMemberReference::ResolveMember (K2_GetActorLocation) bSelfContext == true, but no scope supplied!
[2015.09.22-02.24.52:048][478]LogBlueprint:Warning: FMemberReference::ResolveMember (K2_GetActorLocation) bSelfContext == true, but no scope supplied!
[2015.09.22-02.24.52:048][478]LogBlueprint:Warning: FMemberReference::ResolveMember (K2_GetActorLocation) bSelfContext == true, but no scope supplied!
[2015.09.22-02.24.52:048][478]LogBlueprint:Warning: FMemberReference::ResolveMember (K2_GetActorLocation) bSelfContext == true, but no scope supplied!
[2015.09.22-02.24.52:048][478]LogBlueprint:Warning: FMemberReference::ResolveMember (K2_GetActorLocation) bSelfContext == true, but no scope supplied!
[2015.09.22-02.24.52:049][478]LogBlueprint:Warning: FMemberReference::ResolveMember (K2_GetActorLocation) bSelfContext == true, but no scope supplied!
[2015.09.22-02.24.52:049][478]LogBlueprint:Warning: FMemberReference::ResolveMember (K2_GetActorLocation) bSelfContext == true, but no scope supplied!
[2015.09.22-02.24.52:049][478]LogBlueprint:Warning: FMemberReference::ResolveMember (K2_GetActorLocation) bSelfContext == true, but no scope supplied!
[2015.09.22-02.24.52:049][478]LogBlueprint:Warning: FMemberReference::ResolveMember (K2_GetActorLocation) bSelfContext == true, but no scope supplied!
[2015.09.22-02.24.52:050][478]LogBlueprint:Warning: FMemberReference::ResolveMember (K2_GetActorLocation) bSelfContext == true, but no scope supplied!
[2015.09.22-02.24.52:050][478]LogBlueprint:Warning: FMemberReference::ResolveMember (K2_GetActorLocation) bSelfContext == true, but no scope supplied!
[2015.09.22-02.24.52:050][478]LogBlueprint:Warning: FMemberReference::ResolveMember (K2_GetActorLocation) bSelfContext == true, but no scope supplied!
[2015.09.22-02.24.52:050][478]LogBlueprint:Warning: FMemberReference::ResolveMember (K2_GetActorLocation) bSelfContext == true, but no scope supplied!
[2015.09.22-02.24.52:051][478]LogBlueprint:Warning: FMemberReference::ResolveMember (K2_GetActorLocation) bSelfContext == true, but no scope supplied!
[2015.09.22-02.24.52:051][478]LogBlueprint:Warning: FMemberReference::ResolveMember (K2_GetActorLocation) bSelfContext == true, but no scope supplied!
[2015.09.22-02.24.52:051][478]LogBlueprint:Warning: FMemberReference::ResolveMember (K2_GetActorLocation) bSelfContext == true, but no scope supplied!
[2015.09.22-02.24.52:051][478]LogBlueprint:Warning: FMemberReference::ResolveMember (K2_GetActorLocation) bSelfContext == true, but no scope supplied!
[2015.09.22-02.24.52:051][478]LogBlueprint:Warning: FMemberReference::ResolveMember (K2_GetActorLocation) bSelfContext == true, but no scope supplied!
[2015.09.22-02.24.52:052][478]LogBlueprint:Warning: FMemberReference::ResolveMember (K2_GetActorLocation) bSelfContext == true, but no scope supplied!
[2015.09.22-02.24.52:052][478]LogBlueprint:Warning: FMemberReference::ResolveMember (K2_GetActorLocation) bSelfContext == true, but no scope supplied!
[2015.09.22-02.24.52:052][478]LogBlueprint:Warning: FMemberReference::ResolveMember (K2_GetActorLocation) bSelfContext == true, but no scope supplied!
[2015.09.22-02.24.52:053][478]LogBlueprint:Warning: FMemberReference::ResolveMember (K2_GetActorLocation) bSelfContext == true, but no scope supplied!
[2015.09.22-02.24.52:053][478]LogBlueprint:Warning: FMemberReference::ResolveMember (K2_GetActorLocation) bSelfContext == true, but no scope supplied!
[2015.09.22-02.24.52:053][478]LogBlueprint:Warning: FMemberReference::ResolveMember (K2_GetActorLocation) bSelfContext == true, but no scope supplied!
[2015.09.22-02.24.52:053][478]LogBlueprint:Warning: FMemberReference::ResolveMember (K2_GetActorLocation) bSelfContext == true, but no scope supplied!
[2015.09.22-02.24.52:053][478]LogBlueprint:Warning: FMemberReference::ResolveMember (K2_GetActorLocation) bSelfContext == true, but no scope supplied!
[2015.09.22-02.24.52:053][478]LogBlueprint:Warning: FMemberReference::ResolveMember (K2_GetActorLocation) bSelfContext == true, but no scope supplied!
[2015.09.22-02.24.52:054][478]LogBlueprint:Warning: FMemberReference::ResolveMember (K2_GetActorLocation) bSelfContext == true, but no scope supplied!
[2015.09.22-02.24.52:054][478]LogBlueprint:Warning: FMemberReference::ResolveMember (K2_GetActorLocation) bSelfContext == true, but no scope supplied!
[2015.09.22-02.24.52:054][478]LogBlueprint:Warning: FMemberReference::ResolveMember (K2_GetActorLocation) bSelfContext == true, but no scope supplied!
[2015.09.22-02.24.52:054][478]LogBlueprint:Warning: FMemberReference::ResolveMember (K2_GetActorLocation) bSelfContext == true, but no scope supplied!
[2015.09.22-02.24.52:055][478]LogBlueprint:Warning: FMemberReference::ResolveMember (K2_GetActorLocation) bSelfContext == true, but no scope supplied!
[2015.09.22-02.24.52:055][478]LogBlueprint:Warning: FMemberReference::ResolveMember (K2_GetActorLocation) bSelfContext == true, but no scope supplied!
[2015.09.22-02.24.52:055][478]LogBlueprint:Warning: FMemberReference::ResolveMember (K2_GetActorLocation) bSelfContext == true, but no scope supplied!
[2015.09.22-02.24.52:055][478]LogBlueprint:Warning: FMemberReference::ResolveMember (K2_GetActorLocation) bSelfContext == true, but no scope supplied!
[2015.09.22-02.24.52:056][478]LogBlueprint:Warning: FMemberReference::ResolveMember (K2_GetActorLocation) bSelfContext == true, but no scope supplied!
[2015.09.22-02.24.52:056][478]LogBlueprint:Warning: FMemberReference::ResolveMember (K2_GetActorLocation) bSelfContext == true, but no scope supplied!
[2015.09.22-02.24.52:056][478]LogBlueprint:Warning: FMemberReference::ResolveMember (K2_GetActorLocation) bSelfContext == true, but no scope supplied!
[2015.09.22-02.24.52:056][478]LogBlueprint:Warning: FMemberReference::ResolveMember (K2_GetActorLocation) bSelfContext == true, but no scope supplied!
[2015.09.22-02.24.52:056][478]LogBlueprint:Warning: FMemberReference::ResolveMember (K2_GetActorLocation) bSelfContext == true, but no scope supplied!
[2015.09.22-02.24.52:056][478]LogBlueprint:Warning: FMemberReference::ResolveMember (K2_GetActorLocation) bSelfContext == true, but no scope supplied!
[2015.09.22-02.24.52:060][478]LogBlueprint:Warning: FMemberReference::ResolveMember (CustomEvent_0) bSelfContext == true, but no scope supplied!
[2015.09.22-02.24.52:060][478]LogBlueprint:Warning: FMemberReference::ResolveMember (CustomEvent_0) bSelfContext == true, but no scope supplied!
[2015.09.22-02.24.52:061][478]LogBlueprint:Warning: FMemberReference::ResolveMember (CustomEvent_1) bSelfContext == true, but no scope supplied!
[2015.09.22-02.24.52:061][478]LogBlueprint:Warning: FMemberReference::ResolveMember (CustomEvent_1) bSelfContext == true, but no scope supplied!
[2015.09.22-02.24.52:062][478]LogBlueprint:Warning: FMemberReference::ResolveMember (CustomEvent_2) bSelfContext == true, but no scope supplied!
[2015.09.22-02.24.52:062][478]LogBlueprint:Warning: FMemberReference::ResolveMember (CustomEvent_2) bSelfContext == true, but no scope supplied!
[2015.09.22-02.24.52:062][478]LogBlueprint:Warning: FMemberReference::ResolveMember (CustomEvent_3) bSelfContext == true, but no scope supplied!
[2015.09.22-02.24.52:062][478]LogBlueprint:Warning: FMemberReference::ResolveMember (CustomEvent_3) bSelfContext == true, but no scope supplied!
[2015.09.22-02.24.52:062][478]LogBlueprint:Warning: FMemberReference::ResolveMember (CustomEvent_4) bSelfContext == true, but no scope supplied!
[2015.09.22-02.24.52:062][478]LogBlueprint:Warning: FMemberReference::ResolveMember (CustomEvent_4) bSelfContext == true, but no scope supplied!
[2015.09.22-02.24.52:062][478]LogBlueprint:Warning: FMemberReference::ResolveMember (CustomEvent_5) bSelfContext == true, but no scope supplied!
[2015.09.22-02.24.52:062][478]LogBlueprint:Warning: FMemberReference::ResolveMember (CustomEvent_5) bSelfContext == true, but no scope supplied!
[2015.09.22-02.24.52:063][478]LogBlueprint:Warning: FMemberReference::ResolveMember (CustomEvent_6) bSelfContext == true, but no scope supplied!
[2015.09.22-02.24.52:063][478]LogBlueprint:Warning: FMemberReference::ResolveMember (CustomEvent_6) bSelfContext == true, but no scope supplied!
[2015.09.22-02.24.52:063][478]LogBlueprint:Warning: FMemberReference::ResolveMember (CustomEvent_7) bSelfContext == true, but no scope supplied!
[2015.09.22-02.24.52:063][478]LogBlueprint:Warning: FMemberReference::ResolveMember (CustomEvent_7) bSelfContext == true, but no scope supplied!
[2015.09.22-02.24.52:063][478]LogBlueprint:Warning: FMemberReference::ResolveMember (CustomEvent_8) bSelfContext == true, but no scope supplied!
[2015.09.22-02.24.52:063][478]LogBlueprint:Warning: FMemberReference::ResolveMember (CustomEvent_8) bSelfContext == true, but no scope supplied!
[2015.09.22-02.24.52:063][478]LogBlueprint:Warning: FMemberReference::ResolveMember (CustomEvent_9) bSelfContext == true, but no scope supplied!
[2015.09.22-02.24.52:063][478]LogBlueprint:Warning: FMemberReference::ResolveMember (CustomEvent_9) bSelfContext == true, but no scope supplied!
[2015.09.22-02.24.52:063][478]LogBlueprint:Warning: FMemberReference::ResolveMember (CustomEvent_10) bSelfContext == true, but no scope supplied!
[2015.09.22-02.24.52:063][478]LogBlueprint:Warning: FMemberReference::ResolveMember (CustomEvent_10) bSelfContext == true, but no scope supplied!
[2015.09.22-02.24.52:063][478]LogBlueprint:Warning: FMemberReference::ResolveMember (CustomEvent_11) bSelfContext == true, but no scope supplied!
[2015.09.22-02.24.52:063][478]LogBlueprint:Warning: FMemberReference::ResolveMember (CustomEvent_11) bSelfContext == true, but no scope supplied!
[2015.09.22-02.24.52:063][478]LogBlueprint:Warning: FMemberReference::ResolveMember (CustomEvent_12) bSelfContext == true, but no scope supplied!
[2015.09.22-02.24.52:063][478]LogBlueprint:Warning: FMemberReference::ResolveMember (CustomEvent_12) bSelfContext == true, but no scope supplied!
[2015.09.22-02.24.52:063][478]LogBlueprint:Warning: FMemberReference::ResolveMember (CustomEvent_13) bSelfContext == true, but no scope supplied!
[2015.09.22-02.24.52:064][478]LogBlueprint:Warning: FMemberReference::ResolveMember (CustomEvent_13) bSelfContext == true, but no scope supplied!
[2015.09.22-02.24.52:066][478]LogBlueprint:Warning: FMemberReference::ResolveMember (K2_GetActorLocation) bSelfContext == true, but no scope supplied!
[2015.09.22-02.24.52:066][478]LogBlueprint:Warning: FMemberReference::ResolveMember (K2_GetActorLocation) bSelfContext == true, but no scope supplied!
[2015.09.22-02.24.52:066][478]LogBlueprint:Warning: FMemberReference::ResolveMember (K2_GetActorLocation) bSelfContext == true, but no scope supplied!
[2015.09.22-02.24.52:066][478]LogBlueprint:Warning: FMemberReference::ResolveMember (K2_GetActorLocation) bSelfContext == true, but no scope supplied!
[2015.09.22-02.24.52:066][478]LogBlueprint:Warning: FMemberReference::ResolveMember (K2_GetActorLocation) bSelfContext == true, but no scope supplied!
[2015.09.22-02.24.52:066][478]LogBlueprint:Warning: FMemberReference::ResolveMember (K2_GetActorLocation) bSelfContext == true, but no scope supplied!
[2015.09.22-02.24.52:067][478]LogBlueprint:Warning: FMemberReference::ResolveMember (K2_GetActorLocation) bSelfContext == true, but no scope supplied!
[2015.09.22-02.24.52:067][478]LogBlueprint:Warning: FMemberReference::ResolveMember (K2_GetActorLocation) bSelfContext == true, but no scope supplied!
[2015.09.22-02.24.52:067][478]LogBlueprint:Warning: FMemberReference::ResolveMember (CustomEvent_7_Copy) bSelfContext == true, but no scope supplied!
[2015.09.22-02.24.52:067][478]LogBlueprint:Warning: FMemberReference::ResolveMember (CustomEvent_7_Copy) bSelfContext == true, but no scope supplied!
[2015.09.22-02.24.52:068][478]LogBlueprint:Warning: FMemberReference::ResolveMember (K2_GetActorLocation) bSelfContext == true, but no scope supplied!
[2015.09.22-02.24.52:068][478]LogBlueprint:Warning: FMemberReference::ResolveMember (K2_GetActorLocation) bSelfContext == true, but no scope supplied!
[2015.09.22-02.24.52:068][478]LogBlueprint:Warning: FMemberReference::ResolveMember (K2_GetActorLocation) bSelfContext == true, but no scope supplied!
[2015.09.22-02.24.52:068][478]LogBlueprint:Warning: FMemberReference::ResolveMember (K2_GetActorLocation) bSelfContext == true, but no scope supplied!
[2015.09.22-02.24.52:069][478]LogBlueprint:Warning: FMemberReference::ResolveMember (K2_GetActorLocation) bSelfContext == true, but no scope supplied!
[2015.09.22-02.24.52:069][478]LogBlueprint:Warning: FMemberReference::ResolveMember (K2_GetActorLocation) bSelfContext == true, but no scope supplied!
[2015.09.22-02.24.52:069][478]LogBlueprint:Warning: FMemberReference::ResolveMember (K2_GetActorLocation) bSelfContext == true, but no scope supplied!
[2015.09.22-02.24.52:069][478]LogBlueprint:Warning: FMemberReference::ResolveMember (K2_GetActorLocation) bSelfContext == true, but no scope supplied!
[2015.09.22-02.24.52:070][478]LogBlueprint:Warning: FMemberReference::ResolveMember (CustomEvent_14) bSelfContext == true, but no scope supplied!
[2015.09.22-02.24.52:070][478]LogBlueprint:Warning: FMemberReference::ResolveMember (CustomEvent_14) bSelfContext == true, but no scope supplied!
[2015.09.22-02.24.52:072][478]LogBlueprint:Warning: FMemberReference::ResolveMember (K2_GetActorLocation) bSelfContext == true, but no scope supplied!
[2015.09.22-02.24.52:073][478]LogBlueprint:Warning: FMemberReference::ResolveMember (K2_GetActorLocation) bSelfContext == true, but no scope supplied!
[2015.09.22-02.24.52:073][478]LogBlueprint:Warning: FMemberReference::ResolveMember (K2_GetActorLocation) bSelfContext == true, but no scope supplied!
[2015.09.22-02.24.52:073][478]LogBlueprint:Warning: FMemberReference::ResolveMember (K2_GetActorLocation) bSelfContext == true, but no scope supplied!
[2015.09.22-02.24.52:074][478]LogBlueprint:Warning: FMemberReference::ResolveMember (K2_GetActorLocation) bSelfContext == true, but no scope supplied!
[2015.09.22-02.24.52:074][478]LogBlueprint:Warning: FMemberReference::ResolveMember (K2_GetActorLocation) bSelfContext == true, but no scope supplied!
[2015.09.22-02.24.52:074][478]LogBlueprint:Warning: FMemberReference::ResolveMember (K2_GetActorLocation) bSelfContext == true, but no scope supplied!
[2015.09.22-02.24.52:074][478]LogBlueprint:Warning: FMemberReference::ResolveMember (K2_GetActorLocation) bSelfContext == true, but no scope supplied!
[2015.09.22-02.24.52:075][478]LogBlueprint:Warning: FMemberReference::ResolveMember (K2_GetActorLocation) bSelfContext == true, but no scope supplied!
[2015.09.22-02.24.52:075][478]LogBlueprint:Warning: FMemberReference::ResolveMember (K2_GetActorLocation) bSelfContext == true, but no scope supplied!
[2015.09.22-02.24.52:075][478]LogBlueprint:Warning: FMemberReference::ResolveMember (K2_GetActorLocation) bSelfContext == true, but no scope supplied!
[2015.09.22-02.24.52:075][478]LogBlueprint:Warning: FMemberReference::ResolveMember (K2_GetActorLocation) bSelfContext == true, but no scope supplied!
[2015.09.22-02.24.52:075][478]LogBlueprint:Warning: FMemberReference::ResolveMember (CustomEvent_15) bSelfContext == true, but no scope supplied!
[2015.09.22-02.24.52:075][478]LogBlueprint:Warning: FMemberReference::ResolveMember (CustomEvent_15) bSelfContext == true, but no scope supplied!
[2015.09.22-02.24.52:076][478]LogBlueprint:Warning: FMemberReference::ResolveMember (CustomEvent_16) bSelfContext == true, but no scope supplied!
[2015.09.22-02.24.52:076][478]LogBlueprint:Warning: FMemberReference::ResolveMember (CustomEvent_16) bSelfContext == true, but no scope supplied!
[2015.09.22-02.24.52:076][478]LogBlueprint:Warning: FMemberReference::ResolveMember (CustomEvent_17) bSelfContext == true, but no scope supplied!
[2015.09.22-02.24.52:076][478]LogBlueprint:Warning: FMemberReference::ResolveMember (CustomEvent_17) bSelfContext == true, but no scope supplied!
[2015.09.22-02.24.52:112][478]LogPlayLevel: PIE: StaticDuplicateObject took: (0.204292s)
[2015.09.22-02.24.52:113][478]LogPlayLevel: PIE: World Init took: (0.000554s)
[2015.09.22-02.24.52:113][478]LogPlayLevel: PIE: Created PIE world by copying editor world from /Game/MuseumLevel.MuseumLevel to /Game/UEDPIE_0_MuseumLevel.MuseumLevel (0.205093s)
[2015.09.22-02.24.52:218][478]LogTexture:Display: Building textures: FirstPersonCrosshair (AutoDXT)
[2015.09.22-02.24.52:230][478]LogWorld: Game class is 'FirstPersonGameMode_C'
[2015.09.22-02.24.52:232][478]LogAIModule: Creating AISystem for world MuseumLevel
[2015.09.22-02.24.52:277][478]LogWorld:Warning: *** WARNING - PATHS MAY NOT BE VALID ***
[2015.09.22-02.24.52:277][478]LogWorld: Bringing World /Game/UEDPIE_0_MuseumLevel.MuseumLevel up for play (max tick rate 0) at 2015.09.22-12.24.52
[2015.09.22-02.24.52:287][478]LogWorld: Bringing up level for play took: 0.054882
[2015.09.22-02.24.52:309][478]PIE: Info Play in editor start time for /Game/UEDPIE_0_MuseumLevel 0.114
[2015.09.22-02.24.52:358][478]LogRenderer:Warning: Reallocating scene render targets to support 1296x760 (Frame:65201).
[2015.09.22-02.25.00:574][265]LogPackageName: SearchForPackageOnDisk took   0.047s to resolve GOPage.umap
[2015.09.22-02.25.00:633][266]LogPackageName: SearchForPackageOnDisk took   0.047s to resolve GOPage.umap
[2015.09.22-02.25.00:633][266]LogNet: Browse: /Game/GOPage
[2015.09.22-02.25.00:633][266]LogLoad: LoadMap: /Game/GOPage
[2015.09.22-02.25.00:664][266]LogParticles: Destroying 0 GPU particle simulations for FXSystem 0x000000F01194FF60
[2015.09.22-02.25.00:664][266]Cmd: MEM
[2015.09.22-02.25.00:682][266]LogMemory: Platform Memory Stats for Windows
[2015.09.22-02.25.00:682][266]LogMemory: Process Physical Memory: 797.36 MB used, 824.14 MB peak
[2015.09.22-02.25.00:682][266]LogMemory: Process Virtual Memory: 1570.46 MB used, 1673.79 MB peak
[2015.09.22-02.25.00:682][266]LogMemory: Physical Memory: 5334.82 MB used, 32686.14 MB total
[2015.09.22-02.25.00:682][266]LogMemory: Virtual Memory: 2145.18 MB used, 134217728.00 MB total
[2015.09.22-02.25.00:682][266]LogMemory: 
[2015.09.22-02.25.00:682][266]Allocator Stats for TBB: (not implemented)
[2015.09.22-02.25.00:883][266]LogLinker:Warning: Asset '../../../Engine/Content/EngineMeshes/Humanoid.uasset' has been saved with empty engine version. The asset will be loaded but may be incompatible.
[2015.09.22-02.25.00:979][266]LogWorld: Game class is 'FirstPersonGameMode_C'
[2015.09.22-02.25.00:981][266]LogAIModule: Creating AISystem for world GOPage
[2015.09.22-02.25.00:981][266]LogWorld: Bringing World /Game/UEDPIE_0_GOPage.GOPage up for play (max tick rate 0) at 2015.09.22-12.25.00
[2015.09.22-02.25.00:982][266]LogWorld: Bringing up level for play took: 0.001012
[2015.09.22-02.25.00:982][266]LogGameMode: Warning - PATHS NOT DEFINED or NO PLAYERSTART with positive rating
[2015.09.22-02.25.00:984][266]LogArray:Warning: Attempted to get an item from array CallFunc_GetAllWidgetsOfClass_FoundWidgets out of bounds [5/4]!
[2015.09.22-02.25.03:018][484]LogPackageName: SearchForPackageOnDisk took   0.047s to resolve MuseumHeist.umap
[2015.09.22-02.25.03:066][484]LogPackageName: SearchForPackageOnDisk took   0.046s to resolve MuseumHeist.umap
[2015.09.22-02.25.03:066][484]LogNet: Browse: /Game/MainPage
[2015.09.22-02.25.03:066][484]LogNet:Warning: Travel Failure: [InvalidURL]: Invalid URL: /Game/MainPage
[2015.09.22-02.25.03:066][484]LogNet: TravelFailure: InvalidURL, Reason for Failure: 'Invalid URL: /Game/MainPage'
[2015.09.22-02.25.03:066][484]LogNet:Warning: Travel Failure: [ClientTravelFailure]: Invalid URL: /Game/MainPage
[2015.09.22-02.25.03:066][484]LogNet: TravelFailure: ClientTravelFailure, Reason for Failure: 'Invalid URL: /Game/MainPage'
[2015.09.22-02.25.03:075][485]LogNet: Browse: /Game/MainPage?closed
[2015.09.22-02.25.03:075][485]LogNet: Failed; returning to Entry
[2015.09.22-02.25.03:075][485]LogLoad: LoadMap: /Game/MainPage?closed
[2015.09.22-02.25.03:098][485]LogParticles: Destroying 0 GPU particle simulations for FXSystem 0x000000F0277E59E0
[2015.09.22-02.25.03:098][485]Cmd: MEM
[2015.09.22-02.25.03:116][485]LogMemory: Platform Memory Stats for Windows
[2015.09.22-02.25.03:116][485]LogMemory: Process Physical Memory: 819.77 MB used, 860.15 MB peak
[2015.09.22-02.25.03:116][485]LogMemory: Process Virtual Memory: 1596.05 MB used, 1673.79 MB peak
[2015.09.22-02.25.03:116][485]LogMemory: Physical Memory: 5373.45 MB used, 32686.14 MB total
[2015.09.22-02.25.03:116][485]LogMemory: Virtual Memory: 2170.99 MB used, 134217728.00 MB total
[2015.09.22-02.25.03:116][485]LogMemory: 
[2015.09.22-02.25.03:116][485]Allocator Stats for TBB: (not implemented)
[2015.09.22-02.25.03:288][485]LogLinker:Warning: Asset '../../../Engine/Content/EngineMeshes/Humanoid.uasset' has been saved with empty engine version. The asset will be loaded but may be incompatible.
[2015.09.22-02.25.03:382][485]LogWorld: Game class is 'FirstPersonGameMode_C'
[2015.09.22-02.25.03:383][485]LogAIModule: Creating AISystem for world MainPage
[2015.09.22-02.25.03:384][485]LogWorld: Bringing World /Game/UEDPIE_0_MainPage.MainPage up for play (max tick rate 0) at 2015.09.22-12.25.03
[2015.09.22-02.25.03:385][485]LogWorld: Bringing up level for play took: 0.000928
[2015.09.22-02.25.03:385][485]LogGameMode: Warning - PATHS NOT DEFINED or NO PLAYERSTART with positive rating
[2015.09.22-02.25.04:358][577]LogPackageName: SearchForPackageOnDisk took   0.047s to resolve GameStart.umap
[2015.09.22-02.25.04:406][577]LogPackageName: SearchForPackageOnDisk took   0.046s to resolve GameStart.umap
[2015.09.22-02.25.04:406][577]LogNet: Browse: /Game/GameStart
[2015.09.22-02.25.04:406][577]LogLoad: LoadMap: /Game/GameStart
[2015.09.22-02.25.04:420][577]LogParticles: Destroying 0 GPU particle simulations for FXSystem 0x000000F01298BBA0
[2015.09.22-02.25.04:426][577]Cmd: MEM
[2015.09.22-02.25.04:444][577]LogMemory: Platform Memory Stats for Windows
[2015.09.22-02.25.04:444][577]LogMemory: Process Physical Memory: 819.93 MB used, 860.15 MB peak
[2015.09.22-02.25.04:444][577]LogMemory: Process Virtual Memory: 1596.18 MB used, 1673.79 MB peak
[2015.09.22-02.25.04:444][577]LogMemory: Physical Memory: 5374.13 MB used, 32686.14 MB total
[2015.09.22-02.25.04:444][577]LogMemory: Virtual Memory: 2170.99 MB used, 134217728.00 MB total
[2015.09.22-02.25.04:444][577]LogMemory: 
[2015.09.22-02.25.04:444][577]Allocator Stats for TBB: (not implemented)
[2015.09.22-02.25.04:501][577]LogLinker:Warning: Asset '../../../Engine/Content/EngineMeshes/Humanoid.uasset' has been saved with empty engine version. The asset will be loaded but may be incompatible.
[2015.09.22-02.25.04:595][577]LogWorld: Game class is 'FirstPersonGameMode_C'
[2015.09.22-02.25.04:598][577]LogAIModule: Creating AISystem for world GameStart
[2015.09.22-02.25.04:599][577]LogWorld: Bringing World /Game/UEDPIE_0_GameStart.GameStart up for play (max tick rate 0) at 2015.09.22-12.25.04
[2015.09.22-02.25.04:599][577]LogWorld: Bringing up level for play took: 0.000947
[2015.09.22-02.25.04:600][577]LogGameMode: Warning - PATHS NOT DEFINED or NO PLAYERSTART with positive rating
[2015.09.22-02.25.05:447][656]LogPackageName: SearchForPackageOnDisk took   0.047s to resolve MuseumLevel.umap
[2015.09.22-02.25.05:494][656]LogPackageName: SearchForPackageOnDisk took   0.046s to resolve MuseumLevel.umap
[2015.09.22-02.25.05:494][656]LogNet: Browse: /Game/MuseumLevel
[2015.09.22-02.25.05:494][656]LogLoad: LoadMap: /Game/MuseumLevel
[2015.09.22-02.25.05:515][656]LogParticles: Destroying 0 GPU particle simulations for FXSystem 0x000000F01194C2C0
[2015.09.22-02.25.05:515][656]Cmd: MEM
[2015.09.22-02.25.05:534][656]LogMemory: Platform Memory Stats for Windows
[2015.09.22-02.25.05:534][656]LogMemory: Process Physical Memory: 821.61 MB used, 860.15 MB peak
[2015.09.22-02.25.05:534][656]LogMemory: Process Virtual Memory: 1596.67 MB used, 1673.79 MB peak
[2015.09.22-02.25.05:534][656]LogMemory: Physical Memory: 5376.59 MB used, 32686.14 MB total
[2015.09.22-02.25.05:534][656]LogMemory: Virtual Memory: 2170.99 MB used, 134217728.00 MB total
[2015.09.22-02.25.05:534][656]LogMemory: 
[2015.09.22-02.25.05:534][656]Allocator Stats for TBB: (not implemented)
[2015.09.22-02.25.05:663][656]LogBlueprint:Warning: FMemberReference::ResolveMember (K2_GetActorLocation) bSelfContext == true, but no scope supplied!
[2015.09.22-02.25.05:663][656]LogBlueprint:Warning: FMemberReference::ResolveMember (K2_GetActorLocation) bSelfContext == true, but no scope supplied!
[2015.09.22-02.25.05:663][656]LogBlueprint:Warning: FMemberReference::ResolveMember (K2_GetActorLocation) bSelfContext == true, but no scope supplied!
[2015.09.22-02.25.05:663][656]LogBlueprint:Warning: FMemberReference::ResolveMember (K2_GetActorLocation) bSelfContext == true, but no scope supplied!
[2015.09.22-02.25.05:663][656]LogBlueprint:Warning: FMemberReference::ResolveMember (K2_GetActorLocation) bSelfContext == true, but no scope supplied!
[2015.09.22-02.25.05:663][656]LogBlueprint:Warning: FMemberReference::ResolveMember (K2_GetActorLocation) bSelfContext == true, but no scope supplied!
[2015.09.22-02.25.05:663][656]LogBlueprint:Warning: FMemberReference::ResolveMember (K2_GetActorLocation) bSelfContext == true, but no scope supplied!
[2015.09.22-02.25.05:663][656]LogBlueprint:Warning: FMemberReference::ResolveMember (K2_GetActorLocation) bSelfContext == true, but no scope supplied!
[2015.09.22-02.25.05:665][656]LogBlueprint:Warning: FMemberReference::ResolveMember (K2_GetActorLocation) bSelfContext == true, but no scope supplied!
[2015.09.22-02.25.05:665][656]LogBlueprint:Warning: FMemberReference::ResolveMember (K2_GetActorLocation) bSelfContext == true, but no scope supplied!
[2015.09.22-02.25.05:665][656]LogBlueprint:Warning: FMemberReference::ResolveMember (K2_GetActorLocation) bSelfContext == true, but no scope supplied!
[2015.09.22-02.25.05:665][656]LogBlueprint:Warning: FMemberReference::ResolveMember (K2_GetActorLocation) bSelfContext == true, but no scope supplied!
[2015.09.22-02.25.05:666][656]LogBlueprint:Warning: FMemberReference::ResolveMember (K2_GetActorLocation) bSelfContext == true, but no scope supplied!
[2015.09.22-02.25.05:666][656]LogBlueprint:Warning: FMemberReference::ResolveMember (K2_GetActorLocation) bSelfContext == true, but no scope supplied!
[2015.09.22-02.25.05:666][656]LogBlueprint:Warning: FMemberReference::ResolveMember (K2_GetActorLocation) bSelfContext == true, but no scope supplied!
[2015.09.22-02.25.05:666][656]LogBlueprint:Warning: FMemberReference::ResolveMember (K2_GetActorLocation) bSelfContext == true, but no scope supplied!
[2015.09.22-02.25.05:667][656]LogBlueprint:Warning: FMemberReference::ResolveMember (K2_GetActorLocation) bSelfContext == true, but no scope supplied!
[2015.09.22-02.25.05:667][656]LogBlueprint:Warning: FMemberReference::ResolveMember (K2_GetActorLocation) bSelfContext == true, but no scope supplied!
[2015.09.22-02.25.05:667][656]LogBlueprint:Warning: FMemberReference::ResolveMember (K2_GetActorLocation) bSelfContext == true, but no scope supplied!
[2015.09.22-02.25.05:667][656]LogBlueprint:Warning: FMemberReference::ResolveMember (K2_GetActorLocation) bSelfContext == true, but no scope supplied!
[2015.09.22-02.25.05:667][656]LogBlueprint:Warning: FMemberReference::ResolveMember (K2_GetActorLocation) bSelfContext == true, but no scope supplied!
[2015.09.22-02.25.05:667][656]LogBlueprint:Warning: FMemberReference::ResolveMember (K2_GetActorLocation) bSelfContext == true, but no scope supplied!
[2015.09.22-02.25.05:668][656]LogBlueprint:Warning: FMemberReference::ResolveMember (K2_GetActorLocation) bSelfContext == true, but no scope supplied!
[2015.09.22-02.25.05:668][656]LogBlueprint:Warning: FMemberReference::ResolveMember (K2_GetActorLocation) bSelfContext == true, but no scope supplied!
[2015.09.22-02.25.05:668][656]LogBlueprint:Warning: FMemberReference::ResolveMember (K2_GetActorLocation) bSelfContext == true, but no scope supplied!
[2015.09.22-02.25.05:668][656]LogBlueprint:Warning: FMemberReference::ResolveMember (K2_GetActorLocation) bSelfContext == true, but no scope supplied!
[2015.09.22-02.25.05:669][656]LogBlueprint:Warning: FMemberReference::ResolveMember (K2_GetActorLocation) bSelfContext == true, but no scope supplied!
[2015.09.22-02.25.05:669][656]LogBlueprint:Warning: FMemberReference::ResolveMember (K2_GetActorLocation) bSelfContext == true, but no scope supplied!
[2015.09.22-02.25.05:670][656]LogBlueprint:Warning: FMemberReference::ResolveMember (K2_GetActorLocation) bSelfContext == true, but no scope supplied!
[2015.09.22-02.25.05:670][656]LogBlueprint:Warning: FMemberReference::ResolveMember (K2_GetActorLocation) bSelfContext == true, but no scope supplied!
[2015.09.22-02.25.05:670][656]LogBlueprint:Warning: FMemberReference::ResolveMember (K2_GetActorLocation) bSelfContext == true, but no scope supplied!
[2015.09.22-02.25.05:670][656]LogBlueprint:Warning: FMemberReference::ResolveMember (K2_GetActorLocation) bSelfContext == true, but no scope supplied!
[2015.09.22-02.25.05:670][656]LogBlueprint:Warning: FMemberReference::ResolveMember (K2_GetActorLocation) bSelfContext == true, but no scope supplied!
[2015.09.22-02.25.05:670][656]LogBlueprint:Warning: FMemberReference::ResolveMember (K2_GetActorLocation) bSelfContext == true, but no scope supplied!
[2015.09.22-02.25.05:671][656]LogBlueprint:Warning: FMemberReference::ResolveMember (K2_GetActorLocation) bSelfContext == true, but no scope supplied!
[2015.09.22-02.25.05:671][656]LogBlueprint:Warning: FMemberReference::ResolveMember (K2_GetActorLocation) bSelfContext == true, but no scope supplied!
[2015.09.22-02.25.05:671][656]LogBlueprint:Warning: FMemberReference::ResolveMember (K2_GetActorLocation) bSelfContext == true, but no scope supplied!
[2015.09.22-02.25.05:671][656]LogBlueprint:Warning: FMemberReference::ResolveMember (K2_GetActorLocation) bSelfContext == true, but no scope supplied!
[2015.09.22-02.25.05:672][656]LogBlueprint:Warning: FMemberReference::ResolveMember (K2_GetActorLocation) bSelfContext == true, but no scope supplied!
[2015.09.22-02.25.05:672][656]LogBlueprint:Warning: FMemberReference::ResolveMember (K2_GetActorLocation) bSelfContext == true, but no scope supplied!
[2015.09.22-02.25.05:672][656]LogBlueprint:Warning: FMemberReference::ResolveMember (K2_GetActorLocation) bSelfContext == true, but no scope supplied!
[2015.09.22-02.25.05:672][656]LogBlueprint:Warning: FMemberReference::ResolveMember (K2_GetActorLocation) bSelfContext == true, but no scope supplied!
[2015.09.22-02.25.05:672][656]LogBlueprint:Warning: FMemberReference::ResolveMember (K2_GetActorLocation) bSelfContext == true, but no scope supplied!
[2015.09.22-02.25.05:672][656]LogBlueprint:Warning: FMemberReference::ResolveMember (K2_GetActorLocation) bSelfContext == true, but no scope supplied!
[2015.09.22-02.25.05:673][656]LogBlueprint:Warning: FMemberReference::ResolveMember (K2_GetActorLocation) bSelfContext == true, but no scope supplied!
[2015.09.22-02.25.05:673][656]LogBlueprint:Warning: FMemberReference::ResolveMember (K2_GetActorLocation) bSelfContext == true, but no scope supplied!
[2015.09.22-02.25.05:673][656]LogBlueprint:Warning: FMemberReference::ResolveMember (K2_GetActorLocation) bSelfContext == true, but no scope supplied!
[2015.09.22-02.25.05:673][656]LogBlueprint:Warning: FMemberReference::ResolveMember (K2_GetActorLocation) bSelfContext == true, but no scope supplied!
[2015.09.22-02.25.05:674][656]LogBlueprint:Warning: FMemberReference::ResolveMember (K2_GetActorLocation) bSelfContext == true, but no scope supplied!
[2015.09.22-02.25.05:674][656]LogBlueprint:Warning: FMemberReference::ResolveMember (K2_GetActorLocation) bSelfContext == true, but no scope supplied!
[2015.09.22-02.25.05:675][656]LogBlueprint:Warning: FMemberReference::ResolveMember (K2_GetActorLocation) bSelfContext == true, but no scope supplied!
[2015.09.22-02.25.05:675][656]LogBlueprint:Warning: FMemberReference::ResolveMember (K2_GetActorLocation) bSelfContext == true, but no scope supplied!
[2015.09.22-02.25.05:675][656]LogBlueprint:Warning: FMemberReference::ResolveMember (K2_GetActorLocation) bSelfContext == true, but no scope supplied!
[2015.09.22-02.25.05:675][656]LogBlueprint:Warning: FMemberReference::ResolveMember (K2_GetActorLocation) bSelfContext == true, but no scope supplied!
[2015.09.22-02.25.05:675][656]LogBlueprint:Warning: FMemberReference::ResolveMember (K2_GetActorLocation) bSelfContext == true, but no scope supplied!
[2015.09.22-02.25.05:675][656]LogBlueprint:Warning: FMemberReference::ResolveMember (K2_GetActorLocation) bSelfContext == true, but no scope supplied!
[2015.09.22-02.25.05:676][656]LogBlueprint:Warning: FMemberReference::ResolveMember (K2_GetActorLocation) bSelfContext == true, but no scope supplied!
[2015.09.22-02.25.05:676][656]LogBlueprint:Warning: FMemberReference::ResolveMember (K2_GetActorLocation) bSelfContext == true, but no scope supplied!
[2015.09.22-02.25.05:676][656]LogBlueprint:Warning: FMemberReference::ResolveMember (K2_GetActorLocation) bSelfContext == true, but no scope supplied!
[2015.09.22-02.25.05:676][656]LogBlueprint:Warning: FMemberReference::ResolveMember (K2_GetActorLocation) bSelfContext == true, but no scope supplied!
[2015.09.22-02.25.05:677][656]LogBlueprint:Warning: FMemberReference::ResolveMember (K2_GetActorLocation) bSelfContext == true, but no scope supplied!
[2015.09.22-02.25.05:677][656]LogBlueprint:Warning: FMemberReference::ResolveMember (K2_GetActorLocation) bSelfContext == true, but no scope supplied!
[2015.09.22-02.25.05:677][656]LogBlueprint:Warning: FMemberReference::ResolveMember (K2_GetActorLocation) bSelfContext == true, but no scope supplied!
[2015.09.22-02.25.05:677][656]LogBlueprint:Warning: FMemberReference::ResolveMember (K2_GetActorLocation) bSelfContext == true, but no scope supplied!
[2015.09.22-02.25.05:678][656]LogBlueprint:Warning: FMemberReference::ResolveMember (K2_GetActorLocation) bSelfContext == true, but no scope supplied!
[2015.09.22-02.25.05:678][656]LogBlueprint:Warning: FMemberReference::ResolveMember (K2_GetActorLocation) bSelfContext == true, but no scope supplied!
[2015.09.22-02.25.05:678][656]LogBlueprint:Warning: FMemberReference::ResolveMember (K2_GetActorLocation) bSelfContext == true, but no scope supplied!
[2015.09.22-02.25.05:678][656]LogBlueprint:Warning: FMemberReference::ResolveMember (K2_GetActorLocation) bSelfContext == true, but no scope supplied!
[2015.09.22-02.25.05:679][656]LogBlueprint:Warning: FMemberReference::ResolveMember (K2_GetActorLocation) bSelfContext == true, but no scope supplied!
[2015.09.22-02.25.05:679][656]LogBlueprint:Warning: FMemberReference::ResolveMember (K2_GetActorLocation) bSelfContext == true, but no scope supplied!
[2015.09.22-02.25.05:679][656]LogBlueprint:Warning: FMemberReference::ResolveMember (K2_GetActorLocation) bSelfContext == true, but no scope supplied!
[2015.09.22-02.25.05:679][656]LogBlueprint:Warning: FMemberReference::ResolveMember (K2_GetActorLocation) bSelfContext == true, but no scope supplied!
[2015.09.22-02.25.05:680][656]LogBlueprint:Warning: FMemberReference::ResolveMember (K2_GetActorLocation) bSelfContext == true, but no scope supplied!
[2015.09.22-02.25.05:680][656]LogBlueprint:Warning: FMemberReference::ResolveMember (K2_GetActorLocation) bSelfContext == true, but no scope supplied!
[2015.09.22-02.25.05:680][656]LogBlueprint:Warning: FMemberReference::ResolveMember (K2_GetActorLocation) bSelfContext == true, but no scope supplied!
[2015.09.22-02.25.05:680][656]LogBlueprint:Warning: FMemberReference::ResolveMember (K2_GetActorLocation) bSelfContext == true, but no scope supplied!
[2015.09.22-02.25.05:681][656]LogBlueprint:Warning: FMemberReference::ResolveMember (K2_GetActorLocation) bSelfContext == true, but no scope supplied!
[2015.09.22-02.25.05:681][656]LogBlueprint:Warning: FMemberReference::ResolveMember (K2_GetActorLocation) bSelfContext == true, but no scope supplied!
[2015.09.22-02.25.05:681][656]LogBlueprint:Warning: FMemberReference::ResolveMember (K2_GetActorLocation) bSelfContext == true, but no scope supplied!
[2015.09.22-02.25.05:681][656]LogBlueprint:Warning: FMemberReference::ResolveMember (K2_GetActorLocation) bSelfContext == true, but no scope supplied!
[2015.09.22-02.25.05:681][656]LogBlueprint:Warning: FMemberReference::ResolveMember (K2_GetActorLocation) bSelfContext == true, but no scope supplied!
[2015.09.22-02.25.05:681][656]LogBlueprint:Warning: FMemberReference::ResolveMember (K2_GetActorLocation) bSelfContext == true, but no scope supplied!
[2015.09.22-02.25.05:682][656]LogBlueprint:Warning: FMemberReference::ResolveMember (K2_GetActorLocation) bSelfContext == true, but no scope supplied!
[2015.09.22-02.25.05:682][656]LogBlueprint:Warning: FMemberReference::ResolveMember (K2_GetActorLocation) bSelfContext == true, but no scope supplied!
[2015.09.22-02.25.05:682][656]LogBlueprint:Warning: FMemberReference::ResolveMember (K2_GetActorLocation) bSelfContext == true, but no scope supplied!
[2015.09.22-02.25.05:682][656]LogBlueprint:Warning: FMemberReference::ResolveMember (K2_GetActorLocation) bSelfContext == true, but no scope supplied!
[2015.09.22-02.25.05:683][656]LogBlueprint:Warning: FMemberReference::ResolveMember (K2_GetActorLocation) bSelfContext == true, but no scope supplied!
[2015.09.22-02.25.05:683][656]LogBlueprint:Warning: FMemberReference::ResolveMember (K2_GetActorLocation) bSelfContext == true, but no scope supplied!
[2015.09.22-02.25.05:683][656]LogBlueprint:Warning: FMemberReference::ResolveMember (K2_GetActorLocation) bSelfContext == true, but no scope supplied!
[2015.09.22-02.25.05:683][656]LogBlueprint:Warning: FMemberReference::ResolveMember (K2_GetActorLocation) bSelfContext == true, but no scope supplied!
[2015.09.22-02.25.05:684][656]LogBlueprint:Warning: FMemberReference::ResolveMember (K2_GetActorLocation) bSelfContext == true, but no scope supplied!
[2015.09.22-02.25.05:684][656]LogBlueprint:Warning: FMemberReference::ResolveMember (K2_GetActorLocation) bSelfContext == true, but no scope supplied!
[2015.09.22-02.25.05:687][656]LogBlueprint:Warning: FMemberReference::ResolveMember (CustomEvent_0) bSelfContext == true, but no scope supplied!
[2015.09.22-02.25.05:687][656]LogBlueprint:Warning: FMemberReference::ResolveMember (CustomEvent_0) bSelfContext == true, but no scope supplied!
[2015.09.22-02.25.05:687][656]LogBlueprint:Warning: FMemberReference::ResolveMember (CustomEvent_1) bSelfContext == true, but no scope supplied!
[2015.09.22-02.25.05:687][656]LogBlueprint:Warning: FMemberReference::ResolveMember (CustomEvent_1) bSelfContext == true, but no scope supplied!
[2015.09.22-02.25.05:689][656]LogBlueprint:Warning: FMemberReference::ResolveMember (CustomEvent_2) bSelfContext == true, but no scope supplied!
[2015.09.22-02.25.05:689][656]LogBlueprint:Warning: FMemberReference::ResolveMember (CustomEvent_2) bSelfContext == true, but no scope supplied!
[2015.09.22-02.25.05:689][656]LogBlueprint:Warning: FMemberReference::ResolveMember (CustomEvent_3) bSelfContext == true, but no scope supplied!
[2015.09.22-02.25.05:689][656]LogBlueprint:Warning: FMemberReference::ResolveMember (CustomEvent_3) bSelfContext == true, but no scope supplied!
[2015.09.22-02.25.05:689][656]LogBlueprint:Warning: FMemberReference::ResolveMember (CustomEvent_4) bSelfContext == true, but no scope supplied!
[2015.09.22-02.25.05:689][656]LogBlueprint:Warning: FMemberReference::ResolveMember (CustomEvent_4) bSelfContext == true, but no scope supplied!
[2015.09.22-02.25.05:689][656]LogBlueprint:Warning: FMemberReference::ResolveMember (CustomEvent_5) bSelfContext == true, but no scope supplied!
[2015.09.22-02.25.05:689][656]LogBlueprint:Warning: FMemberReference::ResolveMember (CustomEvent_5) bSelfContext == true, but no scope supplied!
[2015.09.22-02.25.05:689][656]LogBlueprint:Warning: FMemberReference::ResolveMember (CustomEvent_6) bSelfContext == true, but no scope supplied!
[2015.09.22-02.25.05:689][656]LogBlueprint:Warning: FMemberReference::ResolveMember (CustomEvent_6) bSelfContext == true, but no scope supplied!
[2015.09.22-02.25.05:689][656]LogBlueprint:Warning: FMemberReference::ResolveMember (CustomEvent_7) bSelfContext == true, but no scope supplied!
[2015.09.22-02.25.05:689][656]LogBlueprint:Warning: FMemberReference::ResolveMember (CustomEvent_7) bSelfContext == true, but no scope supplied!
[2015.09.22-02.25.05:689][656]LogBlueprint:Warning: FMemberReference::ResolveMember (CustomEvent_8) bSelfContext == true, but no scope supplied!
[2015.09.22-02.25.05:689][656]LogBlueprint:Warning: FMemberReference::ResolveMember (CustomEvent_8) bSelfContext == true, but no scope supplied!
[2015.09.22-02.25.05:690][656]LogBlueprint:Warning: FMemberReference::ResolveMember (CustomEvent_9) bSelfContext == true, but no scope supplied!
[2015.09.22-02.25.05:690][656]LogBlueprint:Warning: FMemberReference::ResolveMember (CustomEvent_9) bSelfContext == true, but no scope supplied!
[2015.09.22-02.25.05:690][656]LogBlueprint:Warning: FMemberReference::ResolveMember (CustomEvent_10) bSelfContext == true, but no scope supplied!
[2015.09.22-02.25.05:690][656]LogBlueprint:Warning: FMemberReference::ResolveMember (CustomEvent_10) bSelfContext == true, but no scope supplied!
[2015.09.22-02.25.05:690][656]LogBlueprint:Warning: FMemberReference::ResolveMember (CustomEvent_11) bSelfContext == true, but no scope supplied!
[2015.09.22-02.25.05:690][656]LogBlueprint:Warning: FMemberReference::ResolveMember (CustomEvent_11) bSelfContext == true, but no scope supplied!
[2015.09.22-02.25.05:690][656]LogBlueprint:Warning: FMemberReference::ResolveMember (CustomEvent_12) bSelfContext == true, but no scope supplied!
[2015.09.22-02.25.05:690][656]LogBlueprint:Warning: FMemberReference::ResolveMember (CustomEvent_12) bSelfContext == true, but no scope supplied!
[2015.09.22-02.25.05:690][656]LogBlueprint:Warning: FMemberReference::ResolveMember (CustomEvent_13) bSelfContext == true, but no scope supplied!
[2015.09.22-02.25.05:690][656]LogBlueprint:Warning: FMemberReference::ResolveMember (CustomEvent_13) bSelfContext == true, but no scope supplied!
[2015.09.22-02.25.05:692][656]LogBlueprint:Warning: FMemberReference::ResolveMember (K2_GetActorLocation) bSelfContext == true, but no scope supplied!
[2015.09.22-02.25.05:692][656]LogBlueprint:Warning: FMemberReference::ResolveMember (K2_GetActorLocation) bSelfContext == true, but no scope supplied!
[2015.09.22-02.25.05:692][656]LogBlueprint:Warning: FMemberReference::ResolveMember (K2_GetActorLocation) bSelfContext == true, but no scope supplied!
[2015.09.22-02.25.05:692][656]LogBlueprint:Warning: FMemberReference::ResolveMember (K2_GetActorLocation) bSelfContext == true, but no scope supplied!
[2015.09.22-02.25.05:693][656]LogBlueprint:Warning: FMemberReference::ResolveMember (K2_GetActorLocation) bSelfContext == true, but no scope supplied!
[2015.09.22-02.25.05:693][656]LogBlueprint:Warning: FMemberReference::ResolveMember (K2_GetActorLocation) bSelfContext == true, but no scope supplied!
[2015.09.22-02.25.05:693][656]LogBlueprint:Warning: FMemberReference::ResolveMember (K2_GetActorLocation) bSelfContext == true, but no scope supplied!
[2015.09.22-02.25.05:693][656]LogBlueprint:Warning: FMemberReference::ResolveMember (K2_GetActorLocation) bSelfContext == true, but no scope supplied!
[2015.09.22-02.25.05:694][656]LogBlueprint:Warning: FMemberReference::ResolveMember (CustomEvent_7_Copy) bSelfContext == true, but no scope supplied!
[2015.09.22-02.25.05:694][656]LogBlueprint:Warning: FMemberReference::ResolveMember (CustomEvent_7_Copy) bSelfContext == true, but no scope supplied!
[2015.09.22-02.25.05:694][656]LogBlueprint:Warning: FMemberReference::ResolveMember (K2_GetActorLocation) bSelfContext == true, but no scope supplied!
[2015.09.22-02.25.05:694][656]LogBlueprint:Warning: FMemberReference::ResolveMember (K2_GetActorLocation) bSelfContext == true, but no scope supplied!
[2015.09.22-02.25.05:695][656]LogBlueprint:Warning: FMemberReference::ResolveMember (K2_GetActorLocation) bSelfContext == true, but no scope supplied!
[2015.09.22-02.25.05:695][656]LogBlueprint:Warning: FMemberReference::ResolveMember (K2_GetActorLocation) bSelfContext == true, but no scope supplied!
[2015.09.22-02.25.05:695][656]LogBlueprint:Warning: FMemberReference::ResolveMember (K2_GetActorLocation) bSelfContext == true, but no scope supplied!
[2015.09.22-02.25.05:695][656]LogBlueprint:Warning: FMemberReference::ResolveMember (K2_GetActorLocation) bSelfContext == true, but no scope supplied!
[2015.09.22-02.25.05:696][656]LogBlueprint:Warning: FMemberReference::ResolveMember (K2_GetActorLocation) bSelfContext == true, but no scope supplied!
[2015.09.22-02.25.05:696][656]LogBlueprint:Warning: FMemberReference::ResolveMember (K2_GetActorLocation) bSelfContext == true, but no scope supplied!
[2015.09.22-02.25.05:696][656]LogBlueprint:Warning: FMemberReference::ResolveMember (CustomEvent_14) bSelfContext == true, but no scope supplied!
[2015.09.22-02.25.05:696][656]LogBlueprint:Warning: FMemberReference::ResolveMember (CustomEvent_14) bSelfContext == true, but no scope supplied!
[2015.09.22-02.25.05:699][656]LogBlueprint:Warning: FMemberReference::ResolveMember (K2_GetActorLocation) bSelfContext == true, but no scope supplied!
[2015.09.22-02.25.05:699][656]LogBlueprint:Warning: FMemberReference::ResolveMember (K2_GetActorLocation) bSelfContext == true, but no scope supplied!
[2015.09.22-02.25.05:699][656]LogBlueprint:Warning: FMemberReference::ResolveMember (K2_GetActorLocation) bSelfContext == true, but no scope supplied!
[2015.09.22-02.25.05:699][656]LogBlueprint:Warning: FMemberReference::ResolveMember (K2_GetActorLocation) bSelfContext == true, but no scope supplied!
[2015.09.22-02.25.05:700][656]LogBlueprint:Warning: FMemberReference::ResolveMember (K2_GetActorLocation) bSelfContext == true, but no scope supplied!
[2015.09.22-02.25.05:700][656]LogBlueprint:Warning: FMemberReference::ResolveMember (K2_GetActorLocation) bSelfContext == true, but no scope supplied!
[2015.09.22-02.25.05:700][656]LogBlueprint:Warning: FMemberReference::ResolveMember (K2_GetActorLocation) bSelfContext == true, but no scope supplied!
[2015.09.22-02.25.05:700][656]LogBlueprint:Warning: FMemberReference::ResolveMember (K2_GetActorLocation) bSelfContext == true, but no scope supplied!
[2015.09.22-02.25.05:701][656]LogBlueprint:Warning: FMemberReference::ResolveMember (K2_GetActorLocation) bSelfContext == true, but no scope supplied!
[2015.09.22-02.25.05:701][656]LogBlueprint:Warning: FMemberReference::ResolveMember (K2_GetActorLocation) bSelfContext == true, but no scope supplied!
[2015.09.22-02.25.05:701][656]LogBlueprint:Warning: FMemberReference::ResolveMember (K2_GetActorLocation) bSelfContext == true, but no scope supplied!
[2015.09.22-02.25.05:701][656]LogBlueprint:Warning: FMemberReference::ResolveMember (K2_GetActorLocation) bSelfContext == true, but no scope supplied!
[2015.09.22-02.25.05:701][656]LogBlueprint:Warning: FMemberReference::ResolveMember (CustomEvent_15) bSelfContext == true, but no scope supplied!
[2015.09.22-02.25.05:701][656]LogBlueprint:Warning: FMemberReference::ResolveMember (CustomEvent_15) bSelfContext == true, but no scope supplied!
[2015.09.22-02.25.05:701][656]LogBlueprint:Warning: FMemberReference::ResolveMember (CustomEvent_16) bSelfContext == true, but no scope supplied!
[2015.09.22-02.25.05:701][656]LogBlueprint:Warning: FMemberReference::ResolveMember (CustomEvent_16) bSelfContext == true, but no scope supplied!
[2015.09.22-02.25.05:702][656]LogBlueprint:Warning: FMemberReference::ResolveMember (CustomEvent_17) bSelfContext == true, but no scope supplied!
[2015.09.22-02.25.05:702][656]LogBlueprint:Warning: FMemberReference::ResolveMember (CustomEvent_17) bSelfContext == true, but no scope supplied!
[2015.09.22-02.25.05:739][656]LogPlayLevel: PIE: StaticDuplicateObject took: (0.205381s)
[2015.09.22-02.25.05:740][656]LogPlayLevel: PIE: World Init took: (0.000545s)
[2015.09.22-02.25.05:740][656]LogPlayLevel: PIE: Created PIE world by copying editor world from /Game/MuseumLevel.MuseumLevel to /Game/UEDPIE_0_MuseumLevel.MuseumLevel (0.206142s)
[2015.09.22-02.25.05:740][656]LogWorld: Game class is 'FirstPersonGameMode_C'
[2015.09.22-02.25.05:742][656]LogAIModule: Creating AISystem for world MuseumLevel
[2015.09.22-02.25.05:787][656]LogWorld:Warning: *** WARNING - PATHS MAY NOT BE VALID ***
[2015.09.22-02.25.05:787][656]LogWorld: Bringing World /Game/UEDPIE_0_MuseumLevel.MuseumLevel up for play (max tick rate 0) at 2015.09.22-12.25.05
[2015.09.22-02.25.05:796][656]LogWorld: Bringing up level for play took: 0.054324
[2015.09.22-02.25.09:888][ 41]LogParticles: Destroying 0 GPU particle simulations for FXSystem 0x000000F01BC12200
[2015.09.22-02.25.37:814][110]BlueprintLog: New page: Compile PauseMenu
[2015.09.22-02.25.37:881][110]BlueprintEditorCompileResults: Info [0731.94] Compile of PauseMenu successful! [in 67 ms]
[2015.09.22-02.25.38:635][194]Cmd: OBJ SAVEPACKAGE PACKAGE="/Game/PauseMenu" FILE="C:/Users/n8604291/Desktop/StealthEscape/Content/PauseMenu.uasset" SILENT=true
[2015.09.22-02.25.38:685][194]LogSavePackage: Save=40.540733ms
[2015.09.22-02.25.38:685][194]LogSavePackage: Moving 'C:/Users/n8604291/Desktop/StealthEscape/Saved/PauseMenu6D9F2491450ACEB5D9197184CBFC4E2C.tmp' to 'C:/Users/n8604291/Desktop/StealthEscape/Content/PauseMenu.uasset'
[2015.09.22-02.25.43:247][634]Cmd: MAP LOAD FILE="C:/Users/n8604291/Desktop/StealthEscape/Content/GameStart.umap" TEMPLATE=0 SHOWPROGRESS=1 FEATURELEVEL=3
[2015.09.22-02.25.43:247][634]LightingResults: New page: Lighting Build
[2015.09.22-02.25.43:297][634]LoadErrors: New page: Loading map: GameStart.umap
[2015.09.22-02.25.43:402][634]MapCheck: New page: Map Check
[2015.09.22-02.25.43:402][634]LightingResults: New page: Lighting Build
[2015.09.22-02.25.43:417][634]LogParticles: Destroying 0 GPU particle simulations for FXSystem 0x000000F0286D54E0
[2015.09.22-02.25.43:465][634]LogEditorServer: Finished looking for orphan Actors (0.000 secs)
[2015.09.22-02.25.43:466][634]LogAIModule: Creating AISystem for world GameStart
[2015.09.22-02.25.43:487][634]Cmd: MAP CHECKDEP
[2015.09.22-02.25.43:488][634]MapCheck: New page: GameStart - 22 Sep 2015 10:25:43 pm
[2015.09.22-02.25.43:575][634]MapCheck: Info Map check complete: 0 Error(s), 0 Warning(s), took 87.159ms to complete.
[2015.09.22-02.25.43:575][634]LogFileHelpers: Loading map 'GameStart' took 0.330
[2015.09.22-02.25.44:903][780]BlueprintLog: New page: Pre-PIE auto-recompile
[2015.09.22-02.25.44:903][780]LogPlayLevel: [PIE] Compiling GameStart before PIE...
[2015.09.22-02.25.44:945][780]LogActorComponent: UnregisterComponent: (/Engine/Transient.CharMoveComp) Not registered. Aborting.
[2015.09.22-02.25.44:945][780]LogActorComponent: UnregisterComponent: (/Engine/Transient.PawnSensingComponent_0) Not registered. Aborting.
[2015.09.22-02.25.44:962][780]LogPlayLevel: PIE:  Blueprint regeneration took 58 ms (1 blueprints)
[2015.09.22-02.25.44:962][780]PIE: New page: PIE session: GameStart (22 Sep 2015 10:25:44 pm)
[2015.09.22-02.25.44:969][780]LogPlayLevel: PIE: StaticDuplicateObject took: (0.006252s)
[2015.09.22-02.25.44:969][780]LogPlayLevel: PIE: World Init took: (0.000499s)
[2015.09.22-02.25.44:969][780]LogPlayLevel: PIE: Created PIE world by copying editor world from /Game/GameStart.GameStart to /Game/UEDPIE_0_GameStart.GameStart (0.006914s)
[2015.09.22-02.25.45:010][780]LogWorld: Game class is 'FirstPersonGameMode_C'
[2015.09.22-02.25.45:012][780]LogAIModule: Creating AISystem for world GameStart
[2015.09.22-02.25.45:012][780]LogWorld: Bringing World /Game/UEDPIE_0_GameStart.GameStart up for play (max tick rate 0) at 2015.09.22-12.25.45
[2015.09.22-02.25.45:013][780]LogWorld: Bringing up level for play took: 0.000826
[2015.09.22-02.25.45:029][780]PIE: Info Play in editor start time for /Game/UEDPIE_0_GameStart 0.833
[2015.09.22-02.25.46:005][886]LogPackageName: SearchForPackageOnDisk took   0.047s to resolve MuseumLevel.umap
[2015.09.22-02.25.46:052][886]LogPackageName: SearchForPackageOnDisk took   0.046s to resolve MuseumLevel.umap
[2015.09.22-02.25.46:052][886]LogNet: Browse: /Game/MuseumLevel
[2015.09.22-02.25.46:052][886]LogLoad: LoadMap: /Game/MuseumLevel
[2015.09.22-02.25.46:073][886]LogParticles: Destroying 0 GPU particle simulations for FXSystem 0x000000F0031DEC00
[2015.09.22-02.25.46:073][886]Cmd: MEM
[2015.09.22-02.25.46:090][886]LogMemory: Platform Memory Stats for Windows
[2015.09.22-02.25.46:090][886]LogMemory: Process Physical Memory: 815.84 MB used, 860.15 MB peak
[2015.09.22-02.25.46:090][886]LogMemory: Process Virtual Memory: 1597.88 MB used, 1673.79 MB peak
[2015.09.22-02.25.46:090][886]LogMemory: Physical Memory: 5334.75 MB used, 32686.14 MB total
[2015.09.22-02.25.46:090][886]LogMemory: Virtual Memory: 2211.53 MB used, 134217728.00 MB total
[2015.09.22-02.25.46:090][886]LogMemory: 
[2015.09.22-02.25.46:090][886]Allocator Stats for TBB: (not implemented)
[2015.09.22-02.25.47:672][886]LogLinker:Warning: Asset '../../../Engine/Content/EngineMeshes/Humanoid.uasset' has been saved with empty engine version. The asset will be loaded but may be incompatible.
[2015.09.22-02.25.47:767][886]LogWorld: Game class is 'FirstPersonGameMode_C'
[2015.09.22-02.25.47:768][886]LogAIModule: Creating AISystem for world MuseumLevel
[2015.09.22-02.25.47:824][886]LogWorld:Warning: *** WARNING - PATHS MAY NOT BE VALID ***
[2015.09.22-02.25.47:824][886]LogWorld: Bringing World /Game/UEDPIE_0_MuseumLevel.MuseumLevel up for play (max tick rate 0) at 2015.09.22-12.25.47
[2015.09.22-02.25.47:835][886]LogWorld: Bringing up level for play took: 0.066505
[2015.09.22-02.25.52:103][334]LogParticles: Destroying 0 GPU particle simulations for FXSystem 0x000000F02B04CFE0
[2015.09.22-02.28.10:320][785]BlueprintLog: New page: Compile PauseMenu
[2015.09.22-02.28.10:388][785]BlueprintEditorCompileResults: Info [0884.45] Compile of PauseMenu successful! [in 68 ms]
[2015.09.22-02.28.12:759][ 67]BlueprintLog: New page: Pre-PIE auto-recompile
[2015.09.22-02.28.12:759][ 67]LogPlayLevel: [PIE] Compiling GameStart before PIE...
[2015.09.22-02.28.12:816][ 67]LogPlayLevel: PIE:  Blueprint regeneration took 57 ms (1 blueprints)
[2015.09.22-02.28.12:817][ 67]PIE: New page: PIE session: GameStart (22 Sep 2015 10:28:12 pm)
[2015.09.22-02.28.12:823][ 67]LogPlayLevel: PIE: StaticDuplicateObject took: (0.006361s)
[2015.09.22-02.28.12:824][ 67]LogPlayLevel: PIE: World Init took: (0.000552s)
[2015.09.22-02.28.12:824][ 67]LogPlayLevel: PIE: Created PIE world by copying editor world from /Game/GameStart.GameStart to /Game/UEDPIE_0_GameStart.GameStart (0.007058s)
[2015.09.22-02.28.12:859][ 67]LogWorld: Game class is 'FirstPersonGameMode_C'
[2015.09.22-02.28.12:860][ 67]LogAIModule: Creating AISystem for world GameStart
[2015.09.22-02.28.12:861][ 67]LogWorld: Bringing World /Game/UEDPIE_0_GameStart.GameStart up for play (max tick rate 0) at 2015.09.22-12.28.12
[2015.09.22-02.28.12:862][ 67]LogWorld: Bringing up level for play took: 0.000823
[2015.09.22-02.28.12:862][ 67]LogGameMode: Warning - PATHS NOT DEFINED or NO PLAYERSTART with positive rating
[2015.09.22-02.28.12:873][ 67]PIE: Info Play in editor start time for /Game/UEDPIE_0_GameStart 0.675
[2015.09.22-02.28.13:905][180]LogPackageName: SearchForPackageOnDisk took   0.048s to resolve MuseumLevel.umap
[2015.09.22-02.28.13:951][180]LogPackageName: SearchForPackageOnDisk took   0.046s to resolve MuseumLevel.umap
[2015.09.22-02.28.13:951][180]LogNet: Browse: /Game/MuseumLevel
[2015.09.22-02.28.13:951][180]LogLoad: LoadMap: /Game/MuseumLevel
[2015.09.22-02.28.13:971][180]LogParticles: Destroying 0 GPU particle simulations for FXSystem 0x000000F012E22700
[2015.09.22-02.28.13:971][180]Cmd: MEM
[2015.09.22-02.28.13:989][180]LogMemory: Platform Memory Stats for Windows
[2015.09.22-02.28.13:989][180]LogMemory: Process Physical Memory: 849.38 MB used, 880.78 MB peak
[2015.09.22-02.28.13:989][180]LogMemory: Process Virtual Memory: 1611.04 MB used, 1673.79 MB peak
[2015.09.22-02.28.13:989][180]LogMemory: Physical Memory: 5365.78 MB used, 32686.14 MB total
[2015.09.22-02.28.13:989][180]LogMemory: Virtual Memory: 2210.88 MB used, 134217728.00 MB total
[2015.09.22-02.28.13:989][180]LogMemory: 
[2015.09.22-02.28.13:989][180]Allocator Stats for TBB: (not implemented)
[2015.09.22-02.28.15:588][180]LogLinker:Warning: Asset '../../../Engine/Content/EngineMeshes/Humanoid.uasset' has been saved with empty engine version. The asset will be loaded but may be incompatible.
[2015.09.22-02.28.15:684][180]LogWorld: Game class is 'FirstPersonGameMode_C'
[2015.09.22-02.28.15:685][180]LogAIModule: Creating AISystem for world MuseumLevel
[2015.09.22-02.28.15:742][180]LogWorld:Warning: *** WARNING - PATHS MAY NOT BE VALID ***
[2015.09.22-02.28.15:742][180]LogWorld: Bringing World /Game/UEDPIE_0_MuseumLevel.MuseumLevel up for play (max tick rate 0) at 2015.09.22-12.28.15
[2015.09.22-02.28.15:753][180]LogWorld: Bringing up level for play took: 0.067316
[2015.09.22-02.28.17:904][413]LogParticles: Destroying 0 GPU particle simulations for FXSystem 0x000000F04E252A20
[2015.09.22-02.28.47:459][939]BlueprintLog: New page: Compile PauseMenu
[2015.09.22-02.28.47:525][939]BlueprintEditorCompileResults: Info [0921.59] Compile of PauseMenu successful! [in 65 ms]
[2015.09.22-02.28.48:351][ 32]Cmd: OBJ SAVEPACKAGE PACKAGE="/Game/PauseMenu" FILE="C:/Users/n8604291/Desktop/StealthEscape/Content/PauseMenu.uasset" SILENT=true
[2015.09.22-02.28.48:401][ 32]LogSavePackage: Save=42.092556ms
[2015.09.22-02.28.48:401][ 32]LogSavePackage: Moving 'C:/Users/n8604291/Desktop/StealthEscape/Saved/PauseMenu16FD6B5B4260B81984135DAADA3395DE.tmp' to 'C:/Users/n8604291/Desktop/StealthEscape/Content/PauseMenu.uasset'
[2015.09.22-02.28.49:799][195]BlueprintLog: New page: Pre-PIE auto-recompile
[2015.09.22-02.28.49:799][195]LogPlayLevel: [PIE] Compiling GameStart before PIE...
[2015.09.22-02.28.49:857][195]LogPlayLevel: PIE:  Blueprint regeneration took 58 ms (1 blueprints)
[2015.09.22-02.28.49:857][195]PIE: New page: PIE session: GameStart (22 Sep 2015 10:28:49 pm)
[2015.09.22-02.28.49:864][195]LogPlayLevel: PIE: StaticDuplicateObject took: (0.006458s)
[2015.09.22-02.28.49:864][195]LogPlayLevel: PIE: World Init took: (0.000531s)
[2015.09.22-02.28.49:864][195]LogPlayLevel: PIE: Created PIE world by copying editor world from /Game/GameStart.GameStart to /Game/UEDPIE_0_GameStart.GameStart (0.007136s)
[2015.09.22-02.28.49:897][195]LogWorld: Game class is 'FirstPersonGameMode_C'
[2015.09.22-02.28.49:900][195]LogAIModule: Creating AISystem for world GameStart
[2015.09.22-02.28.49:901][195]LogWorld: Bringing World /Game/UEDPIE_0_GameStart.GameStart up for play (max tick rate 0) at 2015.09.22-12.28.49
[2015.09.22-02.28.49:901][195]LogWorld: Bringing up level for play took: 0.000815
[2015.09.22-02.28.49:902][195]LogGameMode: Warning - PATHS NOT DEFINED or NO PLAYERSTART with positive rating
[2015.09.22-02.28.49:911][195]PIE: Info Play in editor start time for /Game/UEDPIE_0_GameStart -0.287
[2015.09.22-02.28.50:937][307]LogPackageName: SearchForPackageOnDisk took   0.047s to resolve MuseumLevel.umap
[2015.09.22-02.28.50:984][307]LogPackageName: SearchForPackageOnDisk took   0.047s to resolve MuseumLevel.umap
[2015.09.22-02.28.50:985][307]LogNet: Browse: /Game/MuseumLevel
[2015.09.22-02.28.50:985][307]LogLoad: LoadMap: /Game/MuseumLevel
[2015.09.22-02.28.51:004][307]LogParticles: Destroying 0 GPU particle simulations for FXSystem 0x000000F04E2509A0
[2015.09.22-02.28.51:004][307]Cmd: MEM
[2015.09.22-02.28.51:022][307]LogMemory: Platform Memory Stats for Windows
[2015.09.22-02.28.51:022][307]LogMemory: Process Physical Memory: 847.93 MB used, 897.15 MB peak
[2015.09.22-02.28.51:022][307]LogMemory: Process Virtual Memory: 1609.56 MB used, 1679.11 MB peak
[2015.09.22-02.28.51:022][307]LogMemory: Physical Memory: 5365.17 MB used, 32686.14 MB total
[2015.09.22-02.28.51:022][307]LogMemory: Virtual Memory: 2214.46 MB used, 134217728.00 MB total
[2015.09.22-02.28.51:022][307]LogMemory: 
[2015.09.22-02.28.51:022][307]Allocator Stats for TBB: (not implemented)
[2015.09.22-02.28.52:623][307]LogLinker:Warning: Asset '../../../Engine/Content/EngineMeshes/Humanoid.uasset' has been saved with empty engine version. The asset will be loaded but may be incompatible.
[2015.09.22-02.28.52:718][307]LogWorld: Game class is 'FirstPersonGameMode_C'
[2015.09.22-02.28.52:719][307]LogAIModule: Creating AISystem for world MuseumLevel
[2015.09.22-02.28.52:775][307]LogWorld:Warning: *** WARNING - PATHS MAY NOT BE VALID ***
[2015.09.22-02.28.52:775][307]LogWorld: Bringing World /Game/UEDPIE_0_MuseumLevel.MuseumLevel up for play (max tick rate 0) at 2015.09.22-12.28.52
[2015.09.22-02.28.52:787][307]LogWorld: Bringing up level for play took: 0.067023
[2015.09.22-02.29.05:428][805]LogScript:Warning: Accessed None 'CallFunc_GetAnimInstance_ReturnValue'
	FirstPersonCharacter_C /Game/UEDPIE_0_MuseumLevel.MuseumLevel:PersistentLevel.FirstPersonCharacter_C_10
	Function /Game/FirstPersonBP/Blueprints/FirstPersonCharacter.FirstPersonCharacter_C:ExecuteUbergraph_FirstPersonCharacter:00AB
[2015.09.22-02.29.05:428][805]PIE:Error: Error Accessed None 'CallFunc_GetAnimInstance_ReturnValue' from node Add to Viewport in blueprint FirstPersonCharacter
[2015.09.22-02.29.06:990][975]LogParticles: Destroying 0 GPU particle simulations for FXSystem 0x000000F02BE97A60
[2015.09.22-02.29.45:790][456]BlueprintLog: New page: Compile PauseMenu
[2015.09.22-02.29.45:860][456]BlueprintEditorCompileResults: Info [0979.92] Compile of PauseMenu successful! [in 70 ms]
[2015.09.22-02.29.46:681][552]BlueprintLog: New page: Pre-PIE auto-recompile
[2015.09.22-02.29.46:681][552]LogPlayLevel: [PIE] Compiling GameStart before PIE...
[2015.09.22-02.29.46:739][552]LogPlayLevel: PIE:  Blueprint regeneration took 58 ms (1 blueprints)
[2015.09.22-02.29.46:739][552]PIE: New page: PIE session: GameStart (22 Sep 2015 10:29:46 pm)
[2015.09.22-02.29.46:746][552]LogPlayLevel: PIE: StaticDuplicateObject took: (0.006320s)
[2015.0