Log file open, 08/14/15 14:02:35
LogInit:Display: Running engine for game: StealthEscape
LogInit: Version: 4.7.6-2513093+++depot+UE4-Releases+4.7
LogInit: API Version: 2455222
LogInit: Compiled (64-bit): Apr 15 2015 12:09:54
LogInit: Compiled with Visual C++: 18.00.21005.01
LogInit: Build Configuration: Development
LogInit: Branch Name: ++depot+UE4-Releases+4.7
LogInit: Command line:  
LogInit: Base directory: C:/Program Files/Epic Games/4.7/Engine/Binaries/Win64/
LogInit: Rocket: 1
[2015.08.14-04.02.35:034][  0]LogTaskGraph: Started task graph with 3 named threads and 6 total threads.
[2015.08.14-04.02.35:105][  0]LogOnline:Warning: No default platform service specified for OnlineSubsystem
[2015.08.14-04.02.35:170][  0]LogInit: Presizing for 0 objects not considered by GC, pre-allocating 0 bytes.
[2015.08.14-04.02.35:178][  0]LogInit: Object subsystem initialized
[2015.08.14-04.02.35:180][  0]LogConsoleResponse:Warning: Skipping Unknown console variable: 'TranslucentSortAxis = (X=0.000000,Y=-1.000000,Z=0.000000)'
[2015.08.14-04.02.35:180][  0]LogConsoleResponse:Warning:   Found in ini file 'C:/Users/Admin/Desktop/MH/Saved/Config/Windows/Engine.ini', in section '[/Script/Engine.RendererSettings]'
[2015.08.14-04.02.35:180][  0]LogConsoleResponse:Warning: Skipping Unknown console variable: 'UIScaleRule = ShortestSide'
[2015.08.14-04.02.35:180][  0]LogConsoleResponse:Warning:   Found in ini file 'C:/Users/Admin/Desktop/MH/Saved/Config/Windows/Engine.ini', in section '[/Script/Engine.RendererSettings]'
[2015.08.14-04.02.35:180][  0]LogConsoleResponse:Warning: Skipping Unknown console variable: 'UIScaleCurve = (EditorCurveData=(Keys=),ExternalCurve=None)'
[2015.08.14-04.02.35:180][  0]LogConsoleResponse:Warning:   Found in ini file 'C:/Users/Admin/Desktop/MH/Saved/Config/Windows/Engine.ini', in section '[/Script/Engine.RendererSettings]'
[2015.08.14-04.02.35:180][  0]LogInit: Selected Device Profile: [Windows]
[2015.08.14-04.02.35:180][  0]LogInit: Applying CVar settings loaded from the selected device profile: [Windows]
[2015.08.14-04.02.35:228][  0]LogInit: Computer: I7-DESKTOP
[2015.08.14-04.02.35:228][  0]LogInit: User: Admin
[2015.08.14-04.02.35:228][  0]LogInit: CPU Page size=4096, Cores=4
[2015.08.14-04.02.35:228][  0]LogInit: High frequency timer resolution =3.515654 MHz
[2015.08.14-04.02.35:229][  0]LogMemory: Memory total: Physical=7.9GB (8GB approx) Virtual=8192.0GB
[2015.08.14-04.02.35:229][  0]LogMemory: Platform Memory Stats for Windows
[2015.08.14-04.02.35:229][  0]LogMemory: Process Physical Memory: 52.11 MB used, 52.11 MB peak
[2015.08.14-04.02.35:229][  0]LogMemory: Process Virtual Memory: 30.51 MB used, 30.51 MB peak
[2015.08.14-04.02.35:229][  0]LogMemory: Physical Memory: 3651.34 MB used, 8066.43 MB total
[2015.08.14-04.02.35:229][  0]LogMemory: Virtual Memory: 352.30 MB used, 8388608.00 MB total
[2015.08.14-04.02.35:321][  0]LogD3D11RHI: Found D3D11 adapter 0: AMD Radeon HD 6800 Series (Feature Level 11_0)
[2015.08.14-04.02.35:321][  0]LogD3D11RHI: Adapter has 1011MB of dedicated video memory, 0MB of dedicated system memory, and 3777MB of shared system memory, 1 output[s]
[2015.08.14-04.02.35:321][  0]LogD3D11RHI: Chosen D3D11 Adapter Id = 0
[2015.08.14-04.02.35:332][  0]LogRHI: Texture pool is 708 MB (70% of 1011 MB)
[2015.08.14-04.02.35:342][  0]LogD3D11RHI: Async texture creation disabled: no driver support
[2015.08.14-04.02.35:621][  0]LogTextLocalizationManager: The requested culture ('en_AU') has no localization data; parent culture's ('en') localization data will be used.
[2015.08.14-04.02.35:828][  0]LogTextLocalizationManager:Warning: Loading localization resources contain conflicting entries for (Namespace:UICommands, Key:Save_ToolTip):
Resource: (C:/Program Files/Epic Games/4.7/Engine/Content/Localization/Editor/en/Editor.locres) Hash: (-29098895) String: (Saves the current level to disk)
Resource: (C:/Program Files/Epic Games/4.7/Engine/Content/Localization/Engine/en/Engine.locres) Hash: (-1280300587) String: (Save selected data to vlog file)
[2015.08.14-04.02.35:828][  0]LogTextLocalizationManager:Warning: Loading localization resources contain conflicting entries for (Namespace:ContentBrowser, Key:ImportAssetToolTip):
Resource: (C:/Program Files/Epic Games/4.7/Engine/Content/Localization/Editor/en/Editor.locres) Hash: (-630476809) String: (Import to {0}...)
Resource: (C:/Program Files/Epic Games/4.7/Engine/Content/Localization/Editor/en/Editor.locres) Hash: (1271782899) String: (Imports an asset from file to this folder.)
[2015.08.14-04.02.35:896][  0]LogContentStreaming: Texture pool size is 0.000000MB
[2015.08.14-04.02.40:784][  0]LogTargetPlatformManager:Display: Building Assets For Windows
[2015.08.14-04.02.41:598][  0]LogTargetPlatformManager:Display: Building Assets For Windows
[2015.08.14-04.02.41:681][  0]LogDerivedDataCache:Display: Max Cache Size: 512 MB
[2015.08.14-04.02.42:857][  0]LogDerivedDataCache: Loaded boot cache 1.18s 39MB C:/Users/Admin/AppData/Local/UnrealEngine/4.7/DerivedDataCache/Boot.ddc.
[2015.08.14-04.02.42:857][  0]LogDerivedDataCache:Display: Loaded Boot cache: C:/Users/Admin/AppData/Local/UnrealEngine/4.7/DerivedDataCache/Boot.ddc
[2015.08.14-04.02.42:857][  0]LogDerivedDataCache: FDerivedDataBackendGraph:  Pak pak cache file ../../../../../../Users/Admin/Desktop/MH/DerivedDataCache/DDC.ddp not found, will not use a pak cache.
[2015.08.14-04.02.42:857][  0]LogDerivedDataCache: Unable to find inner node Pak for hierarchical cache Hierarchy.
[2015.08.14-04.02.43:086][  0]LogDerivedDataCache:Display: Pak cache opened for reading ../../../Engine/DerivedDataCache/Compressed.ddp.
[2015.08.14-04.02.43:098][  0]LogDerivedDataCache: Using Local data cache path C:/Users/Admin/AppData/Local/UnrealEngine/Common/DerivedDataCache: Writable
[2015.08.14-04.02.44:550][  0]LogMeshUtilities: No automatic mesh reduction module available
[2015.08.14-04.02.44:550][  0]LogMeshUtilities: No automatic mesh merging module available
[2015.08.14-04.02.44:890][  0]LogInit: WinSock: version 1.1 (2.2), MaxSocks=32767, MaxUdp=65467
[2015.08.14-04.02.45:091][  0]LogSlate:Warning: Failed to load font data from '../../../Engine/Content/Slate/Fonts/Roboto-Italic.ttf'
[2015.08.14-04.02.57:539][  0]UdpMessaging: Initializing bridge on interface 0.0.0.0:0 to multicast group 230.0.0.1:6666.
[2015.08.14-04.02.58:044][  0]SourceControl: Info Source control is disabled
[2015.08.14-04.02.58:044][  0]SourceControl: Info Source control is disabled
[2015.08.14-04.02.58:044][  0]SourceControl: Info Source control is disabled
[2015.08.14-04.02.58:044][  0]LogSourceControl: RunCommandInternalRaw: 'git version'
[2015.08.14-04.02.58:044][  0]LogSourceControl: RunCommandInternalRaw: ExecProcess ReturnCode=2 OutResults=''
[2015.08.14-04.02.58:054][  0]SourceControl: Info Source control is disabled
[2015.08.14-04.02.58:702][  0]LogObj: 24232 objects as part of root set at end of initial load.
[2015.08.14-04.02.58:702][  0]LogUObjectAllocator: 5137176 out of 0 bytes used by permanent object pool.
[2015.08.14-04.02.58:795][  0]LogEngine: Initializing Engine...
[2015.08.14-04.03.00:999][  0]LogInit: XAudio2 using 'Speakers (Realtek High Definition Audio)' : 2 channels at 48 kHz using 32 bits per sample (channel mask 0x3)
[2015.08.14-04.03.01:367][  0]LogInit: FAudioDevice initialized.
[2015.08.14-04.03.01:465][  0]LogAIModule: Creating AISystem for world NewWorld
[2015.08.14-04.03.01:488][  0]LogDerivedDataCache: Saved boot cache 0.02s 39MB C:/Users/Admin/AppData/Local/UnrealEngine/4.7/DerivedDataCache/Boot.ddc.
[2015.08.14-04.03.01:495][  0]LogInit: Texture streaming: Enabled
[2015.08.14-04.03.01:613][  0]LogAnalytics: Creating configured Analytics provider AnalyticsET
[2015.08.14-04.03.01:613][  0]LogAnalytics: ET APIKey = Rocket.Release. APIServer = http://et2.epicgames.com/ET2/. AppVersion = 4.7.6-2513093+++depot+UE4-Releases+4.7
[2015.08.14-04.03.01:613][  0]LogAnalytics: ET APIKey = Rocket.Release. DataRouterUploadURL = https://datarouter-public-service-gamedev.ol.epicgames.net/datarouter/api/v1/public/data. AppVersion = 4.7.6-2513093+++depot+UE4-Releases+4.7
[2015.08.14-04.03.01:613][  0]LogAnalytics: SetUserId 0b171b7540c931a0f620c8b878be6a3a|90dc462d3abe4e908c5e059bf9a6bfe2|0d6894b3-0434-4d10-9239-f3a8220f2c03
[2015.08.14-04.03.01:613][  0]LogAnalytics: AnalyticsET::StartSession [Rocket.Release]
[2015.08.14-04.03.01:645][  0]LogInit: Transaction tracking system initialized
[2015.08.14-04.03.01:905][  0]BlueprintLog: New page: Editor Load
[2015.08.14-04.03.01:950][  0]LogAssetRegistry: FAssetRegistry took 0.0096 seconds to start up
[2015.08.14-04.03.01:950][  0]LogDirectoryWatcher:Warning: Failed to begin reading directory changes for ../../../Engine/Plugins/Experimental/CharacterAI/Content/. Error: 0
[2015.08.14-04.03.02:650][  0]LogTargetPlatformManager:Display: Building Assets For Windows
[2015.08.14-04.03.03:052][  0]LogTargetPlatformManager:Display: Building Assets For Windows
[2015.08.14-04.03.03:768][  0]LogLinker:Warning: Asset '../../../Engine/Content/Tutorial/Mobile/CreatingSigningCertAndProvisionTutorial.uasset' has been saved with empty engine version. The asset will be loaded but may be incompatible.
[2015.08.14-04.03.03:802][  0]LogLinker:Warning: Can't find file '/Game/TopDownBP/TopDownOverview'
[2015.08.14-04.03.03:802][  0]LogLinker:Warning: Can't find file '/Game/TopDownBP/TopDownOverview'
[2015.08.14-04.03.03:802][  0]LogUObjectGlobals:Warning: Failed to find object 'Class /Game/TopDownBP/TopDownOverview.TopDownOverview_C'
[2015.08.14-04.03.03:865][  0]LogSlate:Warning: Failed to load font data from '../../../Engine/Content/Editor/Slate/Fonts/Roboto-Regular.ttf'
[2015.08.14-04.03.03:865][  0]LogSlate:Warning: Failed to load font data from '../../../Engine/Content/Editor/Slate/Fonts/Roboto-Bold.ttf'
[2015.08.14-04.03.03:889][  0]LogConsoleResponse:Display: 
[2015.08.14-04.03.04:271][  0]LogCook:Display: Done creating registry. It took  0.00s.
[2015.08.14-04.03.04:674][  0]SourceControl: Info Source control is disabled
[2015.08.14-04.03.04:675][  0]Cmd: MAP LOAD FILE="../../../../../../Users/Admin/Desktop/MH/Content/MuseumLevel.umap" TEMPLATE=0 SHOWPROGRESS=1 FEATURELEVEL=3
[2015.08.14-04.03.04:790][  0]LightingResults: New page: Lighting Build
[2015.08.14-04.03.04:833][  0]MapCheck: New page: Map Check
[2015.08.14-04.03.04:833][  0]LightingResults: New page: Lighting Build
[2015.08.14-04.03.04:847][  0]LogParticles: Destroying 0 GPU particle simulations for FXSystem 0x0000000017978680
[2015.08.14-04.03.05:721][  0]LogLinker:Warning: Asset '../../../Engine/Content/EngineMeshes/Humanoid.uasset' has been saved with empty engine version. The asset will be loaded but may be incompatible.
[2015.08.14-04.03.07:142][  0]LogLinker:Warning: Can't find file '/Game/StarterContent/Textures/T_Chair_N'
[2015.08.14-04.03.07:142][  0]LogLinker:Warning: Can't find file for asset '/Game/StarterContent/Textures/T_Chair_N' while loading ../../../../../../Users/Admin/Desktop/MH/Content/StarterContent/Props/Materials/M_Chair.uasset.
[2015.08.14-04.03.07:142][  0]LoadErrors:Error: Error /Game/StarterContent/Props/Materials/M_Chair : Can't find file for asset. /Game/StarterContent/Textures/T_Chair_N
[2015.08.14-04.03.07:142][  0]LogLinker:Warning: Can't find file '/Game/StarterContent/Textures/T_Chair_N'
[2015.08.14-04.03.07:143][  0]LogLinker:Warning: Can't find file for asset '/Game/StarterContent/Textures/T_Chair_N' while loading ../../../../../../Users/Admin/Desktop/MH/Content/StarterContent/Props/Materials/M_Chair.uasset.
[2015.08.14-04.03.07:143][  0]LoadErrors:Error: Error /Game/StarterContent/Props/Materials/M_Chair : Can't find file for asset. /Game/StarterContent/Textures/T_Chair_N
[2015.08.14-04.03.08:618][  0]LogLinker:Warning: Can't find file '/Game/StarterContent/Textures/T_Chair_N'
[2015.08.14-04.03.08:619][  0]LoadErrors: Info Failed to load /Game/StarterContent/Textures/T_Chair_N.T_Chair_N Referenced by MaterialExpressionTextureSample_3
[2015.08.14-04.03.08:620][  0]LogLinker:Warning: Can't find file for asset '/Game/StarterContent/Textures/T_Chair_N' while loading NULL.
[2015.08.14-04.03.08:620][  0]LoadErrors: Info Failed to load /Game/StarterContent/Textures/T_Chair_N.T_Chair_N Referenced by MaterialExpressionTextureSample_3
[2015.08.14-04.03.09:855][  0]LogMaterial: Missing cached shader map for material M_Chair, compiling. 
[2015.08.14-04.03.09:856][  0]LogMaterial:Warning: Failed to compile Material /Game/StarterContent/Props/Materials/M_Chair.M_Chair for platform PCD3D_SM5, Default Material will be used in game.
[2015.08.14-04.03.09:857][  0]LogMaterial:Warning: 	(Node TextureSample) TextureSample> Missing input texture
[2015.08.14-04.03.10:457][  0]LogEditorServer: Finished looking for orphan Actors (0.000 secs)
[2015.08.14-04.03.10:458][  0]LogAIModule: Creating AISystem for world MuseumLevel
[2015.08.14-04.03.10:458][  0]Cmd: MAP CHECKDEP
[2015.08.14-04.03.10:458][  0]MapCheck: New page: MuseumLevel - 15 Aug 2015 12:03:10 am
[2015.08.14-04.03.10:590][  0]MapCheck: Info Map check complete: 0 Error(s), 0 Warning(s), took 131.161ms to complete.
[2015.08.14-04.03.10:590][  0]LogFileHelpers: Loading map 'MuseumLevel' took 5.915
[2015.08.14-04.03.10:729][  0]LogCollectionManager: Loaded 0 collections in 0.001279 seconds
[2015.08.14-04.03.10:740][  0]LogContentBrowser: Native class hierarchy populated in 0.0111 seconds. Added 1696 classes and 261 folders.
[2015.08.14-04.03.10:757][  0]LogContentBrowser:Verbose: The content browser source was changed by the sources view to '/Game'
[2015.08.14-04.03.10:773][  0]LogContentBrowser: Native class hierarchy updated for 'SceneOutliner' in 0.0029 seconds. Added 1 classes and 2 folders.
[2015.08.14-04.03.10:896][  0]LogCrashTracker: Crashtracker disabled due to settings.
[2015.08.14-04.03.10:897][  0]LogSlate:Warning: Failed to load font data from 'Veranda'
[2015.08.14-04.03.10:901][  0]LogUObjectGlobals:Warning: Failed to find object 'Class None.'
[2015.08.14-04.03.10:926][  0]LogLoad: Full Startup: 38.11 seconds (BP compile: 1.46 seconds)
[2015.08.14-04.03.11:095][  0]LogRenderer:Warning: Reallocating scene render targets to support 32x32 (Frame:2).
[2015.08.14-04.03.11:317][  0]LogRenderer:Warning: Reallocating scene render targets to support 1208x552 (Frame:15).
[2015.08.14-04.03.11:696][  3]LogAssetRegistry: Asset discovery search completed in 9.7568 seconds
[2015.08.14-04.06.54:554][223]LogContentBrowser:Verbose: The content browser source was changed by the sources view to '/Game/FirstPersonBP'
[2015.08.14-04.06.55:258][250]LogContentBrowser:Verbose: The content browser source was changed by the sources view to '/Game/FirstPersonBP/Animations'
[2015.08.14-04.06.57:555][319]LogContentBrowser:Verbose: The content browser source was changed by the sources view to '/Game/FirstPersonBP/Blueprints'
[2015.08.14-04.11.12:228][611]LogActorComponent: UnregisterComponent: (/Engine/Transient.CharMoveComp) Not registered. Aborting.
[2015.08.14-04.11.12:228][611]LogActorComponent: UnregisterComponent: (/Engine/Transient.PawnSensingComponent_0) Not registered. Aborting.
[2015.08.14-04.11.12:228][611]LogActorComponent: UnregisterComponent: (/Engine/Transient.CharacterMovementComponent_0) Not registered. Aborting.
[2015.08.14-04.11.12:228][611]LogActorComponent: UnregisterComponent: (/Engine/Transient.PawnSensingComponent_1) Not registered. Aborting.
[2015.08.14-04.11.12:228][611]LogActorComponent: UnregisterComponent: (/Engine/Transient.ProjectileMovementComponent_40__A6522401) Not registered. Aborting.
[2015.08.14-04.11.12:263][611]LogParticles: Destroying 0 GPU particle simulations for FXSystem 0x0000000021B66160
[2015.08.14-04.11.12:263][611]LogParticles: Destroying 0 GPU particle simulations for FXSystem 0x0000000021B67B00
[2015.08.14-04.11.12:263][611]LogParticles: Destroying 0 GPU particle simulations for FXSystem 0x0000000030627F60
[2015.08.14-04.11.12:264][611]LogParticles: Destroying 0 GPU particle simulations for FXSystem 0x0000000030624AE0
[2015.08.14-04.11.13:874][611]Cmd: OBJ SAVEPACKAGE PACKAGE="/Game/BP_CountdownTimer" FILE="../../../../../../Users/Admin/Desktop/MH/Content/BP_CountdownTimer.uasset" SILENT=true
[2015.08.14-04.11.13:965][611]LogSavePackage: Save=40.726135ms
[2015.08.14-04.11.13:965][611]LogSavePackage: Moving '../../../../../../Users/Admin/Desktop/MH/Saved/BP_CountdownTimer246D678D4DCA0B6ECF60A8AFBF23D5CD.tmp' to '../../../../../../Users/Admin/Desktop/MH/Content/BP_CountdownTimer.uasset'
[2015.08.14-04.11.14:483][612]Cmd: QUIT_EDITOR
[2015.08.14-04.11.14:692][612]LogExit: Preparing to exit.
[2015.08.14-04.11.15:632][612]LogExit: Editor shut down
[2015.08.14-04.11.15:633][612]LogExit: Transaction tracking system shut down
[2015.08.14-04.11.15:634][612]LogParticles: Destroying 0 GPU particle simulations for FXSystem 0x000000001E13BA60
[2015.08.14-04.11.15:635][612]LogParticles: Destroying 0 GPU particle simulations for FXSystem 0x0000000024DD2CA0
[2015.08.14-04.11.15:635][612]LogParticles: Destroying 0 GPU particle simulations for FXSystem 0x000000002508EAC0
[2015.08.14-04.11.15:635][612]LogParticles: Destroying 0 GPU particle simulations for FXSystem 0x00000000251E65C0
[2015.08.14-04.11.15:637][612]LogParticles: Destroying 0 GPU particle simulations for FXSystem 0x0000000030627100
[2015.08.14-04.11.15:637][612]LogParticles: Destroying 0 GPU particle simulations for FXSystem 0x000000002A1AF1A0
[2015.08.14-04.11.15:637][612]LogParticles: Destroying 0 GPU particle simulations for FXSystem 0x00000000093B8220
[2015.08.14-04.11.15:700][612]LogExit: Object subsystem successfully closed.
[2015.08.14-04.11.15:762][612]LogModuleManager: Shutting down and abandoning module SequencerWidgets (178)
[2015.08.14-04.11.15:762][612]LogModuleManager: Shutting down and abandoning module CrashTracker (177)
[2015.08.14-04.11.15:762][612]LogModuleManager: Shutting down and abandoning module SuperSearch (176)
[2015.08.14-04.11.15:762][612]LogModuleManager: Shutting down and abandoning module SceneOutliner (175)
[2015.08.14-04.11.15:762][612]LogModuleManager: Shutting down and abandoning module EditorWidgets (174)
[2015.08.14-04.11.15:762][612]LogModuleManager: Shutting down and abandoning module CollectionManager (173)
[2015.08.14-04.11.15:762][612]LogModuleManager: Shutting down and abandoning module StatsViewer (172)
[2015.08.14-04.11.15:762][612]LogModuleManager: Shutting down and abandoning module FoliageEdit (171)
[2015.08.14-04.11.15:762][612]LogModuleManager: Shutting down and abandoning module LandscapeEditor (170)
[2015.08.14-04.11.15:762][612]LogModuleManager: Shutting down and abandoning module MeshPaint (169)
[2015.08.14-04.11.15:762][612]LogModuleManager: Shutting down and abandoning module ActorPickerMode (168)
[2015.08.14-04.11.15:762][612]LogModuleManager: Shutting down and abandoning module GeometryMode (167)
[2015.08.14-04.11.15:762][612]LogModuleManager: Shutting down and abandoning module TextureAlignMode (166)
[2015.08.14-04.11.15:762][612]LogModuleManager: Shutting down and abandoning module BspMode (165)
[2015.08.14-04.11.15:762][612]LogModuleManager: Shutting down and abandoning module PlacementMode (164)
[2015.08.14-04.11.15:762][612]LogModuleManager: Shutting down and abandoning module AutomationWorker (163)
[2015.08.14-04.11.15:762][612]LogModuleManager: Shutting down and abandoning module CharacterAI (162)
[2015.08.14-04.11.15:762][612]LogModuleManager: Shutting down and abandoning module SmartSnapping (161)
[2015.08.14-04.11.15:762][612]LogModuleManager: Shutting down and abandoning module ViewportSnapping (160)
[2015.08.14-04.11.15:762][612]LogModuleManager: Shutting down and abandoning module LogVisualizer (159)
[2015.08.14-04.11.15:763][612]LogModuleManager: Shutting down and abandoning module GameProjectGeneration (158)
[2015.08.14-04.11.15:763][612]LogModuleManager: Shutting down and abandoning module IntroTutorials (157)
[2015.08.14-04.11.15:763][612]LogModuleManager: Shutting down and abandoning module EditorLiveStreaming (156)
[2015.08.14-04.11.15:763][612]LogModuleManager: Shutting down and abandoning module HardwareTargeting (155)
[2015.08.14-04.11.15:763][612]LogModuleManager: Shutting down and abandoning module DeviceProfileEditor (154)
[2015.08.14-04.11.15:763][612]LogModuleManager: Shutting down and abandoning module UndoHistory (153)
[2015.08.14-04.11.15:763][612]LogModuleManager: Shutting down and abandoning module GameplayTagsEditor (152)
[2015.08.14-04.11.15:763][612]LogModuleManager: Shutting down and abandoning module UserFeedback (151)
[2015.08.14-04.11.15:763][612]LogModuleManager: Shutting down and abandoning module XmlParser (150)
[2015.08.14-04.11.15:763][612]LogModuleManager: Shutting down and abandoning module Blutility (149)
[2015.08.14-04.11.15:763][612]LogModuleManager: Shutting down and abandoning module IOSPlatformEditor (148)
[2015.08.14-04.11.15:763][612]LogModuleManager: Shutting down and abandoning module IOSRuntimeSettings (147)
[2015.08.14-04.11.15:763][612]LogModuleManager: Shutting down and abandoning module AndroidDeviceDetection (146)
[2015.08.14-04.11.16:338][612]LogModuleManager: Shutting down and abandoning module AndroidPlatformEditor (145)
[2015.08.14-04.11.16:338][612]LogModuleManager: Shutting down and abandoning module AndroidRuntimeSettings (144)
[2015.08.14-04.11.16:338][612]LogModuleManager: Shutting down and abandoning module ProjectTargetPlatformEditor (143)
[2015.08.14-04.11.16:338][612]LogModuleManager: Shutting down and abandoning module ProjectSettingsViewer (142)
[2015.08.14-04.11.16:338][612]LogModuleManager: Shutting down and abandoning module InputBindingEditor (141)
[2015.08.14-04.11.16:339][612]LogModuleManager: Shutting down and abandoning module EditorSettingsViewer (140)
[2015.08.14-04.11.16:339][612]LogModuleManager: Shutting down and abandoning module SettingsEditor (139)
[2015.08.14-04.11.16:339][612]LogModuleManager: Shutting down and abandoning module ProjectLauncher (138)
[2015.08.14-04.11.16:339][612]LogModuleManager: Shutting down and abandoning module SessionFrontend (137)
[2015.08.14-04.11.16:339][612]LogModuleManager: Shutting down and abandoning module ProfilerClient (136)
[2015.08.14-04.11.16:339][612]LogModuleManager: Shutting down and abandoning module TargetDeviceServices (135)
[2015.08.14-04.11.16:339][612]LogModuleManager: Shutting down and abandoning module DeviceManager (134)
[2015.08.14-04.11.16:339][612]LogModuleManager: Shutting down and abandoning module AutomationController (133)
[2015.08.14-04.11.16:339][612]LogModuleManager: Shutting down and abandoning module AutomationWindow (132)
[2015.08.14-04.11.16:339][612]LogModuleManager: Shutting down and abandoning module Layers (131)
[2015.08.14-04.11.16:339][612]LogModuleManager: Shutting down and abandoning module ComponentVisualizers (130)
[2015.08.14-04.11.16:339][612]LogModuleManager: Shutting down and abandoning module DetailCustomizations (129)
[2015.08.14-04.11.16:340][612]LogModuleManager: Shutting down and abandoning module PackagesDialog (128)
[2015.08.14-04.11.16:340][612]LogModuleManager: Shutting down and abandoning module AssetRegistry (127)
[2015.08.14-04.11.16:412][612]LogModuleManager: Shutting down and abandoning module Persona (126)
[2015.08.14-04.11.16:412][612]LogModuleManager: Shutting down and abandoning module SlateReflector (125)
[2015.08.14-04.11.16:412][612]LogModuleManager: Shutting down and abandoning module LevelEditor (124)
[2015.08.14-04.11.16:413][612]LogModuleManager: Shutting down and abandoning module Kismet (123)
[2015.08.14-04.11.16:413][612]LogModuleManager: Shutting down and abandoning module GraphEditor (122)
[2015.08.14-04.11.16:413][612]LogModuleManager: Shutting down and abandoning module ClassViewer (121)
[2015.08.14-04.11.16:414][612]LogModuleManager: Shutting down and abandoning module Toolbox (120)
[2015.08.14-04.11.16:414][612]LogModuleManager: Shutting down and abandoning module ModuleUI (119)
[2015.08.14-04.11.16:414][612]LogModuleManager: Shutting down and abandoning module MovieSceneTools (118)
[2015.08.14-04.11.16:414][612]LogModuleManager: Shutting down and abandoning module OutputLog (117)
[2015.08.14-04.11.16:414][612]LogModuleManager: Shutting down and abandoning module GammaUI (116)
[2015.08.14-04.11.16:414][612]LogModuleManager: Shutting down and abandoning module Documentation (115)
[2015.08.14-04.11.16:414][612]LogModuleManager: Shutting down and abandoning module GameLiveStreaming (114)
[2015.08.14-04.11.16:414][612]LogModuleManager: Shutting down and abandoning module StreamingPauseRendering (113)
[2015.08.14-04.11.16:414][612]LogModuleManager: Shutting down and abandoning module HTTP (112)
[2015.08.14-04.11.16:414][612]LogModuleManager: Shutting down and abandoning module AnalyticsET (111)
[2015.08.14-04.11.16:414][612]LogModuleManager: Shutting down and abandoning module Analytics (110)
[2015.08.14-04.11.16:414][612]LogModuleManager: Shutting down and abandoning module AITestSuite (109)
[2015.08.14-04.11.16:414][612]LogModuleManager: Shutting down and abandoning module GameplayDebugger (108)
[2015.08.14-04.11.16:414][612]LogModuleManager: Shutting down and abandoning module AIModule (107)
[2015.08.14-04.11.16:414][612]LogModuleManager: Shutting down and abandoning module ProfilerService (106)
[2015.08.14-04.11.16:539][612]LogModuleManager: Shutting down and abandoning module TaskGraph (105)
[2015.08.14-04.11.16:539][612]LogModuleManager: Shutting down and abandoning module SlateRemote (104)
[2015.08.14-04.11.16:539][612]LogModuleManager: Shutting down and abandoning module ScriptEditorPlugin (103)
[2015.08.14-04.11.16:539][612]LogModuleManager: Shutting down and abandoning module CustomMeshComponent (102)
[2015.08.14-04.11.16:539][612]LogModuleManager: Shutting down and abandoning module CableComponent (101)
[2015.08.14-04.11.16:539][612]LogModuleManager: Shutting down and abandoning module MessagingDebugger (100)
[2015.08.14-04.11.16:539][612]LogModuleManager: Shutting down and abandoning module MediaPlayerEditor (99)
[2015.08.14-04.11.16:540][612]LogModuleManager: Shutting down and abandoning module SpeedTreeImporter (98)
[2015.08.14-04.11.16:540][612]LogModuleManager: Shutting down and abandoning module PluginsEditor (97)
[2015.08.14-04.11.16:540][612]LogModuleManager: Shutting down and abandoning module MainFrame (96)
[2015.08.14-04.11.16:540][612]LogModuleManager: Shutting down and abandoning module EpicSurvey (95)
[2015.08.14-04.11.16:540][612]LogModuleManager: Shutting down and abandoning module DesktopPlatform (94)
[2015.08.14-04.11.16:540][612]LogModuleManager: Shutting down and abandoning module DirectoryWatcher (93)
[2015.08.14-04.11.16:541][612]LogModuleManager: Shutting down and abandoning module HotReload (92)
[2015.08.14-04.11.16:541][612]LogModuleManager: Shutting down and abandoning module VisualStudioSourceCodeAccess (91)
[2015.08.14-04.11.16:541][612]LogModuleManager: Shutting down and abandoning module UObjectPlugin (90)
[2015.08.14-04.11.16:541][612]LogModuleManager: Shutting down and abandoning module SubversionSourceControl (89)
[2015.08.14-04.11.16:541][612]LogModuleManager: Shutting down and abandoning module PerforceSourceControl (88)
[2015.08.14-04.11.16:541][612]LogModuleManager: Shutting down and abandoning module SourceControl (87)
[2015.08.14-04.11.16:541][612]LogModuleManager: Shutting down and abandoning module GitSourceControl (86)
[2015.08.14-04.11.16:541][612]LogModuleManager: Shutting down and abandoning module BlankPlugin (85)
[2015.08.14-04.11.16:541][612]LogModuleManager: Shutting down and abandoning module PaperTiledImporter (84)
[2015.08.14-04.11.16:541][612]LogModuleManager: Shutting down and abandoning module PaperJsonImporter (83)
[2015.08.14-04.11.16:541][612]LogModuleManager: Shutting down and abandoning module ContentBrowser (82)
[2015.08.14-04.11.16:543][612]LogModuleManager: Shutting down and abandoning module Paper2DEditor (81)
[2015.08.14-04.11.16:543][612]LogModuleManager: Shutting down and abandoning module ScriptPlugin (80)
[2015.08.14-04.11.16:543][612]LogModuleManager: Shutting down and abandoning module UdpMessaging (79)
[2015.08.14-04.11.16:643][612]LogModuleManager: Shutting down and abandoning module Paper2D (78)
[2015.08.14-04.11.16:643][612]LogModuleManager: Shutting down and abandoning module WindowsMoviePlayer (77)
[2015.08.14-04.11.16:650][612]LogModuleManager: Shutting down and abandoning module Media (76)
[2015.08.14-04.11.16:650][612]LogModuleManager: Shutting down and abandoning module WmfMedia (75)
[2015.08.14-04.11.16:651][612]LogModuleManager: Shutting down and abandoning module OnlineBlueprintSupport (74)
[2015.08.14-04.11.16:651][612]LogModuleManager: Shutting down and abandoning module PropertyEditor (73)
[2015.08.14-04.11.16:651][612]LogModuleManager: Shutting down and abandoning module BehaviorTreeEditor (72)
[2015.08.14-04.11.16:651][612]LogModuleManager: Shutting down and abandoning module FunctionalTesting (71)
[2015.08.14-04.11.16:652][612]LogModuleManager: Shutting down and abandoning module CollisionAnalyzer (70)
[2015.08.14-04.11.16:652][612]LogModuleManager: Shutting down and abandoning module WorkspaceMenuStructure (69)
[2015.08.14-04.11.16:652][612]LogModuleManager: Shutting down and abandoning module MessageLog (68)
[2015.08.14-04.11.16:652][612]LogModuleManager: Shutting down and abandoning module Sequencer (67)
[2015.08.14-04.11.16:652][612]LogModuleManager: Shutting down and abandoning module AssetTools (66)
[2015.08.14-04.11.16:652][612]LogModuleManager: Shutting down and abandoning module UMGEditor (65)
[2015.08.14-04.11.16:652][612]LogModuleManager: Shutting down and abandoning module UMG (64)
[2015.08.14-04.11.16:652][612]LogModuleManager: Shutting down and abandoning module Slate (63)
[2015.08.14-04.11.16:652][612]LogModuleManager: Shutting down and abandoning module EditorStyle (62)
[2015.08.14-04.11.16:671][612]LogModuleManager: Shutting down and abandoning module SessionServices (61)
[2015.08.14-04.11.16:671][612]LogModuleManager: Shutting down and abandoning module SourceCodeAccess (60)
[2015.08.14-04.11.16:671][612]LogModuleManager: Shutting down and abandoning module HeadMountedDisplay (59)
[2015.08.14-04.11.16:671][612]LogModuleManager: Shutting down and abandoning module XAudio2 (58)
[2015.08.14-04.11.16:671][612]LogModuleManager: Shutting down and abandoning module Networking (56)
[2015.08.14-04.11.16:671][612]LogModuleManager: Shutting down and abandoning module Core (55)
[2015.08.14-04.11.16:671][612]LogModuleManager: Shutting down and abandoning module KismetCompiler (54)
[2015.08.14-04.11.16:671][612]LogModuleManager: Shutting down and abandoning module PhysXFormats (53)
[2015.08.14-04.11.16:671][612]LogModuleManager: Shutting down and abandoning module MeshUtilities (52)
[2015.08.14-04.11.16:671][612]LogModuleManager: Shutting down and abandoning module DerivedDataCache (51)
[2015.08.14-04.11.16:695][612]LogDerivedDataCache: Shutdown
[2015.08.14-04.11.16:695][612]LogModuleManager: Shutting down and abandoning module ShaderFormatOpenGL (50)
[2015.08.14-04.11.16:695][612]LogModuleManager: Shutting down and abandoning module ShaderFormatD3D (49)
[2015.08.14-04.11.16:695][612]LogModuleManager: Shutting down and abandoning module MetalShaderFormat (48)
[2015.08.14-04.11.16:695][612]LogModuleManager: Shutting down and abandoning module TextureFormatUncompressed (47)
[2015.08.14-04.11.16:695][612]LogModuleManager: Shutting down and abandoning module TextureFormatPVR (46)
[2015.08.14-04.11.16:695][612]LogModuleManager: Shutting down and abandoning module TextureFormatIntelISPCTexComp (45)
[2015.08.14-04.11.16:695][612]LogModuleManager: Shutting down and abandoning module TextureFormatDXT (44)
[2015.08.14-04.11.16:695][612]LogModuleManager: Shutting down and abandoning module ImageWrapper (43)
[2015.08.14-04.11.16:695][612]LogModuleManager: Shutting down and abandoning module TextureFormatASTC (42)
[2015.08.14-04.11.16:695][612]LogModuleManager: Shutting down and abandoning module TextureFormatAndroid (41)
[2015.08.14-04.11.16:695][612]LogModuleManager: Shutting down and abandoning module AudioFormatOpus (40)
[2015.08.14-04.11.16:695][612]LogModuleManager: Shutting down and abandoning module AudioFormatOgg (39)
[2015.08.14-04.11.16:695][612]LogModuleManager: Shutting down and abandoning module AudioFormatADPCM (38)
[2015.08.14-04.11.16:695][612]LogModuleManager: Shutting down and abandoning module LinuxTargetPlatform (37)
[2015.08.14-04.11.16:695][612]LogModuleManager: Shutting down and abandoning module LinuxServerTargetPlatform (36)
[2015.08.14-04.11.16:695][612]LogModuleManager: Shutting down and abandoning module LinuxNoEditorTargetPlatform (35)
[2015.08.14-04.11.16:695][612]LogModuleManager: Shutting down and abandoning module Messaging (34)
[2015.08.14-04.11.16:695][612]LogModuleManager: Shutting down and abandoning module IOSTargetPlatform (33)
[2015.08.14-04.11.16:695][612]LogModuleManager: Shutting down and abandoning module HTML5TargetPlatform (32)
[2015.08.14-04.11.16:695][612]LogModuleManager: Shutting down and abandoning module Android_PVRTCTargetPlatform (31)
[2015.08.14-04.11.16:695][612]LogModuleManager: Shutting down and abandoning module Android_ETC2TargetPlatform (30)
[2015.08.14-04.11.16:695][612]LogModuleManager: Shutting down and abandoning module Android_ETC1TargetPlatform (29)
[2015.08.14-04.11.16:695][612]LogModuleManager: Shutting down and abandoning module Android_ES31TargetPlatform (28)
[2015.08.14-04.11.16:695][612]LogModuleManager: Shutting down and abandoning module Android_DXTTargetPlatform (27)
[2015.08.14-04.11.16:695][612]LogModuleManager: Shutting down and abandoning module Android_ATCTargetPlatform (26)
[2015.08.14-04.11.16:695][612]LogModuleManager: Shutting down and abandoning module AndroidTargetPlatform (25)
[2015.08.14-04.11.16:695][612]LogModuleManager: Shutting down and abandoning module WindowsTargetPlatform (24)
[2015.08.14-04.11.16:695][612]LogModuleManager: Shutting down and abandoning module WindowsServerTargetPlatform (23)
[2015.08.14-04.11.16:695][612]LogModuleManager: Shutting down and abandoning module WindowsNoEditorTargetPlatform (22)
[2015.08.14-04.11.16:695][612]LogModuleManager: Shutting down and abandoning module WindowsClientTargetPlatform (21)
[2015.08.14-04.11.16:695][612]LogModuleManager: Shutting down and abandoning module TargetPlatform (20)
[2015.08.14-04.11.16:695][612]LogModuleManager: Shutting down and abandoning module InputCore (19)
[2015.08.14-04.11.16:695][612]LogModuleManager: Shutting down and abandoning module Settings (18)
[2015.08.14-04.11.16:695][612]LogModuleManager: Shutting down and abandoning module OnlineSubsystem (16)
[2015.08.14-04.11.16:695][612]LogModuleManager: Shutting down and abandoning module OculusRift (15)
[2015.08.14-04.11.16:695][612]LogModuleManager: Shutting down and abandoning module ExampleDeviceProfileSelector (14)
[2015.08.14-04.11.16:695][612]LogModuleManager: Shutting down and abandoning module TextureCompressor (13)
[2015.08.14-04.11.16:695][612]LogModuleManager: Shutting down and abandoning module ShaderCore (12)
[2015.08.14-04.11.16:695][612]LogModuleManager: Shutting down and abandoning module Landscape (11)
[2015.08.14-04.11.16:695][612]LogModuleManager: Shutting down and abandoning module SlateRHIRenderer (10)
[2015.08.14-04.11.16:699][612]LogModuleManager: Shutting down and abandoning module OpenGLDrv (9)
[2015.08.14-04.11.16:699][612]LogModuleManager: Shutting down and abandoning module D3D11RHI (8)
[2015.08.14-04.11.16:699][612]LogModuleManager: Shutting down and abandoning module Renderer (7)
[2015.08.14-04.11.16:699][612]LogModuleManager: Shutting down and abandoning module Engine (6)
[2015.08.14-04.11.16:699][612]LogModuleManager: Shutting down and abandoning module CoreUObject (5)
[2015.08.14-04.11.16:699][612]LogModuleManager: Shutting down and abandoning module NetworkFile (4)
[2015.08.14-04.11.16:699][612]LogModuleManager: Shutting down and abandoning module StreamingFile (3)
[2015.08.14-04.11.16:699][612]LogModuleManager: Shutting down and abandoning module SandboxFile (2)
[2015.08.14-04.11.16:699][612]LogModuleManager: Shutting down and abandoning module PakFile (1)
[2015.08.14-04.11.16:700][612]LogExit: Exiting.
[2015.08.14-04.11.16:705][612]Log file closed, 08/14/15 14:11:16
